ARM GAS  C:\Users\RUVIMK~1\AppData\Local\Temp\ccOM9uBl.s 			page 1


   1              		.cpu cortex-m4
   2              		.eabi_attribute 20, 1
   3              		.eabi_attribute 21, 1
   4              		.eabi_attribute 23, 3
   5              		.eabi_attribute 24, 1
   6              		.eabi_attribute 25, 1
   7              		.eabi_attribute 26, 1
   8              		.eabi_attribute 30, 2
   9              		.eabi_attribute 34, 1
  10              		.eabi_attribute 18, 4
  11              		.file	"board.c"
  12              		.section	.gnu.lto_.profile.211dae56,"",%progbits
  13 0000 789C6363 		.ascii	"x\234cc```\001bF\006?K\000\001M\000\223"
  13      60606001 
  13      6246063F 
  13      4B00014D 
  13      0093
  14              		.text
  15              		.section	.gnu.lto_.icf.211dae56,"",%progbits
  16 0000 789C6363 		.ascii	"x\234cc``\020a@\000f\206COO\235\344e\354^\265\343\022"
  16      60601061 
  16      40006686 
  16      434F4F9D 
  16      E465EC5E 
  17 0017 13535343 		.ascii	"\023SSC\353&>\006\000`\017\010p"
  17      EB263E06 
  17      00600F08 
  17      70
  18              		.text
  19              		.section	.gnu.lto_.jmpfuncs.211dae56,"",%progbits
  20 0000 789C6363 		.ascii	"x\234cc``\340e@\000f f\0041\230\200\030\000\002H\000"
  20      6060E065 
  20      40006620 
  20      66043198 
  20      80180002 
  21 0016 1A       		.ascii	"\032"
  22              		.text
  23              		.section	.gnu.lto_.inline.211dae56,"",%progbits
  24 0000 789C6363 		.ascii	"x\234cc``pa@\000f\006\006s3F\006\246\214\003k\330\030"
  24      60607061 
  24      40006606 
  24      06733346 
  24      06A68C03 
  25 0017 D816C833 		.ascii	"\330\026\3103\201\004\031\031X\305\200b@\026\\\204\013"
  25      81041919 
  25      58C58062 
  25      40165C84 
  25      0B
  26 0028 46303130 		.ascii	"F0103\241\3121\000\000\365w\005,"
  26      33A1CA31 
  26      0000F577 
  26      052C
  27              		.text
  28              		.section	.gnu.lto_.pureconst.211dae56,"",%progbits
  29 0000 789C6363 		.ascii	"x\234cc```\007bf\006)F\011&\006\000\001\235\000F"
  29      60606007 
  29      62660629 
ARM GAS  C:\Users\RUVIMK~1\AppData\Local\Temp\ccOM9uBl.s 			page 2


  29      46092606 
  29      00019D00 
  30              		.text
  31              		.section	.gnu.lto_stm32_gpio_init.211dae56,"",%progbits
  32 0000 789CA598 		.ascii	"x\234\245\230\357OSW\030\307\357sn[\012\010\354\245"
  32      EF4F5357 
  32      18C7EF73 
  32      6E5B0A08 
  32      ECA5
  33 0012 DB4CE61B 		.ascii	"\333L\346\033_\270\027v.\306,K\366\312\270d\311\342"
  33      5FB81776 
  33      2EC62C4B 
  33      F6CAB864 
  33      C9E2
  34 0024 92FD48F6 		.ascii	"\222\375H\366f1\3526%Y\206\231\177\000\027A-\376\330"
  34      6631EA36 
  34      25598699 
  34      7F001741 
  34      2DFED8
  35 0037 98F24B2C 		.ascii	"\230\362K,RE\024E,NA\001\013\265\010\202\012*\026\177"
  35      52451445 
  35      2C4E4101 
  35      0BB50882 
  35      0A2A167F 
  36 004b 21A8A020 		.ascii	"!\250\240 \002\212\202?\200Aw\316s\317\201^.u\034 r"
  36      028A823F 
  36      804177CE 
  36      73CF815E 
  36      2E751C20 
  37 0060 6D6F7B3F 		.ascii	"mo{?\337\347>\347|\036km\212\242\354|_Q\276\242\177"
  37      DFE73EE7 
  37      7C1E6B6D 
  37      8AA2EC7C 
  37      5F51BEA2 
  38 0075 7F487F41 		.ascii	"\177H\177AU\200\2445)J\222\235\000\260\007\232\035\224"
  38      5580A435 
  38      294A929D 
  38      00B0079A 
  38      1D94
  39 0087 440289B0 		.ascii	"D\002\211\260SMW\301\277\255\253\234,>\242\321\037_"
  39      534D57C1 
  39      BFADAB9C 
  39      2C3EA2D1 
  39      1F5F
  40 0099 D65054AE 		.ascii	"\326PT\256vMS]\252\242d\322_\366\003\247`\261B\337\327"
  40      764D535D 
  40      AAA264D2 
  40      5FF603A7 
  40      60B142DF 
  41 00ae 71723C23 		.ascii	"qr<#\306f\321\317\303i\260)@\037x\232\255>m<\270M\363"
  41      C666D1CF 
  41      C369B029 
  41      401F789A 
  41      AD3E6D3C 
  42 00c5 DD3B0459 		.ascii	"\335;\004Y\253\226\203\342R\201\260\203\312\016\026"
  42      AB9683E2 
  42      5281B083 
ARM GAS  C:\Users\RUVIMK~1\AppData\Local\Temp\ccOM9uBl.s 			page 3


  42      CA0E16
  43 00d4 76B0B283 		.ascii	"v\260\262\203\215\035\024\305I\257\2465h>%U%\354Q\262"
  43      8D1D14C5 
  43      49AFA635 
  43      683E2555 
  43      25EC51B2 
  44 00e8 4F790AFE 		.ascii	"Oy\012\376\212\236\252_\0303G\005\032\225\271\305\177"
  44      8A9EAA5F 
  44      18334705 
  44      1A95B9C5 
  44      7F
  45 00f9 356207AD 		.ascii	"5b\007\255\202\000KN\311\255\355\212\324\237j\003N\315"
  45      82004B4E 
  45      C9ADED8A 
  45      D49F6A03 
  45      4ECD
  46 010b 424FB556 		.ascii	"BO\265Vv\264\333\334\260?\211V\275\320\245\252P\006"
  46      76B4DBDC 
  46      B03F8956 
  46      BDD0A5AA 
  46      5006
  47 011d 0BA01416 		.ascii	"\013\240\024\026(\354\375\275\217\032\274\261\216b-"
  47      28ECFDBD 
  47      8F1ABCB1 
  47      8E622D
  48 012c 055CAA05 		.ascii	"\005\\\252\005\316\200\0332\360^\340,8hX\362\333\255"
  48      CE801B32 
  48      F05EE02C 
  48      386858F2 
  48      DBAD
  49 013e A067113D 		.ascii	"\240g\021=n\317\241\023\3451\214\017\360\021\224S\010"
  49      6ECFA113 
  49      E5318C0F 
  49      F0119453 
  49      08
  50 014f 2D28B01D 		.ascii	"-(\260\035\337#\027U1\031U\011\016\312g\244!\273\024"
  50      DF231755 
  50      31195509 
  50      0ECA67A4 
  50      21BB14
  51 0162 2889BD66 		.ascii	"(\211\275f\201s\223(/8B{b\001\005\252\364\"+\216V[\365"
  51      81739328 
  51      2F38427B 
  51      620105AA 
  51      F4222B8E 
  52 0179 3B51E50A 		.ascii	";Q\345\012\255F:[?\360M\351\211\205\302\346\324\204"
  52      AD463A5B 
  52      3FF04DE9 
  52      8985C2E6 
  52      D484
  53 018b F3936C3F 		.ascii	"\363\223l?k\202\005+\215\324\351V9V\015\262\010c]\230"
  53      6B82052B 
  53      8DD4E956 
  53      39560DB2 
  53      08635D98 
  54 019f 522783CD 		.ascii	"R'\203\315\251\316\332Iv\035\253\323\246t\301\346\205"
  54      A9CEDA49 
ARM GAS  C:\Users\RUVIMK~1\AppData\Local\Temp\ccOM9uBl.s 			page 4


  54      761DABD3 
  54      A674C1E6 
  54      85
  55 01b0 9C733DA5 		.ascii	"\234s=\245\304\245\262n[\201m\267\027\2159\235\261\354"
  55      C4A5B26E 
  55      5B816DB7 
  55      178D399D 
  55      B1EC
  56 01c2 A90D16D2 		.ascii	"\251\015\026\322\247;\036\027&\021\365\013\334\234e"
  56      A73B1E17 
  56      2611F50B 
  56      DC9C65
  57 01d1 2FB28A61 		.ascii	"/\262\212aQ\276\246m\326|7\213>8\220\254\325k\026\227"
  57      51BEA66D 
  57      D67C378B 
  57      3E3890AC 
  57      D56B1697 
  58 01e5 1A010DA0 		.ascii	"\032\001\015\240RU\240\236\026p\221\025\300\202.\301"
  58      5255A09E 
  58      16709115 
  58      C0822EC1 
  59 01f5 227AC950 		.ascii	"\"z\311PkG\0230Z\004h\032\335\317p\231\276N\303\335"
  59      6B471330 
  59      5A04681A 
  59      DDCF7099 
  59      BE4EC3DD 
  60 0209 41DA373D 		.ascii	"A\3327=\277g\334\323mQW`B\260*\357\225\305\234`\207"
  60      BF67DCD3 
  60      6D515760 
  60      42B02AEF 
  60      95C59C60 
  61 021e 2BD32434 		.ascii	"+\323$4b\302\304f\211DB\362H\365`l\342\2306\237\236"
  61      62C2C466 
  61      894442F2 
  61      48F5606C 
  61      E298369F 
  62 0233 70B34D45 		.ascii	"p\263ME\317\015_\357wF\263N\275\347R\243\340*\235\006"
  62      CF0D5FEF 
  62      7746B34E 
  62      BDE752A3 
  62      E02A9D06 
  63 0247 4DBC4D35 		.ascii	"M\274M59\301\201y\264Mi\232\346\366d\376\350R\243\341"
  63      39C18179 
  63      B44D699A 
  63      E6F664FE 
  63      E852A3E1 
  64 025b 1AF68A5F 		.ascii	"\032\366\212_9Z\260\273\314Ni\331\364\365XV\307up\350"
  64      395AB0BB 
  64      CC4E69D9 
  64      F4F55856 
  64      C77570E8 
  65 026f F3A01912 		.ascii	"\363\240\031\022\365\345\310m)\204\211\221\221\202\243"
  65      F5E5C86D 
  65      29848991 
  65      9182A3
  66 027e A5FDB88D 		.ascii	"\245\375\270\215\025\307Z\200\323#S\205\320\251\002"
  66      15C75A80 
ARM GAS  C:\Users\RUVIMK~1\AppData\Local\Temp\ccOM9uBl.s 			page 5


  66      D3235385 
  66      D0A902
  67 028d 37C00601 		.ascii	"7\300\006\001\006\011`\003&\356 \002\337\326\220\343"
  67      06096003 
  67      26EE2002 
  67      DFD690E3 
  68 029d 6D5369B5 		.ascii	"mSi\265t\345\346\261vA\013/\266t\264\266\335\256{\343"
  68      74E5E6B1 
  68      76410B2F 
  68      B674B4B6 
  68      DDAE7BE3 
  69 02b1 3E92319F 		.ascii	">\2221\237-\354M,VG*p\013\355\361\364\225\017s\305\025"
  69      2DEC4D2C 
  69      56472A70 
  69      0BEDF1F4 
  69      950F73C5 
  70 02c6 B82D764D 		.ascii	"\270-vM1-\223\347\315(`-\303\337A\274\225\343\357\""
  70      312D93E7 
  70      CD28602D 
  70      C3DF41BC 
  70      95E3EF22 
  71 02da FE54597F 		.ascii	"\376TY\177f\204\216\367\274\011\006\343\240UDxg\023"
  71      66848EF7 
  71      BC0906E3 
  71      A0554478 
  71      6713
  72 02ec 710F236C 		.ascii	"q\017#l<\242\015#\322\274\345\3768=b\313\301\026\267"
  72      3CA20D23 
  72      D2BCE5FE 
  72      383D62CB 
  72      C116B7
  73 02ff 0DDA4544 		.ascii	"\015\332ED\343l\"\356cD\004\217x\200\021\315\305%=\374"
  73      E36C22EE 
  73      6344048F 
  73      788011CD 
  73      C5253DFC 
  74 0313 2EEE0755 		.ascii	".\356\007Ux(\002\332f\023\320\201\001v\036\320\211\001"
  74      782802DA 
  74      6613D081 
  74      01761ED0 
  74      8901
  75 0325 5985A97B 		.ascii	"Y\205\251{\"\365\000\355\031\300#\021\320?\233\200\307"
  75      22F500ED 
  75      19C02311 
  75      D03F9B80 
  75      C7
  76 0336 1810C903 		.ascii	"\030\020\311\003\2720`\273\323\235e\347\001\276\217"
  76      BA3060BB 
  76      D39D65E7 
  76      01BE8F
  77 0345 A15B048C 		.ascii	"\241[\004\214\315&\340\011\006D\361\200\036\0148]2\376"
  77      CD26E009 
  77      0644F180 
  77      1E0C385D 
  77      32FE
  78 0357 84AF823B 		.ascii	"\204\257\202;U\013\020x\312\325\365d\242\272\270\275"
  78      550B1078 
ARM GAS  C:\Users\RUVIMK~1\AppData\Local\Temp\ccOM9uBl.s 			page 6


  78      CAD5F564 
  78      A2BAB8BD 
  79 0367 270609DB 		.ascii	"'\006\011\333\360J\350X\221\032\026\275\250r\216\177"
  79      F04AE858 
  79      911A16BD 
  79      A8728E7F 
  80 0377 B426920F 		.ascii	"\264&\222\017\013'\033\026}\306D\331\001\321\217\324"
  80      0B271B16 
  80      7DC644D9 
  80      01D18FD4 
  81 0387 FF9F08CF 		.ascii	"\377\237\010\317\302L\204J}\"<\307\346D\207\231\010"
  81      C24C844A 
  81      7D223CC7 
  81      E6448799 
  81      08
  82 0398 036222BC 		.ascii	"\003b\"\274x\307DxM'\002\255\206\335\347\264\023\341"
  82      78C74478 
  82      4D2702AD 
  82      86DDE7B4 
  82      13E1
  83 03aa 256DE020 		.ascii	"%m\340 \203\014\342]\236o~;b\025\013\327\027\262p\365"
  83      830CE25D 
  83      9E6F7E3B 
  83      62150BD7 
  83      17B270F5 
  84 03be D9794DD1 		.ascii	"\331yM\321\306\0210$F\300Kv\375+Z\215\321y\011\"n\205"
  84      C6113024 
  84      46C04B76 
  84      FD2B5A8D 
  84      D1790922 
  85 03d4 D7C279E4 		.ascii	"\327\302y\344\275\301\255\320V\177\264H\325\267B0\310"
  85      BDC1ADD0 
  85      567FB448 
  85      D5B74230 
  85      C8
  86 03e5 9C7F6B70 		.ascii	"\234\177kp^6bX8\217\021#\272\220'\012\234\026=\242\345"
  86      5E366258 
  86      388F1123 
  86      BA90270A 
  86      9C163DA2 
  87 03fa 58CB312B 		.ascii	"X\3131+\214\032\234\227\215\370W8\217\021c\030Q02:0"
  87      8C1A9C97 
  87      8DF85738 
  87      8F116318 
  87      5130323A 
  88 040f 71172A8C 		.ascii	"q\027*\214\033\234\227\015\010\012\3471@#!m\357\237"
  88      1B9C970D 
  88      080AE731 
  88      4023216D 
  88      EF9F
  89 0421 0D2F8970 		.ascii	"\015/\211p\305\221\2679\22476\033^2\341F#/\205\260\006"
  89      C591B739 
  89      9437361B 
  89      5E32E146 
  89      232F85B0 
  90 0436 947535D4 		.ascii	"\224u5\324E\361\221AG+\321\345\252\344:\367\032t\356"
  90      45F19141 
ARM GAS  C:\Users\RUVIMK~1\AppData\Local\Temp\ccOM9uBl.s 			page 7


  90      472BD1E5 
  90      AAE43AF7 
  90      1A74EE
  91 0449 9F8BCE5B 		.ascii	"\237\213\316[\011\023/\335\2777\020\303uNc:o3&\312\352"
  91      09132FDD 
  91      BF3710C3 
  91      754E633A 
  91      6F3326CA 
  92 045e EC2433D3 		.ascii	"\354$3\3239\225L\257s\267\256\363v\354\314\2740:\357"
  92      39954CAF 
  92      73B7AEF3 
  92      76ECCCBC 
  92      303AEF
  93 0471 205CE79D 		.ascii	" \\\347\235$\274\316M\3056V\015\273\317iu\336El\360"
  93      24BCCE4D 
  93      C536560D 
  93      BBCF6975 
  93      DE456CF0 
  94 0485 27A1107A 		.ascii	"'\241\020z\240\347+\362\237tM\314a\332\204\211Ukm-\277"
  94      A0E72BF2 
  94      9F744DCC 
  94      61DA8489 
  94      556B6D2D 
  95 049a 1B67D4F9 		.ascii	"\033g\324\371/\302u\336\305\256O#Su\226 \342>\370\233"
  95      2FC275DE 
  95      C5AE4F23 
  95      53759620 
  95      E23EF89B 
  96 04ae 709D91B7 		.ascii	"p\235\221\267\233\362\214\356\312\362\366\020\356.\362"
  96      9BF28CEE 
  96      CAF2F610 
  96      EE2EF2
  97 04bd D2715F8D 		.ascii	"\322q_\215\355\255\032\266M\270\033\005\031$T]\331\204"
  97      EDAD1AB6 
  97      4DB81B05 
  97      1924545D 
  97      D984
  98 04cf 4CC2D5C5 		.ascii	"L\302\325\305\204,Z\261\321TY^6\341\246\"o\257\311T"
  98      842C5AB1 
  98      D154595E 
  98      36E1A622 
  98      6FAFC954 
  99 04e3 595E8E30 		.ascii	"Y^\2160\025y\373L\246\312\362\\\302T\344\345r\036\363"
  99      1579FB4C 
  99      A6CAF25C 
  99      C254E4E5 
  99      721EF3
 100 04f6 A49B9BC9 		.ascii	"\244\233\233\311\266\331\244\231N2\0073\367\243C\316"
 100      B6D9A499 
 100      4E320733 
 100      F7A343CE 
 101 0506 A2F47C95 		.ascii	"\242\364|\225\233\231\315\314\314#\206DY3\33534\363"
 101      9B99CDCC 
 101      CC238644 
 101      5933DD33 
 101      34F3
 102 0518 40183307 		.ascii	"@\0303\007u3\017b'b\302\230\231/\314<\364\0163\273\250"
ARM GAS  C:\Users\RUVIMK~1\AppData\Local\Temp\ccOM9uBl.s 			page 8


 102      75330F62 
 102      2762C298 
 102      992FCC3C 
 102      F40E33BB 
 103 052d 99B41A76 		.ascii	"\231\264\032v\237\323\232Y@\315<\314\372|\030W\351\366"
 103      9FD39A59 
 103      40CD3CCC 
 103      FA7C1857 
 103      E9F6
 104 053f 6BCFA518 		.ascii	"k\317\245\030\261Jy!\253T\224\032\360N1\363\2100\263"
 104      B14A7921 
 104      AB54941A 
 104      F04E31F3 
 104      8830B3
 105 0552 805D5F68 		.ascii	"\200]_h2S\202\210\353~T\230\211\274c&3eyE\302L\344\035"
 105      32538288 
 105      EB7E5498 
 105      89BC6326 
 105      33657945 
 106 056a A73CE33F 		.ascii	"\247<\343?\241\262\274b\341!\362N\230<\224\345y\204"
 106      A1B2BC62 
 106      E121F24E 
 106      983C94E5 
 106      7984
 107 057c 87C82B31 		.ascii	"\207\310+1y(\313;)<D\336?&\017ey\247\204\207\310;\035"
 107      7928CB3B 
 107      293C44DE 
 107      3F260F65 
 107      79A78487 
 108 0593 E2E120F7 		.ascii	"\342\341 \367p\277\301C\367\\<,EcZ=\215\275v\356\241"
 108      70BFC143 
 108      F75C3C2C 
 108      45635A3D 
 108      8DBD76EE 
 109 05a8 9B795846 		.ascii	"\233yXF\014\211\262\036\236\231\241\207g\303x\030\324"
 109      0C89B21E 
 109      9E99A187 
 109      67C37818 
 109      D4
 110 05b9 3D2CC74E 		.ascii	"=,\307N\304\206\361\260BxX\371\016\017\307\251\207\264"
 110      C486F1B0 
 110      427858F9 
 110      0E0FC7A9 
 110      87B4
 111 05cb 1A769FD3 		.ascii	"\032v\237\323zx\216z\350e}\366\342*\035\362\234\334"
 111      7A788E7A 
 111      E8657DF6 
 111      E22A1DF2 
 111      9CDC
 112 05dd 076295CA 		.ascii	"\007b\225\312BVi\367\251\300OF\015\253\204\206\347\330"
 112      425669F7 
 112      A9C04F46 
 112      0DAB8486 
 112      E7D8
 113 05ef E5D5260D 		.ascii	"\345\325&\015g\016\304U\367\011\013\021w\336d\241$\316"
 113      670EC455 
 113      F7090B11 
ARM GAS  C:\Users\RUVIMK~1\AppData\Local\Temp\ccOM9uBl.s 			page 9


 113      77DE64A1 
 113      24CE
 114 0601 2F24445C 		.ascii	"/$D\\\215IBI\334\005\341 \342jM\016J\342\352\204\202"
 114      8D494249 
 114      DC05E120 
 114      E26A4D0E 
 114      4AE2EA84 
 115 0616 88BB6852 		.ascii	"\210\273hRP\022W/\014D\\\203\311@I\334%! \342.\207\010"
 115      5012572F 
 115      0C445C83 
 115      C94049DC 
 115      252120E2 
 116 062d 18E40296 		.ascii	"\030\344\002\226\032\004<3\027\001\257\240*\265\247"
 116      1A043C33 
 116      1701AFA0 
 116      2AB5A7
 117 063c 8B02562E 		.ascii	"\213\002V.\340Y&`#1$\312\012\3304C\001\257\206\021\260"
 117      E0592660 
 117      233124CA 
 117      0AD83443 
 117      01AF8611 
 118 0651 334BFF0E 		.ascii	"3K\377\016\012;\021\027\356;(!`\363;\004\254\363\330"
 118      0A3B1117 
 118      EE3B2821 
 118      60F33B04 
 118      ACF3D8
 119 0664 5835EC3E 		.ascii	"X5\354>\247\377\016\212\012\030`}\016\340\"\345\367"
 119      A7FF0E8A 
 119      0A18607D 
 119      0EE022E5 
 119      F7
 120 0675 F53C8C16 		.ascii	"\365<\214\026\213\324\030\262H\301\007C\376H\243\201"
 120      8BD418B2 
 120      48C10743 
 120      FE48A381 
 121 0685 2DC2C01B 		.ascii	"-\302\300\033\354\372\233&\003%\210\270\356\267\204"
 121      ECFA9B26 
 121      032588B8 
 121      EEB784
 122 0694 82C8BB6D 		.ascii	"\202\310\273mRP\226wG8\210\274\273\370\021uW\363\363"
 122      52509677 
 122      473888BC 
 122      BBF81175 
 122      57F3F3
 123 06a7 16ABFE11 		.ascii	"\026\253\376\021\365\032\376\367\262\325\360\031U6\342"
 123      F51AFEF7 
 123      B2D5F019 
 123      5536E2
 124 06b6 9EF01223 		.ascii	"\236\360\022#\332L^\312\362\332\205\230\310\273o\022"
 124      DA4C5ECA 
 124      F2DA8598 
 124      C8BB6F12 
 125 06c6 5396F740 		.ascii	"S\226\367@\230\211\274\207&3ey\035BM\344u\206\250\331"
 125      9889BC87 
 125      26336579 
 125      1D424DE4 
 125      7586A8D9 
ARM GAS  C:\Users\RUVIMK~1\AppData\Local\Temp\ccOM9uBl.s 			page 10


 126 06da 99A5AB79 		.ascii	"\231\245\253y\305\240f\023{\366\214}s\343\302\257\253"
 126      C5A06613 
 126      7BF68C7D 
 126      73E3C2AF 
 126      AB
 127 06eb D10E27DD 		.ascii	"\321\016'\335\202iM\012Q\224\317\227,q\320?\3536\304"
 127      82694D0A 
 127      5194CF97 
 127      2C71D03F 
 127      EB36C4
 128 06fe AF8D4FD8 		.ascii	"\257\215O\330\264\364\263O\035\011\233\034\033\326\374"
 128      B4F4B34F 
 128      1D099B1C 
 128      1BD6FC
 129 070d E6589BB0 		.ascii	"\346X\233\260\346\217\23779\276\373~\365\252\037V|\275"
 129      E68F9F37 
 129      39BEFB7E 
 129      F5AA1F56 
 129      7CBD
 130 071f F29BE5CB 		.ascii	"\362\233\345\313V\177\271\354\223\245\337\256\324_Y"
 130      567FB9EC 
 130      93A5DFAE 
 130      D45F59
 131 072e B24EB1AE 		.ascii	"\262N\261\256\337\030\237\260\321\266.\341\367_\343"
 131      DF189FB0 
 131      D1B62EE1 
 131      F75FE3
 132 073d D7FF0789 		.ascii	"\327\377\007\211l\213\347"
 132      6C8BE7
 133              		.text
 134              		.section	.gnu.lto___early_init.211dae56,"",%progbits
 135 0000 789C6363 		.ascii	"x\234cc``\270\004\3046@,\015\304\214\314\014\214L\023"
 135      6060B804 
 135      C436402C 
 135      0DC48CCC 
 135      0C8C4C13 
 136 0014 CE313034 		.ascii	"\316104r012\202\030\015\034\214\014\365L\214\365\214"
 136      72303132 
 136      82180D1C 
 136      8C0CF54C 
 136      8CF58C
 137 0027 3DCC5398 		.ascii	"=\314S\230\031\017\265?\333\311\244\271\274\001\010"
 137      190FB53F 
 137      DBC9A4B9 
 137      BC0108
 138 0036 0E4CBFC2 		.ascii	"\016L\277\302\327\326\320*1\207\231\201a\032\020\203"
 138      D7D6D02A 
 138      31879981 
 138      611A1083 
 139 0046 00E36646 		.ascii	"\000\343fFM\006\240\262G\033\377M\345ec\201\2103nad"
 139      4D06A0B2 
 139      471BFF4D 
 139      E5656381 
 139      88336E61 
 140 005b 63600432 		.ascii	"c`\0042\326_b=\320\360\357\177{\303\2013\213\031\357"
 140      D65F623D 
 140      D0F0EF7F 
ARM GAS  C:\Users\RUVIMK~1\AppData\Local\Temp\ccOM9uBl.s 			page 11


 140      7BC38133 
 140      8B19EF
 141 006e FAB13030 		.ascii	"\372\26100t\000\345\201\2264\034`\350df\002\261\232"
 141      7400E581 
 141      96341C60 
 141      E8646602 
 141      B19A
 142 0080 0F30BC61 		.ascii	"\0170\274al^\260y.3X\027\320\250\235;\337\334f\257\377"
 142      6C5EB079 
 142      2E335817 
 142      D0A89D3B 
 142      DFDC66AF 
 143 0095 DBC03187 		.ascii	"\333\3001\207\231q\0323\320\030\306\255\214\365\014"
 143      99711A33 
 143      D018C6AD 
 143      8CF50C
 144 00a4 7380CA41 		.ascii	"s\200\312A\012\267\312bW\307\004T\267\015\252\356\035"
 144      0AB7CA62 
 144      57C70454 
 144      B70DAAEE 
 144      1D
 145 00b5 63D382DD 		.ascii	"c\323\202\335s\031\301\012A\240\003h\012\320*\240\022"
 145      7319C10A 
 145      41A00368 
 145      0AD02AA0 
 145      12
 146 00c6 2B3D3D7D 		.ascii	"+==} J\316\310L\312\314/6\2640\322\317/\326\317H\314"
 146      204ACEC8 
 146      4CCACC2F 
 146      36B430D2 
 146      CF2FD6CF 
 147 00dc D14FCA4F 		.ascii	"\321O\312O,J)\326\017\016\211\367\013u\366q\36573\211"
 147      2C4A29D6 
 147      0F0E89F7 
 147      0B75F671 
 147      F5373389 
 148 00f0 77333130 		.ascii	"w310\014r\205\310\350%3\000\000_\252Y\036"
 148      0C7285C8 
 148      E8253300 
 148      005FAA59 
 148      1E
 149              		.text
 150              		.section	.gnu.lto_boardInit.211dae56,"",%progbits
 151 0000 789C6363 		.ascii	"x\234cc``\250\003b\033 \226\006bFf\006F\246\011\347"
 151      6060A803 
 151      621B2096 
 151      06624666 
 151      0646A609 
 152 0015 18181A39 		.ascii	"\030\030\0329\230\030\031A\214\006\016F\206z&\306z\306"
 152      98181941 
 152      8C060E46 
 152      867A26C6 
 152      7AC6
 153 0027 1EE629CC 		.ascii	"\036\346)\314\214\207\332\237\355d\322\\\336\000\004"
 153      8C87DA9F 
 153      ED64D25C 
 153      DE0004
ARM GAS  C:\Users\RUVIMK~1\AppData\Local\Temp\ccOM9uBl.s 			page 12


 154 0036 07A66F10 		.ascii	"\007\246o\020jkh\225\230\303\314\3000\015\210A\200q"
 154      6A6B6895 
 154      98C3CCC0 
 154      300D8841 
 154      8071
 155 0048 33A32603 		.ascii	"3\243&\003P\331\243\215\377\246\362\262\261@\304\031"
 155      50D9A38D 
 155      FFA6F2B2 
 155      B140C419 
 156 0058 B730B231 		.ascii	"\2670\26210\002\031\353/\261\036h\370\367\277\275\341"
 156      300219EB 
 156      2FB11E68 
 156      F8F7BFBD 
 156      E1
 157 0069 C097458C 		.ascii	"\300\227E\214[\203\230\030\030:\200\362@K\032\0160t"
 157      5B839818 
 157      183A80F2 
 157      404B1A0E 
 157      3074
 158 007b 32338158 		.ascii	"23\201X\315\007\030\33616)\200\265\200@\0073#H\030\250"
 158      CD0718DE 
 158      31362980 
 158      B5804007 
 158      33234818 
 159 0090 D44A4F4F 		.ascii	"\324JOO\037\210\22232\2232\363\213\015-\214\364\363"
 159      1F889233 
 159      329332F3 
 159      8B0D2D8C 
 159      F4F3
 160 00a2 8BF53312 		.ascii	"\213\3653\022s\364\223\362\023\213R\212\365\203C\342"
 160      73F493F2 
 160      138B528A 
 160      F58343E2 
 161 00b2 FD429D7D 		.ascii	"\375B\235}\\\375\315L\342\335L\014\014\203\\!2z\311"
 161      5CFDCD4C 
 161      E2DD4C0C 
 161      0C835C21 
 161      327AC9
 162 00c5 0C0075A5 		.ascii	"\014\000u\245=9"
 162      3D39
 163              		.text
 164              		.section	.gnu.lto_.symbol_nodes.211dae56,"",%progbits
 165 0000 789C55C8 		.ascii	"x\234U\310\313\011\200@\014\000\321I\002[\227\326a1"
 165      CB098040 
 165      0C00D149 
 165      025B97D6 
 165      6131
 166 0012 4909D6B0 		.ascii	"I\011\326\260]\370\005\301\2635X\211l\020<x\030\006"
 166      5DF805C1 
 166      B3355889 
 166      6C103C78 
 166      1806
 167 0024 5E01860C 		.ascii	"^\001\206\014]\324a\274 7\305\021%mU\227\317\346\350"
 167      5DD461BC 
 167      2037C511 
 167      256D5597 
 167      CFE6E8
ARM GAS  C:\Users\RUVIMK~1\AppData\Local\Temp\ccOM9uBl.s 			page 13


 168 0037 533675FD 		.ascii	"S6u\375\211\354\352\366\012Dt`\002\365~\304\3048\363"
 168      89ECEAF6 
 168      0A447460 
 168      02F57EC4 
 168      C438F3
 169 004a 3461D318 		.ascii	"4a\323\030?"
 169      3F
 170              		.text
 171              		.section	.gnu.lto_.refs.211dae56,"",%progbits
 172 0000 789C6363 		.ascii	"x\234cc```\004b\006\000\000D\000\010"
 172      60606004 
 172      62060000 
 172      440008
 173              		.text
 174              		.section	.gnu.lto_.decls.211dae56,"",%progbits
 175 0000 789CCD59 		.ascii	"x\234\315Y}PT\327\025\337\373\356\356\262\273,\340\200"
 175      7D5054D7 
 175      15DFFBEE 
 175      EEB2BB2C 
 175      E080
 176 0012 93DAC4CE 		.ascii	"\223\332\304\3168\2161L\247\212\2405i&\323i\002$8!\221"
 176      388E314C 
 176      A78AA035 
 176      6926D369 
 176      02243821 
 177 0027 2CA69D74 		.ascii	",\246\235t\210\033\2045\322\002k`mL\323i\226\017A\021"
 177      881B8435 
 177      D2026B60 
 177      6D4CD369 
 177      960F4111 
 178 003b 04541201 		.ascii	"\004T\022\001\277\301\257\200h\022P\371\322\025\024"
 178      BFC1AF80 
 178      681250F9 
 178      D21514
 179 004a 1145092A 		.ascii	"\021E\011*\202\202 *\342'_\021\021Pz\356\275o\367\275"
 179      8282202A 
 179      E2275F11 
 179      11507AEE 
 179      BD6FF7BD 
 180 005e 7D2CADCD 		.ascii	"},\255\315\364\217\356\360\343\275\363\356\357\235s"
 180      F48FEEF0 
 180      E3BDF3EE 
 180      EF9D73
 181 006d EEB9E7DC 		.ascii	"\356\271\347\334\217]\245\014>\277\222\311>\220\313"
 181      8F5DA50C 
 181      3EBF92C9 
 181      3E90CB
 182 007c 64F3904C 		.ascii	"d\363\220L6\006\037\270\225\035\227\011\037\"\227\003"
 182      36061FB8 
 182      951D9709 
 182      1F229703 
 183 008c 2A01C724 		.ascii	"*\001\307$m\326\317\347\360\256\013\\?\001\274\002\370"
 183      6DD6CFE7 
 183      F0AE0B5C 
 183      3F01BC02 
 183      F8
 184 009d 35C89E80 		.ascii	"5\310\236\200F\270w\007L\006\374\031\344\317\000I\200"
ARM GAS  C:\Users\RUVIMK~1\AppData\Local\Temp\ccOM9uBl.s 			page 14


 184      46B87707 
 184      4C06FC19 
 184      E4CF0049 
 184      80
 185 00ae 558064C0 		.ascii	"U\200d\300G\200I\320\346\004\327\351\200\027\001_\001"
 185      478049D0 
 185      E604D7E9 
 185      8017015F 
 185      01
 186 00bf DE057C08 		.ascii	"\336\005|\010x\037\020\010\370\000\260\010\020\014\370"
 186      781F1008 
 186      F800B008 
 186      100CF8
 187 00ce 07E09F80 		.ascii	"\007\340\237\2008\300\337\001_\0028\336\307T\270\207"
 187      38C0DF01 
 187      5F0238DE 
 187      C754B887 
 188 00de 3FD93A64 		.ascii	"?\331:d\357\037\341`\336\277t\270/\343\237c\276_\345"
 188      EF1FE160 
 188      DEBF74B8 
 188      2FE39F63 
 188      BE5FE5
 189 00f1 13F4EB2B 		.ascii	"\023\364\353+^\337'\274\214\370\030H?\0331*;^y\314\271"
 189      5EDF27BC 
 189      8CF81848 
 189      3F1B312A 
 189      3B5E79CC 
 190 0106 1DB521F0 		.ascii	"\035\265!\360\005Mbl\304\376\303\225\200\312c\326\017"
 190      054D626C 
 190      C4FEC395 
 190      80CA63D6 
 190      0F
 191 0117 62CFE129 		.ascii	"b\317\341)\307.<\225\010\326W\220\355\011\307\353\340"
 191      C72E3C95 
 191      08D65790 
 191      ED09C7EB 
 191      E0
 192 0128 AC7AE91F 		.ascii	"\254z\351\037\257\000\211\265\262vf\316\372a\236\263"
 192      AF0089B5 
 192      B27666CE 
 192      FA619EB3 
 193 0138 1BD17BEC 		.ascii	"\033\321{\354\021'\030\023\2752\316W\231\255\331\346"
 193      11271813 
 193      BD32CE57 
 193      99ADD9E6 
 194 0148 94D049C4 		.ascii	"\224\320I\304\007\341\322\375\324\"m\007\272\006\255"
 194      07E1D2FD 
 194      D4226D07 
 194      BA06AD
 195 0157 1FC96419 		.ascii	"\037\311d\031\252(D\236\366\214^>\2021G\357\313\217"
 195      AA28449E 
 195      F68C5E3E 
 195      823147EF 
 195      CB8F
 196 0169 EFCF5662 		.ascii	"\357\317Vbwz\237\322i)\220\317.4\263\217j3\226\241C"
 196      777A9FD2 
 196      692990CF 
ARM GAS  C:\Users\RUVIMK~1\AppData\Local\Temp\ccOM9uBl.s 			page 15


 196      2E34B38F 
 196      6A3396A1 
 197 017e 085B037A 		.ascii	"\010[\003zr\354\261\305m-F\356\032\304\201\330\330{"
 197      72ECB1C5 
 197      6D2D46EE 
 197      1AC481D8 
 197      D87B
 198 0190 768B3388 		.ascii	"v\2133\210\2235h\022\210\205\251c\033\025S\276&/f$\230"
 198      93356812 
 198      8885A963 
 198      1B1553BE 
 198      262F6624 
 199 01a5 2771E893 		.ascii	"'q\350\223\027P)\232\212\216\240\251\340N\031\232\002"
 199      1750299A 
 199      8A8EA0A9 
 199      E04E199A 
 199      02
 200 01b6 FFA3E54C 		.ascii	"\377\243\345LSs|\323}\227\351\333\315\226\016\263\245"
 200      53737CD3 
 200      7D97E9DB 
 200      CD960EB3 
 200      A5
 201 01c7 27C7B3A0 		.ascii	"'\307\263\240\254\333l\326\310\011\011\225 \214\016"
 201      ACDB6CD6 
 201      C8090995 
 201      208C0E
 202 01d6 A3D9A40B 		.ascii	"\243\331\244\013%\3044*F\035\010\375\200\332\241\007"
 202      25C4342A 
 202      461D08FD 
 202      80DAA107 
 203 01e6 E5683ABC 		.ascii	"\345h:\274\334\367 \375\234\033\316@\324\343\272\333"
 203      DCF720FD 
 203      9C1BCE40 
 203      D4E3BADB 
 204 01f6 631627D0 		.ascii	"c\026'\320\264\03545\225is\314\226xp\200\243\252*\004"
 204      B41D3435 
 204      956973CC 
 204      96787080 
 204      A3AA2A04 
 205 020a 55155255 		.ascii	"U\025RU\225T\325\331\256\266/\361\026\246\351x\367\332"
 205      9554D5D9 
 205      AEB62FF1 
 205      16A6E978 
 205      F7DA
 206 021c A34AD074 		.ascii	"\243J\320t\0204U-\260StTPtT\252\350\030Ud\356.ou\303"
 206      1034552D 
 206      B0537454 
 206      507454AA 
 206      E8185564 
 207 0235 7B98A6F4 		.ascii	"{\230\246\364oS\216\252AS\207\331l9u\3407\303\311Ii"
 207      6F538EAA 
 207      415387D9 
 207      6C3975E0 
 207      37C3C949 
 208 024a E61D88C6 		.ascii	"\346\035\210\306\000Y\004U\026>\262\3508U\361c\342\301"
 208      00590455 
 208      163EB2E8 
ARM GAS  C:\Users\RUVIMK~1\AppData\Local\Temp\ccOM9uBl.s 			page 16


 208      3855F163 
 208      E2C1
 209 025c CD984557 		.ascii	"\315\230EWNzY\237s\303\225Ew\032\211n\375\251V\276u"
 209      4E7A599F 
 209      73C39545 
 209      771A896E 
 209      FDA956BE 
 210 0271 35027974 		.ascii	"5\002yto\327\013\270\217\331\313\354\355\337\240\324"
 210      6FD70BB8 
 210      8FD9CBEC 
 210      EDDFA0D4 
 211 0281 AC2691DF 		.ascii	"\254&\221\337\236`V\007\020R5D\276\212F\276\006i\340"
 211      9E605607 
 211      10523544 
 211      BE8A46BE 
 211      0669E0
 212 0294 BFD754F8 		.ascii	"\277\327T\370#\344\266\332}\005D\321+\032D\022\311\015"
 212      23E4B6DA 
 212      7D0544D1 
 212      2B1A4412 
 212      C90D
 213 02a6 1E1DB85F 		.ascii	"\036\035\270_\372\304\205=\"\214\306\364\376|'<Bus\355"
 213      FAC4853D 
 213      228CC6F4 
 213      FE7C273C 
 213      427573ED 
 214 02ba 2D23ADAE 		.ascii	"-#\255\256H\343\011\332\343\231v\231M7:\203<\311K\244"
 214      48E309DA 
 214      E3997699 
 214      4D373A83 
 214      3CC94BA4 
 215 02ce 3FA8161E 		.ascii	"?\250\026\036\236\202\207\273\211\033\226\307\265\277"
 215      9E8287BB 
 215      891B96C7 
 215      B5BF
 216 02dc CFEE379B 		.ascii	"\317\3567\233\247\241:\244A\247\205>\277\242a\011\260"
 216      A7A13AA4 
 216      41A7853E 
 216      BFA26109 
 216      B0
 217 02ed 2F3F73A7 		.ascii	"/?s\247\022\367\322\014\344\312so\235\344&\262qnB\033"
 217      12F7D20C 
 217      E4CA736F 
 217      9DE426B2 
 217      716E421B 
 218 0301 E7DBA7D7 		.ascii	"\347\333\247\327\254\"CT\0176\316\0126\352\020o\344"
 218      AC224354 
 218      0F36CE0A 
 218      36EA106F 
 218      E4
 219 0312 517E61B0 		.ascii	"Q~a\260{\006\037\226?\310)O\210\313y\344n\215\016!\037"
 219      7B061F96 
 219      3FC8294F 
 219      88CB79E4 
 219      6E8D0E21 
 220 0327 EA3A5DA3 		.ascii	"\352:]\243a\0016\223\000\347\037\351\030E\270\031\323"
 220      61013693 
ARM GAS  C:\Users\RUVIMK~1\AppData\Local\Temp\ccOM9uBl.s 			page 17


 220      00E71FE9 
 220      1845B819 
 220      D3
 221 0338 906C6AFC 		.ascii	"\220lj\374\316\237\0048\341\271\334\203\027,5\251\017"
 221      CE9F0438 
 221      E1B9DC83 
 221      172C35A9 
 221      0F
 222 0349 10BEC1DE 		.ascii	"\020\276\301\336^}=\371\002\257z\210\3109\345?\325)"
 222      5E7D3DF9 
 222      02AF7A88 
 222      C839E53F 
 222      D529
 223 035b 98AC02F1 		.ascii	"\230\254\002\361\360\303\202\303.l\244-\244y\254\352"
 223      F0C382C3 
 223      2E6CA42D 
 223      A479ACEA 
 224 036b 71B30BBE 		.ascii	"q\263\013\276\203\237cl\233\255c;\207Z=\\\222\327\243"
 224      839F636C 
 224      9BAD633B 
 224      875A3D5C 
 224      92D7A3
 225 037e 623D867F 		.ascii	"b=\206\177|\217\233\200}\211\262[h\217\233\255=\036"
 225      7C8F9B80 
 225      7D89B25B 
 225      688F9BAD 
 225      3D1E
 226 0390 BBD392A7 		.ascii	"\273\323\222\247fn\364\022\371\233\322\316^W<\300\333"
 226      666EF412 
 226      F99BD2CE 
 226      5E573CC0 
 226      DB
 227 03a1 AD7E34E0 		.ascii	"\255~4\340\214\0373\241u\347\306]r\306\354&\362\226"
 227      8C1F33A1 
 227      75E7C65D 
 227      72C6EC26 
 227      F296
 228 03b3 D1D14439 		.ascii	"\321\321D9\036e\215\361\345-\231\374\254\320A\323'~"
 228      1E658DF1 
 228      E52D99FC 
 228      ACD041D3 
 228      277E
 229 03c5 43BE1227 		.ascii	"C\276\022'\311i\343\310\303=\275J\234\301\204\303\327"
 229      C969E3C8 
 229      C33DBD4A 
 229      9CC184C3 
 229      D7
 230 03d6 B38EF106 		.ascii	"\263\216\361\006\233\211\\=\260\271O\213sX\343\252\374"
 230      9B895C3D 
 230      B0B94F8B 
 230      7358E3AA 
 230      FC
 231 03e7 8BA94E38 		.ascii	"\213\251N8\237\011\027\272v$j\031\263\201\310\003W\323"
 231      9F0917BA 
 231      76246A19 
 231      B381C803 
 231      57D3
ARM GAS  C:\Users\RUVIMK~1\AppData\Local\Temp\ccOM9uBl.s 			page 18


 232 03f9 6AB4B888 		.ascii	"j\264\270\2105\236\250\275qA\205\2170a\355\311\222\032"
 232      359EA8BD 
 232      7141858F 
 232      3061EDC9 
 232      921A
 233 040b BE2E6A89 		.ascii	"\276.j\211\034\327}0\031\343*\336 \037Yw>\262}\015\325"
 233      1CD77D30 
 233      19E32ADE 
 233      201F5977 
 233      3EB27D0D 
 234 0420 296A7C96 		.ascii	")j|\2265\326\257Y\237\305\341\213L\330\333\265y\035"
 234      35D6AF59 
 234      9FC5E18B 
 234      4CD8DBB5 
 234      791D
 235 0432 6FF03512 		.ascii	"o\3605\022\232\334\336-Z\334\312\332*\362V\355S\341"
 235      9ADCDE2D 
 235      5ADCCADA 
 235      2AF256ED 
 235      53E1
 236 0444 2E26941F 		.ascii	".&\224\037\256\250\341\307n\016\210\211\347\322Z\265"
 236      AEA8E1C7 
 236      6E0E8889 
 236      E7D25AB5 
 237 0454 F8216B2B 		.ascii	"\370!k+\352N\2668\341A&\344\016\264\335\341;\353I\224"
 237      EA4EB638 
 237      E14126E4 
 237      0EB4DDE1 
 237      3BEB4994 
 238 0468 D43F2974 		.ascii	"\324?)t\305\317X\233\265\266\335YmW\\-\361\302\253\025"
 238      C5CF589B 
 238      B5B6DD59 
 238      6D575C2D 
 238      F1C2AB15 
 239 047c B4694777 		.ascii	"\264iGw\351\0067\234\311\204\207\211\267:\234\031o\012"
 239      E906379C 
 239      C9848789 
 239      B73A9C19 
 239      6F0A
 240 048e 88D7DB6E 		.ascii	"\210\327\333n\247\270\342\034\326\226t,\253R\215\363"
 240      A7B8E21C 
 240      D696742C 
 240      AB528DF3 
 241 049e 99609D8A 		.ascii	"\231`\235\212\335\331T|\242\343\032\302\373Y\323\275"
 241      DDD9547C 
 241      A2E31AC2 
 241      FB59D3BD 
 242 04ae 144B0B87 		.ascii	"\024K\013\207\0171a_i\332u\005>\306\204\033\207\023"
 242      0F31615F 
 242      69DA7505 
 242      3EC6841B 
 242      8713
 243 04c0 07E5B89A 		.ascii	"\007\345\270\232\011\005\243[\033\324\270\226\011\015"
 243      0905A35B 
 243      1BD4B896 
 243      090D
 244 04ce 651DB75C 		.ascii	"e\035\267\\q\003\023\006N\354\035\340\3077\203\024F"
ARM GAS  C:\Users\RUVIMK~1\AppData\Local\Temp\ccOM9uBl.s 			page 19


 244      71031306 
 244      4EEC1DE0 
 244      C7378314 
 244      46
 245 04df DDEADC39 		.ascii	"\335\352\3349,[\315j\020w_\310\351S\342\013\224;=\245"
 245      2C5BCD6A 
 245      10775FC8 
 245      E953E20B 
 245      943B3DA5 
 246 04f3 E35E3187 		.ascii	"\343^1\207f\314\230\3411\303\341\307\223\277\3564'&"
 246      66CC98E1 
 246      31C3E1C7 
 246      93BFEE34 
 246      2726
 247 0505 982DEDE5 		.ascii	"\230-\355\345x\250 %\315\274\275\012\241F\310\324\233"
 247      78A82025 
 247      CDBCBD0A 
 247      A146C8D4 
 247      9B
 248 0516 50C3AB39 		.ascii	"P\303\2539\017\241\270:i\332z\303?\331N27X\256|\014"
 248      0FA1B83A 
 248      69DA7AC3 
 248      3FD94E32 
 248      3758AE7C 
 249 052b F37222A6 		.ascii	"\363r\"\246y\375D\312\036\242\354j\304\350\304@\025"
 249      79FD44CA 
 249      1EA2EC6A 
 249      C4E8C440 
 249      15
 250 053c 4F27CA9F 		.ascii	"O'\312\237J\351#\202\362L\276b\314H.C\011\334T\024\317"
 250      4AE92382 
 250      F24CBE62 
 250      CC482E43 
 250      09DC5414 
 251 0551 91364287 		.ascii	"\2216B\207\302F\3338O\224\311\315@k\000[\000\033\001"
 251      C246DB38 
 251      4F94C9CD 
 251      406B005B 
 251      001B01
 252 0564 C9805C40 		.ascii	"\311\200\\@\026 \011\220\006X\013\330\000\330\011\370"
 252      16200990 
 252      06580BD8 
 252      00D809F8 
 253 0574 1AB009B0 		.ascii	"\032\260\011\260\036\220\007H\005\244\003r\000\273\000"
 253      1E900748 
 253      05A40372 
 253      00BB00
 254 0583 AB009B01 		.ascii	"\253\000\233\001[\001\333\001)\200l\300n@\006 \037\260"
 254      5B01DB01 
 254      29806CC0 
 254      6E400620 
 254      1FB0
 255 0595 03F00D60 		.ascii	"\003\360\015`\0357\203.\024\254SwC\204N\2319I\247\274"
 255      1D37832E 
 255      14AC5377 
 255      43844E99 
 255      3949A7BC 
ARM GAS  C:\Users\RUVIMK~1\AppData\Local\Temp\ccOM9uBl.s 			page 20


 256 05a9 C4212093 		.ascii	"\304! \223d\247>\216\262\241\366a\023\300\330\326\031"
 256      64A73E8E 
 256      B2A1F661 
 256      13C0D8D6 
 256      19
 257 05ba 01B646A2 		.ascii	"\001\266F\242\370R\335\242\200\015J\003\366h\\|;\027"
 257      F852DDA2 
 257      800D4A03 
 257      F6685C7C 
 257      3B17
 258 05cc 0BF47B52 		.ascii	"\013\364{R\372\335\361t\221\366\307\216\265\213|\271"
 258      FADDF174 
 258      91F6C78E 
 258      B58B7CB9 
 259 05dc B24C6027 		.ascii	"\262L`'J\373y\002I;zw\261\320\321;\322\216v\333%\022"
 259      4AFB7902 
 259      493B7A77 
 259      B1D0D13B 
 259      D28E76DB 
 260 05f2 B0874561 		.ascii	"\260\207Ea\271,e_\224\272\322)\012y\234\303\220\213"
 260      B92C655F 
 260      94BAD229 
 260      0A799CC3 
 260      908B
 261 0604 72B471B1 		.ascii	"r\264q\261\220\243\017\245\275|0\316\357\376\217\005"
 261      90A30FA5 
 261      BD7C30CE 
 261      EFFE8F05 
 262 0614 4F7E927A 		.ascii	"O~\222z2 \365dX\344\3113\251\362K\343\"\336(\212\370"
 262      3220F564 
 262      58E4C933 
 262      A9F24BE3 
 262      22DE288A 
 263 0629 B0E37A11 		.ascii	"\260\343z\021)\257\022\015g\237\224\335;\316\363F~\200"
 263      29AF120D 
 263      679F94DD 
 263      3BCEF346 
 263      7E80
 264 063b 60214527 		.ascii	"`!E'\245\364\023R\345u\"\345=\216\303\"ND\275\300n\225"
 264      A5F41352 
 264      E57522E5 
 264      3D8EC322 
 264      4E44BDC0 
 265 0651 B2AF48D9 		.ascii	"\262\257H\331\375\"\335\267\245\354[\343<\021\005e\324"
 265      FD22DDB7 
 265      A5EC5BE3 
 265      3C110565 
 265      D4
 266 0662 F1AC60EB 		.ascii	"\361\254`\353&\214g\235^\030\317\033\216g(q\310\373"
 266      268C679D 
 266      5E18CF1B 
 266      8E672871 
 266      C8FB
 267 0674 452334E6 		.ascii	"E#4\346x\204D\2764\212\372y]\312n\027\330l\307\323\324"
 267      788444BE 
 267      348AFA79 
 267      5DCA6E17 
ARM GAS  C:\Users\RUVIMK~1\AppData\Local\Temp\ccOM9uBl.s 			page 21


 267      D86CC7D3 
 268 0689 EA1E0793 		.ascii	"\352\036\007\223\024a\311\370\335\2160/\\kw\337\231"
 268      1461C9F8 
 268      DD8E302F 
 268      5C6B77DF 
 268      99
 269 069a 60AE9D43 		.ascii	"`\256\235Cuu8\326%v\264NT_?J\351\015\343\350\303\242"
 269      757538D6 
 269      2576B44E 
 269      545F3F4A 
 269      E90DE3E8 
 270 06b0 A8F53B4E 		.ascii	"\250\365;N\016q\361\212F\344\276\343\231A\234x\"W.8"
 270      0E71F18A 
 270      46E4BEE3 
 270      99419C78 
 270      22572E38 
 271 06c4 76455C03 		.ascii	"vE\\\003\"\335]\216G\333n@D!\276\3528\225\030\235\354"
 271      22DD5D8E 
 271      47DB6E40 
 271      4421BEEA 
 271      3895189D 
 272 06d9 180B0BDB 		.ascii	"\030\013\013\333\234\361\327J\272-\035\331V\271_\205"
 272      9CF1D74A 
 272      BA2D1DD9 
 272      56B95F85 
 273 06e9 3C3C1DAE 		.ascii	"<<\035\256\016h\037,\012\377o\013\004\313\222\256n%"
 273      0E681F2C 
 273      0AFF6F0B 
 273      04CB92AE 
 273      6E25
 274 06fb 9CDDD05E 		.ascii	"\234\335\320^pn\017g\333\025\223\234\241}\034\334v\375"
 274      706E0F67 
 274      DB15939C 
 274      A17D1CDC 
 274      76FD
 275 070d 90429B62 		.ascii	"\220B\233b\333kS\242\260\245\374\226\323\322C\011\\"
 275      DB6B53A2 
 275      B0A5FC96 
 275      D3D24309 
 275      5C
 276 071e 817C706C 		.ascii	"\201|plc\207\013\336I\003\202:\343\213k]\360\036&\244"
 276      63870BDE 
 276      4903823A 
 276      E38B6B5D 
 276      F01E26A4 
 277 0732 6DACAA92 		.ascii	"m\254\252\222\343\375L\310\313\316LV\340\357\231\260"
 277      E3FD4CC8 
 277      CBCE4C56 
 277      E0EF99B0 
 278 0742 6F7DC641 		.ascii	"o}\306A\015.f\302\246o/\017\253\361!&\354\032\036\351"
 278      0D2E66C2 
 278      A66F2F0F 
 278      ABF12126 
 278      EC1A1EE9 
 279 0756 259BB599 		.ascii	"%\233\265\231\344\354\201E'\217\231\354\344q\354\314"
 279      E4EC8145 
 279      278F99EC 
ARM GAS  C:\Users\RUVIMK~1\AppData\Local\Temp\ccOM9uBl.s 			page 22


 279      E471ECCC 
 280 0766 E9DD5A5C 		.ascii	"\351\335Z\\\301\302_\2243:\352f=\025\300\211R\341)\263"
 280      C1C25F94 
 280      333AEA66 
 280      3D15C089 
 280      52E129B3 
 281 077a 9D275109 		.ascii	"\235'Q\011D|&\277\355\376\036\206\344;N8y\314\374&\231"
 281      447C26BF 
 281      EDFE1E86 
 281      E43B4E38 
 281      79CCFC26 
 282 078f 9C0A8A39 		.ascii	"\234\012\2129\015\372A\350\377L~\327{4\363j\227\006"
 282      0DFA41E8 
 282      FF4C7ED7 
 282      7B34F36A 
 282      9706
 283 07a1 9F6236E2 		.ascii	"\237b6\342\033\262\006&\264qdB\033\347\333}N\320\223"
 283      1BB20626 
 283      B4716442 
 283      1BE7DB7D 
 283      4ED093
 284 07b4 C761B071 		.ascii	"\307a\260qH\260\001&\231\221\370\241\235\025*\334@\215"
 284      48B00126 
 284      9991F8A1 
 284      9D152ADC 
 284      408D
 285 07c6 C807F796 		.ascii	"\310\007\367\2264\271\"\330\021\211"
 285      34B922D8 
 285      1189
 286 07d0 32899389 		.ascii	"2\211\223\211B^\306\247Q%\030,\207\341\254\260\255\367"
 286      425EC6A7 
 286      5125182C 
 286      87E1ACB0 
 286      ADF7
 287 07e2 64FEB97D 		.ascii	"d\376\271}\005W\344\235K5o?\216\250\275R\260G\336\260"
 287      0557E49D 
 287      4B356F3F 
 287      8EA8BD52 
 287      B047DEB0 
 288 07f6 F9295D80 		.ascii	"\371)]\200\356\276\224\015\207WL\311\007\035\222K\221"
 288      EEBE940D 
 288      87574CC9 
 288      071D924B 
 288      91
 289 0807 30A75CCB 		.ascii	"0\247\\\313\325\220l)\263\237R\300\355SU\367\2125\260"
 289      D5906C29 
 289      B39F52C0 
 289      ED5355F7 
 289      8A35B0
 290 081a 979BECC9 		.ascii	"\227\233\354\311\3246\345\272\347\321\371\205L\204E"
 290      D436E5BA 
 290      E7D1F985 
 290      4C8445
 291 0829 A0D7C24D 		.ascii	"\240\327\302M\236`\025\004\265\203\271\256q\324\013"
 291      9E601504 
 291      B583B9AE 
 291      71D40B
ARM GAS  C:\Users\RUVIMK~1\AppData\Local\Temp\ccOM9uBl.s 			page 23


 292 0838 62FDC0C4 		.ascii	"b\375\300\304\354\365\374\311\206\026\227\020\022\302"
 292      ECF5FCC9 
 292      86169710 
 292      12C2
 293 0846 2621390E 		.ascii	"&!9\016!9\012!9f\227\341\347r\247\320y\020X\366N\243"
 293      21390A21 
 293      396697E1 
 293      E772A7D0 
 293      791058F6 
 294 085c FAB2F5C5 		.ascii	"\372\262\365\305\352\311\2404nb\2452;\215d\023_}\251"
 294      EAC9A034 
 294      6E62A532 
 294      3B8D6413 
 294      5F7DA9
 295 086f 448B339D 		.ascii	"D\2133\235h\016\336:s ^\205\263\230\260\265\276\350"
 295      680EDE3A 
 295      73205E85 
 295      B398B0B5 
 295      BEE8
 296 0881 8C026733 		.ascii	"\214\002g3\241\274\240\250\221\303\333\230PX\332\273"
 296      A1BCA0A8 
 296      91C3DB98 
 296      5058DABB 
 297 0891 16E13D4C 		.ascii	"\026\341=L\350K>`\302E\354>\275a\333U\025\177\232#\337"
 297      E84B3E60 
 297      C245EC3E 
 297      BD61DB55 
 297      157F9A23 
 298 08a6 920CEDB8 		.ascii	"\222\014\355\270\271\236\303\305\264Q\233\332\220p^"
 298      B99EC3C5 
 298      B4519BDA 
 298      90705E
 299 08b5 81E816D8 		.ascii	"\201\350\026\330\203m\206\331\034\325\225\303\307\226"
 299      836D86D9 
 299      1CD595C3 
 299      C796
 300 08c3 4C52A720 		.ascii	"LR\247 Z\015\023n\352\350|\371\2220\245UK\331#\343\247"
 300      5A0D136E 
 300      EAE87CF9 
 300      9230A555 
 300      4BD923E3 
 301 08d8 EE1705FA 		.ascii	"\356\027\005\372\011\307t\361b*b\237\224\262\307o1\252"
 301      09C774F1 
 301      622A629F 
 301      94B2C76F 
 301      31AA
 302 08ea A60AF442 		.ascii	"\246\012\364B)]\274%\267\233FOC=\261\315M\003\237\374"
 302      295DBC25 
 302      B79B464F 
 302      433DB1CD 
 302      4D039FFC 
 303 08fe 8D30D217 		.ascii	"\2150\322\027`\\\316\000.\001\316\001\352\001g\001M"
 303      605CCE00 
 303      2E01CE01 
 303      EA016701 
 303      4D
 304 090f 80F3801F 		.ascii	"\200\363\200\037\001\027\3556\303u\"\353\005R\353\242"
ARM GAS  C:\Users\RUVIMK~1\AppData\Local\Temp\ccOM9uBl.s 			page 24


 304      0117ED36 
 304      C37522EB 
 304      0552EBA2 
 305 091f 2D259F37 		.ascii	"-%\23779l\375lp\270~\212\307\240\326\341\030\210\027"
 305      396CFD6C 
 305      70B87E8A 
 305      C7A0D6E1 
 305      188817
 306 0932 6E91E13A 		.ascii	"n\221\341:\307\206\305Q\272+\012j\215\343\240Z\225C"
 306      C786C551 
 306      BA2B0A6A 
 306      8DE3A05A 
 306      9543
 307 0944 D93CCBD5 		.ascii	"\331<\313\3250z\025d\354~\307A\365\346\227,K\375P\261"
 307      307A1564 
 307      EC7EC741 
 307      F5E6972C 
 307      4BFD50B1 
 308 0958 0297D2FC 		.ascii	"\002\227\322\374\342\216\036\332U\351\204<=\370\322"
 308      E28E1EDA 
 308      55E9843C 
 308      3DF8D2
 309 0967 DE4C1782 		.ascii	"\336L\027\202\026x\371\2620I5\320\205\300\341h\240f"
 309      1678F9B2 
 309      304935D0 
 309      85C0E168 
 309      A066
 310 0979 18849F3B 		.ascii	"\030\204\237; \344{\201\242\242>,^ZZ\354\226\226+\234"
 310      20E47B81 
 310      A2A23E2C 
 310      5E5A5AEC 
 310      96962B9C 
 311 098d D6EAC415 		.ascii	"\326\352\304\025\272\272\264\256I\332\252\3045\254p"
 311      BABAB4AE 
 311      49DAAAC4 
 311      35AC70
 312 099c 3ACB5A61 		.ascii	":\313Zao}\206\011=\033N\326s\370<\023\272\232\023\262"
 312      6F7D8609 
 312      3D1B4ED6 
 312      73F83C13 
 312      BA9A13B2 
 313 09b0 95F81213 		.ascii	"\225\370\022\0232\236\266\230\225\270\215\011i=C;\344"
 313      329EB698 
 313      95B88D09 
 313      693D433B 
 313      E4
 314 09c1 F826138E 		.ascii	"\370&\023\216T>\360a\347\324\251\344\333\337\266>\013"
 314      543EF061 
 314      E7D4A9E4 
 314      DBDFB63E 
 314      0B
 315 09d2 FFED6407 		.ascii	"\377\355d\0079\266\266$<nr\301w)U\035\337<XM\352\320"
 315      39B6B624 
 315      3C6E72C1 
 315      7729551D 
 315      DF3C584D 
 316 09e8 839D49D9 		.ascii	"\203\235I\331\004\327\223\363F\326\251$sF(\333\352A"
ARM GAS  C:\Users\RUVIMK~1\AppData\Local\Temp\ccOM9uBl.s 			page 25


 316      04D793F3 
 316      46D6A924 
 316      734628DB 
 316      EA41
 317 09fa C4BA26DC 		.ascii	"\304\272&\334.\323yv\0276\347O\241\344V)y\242\303e'"
 317      2ED37976 
 317      1736E74F 
 317      A1E45629 
 317      79A2C365 
 318 0a0f 44FA3A3D 		.ascii	"D\372:=\\v\361a\276\013a\356\2060\336\007\334\006\334"
 318      5C76F161 
 318      BE0B61EE 
 318      8630DE07 
 318      DC06DC
 319 0a22 01DC02DC 		.ascii	"\001\334\002\334\003\334\264[\010\256\010\366\256I\355"
 319      03DCB45B 
 319      08AE08F6 
 319      AE49ED
 320 0a31 5D923A57 		.ascii	"]\222:W'\220;\244d\351\202\321)p\333\034+\256\026-\030"
 320      27903BA4 
 320      64E982D1 
 320      2970DB1C 
 320      2BAE162D 
 321 0a46 35599864 		.ascii	"5Y\230dU\227\264\206\210\246\301,'a\263|\325qP\304{"
 321      5597B486 
 321      88A6C12C 
 321      2761B37C 
 321      D57150C4 
 322 0a5b EB46C172 		.ascii	"\353F\301r\273C/m;\263\352\252\354gN\270\207\245y\341"
 322      BB432F6D 
 322      3BB3EAAA 
 322      EC674EB8 
 322      87A579E1 
 323 0a6f 96CA218D 		.ascii	"\226\312!\215tgf\015-\352\201\210\3767\321\345\2735"
 323      7467660D 
 323      2DEA8188 
 323      FE37D1E5 
 323      BB35
 324 0a81 9FF4EA21 		.ascii	"\237\364\352!\274\367@\250\225.\353\246\251m}\301}W"
 324      BCF740A8 
 324      952EEBA6 
 324      A96D7DC1 
 324      7D57
 325 0a93 0FDEDEEA 		.ascii	"\017\336\336\352\011\355\311\376\2431\222\211\2315E"
 325      09EDC9FE 
 325      A3319289 
 325      993545
 326 0aa2 6A7195F4 		.ascii	"jq\225\364\332UI\037\277\001\353\243%\222R\262!\317"
 326      DA55491F 
 326      BF01EBA3 
 326      259252B2 
 326      21CF
 327 0ab4 0D8FB20C 		.ascii	"\015\217\262\014_\227\376\303w\032\234\240\242BI\375"
 327      5F97FEC3 
 327      771A9CA0 
 327      A24249FD 
 328 0ac4 916B0A9C 		.ascii	"\221k\012\234\302\204\326\376\246dg\234\311\204\003"
ARM GAS  C:\Users\RUVIMK~1\AppData\Local\Temp\ccOM9uBl.s 			page 26


 328      C284D6FE 
 328      A664679C 
 328      C98403
 329 0ad3 A31BF728 		.ascii	"\243\033\367(\361&&\014\354\375~\253\212\225\305^R\007"
 329      F126260C 
 329      ECFD7EAB 
 329      8A95C55E 
 329      5207
 330 0ae5 5B922DC5 		.ascii	"[\222-\305|]X4\344\013\264U\351k\234\3606JV\365\024"
 330      7C5D5834 
 330      E40BB455 
 330      E96B9CF0 
 330      364A56F5 
 331 0afa 0C5ADCF8 		.ascii	"\014Z\334\370\357o<g\260\225\374\332&\367\015f2/\222"
 331      EF6F3C67 
 331      B095FCDA 
 331      26F70D66 
 331      322F92
 332 0b0d D8F4436C 		.ascii	"\330\364Cl\236\302\325\326y\273\263\030\375\302\341"
 332      9EC2D5D6 
 332      79BBB318 
 332      FDC2E1
 333 0b1c 97EC3C4B 		.ascii	"\227\354<K\330O\244\354\361\307\366\306_\220\004 \344"
 333      D84FA4EC 
 333      F1C7F6C6 
 333      5F900420 
 333      E4
 334 0b2d 4752F284 		.ascii	"GR\362\204\213\307\0200\036\323\"z\312\017\263\031{"
 334      8BC71030 
 334      1ED3227A 
 334      CA0FB319 
 334      7B
 335 0b3e A23188F2 		.ascii	"\2421\210\362(\340\031 \016\317@\303p\035\021\012\210"
 335      28E01920 
 335      0ECF40C3 
 335      701D110A 
 335      88
 336 0b4f 7C4560B3 		.ascii	"|E`\263\365\223\324\326\003i7\206_\260r\007\245\\\241"
 336      F593D4D6 
 336      03693786 
 336      5FB07207 
 336      A55CA1
 337 0b62 7C58E63C 		.ascii	"|X\346<\374\232\026\304\323q\005A\262J\034\274\001\251"
 337      FC9A16C4 
 337      D3710541 
 337      B24A1CBC 
 337      01A9
 338 0b74 26F16105 		.ascii	"&\361a\005\206\242\346\302\345\247r\274[\305\276x7\247"
 338      86A2E6C2 
 338      E5A772BC 
 338      5BC5BE78 
 338      37A7
 339 0b86 F68CCB71 		.ascii	"\366\214\313qk\317Q\"t\370y;\317\274|\226C\027\203\004"
 339      6BCF5122 
 339      74F8793B 
 339      CFBC7C96 
 339      43178304 
ARM GAS  C:\Users\RUVIMK~1\AppData\Local\Temp\ccOM9uBl.s 			page 27


 340 0b9a EC81E2B1 		.ascii	"\354\201\342\261-\301\237Z\023\374\\\322\231C.\366\011"
 340      2DC19F5A 
 340      13FC5CD2 
 340      99432EF6 
 340      09
 341 0bab EEC898EC 		.ascii	"\356\310\230\354\337Z\"\333\235\3528\2558\267Waqn'a"
 341      DF5A22DB 
 341      9DEA38AD 
 341      38B75761 
 341      716E2761 
 342 0bbf 96DB7005 		.ascii	"\226\333p\005\356\305\333\361\247\325\216\213J\366\374"
 342      EEC5DBF1 
 342      A7D58E8B 
 342      4AF6FC
 343 0bce 158592B1 		.ascii	"\025\205\222\261\007({b\351\200\335J1K\372\343WOUi\345"
 343      07287B62 
 343      E980DD4A 
 343      314BFAE3 
 343      574F5569 
 344 0be3 1CAB22F2 		.ascii	"\034\253\"\362\253\023<kJ^uEM\237\221uh\015\246\017"
 344      AB133C6B 
 344      4A5E7545 
 344      4D9F9175 
 344      680DA60F 
 345 0bf7 6F67DED7 		.ascii	"og\336\327O\370\233\325ZL~\263J\301\374\217V;\332\277"
 345      4FF89BD5 
 345      5A4C7EB3 
 345      4AC1FC8F 
 345      563BDABF 
 346 0c0b 6974E67F 		.ascii	"it\346\177\264z\266\357\305\035\011\346\275\360\332"
 346      B47AB6EF 
 346      C51D09E6 
 346      BDF0DA
 347 0c1a 344243AB 		.ascii	"4BC\253\205\220\302\255\375/D\251\230\374\274srK\\\245"
 347      8590C2AD 
 347      FD2F44A9 
 347      98FCBC73 
 347      724B5CA5 
 348 0c2e 333ECAFC 		.ascii	"3>\312\374\273\326\3660\327\371\345<s\203\005\366~\271"
 348      BBD6F630 
 348      D7F9E53C 
 348      738305F6 
 348      7EB9
 349 0c40 53204558 		.ascii	"S EX\244\322\230\032Q\206\223'\213\341\264\260\016\277"
 349      A4D2981A 
 349      51869327 
 349      8BE1B4B0 
 349      0EBF
 350 0c52 0CEF6D1B 		.ascii	"\014\357m\033\035\311v\025\207\227\374\244$\2047\235"
 350      1DC97615 
 350      8797FCA4 
 350      2484379D 
 351 0c62 0F2FB9BA 		.ascii	"\017/\271\272\305\232\242\346\372\350?]\036a\324GDG"
 351      C59AA2E6 
 351      FAE83F5D 
 351      1E61D447 
 351      4447
ARM GAS  C:\Users\RUVIMK~1\AppData\Local\Temp\ccOM9uBl.s 			page 28


 352 0c74 987E377B 		.ascii	"\230~7{\266\027\374\205-\213X\022a\214\365~\315\307"
 352      B617FC85 
 352      2D8B5812 
 352      618CF57E 
 352      CDC7
 353 0c86 CB18EBB5 		.ascii	"\313\030\353\265,4\322k\21114&<\326+x\221\376\375\017"
 353      2C34D26B 
 353      89313426 
 353      3CD62B78 
 353      91FEFD0F 
 354 0c9a 7D03FD17 		.ascii	"}\003\375\027\316\237\247\177{\336\034o\235?k\231\035"
 354      CE9FA77F 
 354      7BDE1C6F 
 354      9D3F6B99 
 354      1D
 355 0cab A67AE7FD 		.ascii	"\246z\347\375\017\247\371z{\313^\377\331*dZ\275\336"
 355      0FA7F97A 
 355      7BCB5EFF 
 355      D92A645A 
 355      BDDE
 356 0cbd 101A13F9 		.ascii	"\020\032\023\371\005uEM\237.\200\273I\314\311\260Hc"
 356      0575454D 
 356      9F2E80BB 
 356      49CCC9B0 
 356      4863
 357 0ccf D85F69D3 		.ascii	"\330_i\323k\023\231Xn\2141\021\013\357\315\365a\377"
 357      6B139958 
 357      6E8C3111 
 357      0BEFCDF5 
 357      61FF
 358 0ce1 DF9EB772 		.ascii	"\337\236\267r%i\321GF\206\317^&S\353\374\203\375u\177"
 358      2569D147 
 358      4686CF5E 
 358      2653EBFC 
 358      83FD757F 
 359 0cf5 F4F77B55 		.ascii	"\364\367{U\243\327\257\210\2106\201ZSD\330\353!&\243"
 359      A3D7AF88 
 359      8836815A 
 359      5344D8EB 
 359      2126A3
 360 0d08 313236C4 		.ascii	"126\304\020\265\304\020\036n\010\017\3714,lVhL\324\254"
 360      10B5C410 
 360      1E6E080F 
 360      F9342C6C 
 360      56684CD4 
 361 0d1d 6863B461 		.ascii	"hc\264a\226!tI\304\254Wg\371\314\361~u\326g\363fE\205"
 361      96217449 
 361      C4AC5767 
 361      F9CCF17E 
 361      75D667F3 
 362 0d34 FEC51833 		.ascii	"\376\305\0303\353\363\210\350\271>!v\234\220\210\350"
 362      EBF388E8 
 362      B93E2176 
 362      9C9088E8 
 363 0d44 B0C815E1 		.ascii	"\260\310\025\341\206\220\250P\360,\332\020\242\0177"
 363      8690A850 
 363      F02CDA10 
ARM GAS  C:\Users\RUVIMK~1\AppData\Local\Temp\ccOM9uBl.s 			page 29


 363      A20F37
 364 0d53 2C0D5D11 		.ascii	",\015]\021i\322\233\276Xn\210\005\363*\253\311\305\377"
 364      69D29BBE 
 364      586E8805 
 364      F32AABC9 
 364      C5FF
 365 0d65 6B93B15F 		.ascii	"k\223\261_\304\206\350cM\341\240\037\354h\202\002\003"
 365      C486E863 
 365      4DE1A01F 
 365      EC688202 
 365      03
 366 0d76 17F804FB 		.ascii	"\027\370\004\373\276\375\216N\021\034\354\373\216\316"
 366      BEFD8E4E 
 366      111CECFB 
 366      8ECE
 367 0d84 D6EFF9D8 		.ascii	"\326\357\371\3307X'\177\313\317Wx\364[\365\233Ao\371"
 367      3758277F 
 367      CBCF5778 
 367      F45BF59B 
 367      416FF9
 368 0d97 0406F9BF 		.ascii	"\004\006\371\277\257#w\336\354\316\332:O\375f\300[s"
 368      AF2377DE 
 368      ECCEDA3A 
 368      4FFD66C0 
 368      5B73
 369 0da9 F9D6001B 		.ascii	"\371\326\000\033/@\312\233\353D\264\300\023r\365\026"
 369      2F40CA9B 
 369      EB44B4C0 
 369      1372F516 
 370 0db9 B7F83811 		.ascii	"\267\3708\021\015\264%\200g\004\3303\274U\344]]\360"
 370      0DB42580 
 370      6704D833 
 370      BC55E45D 
 370      5DF0
 371 0dcb 221DB9F1 		.ascii	"\"\035\271\361&7\266\2669*\3626k\013\260\222\002\030"
 371      2637B6B6 
 371      392AF236 
 371      6B0BB092 
 371      0218
 372 0ddd 09FB2ED0 		.ascii	"\011\373.\320\311I'\235\240\277\344\312\371\352\234"
 372      C949279D 
 372      A0BFE4CA 
 372      F9EA9C
 373 0dec FC7CDF25 		.ascii	"\374|\337%\267\016\2630\314\030\025e\214\3662\2544A"
 373      B70EB330 
 373      CC181565 
 373      8CF632AC 
 373      3441
 374 0dfe 76881284 		.ascii	"v\210\022\204\346\327R\310\305\225\006\210\236\263\316"
 374      E6D752C8 
 374      C5950688 
 374      9EB3CE
 375 0e0d D757BF08 		.ascii	"\327W\277\010\206\314\317\260T\376\346\333\272@E\340"
 375      86CCCFB0 
 375      54FEE6DB 
 375      BA4045E0 
 376 0e1d 42DF7721 		.ascii	"B\337w!j\301:\035\372\023\012P\204EB\226\362\011\344"
ARM GAS  C:\Users\RUVIMK~1\AppData\Local\Temp\ccOM9uBl.s 			page 30


 376      6AC13A1D 
 376      FA130A50 
 376      84454296 
 376      F209E4
 377 0e30 3D5F6F52 		.ascii	"=_oRYop\254\301\364\306\363\344f`\240\237\327;A\013"
 377      596F70AC 
 377      C1F4C6F3 
 377      E46660A0 
 377      9FD73B41 
 378 0e45 16FECDC7 		.ascii	"\026\376\315\307K(@0\215\027\372\351\360\002?\235\""
 378      4B284030 
 378      8D17FAE9 
 378      F0023F9D 
 378      22
 379 0e56 E8C3203F 		.ascii	"\350\303 ?\235\323\302\340 \177\177?\235r\341\242\217"
 379      9DD3C2E0 
 379      207F7F3F 
 379      9D72E1A2 
 379      8F
 380 0e67 82FC758A 		.ascii	"\202\374u\212\367\026\372\371\353\210G\001ZQ\331\232"
 380      F716FAF9 
 380      EB884701 
 380      5A51D99A 
 381 0e77 E4A14B63 		.ascii	"\344\241Kc\"\2611<F\261|\305\362\360\030'c\354r\203"
 381      22B1313C 
 381      46B17CC5 
 381      F2F01827 
 381      63EC7283 
 382 0e8b 213C4669 		.ascii	"!<Fi$i\027\243\2102\206\033b\010g\231\226\362\301\307"
 382      246917A3 
 382      8832861B 
 382      62086799 
 382      96F2C1C7 
 383 0e9f 15CBF526 		.ascii	"\025\313\365&e\220\277_\250)T\031\344\307.\276\354\362"
 383      6590BF5F 
 383      A8295419 
 383      E4C72EBE 
 383      ECF2
 384 0eb1 16BBBCC9 		.ascii	"\026\273\274\311.\001\344\342B_\0133F/\215\370ToR\333"
 384      2E01E4E2 
 384      425F0B33 
 384      462F8DF8 
 384      546F52DB 
 385 0ec5 E60A0F7A 		.ascii	"\346\012\017zg\315q\326\376/E\000s\250"
 385      67CD71D6 
 385      FE2F4500 
 385      73A8
 386              		.text
 387              		.section	.gnu.lto_.symtab.211dae56,"",%progbits
 388 0000 5F5F6561 		.ascii	"__early_init\000"
 388      726C795F 
 388      696E6974 
 388      00
 389 000d 00       		.ascii	"\000"
 390 000e 00       		.ascii	"\000"
 391 000f 00       		.ascii	"\000"
 392 0010 00000000 		.ascii	"\000\000\000\000\000\000\000\000"
ARM GAS  C:\Users\RUVIMK~1\AppData\Local\Temp\ccOM9uBl.s 			page 31


 392      00000000 
 393 0018 BD000000 		.ascii	"\275\000\000\000"
 394 001c 626F6172 		.ascii	"boardInit\000"
 394      64496E69 
 394      7400
 395 0026 00       		.ascii	"\000"
 396 0027 00       		.ascii	"\000"
 397 0028 00       		.ascii	"\000"
 398 0029 00000000 		.ascii	"\000\000\000\000\000\000\000\000"
 398      00000000 
 399 0031 BF000000 		.ascii	"\277\000\000\000"
 400 0035 73746D33 		.ascii	"stm32_clock_init\000"
 400      325F636C 
 400      6F636B5F 
 400      696E6974 
 400      00
 401 0046 00       		.ascii	"\000"
 402 0047 02       		.ascii	"\002"
 403 0048 00       		.ascii	"\000"
 404 0049 00000000 		.ascii	"\000\000\000\000\000\000\000\000"
 404      00000000 
 405 0051 C1000000 		.ascii	"\301\000\000\000"
 406              		.text
 407              		.section	.gnu.lto_.opts,"",%progbits
 408 0000 272D666D 		.ascii	"'-fmath-errno' '-fsigned-zeros' '-ftrapping-math' '"
 408      6174682D 
 408      6572726E 
 408      6F272027 
 408      2D667369 
 409 0033 2D666E6F 		.ascii	"-fno-trapv' '-fno-openmp' '-fno-openacc' '-mcpu=cor"
 409      2D747261 
 409      70762720 
 409      272D666E 
 409      6F2D6F70 
 410 0066 7465782D 		.ascii	"tex-m4' '-mno-thumb-interwork' '-mthumb' '-O2' '-fo"
 410      6D342720 
 410      272D6D6E 
 410      6F2D7468 
 410      756D622D 
 411 0099 6D69742D 		.ascii	"mit-frame-pointer' '-falign-functions=16' '-ffuncti"
 411      6672616D 
 411      652D706F 
 411      696E7465 
 411      72272027 
 412 00cc 6F6E2D73 		.ascii	"on-sections' '-fdata-sections' '-fno-common' '-flto"
 412      65637469 
 412      6F6E7327 
 412      20272D66 
 412      64617461 
 413 00ff 2700     		.ascii	"'\000"
 414              		.text
 415              		.comm	__gnu_lto_v1,1,1
 416              		.comm	__gnu_lto_slim,1,1
 417              		.ident	"GCC: (GNU Tools for Arm Embedded Processors 7-2017-q4-major) 7.2.1 20170904 (release) [ARM
ARM GAS  C:\Users\RUVIMK~1\AppData\Local\Temp\ccOM9uBl.s 			page 32


DEFINED SYMBOLS
                            *ABS*:00000000 board.c
                            *COM*:00000001 __gnu_lto_v1
                            *COM*:00000001 __gnu_lto_slim

NO UNDEFINED SYMBOLS
