ARM GAS  C:\Users\RUVIMK~1\AppData\Local\Temp\ccZv602e.s 			page 1


   1              		.cpu cortex-m4
   2              		.eabi_attribute 20, 1
   3              		.eabi_attribute 21, 1
   4              		.eabi_attribute 23, 3
   5              		.eabi_attribute 24, 1
   6              		.eabi_attribute 25, 1
   7              		.eabi_attribute 26, 1
   8              		.eabi_attribute 30, 2
   9              		.eabi_attribute 34, 1
  10              		.eabi_attribute 18, 4
  11              		.file	"chcore_v7m.c"
  12              		.section	.gnu.lto_.profile.211db8f5,"",%progbits
  13 0000 789C6363 		.ascii	"x\234cc```\001bF\006]\011\000\000\352\000Q"
  13      60606001 
  13      6246065D 
  13      090000EA 
  13      0051
  14              		.text
  15              		.section	.gnu.lto_.icf.211db8f5,"",%progbits
  16 0000 789C6363 		.ascii	"x\234cc``\020a@\000f\206\265k\357\034fd^\266}\3715v"
  16      60601061 
  16      40006686 
  16      B56BEF1C 
  16      66645EB6 
  17 0018 96278F56 		.ascii	"\226'\217V\237bd\000\000a\224\011<"
  17      9F626400 
  17      00619409 
  17      3C
  18              		.text
  19              		.section	.gnu.lto_.jmpfuncs.211db8f5,"",%progbits
  20 0000 789C6363 		.ascii	"x\234cc``\340e@\000f(\301\002\242\001\002c\000\036"
  20      6060E065 
  20      40006628 
  20      C102A201 
  20      0263001E 
  21              		.text
  22              		.section	.gnu.lto_.inline.211db8f5,"",%progbits
  23 0000 789C6363 		.ascii	"x\234cc``pe@\000f\006\006^\021F\006&\201\015\271\014"
  23      60607065 
  23      40006606 
  23      065E1146 
  23      0626810D 
  24 0016 6C0BE499 		.ascii	"l\013\344\231@bL\334`\011v6\2408\307\001;\2708\013\003"
  24      40624CDC 
  24      60097636 
  24      A038C701 
  24      3BB8380B 
  25 002b 17375088 		.ascii	"\0277P\210\347L\004\\\210\221\013D\002\000\3677\006"
  25      E74C045C 
  25      88910B44 
  25      0200F737 
  25      06
  26 003c 72       		.ascii	"r"
  27              		.text
  28              		.section	.gnu.lto_.pureconst.211db8f5,"",%progbits
  29 0000 789C6363 		.ascii	"x\234cc``\340\002bf\206]\214\314\273\030Yv1\002\000"
  29      6060E002 
ARM GAS  C:\Users\RUVIMK~1\AppData\Local\Temp\ccZv602e.s 			page 2


  29      6266865D 
  29      8CCCBB18 
  29      59763102 
  30 0015 0C38024C 		.ascii	"\0148\002L"
  31              		.text
  32              		.section	.gnu.lto__port_irq_epilogue.part.0.211db8f5,"",%progbits
  33 0000 789C9D54 		.ascii	"x\234\235T\377O\024W\020\237\331\267\273w\\OL\210?\330"
  33      FF4F1457 
  33      109FD9B7 
  33      BB775C4F 
  33      4C883FD8 
  34 0014 C434C70F 		.ascii	"\3044\307\017\304\230\030\266\266i\312/\376`I\232\370"
  34      C49818B6 
  34      B669CA2F 
  34      FE60499A 
  34      F8
  35 0025 C3A50DF7 		.ascii	"\303\245\015\367\007\230v\305J*\334\345\356l\370\215"
  35      079876C5 
  35      4A2ADCE5 
  35      EE6CF88D 
  36 0035 2770DE59 		.ascii	"'p\336Y\210i\014\234\344\262\364.\232H\233\206\266\024"
  36      88690C9C 
  36      E4B2F42E 
  36      9A489B86 
  36      B614
  37 0047 6B052B20 		.ascii	"k\005+ \002~i\221\012\3256\332\030\005\244\326/\215"
  37      027E6991 
  37      0AD536DA 
  37      1805A4D6 
  37      2F8D
  38 0059 25D45413 		.ascii	"%\324T\023\2413o\027\261mj\232n\356\336{3of>3\363\231"
  38      A1336F17 
  38      B16D6A9A 
  38      6EEEDE7B 
  38      336F663E 
  39 0070 5D13005E 		.ascii	"]\023\000^0\000\216\321\376:\375\321\007h~p\201\016"
  39      30008ED1 
  39      FE3AFDD1 
  39      07687E70 
  39      810E
  40 0082 266A6AD7 		.ascii	"&jj\3274\221Y\0172\240\363\032\024h\260v\217__>\030"
  40      3491590F 
  40      32A0F31A 
  40      1468B076 
  40      8F5F5F3E 
  41 0097 887C907E 		.ascii	"\210|\220~\204\006S\023\272\201\015\330*\332\004\016"
  41      84065313 
  41      BA810DD8 
  41      2ADA040E 
  42 00a7 A7E7FAB4 		.ascii	"\247\347\372\264\015]\222\236\241\203\013\276\2752\265"
  42      0D5D929E 
  42      A1830BBE 
  42      BD32B5
  43 00b6 D6110059 		.ascii	"\326\021\000Y\372\363\203\275\270\001\310l\272g\261"
  43      FAF383BD 
  43      B801C86C 
  43      BA67B1
ARM GAS  C:\Users\RUVIMK~1\AppData\Local\Temp\ccZv602e.s 			page 3


  44 00c5 7D95A9B3 		.ascii	"}\225\251\263\036\217\242\251\026$\375\305\346\317\035"
  44      1E8FA2A9 
  44      1624FDC5 
  44      E6CF1D
  45 00d4 D1221C81 		.ascii	"\321\"\034\201\250\223\370\333xn\246\230E\015C$\276"
  45      A893F8DB 
  45      786EA698 
  45      450D4324 
  45      BE
  46 00e5 7F6EF6D0 		.ascii	"\177n\366\320jQ\201\034\341\366\340/\017\203e\207\245"
  46      6A51811C 
  46      E1F6E02F 
  46      0F836587 
  46      A5
  47 00f6 6C94430F 		.ascii	"l\224C\017\362%\207\233\344Y\251;B\340W(8\3521\\\207"
  47      F225879B 
  47      E459A93B 
  47      42E05728 
  47      38EA315C 
  48 010b 5FE23A85 		.ascii	"_\342:\205\272\002\210\307\261\314\005\353#\324'\372"
  48      BA0288C7 
  48      B1CC05EB 
  48      23D427FA 
  49 011b 6695EF83 		.ascii	"f\225\357\203\217\326\350\300\027Y\241 \346ZF\007|b"
  49      8FD6E8C0 
  49      1759A120 
  49      E65A4607 
  49      7C62
  50 012d B33AFFBE 		.ascii	"\263:\377\276\320s\304\364\340~\356\250\030\270rK\312"
  50      D073C4F4 
  50      E07EEEA8 
  50      18B8724B 
  50      CA
  51 013e 03197484 		.ascii	"\003\031t\204\216'\236\011\3705\003\366\023\340I.\223"
  51      8E279E09 
  51      F83503F6 
  51      13E0492E 
  51      93
  52 014f 160410AC 		.ascii	"\026\004\020\254%\233\236{\017O\251\240\007T\263\216"
  52      259B9E7B 
  52      0F4FA9A0 
  52      0754B38E 
  53 015f 34A5540D 		.ascii	"4\245T\015n[\236\216\207\003X\306\251\1776iH\271\270"
  53      6E5B9E8E 
  53      870358C6 
  53      A97F3669 
  53      48B9B8
  54 0172 9496F2CA 		.ascii	"\224\226\362\312\313%A\004\216\243\001\337\010\265\352"
  54      CB254104 
  54      8EA301DF 
  54      08B5EA
  55 0181 E008C3A0 		.ascii	"\340\010\303\240\305\004\310P\313\231\243\014\011\264"
  55      C504C850 
  55      CB99A30C 
  55      09B4
  56 018f 8B7D4253 		.ascii	"\213}BS\373\035\3343\335\333z\177\002\335\214\000\322"
  56      FB1DDC33 
ARM GAS  C:\Users\RUVIMK~1\AppData\Local\Temp\ccZv602e.s 			page 4


  56      DDDB7A7F 
  56      02DD8C00 
  56      D2
  57 01a0 DCF8ECFE 		.ascii	"\334\370\354\376l^/m\303\274\354\0109\302\307\025<\236"
  57      6C5E2F6D 
  57      C3BCEC08 
  57      39C2C715 
  57      3C9E
  58 01b2 4ECD14E9 		.ascii	"N\315\024\351\032\241\017b\251\252il\272\267\337$\015"
  58      1AA10F62 
  58      A9AA696C 
  58      BAB7DF24 
  58      0D
  59 01c3 0EA19EA3 		.ascii	"\016\241\236\243\036\001\236B\035\346\2601\244\012\243"
  59      1E019E42 
  59      1DE6B031 
  59      A40AA3
  60 01d2 64584BF2 		.ascii	"dXK\362\365\226\375\243%\334IU>\334\306\306\371\364"
  60      F596FDA3 
  60      25DC4955 
  60      3EDCC6C6 
  60      F9F4
  61 01e4 C7821539 		.ascii	"\307\202\0259\241y6!u\177\234}4\262hr\366vOmwM\004\251"
  61      A1793621 
  61      757F9C7D 
  61      34B26872 
  61      F6764F6D 
  62 01fc 086EEAC6 		.ascii	"\010n\352\306H\326p\207\341\372\322\322\322j\034\246"
  62      48D67087 
  62      E1FAD2D2 
  62      D26A1CA6 
  63 020c 76FCD553 		.ascii	"v\374\325Sp\354\205[\235\251\000\353\310g\266k\276\275"
  63      70EC855B 
  63      9DA900EB 
  63      C867B66B 
  63      BEBD
  64 021e 887D84EB 		.ascii	"\210}\204\353C*\347~\346Z\260\200\037\022Y~\012\214"
  64      432AE77E 
  64      E65AB080 
  64      1F12597E 
  64      0A8C
  65 0230 A7B9A9A4 		.ascii	"\247\271\251\244?\26386.\254n\246\276\260\303\021E8"
  65      3FB33836 
  65      2EAC6EA6 
  65      BEB0C311 
  65      4538
  66 0242 82056C57 		.ascii	"\202\005lW\203\212\243h\3614\336|4\241\202\005\220\214"
  66      838AA368 
  66      F134DE7C 
  66      34A18205 
  66      908C
  67 0254 FC38469E 		.ascii	"\3748F\236\252\226\223\227\326\270\231\352\234\302r"
  67      AA969397 
  67      D6B899EA 
  67      9CC272
  68 0263 4A1CF3CE 		.ascii	"J\034\363\316l\247_t\240\232\231\326O\346?\025\336\314"
  68      6CA75F74 
ARM GAS  C:\Users\RUVIMK~1\AppData\Local\Temp\ccZv602e.s 			page 5


  68      A09A99D6 
  68      4FE63F15 
  68      DECC
  69 0275 5CCE0773 		.ascii	"\\\316\007sr\2509\304\003s\346\237\003\203g\271\032"
  69      72A839C4 
  69      0373E69F 
  69      038367B9 
  69      1A
  70 0286 1D5C727E 		.ascii	"\035\\r~\234\304\277\215\346\301\313\001\203m\274\361"
  70      9CC4BF8D 
  70      E6C1CB01 
  70      836DBCF1 
  71 0296 D49E7E87 		.ascii	"\324\236~\207\360\034u\343<sy^M\027t\261\367\241\374"
  71      F01C75E3 
  71      3C73795E 
  71      4D1774B1 
  71      F7A1FC
  72 02a9 177F044A 		.ascii	"\027\177\004J\217z\204>\307\016\3353'\244_\021\372\215"
  72      8F7A843E 
  72      C70EDD33 
  72      27A45F11 
  72      FA8D
  73 02bb 47E84FB9 		.ascii	"G\350O\271\376\266\000\023\372-\023\252\323\315\370"
  73      FEB60013 
  73      FA2D13AA 
  73      D3CDF8
  74 02ca 32A1DC62 		.ascii	"2\241\334b\006\204\273\330T\030l\177\336\255\327 \247"
  74      0684BBD8 
  74      54186C7F 
  74      DEADD720 
  74      A7
  75 02db BEBEBB57 		.ascii	"\276\276\273W}\015\217\245\337\021\301,\225\017x\001"
  75      7D0D8FA5 
  75      DF11C12C 
  75      950F7801 
  76 02eb 1B68E656 		.ascii	"\033h\346V\301Ml\276zz\004WL\263\251\341\011\0377\220"
  76      C14D6CBE 
  76      7A7A0457 
  76      4CB3A9E1 
  76      091F3790 
  77 02ff F2C209AF 		.ascii	"\362\302\011\257\326}\344\223Y/\250\221\217\322\235"
  77      D67DE493 
  77      592FA891 
  77      8FD29D
  78 030e 3F14D06B 		.ascii	"?\024\320k\335\177\241\251\216i\372N\321\304\205\342"
  78      DD7FA1A9 
  78      8E69FA4E 
  78      D1C485E2 
  79 031e 4545D372 		.ascii	"EE\323rB\031\262\230'\367\342\254*e\222\262b4\375\011"
  79      4219B298 
  79      27F7E2AC 
  79      2A6592B2 
  79      6234FD09 
  80 0332 DABDFF81 		.ascii	"\332\275\377\2016\265\202\366\375\277\241\321\247\024"
  80      36B582F6 
  80      FDBFA1D1 
  80      A714
ARM GAS  C:\Users\RUVIMK~1\AppData\Local\Temp\ccZv602e.s 			page 6


  81 0340 2F796886 		.ascii	"/yh\206z\311~E\315\375\340e\310\225\024$\275R^n\321"
  81      7AC97E45 
  81      CDFDE065 
  81      C8951424 
  81      BD525E6E 
  82 0355 CFDE59F3 		.ascii	"\317\336Y\363vM4\261\251\342%+\232\260\354hmm\264\316"
  82      764D34B1 
  82      A9E2252B 
  82      9AB0EC68 
  82      6D6DB4CE 
  83 0369 8A45E3C9 		.ascii	"\212E\343\311\204\265\245*\\\031\256'\013;\032\257\336"
  83      84B5A52A 
  83      5C19AE27 
  83      0B3B1AAF 
  83      DE
  84 037a F6DEABB5 		.ascii	"\366\336\253\265\3456\350v\262>f\306\253\023\273w%_"
  84      E536E876 
  84      B23E66C6 
  84      AB13BB77 
  84      255F
  85 038c 7B4684EA 		.ascii	"{F\204\352\372$\373[\225\341\310\326\210UI\001\254\255"
  85      FA24FB5B 
  85      95E1C8D6 
  85      88554901 
  85      ACAD
  86 039e 75F6AEDD 		.ascii	"u\366\256\335\333\253-\2736Q\223\330\366\216m\227\357"
  86      DBAB2DBB 
  86      365193D8 
  86      F68E6D97 
  86      EF
  87 03af 8460B82A 		.ascii	"\204`\270*\022*{qc(\226\210\201\330\034\207\342d4\366"
  87      122A7B71 
  87      63289688 
  87      81D81C87 
  87      E26434F6 
  88 03c3 C68E37E3 		.ascii	"\306\2167\343Q;\222|\313~7\030\216T\361\335F2\002-\016"
  88      513B927C 
  88      CB7E3718 
  88      8E54F1DD 
  88      4632022D 
  89 03d8 7F0252FC 		.ascii	"\177\002R\374\335\022"
  89      DD12
  90              		.text
  91              		.section	.gnu.lto_SVC_Handler.211db8f5,"",%progbits
  92 0000 789C9D93 		.ascii	"x\234\235\223\337o\024U\024\307\317\231;;\273\320\005"
  92      DF6F1455 
  92      14C7CF99 
  92      3B3BBBD0 
  92      05
  93 0011 896FC6C6 		.ascii	"\211o\306\306lC\232@B:@b\354\013\017\332\027x\330@\272"
  93      6C439A40 
  93      423A4062 
  93      EC0B0FDA 
  93      1778D840 
  94 0026 7F008171 		.ascii	"\177\000\201q\245\033Xf3\273\230\352\013\303na\013-"
  94      A51B5866 
  94      33BB98EA 
ARM GAS  C:\Users\RUVIMK~1\AppData\Local\Temp\ccZv602e.s 			page 7


  94      0BC36E61 
  94      0B2D
  95 0038 C6405D37 		.ascii	"\306@]7\233m\012%J\015\261\005\266P)\270]Zh\371a[\251"
  95      9B6D0A25 
  95      4A0DB105 
  95      B65029B8 
  95      5D5A68F9 
  96 004f 9A186304 		.ascii	"\232\030c\004[\254\320&\006\032 \020\245p\316\235AK"
  96      5BACD026 
  96      061A2010 
  96      A570CE9D 
  96      414B
  97 0061 219A38D9 		.ascii	"!\2328\331\235\314\275\347{\276\347\234\317\235\321"
  97      9DCCBDE7 
  97      7BBEE79C 
  97      CF9DD1
  98 0070 00E04315 		.ascii	"\000\340C\025`\021\002\274N\317(\000\225\217G\000v\371"
  98      601102BC 
  98      4ECF2800 
  98      958F4700 
  98      76F9
  99 0082 14447EB0 		.ascii	"\024D~\260}\010;\025\334\211\315\242E`\177z\362\214"
  99      7D083B15 
  99      DC89CDA2 
  99      45607F7A 
  99      F28C
 100 0094 B2FCA84D 		.ascii	"\262\374\250MW\351\323\277^\263;J\230\027\000\031\372"
 100      57E9D3BF 
 100      5EB33B4A 
 100      98170019 
 100      FA
 101 00a5 F385055C 		.ascii	"\363\205\005\\\016$\273\326p</\232D^ \252\264\274;\234"
 101      0E24BBD6 
 101      703C2F9A 
 101      445E20AA 
 101      B4BC3B9C 
 102 00b9 9B58CC4B 		.ascii	"\233X\314K\005\003\264\334w\371f\373+\242\032Y9\325"
 102      0503B4DC 
 102      77F966FB 
 102      2BA21A59 
 102      39D5
 103 00cb 77FB91BF 		.ascii	"w\373\221\277\362\210m'\355\322`\366\215\366\224}\311"
 103      F2886D27 
 103      EDD260F6 
 103      8DF6947D 
 103      C9
 104 00dc 56F342E0 		.ascii	"V\363B\340i\024\344\212\247\260\034\273\261\\\272\223"
 104      6914E48A 
 104      A7B01CBB 
 104      B15CBA93 
 105 00ec 7CFCC4EC 		.ascii	"|\374\304\354'\2134\025{\260\322)\212_\241\006\324\274"
 105      278B3415 
 105      7BB0D229 
 105      8A5FA106 
 105      D4BC
 106 00fe C25B2498 		.ascii	"\302[$\230l\272X\364\2125\322\373\376\275\023\237k\256"
 106      6CBA58F4 
ARM GAS  C:\Users\RUVIMK~1\AppData\Local\Temp\ccZv602e.s 			page 8


 106      8A35D2FB 
 106      FEBD139F 
 106      6BAE
 107 0110 F7EFD9EA 		.ascii	"\367\357\331\352\342O\267l\373@#5\254\342\231\027\335"
 107      E24FB76C 
 107      FB402335 
 107      ACE29917 
 107      DD
 108 0121 B1172BBB 		.ascii	"\261\027+\273\306<%{\366I\232\206+O\017\375\222S\274"
 108      C63C257B 
 108      F6499A86 
 108      2B4F0FFD 
 108      9253BC
 109 0134 0879E121 		.ascii	"\010y\341!%\271\253\362\356\221B\200F\252N|\354\022"
 109      25B9ABF2 
 109      EE914280 
 109      46AA4E7C 
 109      EC12
 110 0146 EC150A3F 		.ascii	"\354\025\012?\245J0\215\273\306\013\315wF\361\357N\033"
 110      A54A308D 
 110      BBC60BCD 
 110      7746F1EF 
 110      4E1B
 111 0158 1C52C7B5 		.ascii	"\034R\307\265\265\262\323\214\300\271S\260\021\236E"
 111      B5B2D38C 
 111      C0B953B0 
 111      119E45
 112 0167 0DCFF110 		.ascii	"\015\317\361\020\347\234I\322\234\235\371(\323\246V"
 112      E79C49D2 
 112      9C9DF928 
 112      D3A656
 113 0176 B4609B9D 		.ascii	"\264`\233\235\015\344\205\306I\217\307wO,P\025j\364"
 113      0DE485C6 
 113      498FC777 
 113      4F2C5015 
 113      6AF4
 114 0188 6BAC9030 		.ascii	"k\254\2200\006\307\013\275\032\355`\021\325\234\360"
 114      06C70BBD 
 114      1AED6011 
 114      D59CF0
 115 0197 50A40F55 		.ascii	"P\244\017U\230\304\344\015\331\004\033r\011\016\361"
 115      98C4E40D 
 115      D9041B72 
 115      090EF1
 116 01a6 665336F5 		.ascii	"fS6\365*7\341\364?\205\311\231\364^\301\0339!\\M@\306"
 116      2A37E1F4 
 116      3F85C999 
 116      F45EC11B 
 116      39215C4D 
 117 01bc 7B384790 		.ascii	"{8G\220\"\225\3373\\(w$TA\314=J\304\000\226\010\335"
 117      2295DF33 
 117      5C287724 
 117      5441CC3D 
 117      4AC40096 
 118 01d2 F359AAE3 		.ascii	"\363Y\252\343\373\270\340w\262\220\267\236I(}h\372f"
 118      FBB8E077 
 118      B290B79E 
ARM GAS  C:\Users\RUVIMK~1\AppData\Local\Temp\ccZv602e.s 			page 9


 118      49287D68 
 118      FA66
 119 01e4 AB4F6451 		.ascii	"\253OdQbh>6\323)\334\363y\260%g\227\032\002|6\347_r"
 119      62683E36 
 119      D329DCF3 
 119      79B02567 
 119      971A027C 
 120 01fc 36FD6C8E 		.ascii	"6\375l\216.\340\037\307\346\003>X\324X\3422V\3460\006"
 120      2EE01FC7 
 120      E6033E58 
 120      D458E232 
 120      56E63006 
 121 0210 1CA0DE2E 		.ascii	"\034\240\336.0Z\272\021^8\312\311\355m'\037.\254\350"
 121      305ABA11 
 121      5E38CAC9 
 121      ED6D271F 
 121      2EACE8
 122 0223 76F97A39 		.ascii	"v\371z9\341\313\211\263\266O\362\275\350\362\3759\327"
 122      E1CB89B3 
 122      B64FF2BD 
 122      E8F2FD39 
 122      D7
 123 0234 DBB290F9 		.ascii	"\333\262\220\371\0162_\312\305!\374g\032Y\220V\262\332"
 123      0E325FCA 
 123      C521FC67 
 123      1A599056 
 123      B2DA
 124 0246 6757C6FA 		.ascii	"gW\306\372\312D\2173\327\027\235\207\263\317\336\351"
 124      CA448F33 
 124      D7179D87 
 124      B3CFDEE9 
 125 0256 275DCB5A 		.ascii	"']\313ZSM\373\355C\311%<\333\245\227\314vY\276\270\231"
 125      534DFBED 
 125      43C9253C 
 125      DBA597CC 
 125      7659BEB8 
 126 026b DDFDA35E 		.ascii	"\335\375\243^\006\253\"\340\025\212Mc\222f\355\276\376"
 126      06AB22E0 
 126      158A4D63 
 126      9266EDBE 
 126      FE
 127 027c C2ACDF6B 		.ascii	"\302\254\337k\356\234\002\346\205\376\354\252\356 \367"
 127      EE9C02E6 
 127      85FEECAA 
 127      EE20F7
 128 028b AB1C54E7 		.ascii	"\253\034T\347\007\247Z\005\227\002\374\206\303\236\347"
 128      07A75A05 
 128      9702FC86 
 128      C39EE7
 129 029a 180DD338 		.ascii	"\030\015\3238#\314h\204\031!\334\377OF\243.\243\331"
 129      23CC6884 
 129      1921DCFF 
 129      4F46A32E 
 129      A3D9
 130 02ac B65F8B65 		.ascii	"\266_\213e\314\350[Te\333\200\327\3447\337Q\034\370"
 130      CCE85B54 
 130      65DB80D7 
ARM GAS  C:\Users\RUVIMK~1\AppData\Local\Temp\ccZv602e.s 			page 10


 130      E437DF51 
 130      1CF8
 131 02be CD5FB147 		.ascii	"\315_\261Gq\262}\254\235\351<\371C\231\314\036\343l"
 131      71B27DAC 
 131      9DE93CF9 
 131      4399CC1E 
 131      E36C
 132 02d0 FCCEA529 		.ascii	"\374\316\245)\021\000\374\301\357\350\261\245\362\213"
 132      1100FCC1 
 132      EFE8B1A5 
 132      F28B
 133 02de E6AB9190 		.ascii	"\346\253\221\220\323wE\3727\253\252t\372\031u\221\315"
 133      D37745FA 
 133      37ABAA74 
 133      FA197591 
 133      CD
 134 02ef 1133BEAA 		.ascii	"\0213\276\252z\265n\306u\303\214F\315\355z\314\264\022"
 134      7AB56EC6 
 134      75C38C46 
 134      CDED7ACC 
 134      B412
 135 0301 71FDEDDA 		.ascii	"q\375\355\332`M\260\236\024\206i\2057\276\377V\264\312"
 135      604DB09E 
 135      14866985 
 135      37BEFF56 
 135      B4CA
 136 0313 00D548D4 		.ascii	"\000\325H\324\3074+\034\337\261-\361\316\2778\204\353"
 136      C7342B1C 
 136      DFB12DF1 
 136      CEBF3884 
 136      EB
 137 0324 139CAFD7 		.ascii	"\023\234\257\327\004C\353Bz\015\031\350\353\266\033"
 137      0443EB42 
 137      7A0D19E8 
 137      EBB61B
 138 0333 DB76BC1B 		.ascii	"\333v\274\033\326\215h<\022\337\270\3050\252\352\300"
 138      D68D683C 
 138      12DFB8C5 
 138      30AAEAC0 
 139 0343 1FAC0D05 		.ascii	"\037\254\015\005*W\256\010\304\3421\020k,X\2340c\353"
 139      2A57AE08 
 139      C4E23110 
 139      6B2C589C 
 139      3063EB
 140 0356 DFDB6099 		.ascii	"\337\333`\231F(\261\311\330\352\017\206j9\266\202D\240"
 140      4628B1C9 
 140      D8EA0F86 
 140      6A39B682 
 140      44A0
 141 0368 58E0DDBC 		.ascii	"X\340\335\274)\036\336`E\376O\363u\260\204\335\330!"
 141      291EDE60 
 141      45FE4FF3 
 141      75B084DD 
 141      D821
 142 037a 6645A4A3 		.ascii	"fE\244\2437\032\216\232\326\007\360\024\022\323\273"
 142      371A8E9A 
 142      D607F014 
ARM GAS  C:\Users\RUVIMK~1\AppData\Local\Temp\ccZv602e.s 			page 11


 142      12D3BB
 143 0389 0F       		.ascii	"\017"
 144              		.text
 145              		.section	.gnu.lto__port_irq_epilogue.211db8f5,"",%progbits
 146 0000 789C9D53 		.ascii	"x\234\235S\335KSa\030\177\237\363\236\263\255M\303\313"
 146      DD4B5361 
 146      187F9FF3 
 146      9EB3AD4D 
 146      C3CB
 147 0012 042FE685 		.ascii	"\004/\346\205\220 \236\012#o\272(\257$\204\320?@\362"
 147      90209E0A 
 147      236FBA28 
 147      AF2484D0 
 147      3F40F2
 148 0025 3472D09C 		.ascii	"4r\320\234l\026v\265ws~eQ\224\332\260\331L\211\034\370"
 148      6C1676B5 
 148      77737E65 
 148      5194DAB0 
 148      D94C891C 
 149 003a 51661FF3 		.ascii	"Qf\037\363sm\225\345\267b\020y\021\371\005\231E\037"
 149      736D95E5 
 149      B7621079 
 149      11F90599 
 149      451F
 150 004c 5E2898F6 		.ascii	"^(\230\366\274g\313d\202A/;\347\274\357\363\365{\236"
 150      BC67CB64 
 150      82412F3B 
 150      E7BCEFF3 
 150      F57B9E
 151 005f DFFB9B86 		.ascii	"\337\373\233\206\020\362\223\0222\203\337\343\370\200"
 151      10F29312 
 151      3283DFE3 
 151      F880
 152 006d 8680707D 		.ascii	"\206\200p}\234\020\247N\020\350B\"az\261-\203\2608\012"
 152      9C10A74E 
 152      10E84222 
 152      617AB12D 
 152      83B0380A 
 153 0081 12378318 		.ascii	"\0227\203\030\371:u\022\000\3370\035\020\207@E\011\034"
 153      F93A7512 
 153      00DF301D 
 153      10874045 
 153      091C
 154 0093 7085D652 		.ascii	"p\205\326R\010U.\005\204\324\373\014W\360\326\252\266"
 154      08552E05 
 154      84D4FB0C 
 154      57F0D6AA 
 154      B6
 155 00a4 82951FF0 		.ascii	"\202\225\037\360\"@=>|\301#H%\0306\367p\263.^#F\354"
 155      22403D3E 
 155      7CC12348 
 155      251836F7 
 155      70B32E5E 
 156 00bb D0CD7171 		.ascii	"\320\315qq\3239-\005\331\346V%\013n\264@\343)\235@\274"
 156      D3392D05 
 156      D9E65625 
 156      0B6EB440 
ARM GAS  C:\Users\RUVIMK~1\AppData\Local\Temp\ccZv602e.s 			page 12


 156      E3299D40 
 157 00d0 14287F11 		.ascii	"\024(\177\021R\205\221\210\310\202\244\232\012|W\026"
 157      52859188 
 157      C882A49A 
 157      0A7C5716 
 158 00e0 244B20F0 		.ascii	"$K \360bS\356\007^ZC\275T\000\021\217\337\307\032\346"
 158      6253EE07 
 158      5E5A43BD 
 158      5400118F 
 158      DFC71AE6 
 159 00f4 F7F32305 		.ascii	"\367\363#\005#\036\357\015O\017\032h&\360H\177\307]"
 159      231EEF0D 
 159      4F0F1A68 
 159      26F0487F 
 159      C75D
 160 0106 4F5C4A0B 		.ascii	"O\\J\013c.\026\034\362\034l(\253\271\312\232\\\011^"
 160      632E161C 
 160      F21C6C28 
 160      ABB9CA9A 
 160      5C095E
 161 0119 2AC253A0 		.ascii	"*\302S\240\330\014<\201$x\014I\221f\237A\012&U~b\375"
 161      D80C3C81 
 161      24780C49 
 161      91669F41 
 161      0A26557E 
 162 012f 22AF2782 		.ascii	"\"\257'\202\021\002\350\373\014\256\271\336k\335\037"
 162      1102E8FB 
 162      0CAEB9DE 
 162      6BDD1F
 163 013e 607B10B7 		.ascii	"`{\020\267:\357\3155\255:K=\005\022\343\012{\322|X\275"
 163      3AEFCD35 
 163      AD3A4B3D 
 163      0512E30A 
 163      7BD27C58 
 164 0153 873B8558 		.ascii	"\207;\205X\347\364m\312\241\010\364r7\335\311\017\364"
 164      E7F46DCA 
 164      A108F472 
 164      37DDC90F 
 164      F4
 165 0164 8106FA39 		.ascii	"\201\006\3729=\370\002$)\300A\233}]k\372\344a\3601\217"
 165      3DF80224 
 165      29C0419B 
 165      7D5D6BFA 
 165      E461F031 
 166 0179 D14B259E 		.ascii	"\321K%\236\320>\337\313t\242\200M\017@2\341\226o+3\263"
 166      D03EDFCB 
 166      74A2804D 
 166      0F4032E1 
 166      966F2B33 
 167 018e 025A6010 		.ascii	"\002Z`\020o\215\267M \250\362\323:\020^\214K\036\213"
 167      6F8DB74D 
 167      20A8F2D3 
 167      3A105E8C 
 167      4B1E8B
 168 01a1 666B78EC 		.ascii	"fkx\354\217\216\256\267\0065\3739\317\206\020\210H\256"
 168      8F8EAEB7 
 168      0635FB39 
ARM GAS  C:\Users\RUVIMK~1\AppData\Local\Temp\ccZv602e.s 			page 13


 168      CF861088 
 168      48AE
 169 01b3 CBA85240 		.ascii	"\313\250R@\3102\204z\326\233\267\336\001\237\256\201"
 169      C832847A 
 169      D69BB7DE 
 169      019FAE81 
 170 01c3 0A98515F 		.ascii	"\012\230Q_\036\232\320rR\264\352\254\316@_\255\0249"
 170      1E9AD072 
 170      52B4EAAC 
 170      CE405FAD 
 170      1439
 171 01d5 B2F7656C 		.ascii	"\262\367el?\232\226\247V'\245&\270\343\304\021\021G"
 171      3F9A96A7 
 171      5627A526 
 171      B8E3C411 
 171      1147
 172 01e7 072F90DA 		.ascii	"\007/\220\3320\357\003\2357.\373\375z\271\235\271\235"
 172      30EF039D 
 172      372EFBFD 
 172      7AB99DB9 
 172      9D
 173 01f8 DCB70F5E 		.ascii	"\334\267\017^B\023\324\251\032\201W #`\331F\205_\212"
 173      4213D4A9 
 173      1A815720 
 173      2360D946 
 173      855F8A
 174 020b C0D108E2 		.ascii	"\300\321\010\342\227\321\305f\365\032\000X\002\014a"
 174      97D1C566 
 174      F51A0058 
 174      020C61
 175 021a A14570CF 		.ascii	"\241Ep\317\2063\242A\030\321\271\022X\217\217D\020x"
 175      8633A241 
 175      18D1B912 
 175      588F8F44 
 175      1078
 176 022c 1DBDC46A 		.ascii	"\035\275\304j$t!\021\305\262\002T\025\032\006\006\002"
 176      24742111 
 176      C5B20254 
 176      151A0606 
 176      02
 177 023d 2BB35AC7 		.ascii	"+\263Z\307/\246\363R}=\025\021\364\0158Pf\0065^$m\031"
 177      2FA6F352 
 177      7D3D1511 
 177      F40D3850 
 177      6606355E 
 178 0254 7FC51523 		.ascii	"\177\305\025#\231\306\177HfX\225\3146;\"v2\262\227d"
 178      99C67F48 
 178      665895CC 
 178      363B2276 
 178      32B29764 
 179 0268 1A0C51C9 		.ascii	"\032\014Q\311H\273%\223\331\212\325G\271S\023\353\\"
 179      48BB2593 
 179      D98AD547 
 179      B95313EB 
 179      5C
 180 0279 6EA41C8A 		.ascii	"n\244\034\212\300\330n\311\214\243R&\270d&vHf\323\367"
 180      C0D86EC9 
ARM GAS  C:\Users\RUVIMK~1\AppData\Local\Temp\ccZv602e.s 			page 14


 180      8CA35226 
 180      B8642676 
 180      4866D3F7 
 181 028d 71C0F047 		.ascii	"q\300\360G\015#\252\032&U5\304^\375\324\366\325\363"
 181      0D23AA1A 
 181      265535C4 
 181      5EFDD4F6 
 181      D5F3
 182 029f FA2A2152 		.ascii	"\372*!R\364\357\366\025\031QW\025\012\034Mx:\232\236"
 182      F4EFF615 
 182      19515715 
 182      0A1C4D78 
 182      3A9A9E
 183 02b2 2EE34F29 		.ascii	".\343O)4\027\230\255\366\303\231Gd\253]V\254\026\213"
 183      341798AD 
 183      F6C39947 
 183      64AB5D56 
 183      AC168B
 184 02c5 B5482EB6 		.ascii	"\265H.\266\332J\354\362\211\334\234\254\234R\214P\254"
 184      DA4AECF2 
 184      89DC9CAC 
 184      9C528C50 
 184      AC
 185 02d6 3653FEC5 		.ascii	"6S\376\305c\226t\205h\013\316\330M\247m\346\377\311"
 185      63967485 
 185      680BCED8 
 185      4DA76DE6 
 185      FFC9
 186 02e8 2E2427F7 		.ascii	".$'\367\3102\225\226\360\0349+'/;O\316\302$9\273H9\177"
 186      C8329596 
 186      F01C392B 
 186      272F3B4F 
 186      CEC22439 
 187 0300 E1AC4956 		.ascii	"\341\254IV,v\263=\377\234\242`\211\204\234\274\\#o\242"
 187      2C76B33D 
 187      FF9CA260 
 187      89849CBC 
 187      5C236FA2 
 188 0314 D8664E33 		.ascii	"\330fN3\246\034\"\202\215h-&\213\325v\211\374\006\261"
 188      A61C2282 
 188      8D682D26 
 188      8BD57689 
 188      FC06B1
 189 0327 6F8935   		.ascii	"o\2115"
 190              		.text
 191              		.section	.gnu.lto_.symbol_nodes.211db8f5,"",%progbits
 192 0000 789C6363 		.ascii	"x\234cc``\250\001b\006\246\205L\365\014\014\023\316"
 192      6060A801 
 192      6206A685 
 192      4CF50C0C 
 192      13CE
 193 0012 3130D433 		.ascii	"10\32430\356l9\330\340\300\300\3008\233\251\236\021"
 193      30EE6C39 
 193      D8E0C0C0 
 193      C0389BA9 
 193      9E11
 194 0024 2CC6C0D0 		.ascii	",\306\300\320\260\000$0\207\251\236\011Y\200i\006S="
ARM GAS  C:\Users\RUVIMK~1\AppData\Local\Temp\ccZv602e.s 			page 15


 194      B0002430 
 194      87A99E09 
 194      59806906 
 194      533D
 195 0036 335417C3 		.ascii	"3T\027\303\256\006G\240\310L\246z\026\024\021\306YL"
 195      AE0647A0 
 195      C84CA67A 
 195      161411C6 
 195      594C
 196 0048 F5AC304D 		.ascii	"\365\2540M c\231\031X\031\226\264\277\221gfa`x\364R"
 196      20639919 
 196      581996B4 
 196      BF916766 
 196      616078F4 
 197 005d 870100BB 		.ascii	"\207\001\000\273\366\036\346"
 197      F61EE6
 198              		.text
 199              		.section	.gnu.lto_.refs.211db8f5,"",%progbits
 200 0000 789C6363 		.ascii	"x\234cc``\340\004b&\006&F~&&\001\006\000\001\213\000"
 200      6060E004 
 200      62260626 
 200      467E2626 
 200      01060001 
 201 0016 38       		.ascii	"8"
 202              		.text
 203              		.section	.gnu.lto_.decls.211db8f5,"",%progbits
 204 0000 789CBD58 		.ascii	"x\234\275X{LTW\032\237s\317\360\030\030\320 \335\265"
 204      7B4C5457 
 204      1A9F73CF 
 204      F01818D0 
 204      20DDB5
 205 0013 0DC9365D 		.ascii	"\015\3116]\022\371\207\227\272\251\331l6E\324\225?\334"
 205      12F98797 
 205      BAA9D96C 
 205      3645D495 
 205      3FDC
 206 0025 3543DB6C 		.ascii	"5C\333l\023\262S:L\225\026\030:3\256\372G\263\227\002"
 206      13B2533A 
 206      4C951618 
 206      3A33AEFA 
 206      47B39702 
 207 0039 4A450B2A 		.ascii	"JE\013**\017\025\004DQP|\200\017\224\247<D@;*\017\013"
 207      2A0F1504 
 207      4451507C 
 207      800F94A7 
 207      3C44403B 
 208 0050 82140111 		.ascii	"\202\024\001\021\021\360\201\012\312~\347\234;s/\027"
 208      11F0810A 
 208      CA7EE79C 
 208      3B732F17 
 209 0060 B0BBCD66 		.ascii	"\260\273\315fo\370\356\235\357\234\357\374\276\347y"
 209      6FF8EE9D 
 209      EF9CEFFC 
 209      BEE779
 210 006f 61AF5028 		.ascii	"a\257P(\276]\250P\274\247T(\342\220B1\005\017\374TT"
 210      BE5DA850 
 210      BCA75428 
ARM GAS  C:\Users\RUVIMK~1\AppData\Local\Temp\ccZv602e.s 			page 16


 210      E2904231 
 210      050FFC54 
 211 0084 2AC4C71E 		.ascii	"*\304\307\036\250\024\250\014\250\002\250\012\350\012"
 211      A814A80C 
 211      A802A80A 
 211      E80A
 212 0092 50A362E6 		.ascii	"P\243b\346\263\0210\346\301\367s 7 w\240A\240Q\240E"
 212      B31130E6 
 212      C1F77320 
 212      372077A0 
 212      41A051A0 
 213 00a7 40754013 		.ascii	"@u@\023@\375@\026 -\320k\2407@\327\200\246\2008\240"
 213      40FD4016 
 213      202DD06B 
 213      A03740D7 
 213      80A68038 
 214 00bc 3EA07B12 		.ascii	">\240{\022\335J\300U!\246\323j\207\374\211'2o\321=!"
 214      DD4AC055 
 214      21A6D36A 
 214      87FC8927 
 214      326FD13D 
 215 00d1 E87245A2 		.ascii	"\350rE\242_U\022\354\371@n@\357\240\231\330\337C\233"
 215      5F5512EC 
 215      F9406E40 
 215      EFA099D8 
 215      DF439B
 216 00e4 5AC05E24 		.ascii	"Z\300^$\301\037\225`F\002}\015\344\017\024\005t\021"
 216      C11F9560 
 216      46027D0D 
 216      E40F1405 
 216      7411
 217 00f6 DA09D467 		.ascii	"\332\011\324g\360r\020b\026\015\277\215\202\016\342"
 217      F0721062 
 217      160DBF8D 
 217      820EE2
 218 0105 9755A7FC 		.ascii	"\227U\247\374I\301\350b\345\345r\347.\324\211 \036h"
 218      49C1E862 
 218      E5E572E7 
 218      2ED48920 
 218      1E68
 219 0117 3E6D4588 		.ascii	">mE\210\275\341K\210\362S\326\007\261vh\345\330G\020"
 219      BDE14B88 
 219      F253D607 
 219      B17668E5 
 219      D84710
 220 012a 258C7508 		.ascii	"%\214u\010\262\265p\002\006g\305\245\177\002\000\222"
 220      B2B57002 
 220      0667C5A5 
 220      7F020092 
 221 013a A2B27EA6 		.ascii	"\242\262~\246\316\3720\317\330\017\3118\326\304\211"
 221      CEFA30CF 
 221      D80FC938 
 221      D6C489
 222 0149 CA244366 		.ascii	"\312$Cf\330\252\260u\333\214\022\235DB\020n\017m?\241"
 222      D8AAB075 
 222      DB8C129D 
 222      4442106E 
ARM GAS  C:\Users\RUVIMK~1\AppData\Local\Temp\ccZv602e.s 			page 17


 222      0F6D3FA1 
 223 015d EE4677A1 		.ascii	"\356Fw\241\3673\205\"\331\021b\014\255\223;\312J\324"
 223      F7338522 
 223      D911620C 
 223      AD933BCA 
 223      4AD4
 224 016f 98A3BF3B 		.ascii	"\230\243\277;\233\216\245\253\261\007\375\335z\326r"
 224      9B8EA5AB 
 224      B107FDDD 
 224      7AD672
 225 017e C8CEA780 		.ascii	"\310\316\247\200g\217c>V\240\022\204\255\001\255\231"
 225      678F633E 
 225      56A01284 
 225      AD01AD99 
 226 018e 1AAF9897 		.ascii	"\032\257\230\227\210\221\233\023\342\200\265\2144\036"
 226      88919B13 
 226      E280B58C 
 226      341E
 227 019c 7006D6DD 		.ascii	"p\006\326\335\011\315\007\266`\373T\212\335\302\275"
 227      09CD07B6 
 227      60FB548A 
 227      DDC2BD
 228 01ab 6460722C 		.ascii	"d`r,?\237C\237\377\006]@\036\350<\362\000s.\"\230$("
 228      3F9F439F 
 228      FF065D40 
 228      1EE83CF2 
 228      00732E22 
 229 01c2 4AC9909E 		.ascii	"J\311\220\236\024mm\343>\310\342+\272\371\212\326\014"
 229      146D6DE3 
 229      3EC8E22B 
 229      BAF98AD6 
 229      0C
 230 01d3 AFCCC62D 		.ascii	"\257\314\306-\0117`\334\347T\016\025#\214\316!\037\342"
 230      093760DC 
 230      E7540E15 
 230      238CCE21 
 230      1FE2
 231 01e5 4531D18E 		.ascii	"E1\321\216\316\242n\204\316\240.p\242\024}\000\343\037"
 231      CEA26E84 
 231      CEA02E70 
 231      A2147D00 
 231      E31F
 232 01f7 359D3E3D 		.ascii	"5\235>=\017'#j\364\333\025_\236\246\370v\302\271\022"
 232      0F27236A 
 232      F4DB155F 
 232      9EA6F876 
 232      C2B912
 233 020a 4750DCCD 		.ascii	"GP\334\315\363\025\343\005K_\027\015\360\011NT\010]"
 233      F315E305 
 233      4B5F170D 
 233      F0094E54 
 233      085D
 234 021c 12B55E12 		.ascii	"\022\265^\022|FeT\333\275\356\303c\316\270\203i\353"
 234      7C466554 
 234      DBBDEEC3 
 234      63CEB883 
 234      69EB
ARM GAS  C:\Users\RUVIMK~1\AppData\Local\Temp\ccZv602e.s 			page 18


 235 022e 8CDF3539 		.ascii	"\214\33759O@\030\3736\235\257\342\350\350rqt\271ut\005"
 235      4F4018FB 
 235      369DAFE2 
 235      E8E87271 
 235      74B97574 
 236 0243 1D7DB4E6 		.ascii	"\035}\264\346\351a\214G\330\350\255\305\343#\2560:\213"
 236      E9618C47 
 236      D8E8ADC5 
 236      E323AE30 
 236      3A8B
 237 0255 3ABEACFF 		.ascii	":\276\254\377,\317\307\203\335J\212Q)bT\312\375\256"
 237      2CCFC783 
 237      DD4A8A51 
 237      296254CA 
 237      FDAE
 238 0267 A2585D23 		.ascii	"\242X]#O\352\234\361$\303\272v\372\334M,`Y~\227\316"
 238      4FEA9CF1 
 238      24C3BA76 
 238      FADC4D2C 
 238      60597E97 
 239 027c 577CC7F3 		.ascii	"W|\307\3631\314\232j\021\251Z\216t\205\"e\245>\177`"
 239      31CC9A6A 
 239      11A95A8E 
 239      74852265 
 239      A53E7F60 
 240 0290 8F935809 		.ascii	"\217\223X\0114\325\334Lu\300\371\224Qf\\)\031vF*\017"
 240      34D5DC4C 
 240      75C0F994 
 240      51665C29 
 240      1976462A 
 241 02a5 0421445E 		.ascii	"\004!D^[y\036`c\223a\236\241%\036\310\317C\201\032\220"
 241      5B791E60 
 241      6393619E 
 241      A1251EC8 
 241      CF43811A 
 242 02ba 17AA43B0 		.ascii	"\027\252C\260P\240z\020\271\012QN\347\035iK:\237\300"
 242      50A07A10 
 242      B90A514E 
 242      E71D694B 
 242      3A9FC0
 243 02cd F3F3E9CF 		.ascii	"\363\363\351\317<k\015)\010\213j\205\230\260,L\325\216"
 243      3C6B0D29 
 243      088B6A85 
 243      98B02C4C 
 243      D58E
 244 02df 14384A33 		.ascii	"\0248J3FD\304\224]\233\226\262G\375\007\016\253\204"
 244      4644C494 
 244      5D9B96B2 
 244      47FD070E 
 244      AB84
 245 02f1 804F35FD 		.ascii	"\200O5\375\351\225\2202\020B5\242\2335\326\2407R\367"
 245      E9959032 
 245      104235A2 
 245      9B35D6A0 
 245      3752F7
 246 0304 7E8C2BDA 		.ascii	"~\214+\332\217Y\251*\201\035mJ\377\331\225\225\352\373"
 246      8F59A92A 
ARM GAS  C:\Users\RUVIMK~1\AppData\Local\Temp\ccZv602e.s 			page 19


 246      811D6D4A 
 246      FFD99595 
 246      EAFB
 247 0316 C00EC7DD 		.ascii	"\300\016\307\335\357vf\275\013\201\215)\316IR\3436\026"
 247      EF7666BD 
 247      0B818D29 
 247      CE4952E3 
 247      3616
 248 0328 8BCC8ED1 		.ascii	"\213\314\216\321B\007\334I\031\256ej`\300\011\251\275"
 248      4207DC49 
 248      19AE656A 
 248      60C009A9 
 248      BD
 249 0339 B6912864 		.ascii	"\266\221(d\305\362\252\325\244\270\232\301\322&\260"
 249      C5F2AAD5 
 249      A4B89AC1 
 249      D226B0
 250 0348 14DD8448 		.ascii	"\024\335\204Hh\325\202\011\324\343\212\361\216\245\373"
 250      68D58209 
 250      D4E38AF1 
 250      8EA5FB
 251 0357 CB78FE7D 		.ascii	"\313x\376}dAj\364\243h\237V\315\274\331\273\357X\233"
 251      64416AF4 
 251      A3689F56 
 251      CDBCD9BB 
 251      EF589B
 252 036a 0AA762AA 		.ascii	"\012\247b\252\313:\203\334\330\014z\270\377\316\035"
 252      CB3A83DC 
 252      D80C7AB8 
 252      FFCE1D
 253 0379 35CE607D 		.ascii	"5\316`}g\352F\353T8\2331\351\245O\033\354\230\240#\260"
 253      67EA46EB 
 253      54389B31 
 253      E9A54F1B 
 253      EC98A023 
 254 038e ED378A12 		.ascii	"\3557\212\022]q\036\353\333\222S\375\322\005\3473\346"
 254      5D711EEB 
 254      DB9253FD 
 254      D205E733 
 254      E6
 255 039f E860D724 		.ascii	"\350`\327$\306\005\214\231\270P\303;\342\223\2149R\327"
 255      C6058C99 
 255      B850C33B 
 255      E2938C39 
 255      52D7
 256 03b1 5E370F9F 		.ascii	"^7\017\237f\2145\036n,\036'\006\312\367;\261\360\360"
 256      668C351E 
 256      6E2C1E27 
 256      06CAF73B 
 256      B1F0F0
 257 03c4 30B39DF6 		.ascii	"0\263\235\3664\237\337\204<\311\343\345\271\300\323"
 257      349FDF84 
 257      3CC9E3E5 
 257      B9C0D3
 258 03d3 339B784F 		.ascii	"3\233xO\246\313u\313\000\317\357RS\337\356\200o\375"
 258      A6CB75CB 
 258      00CFEF52 
ARM GAS  C:\Users\RUVIMK~1\AppData\Local\Temp\ccZv602e.s 			page 20


 258      53DFEE80 
 258      6FFD
 259 03e5 6881188C 		.ascii	"h\201\030\2146\232;\177x)\330\200\206\277CM\306a*}K"
 259      369A3B7F 
 259      7829D880 
 259      86BF434D 
 259      C6612A7D 
 260 03fa 2E7D5D2E 		.ascii	".}].=\3667Q\272}v\354f$\212\367H\304\177\222\213\373"
 260      3DF63751 
 260      BA7D76EC 
 260      66248AF7 
 260      48C47F92 
 261 0410 CAA5EF48 		.ascii	"\312\245\357H\244;f\225\246\226\260\024\266\\\237\037"
 261      A43B6695 
 261      A696B014 
 261      B65C9F1F 
 262 0420 C3F38808 		.ascii	"\303\363\210\010)\204\364)lH-mn\331\261|\275\037\205"
 262      2984F429 
 262      6C482D6D 
 262      6ED9B17C 
 262      BD1F85
 263 0433 BA31BB57 		.ascii	"\2721\273WL\363NZ\336@H\251\200\211\347\001k0Ht\012"
 263      4CF34E5A 
 263      DE4048A9 
 263      8089E701 
 263      6B304874 
 264 0448 430017DD 		.ascii	"C\000\027\335\207\362\351E\236\350g\240n\240\036\240"
 264      87F2E945 
 264      9EE867A0 
 264      6EA01EA0 
 265 0458 07400340 		.ascii	"\007@\003@\367\200\372\220\247Ds\225$\234-r\305\267"
 265      F780FA90 
 265      A7447395 
 265      249C2D72 
 265      C5B7
 266 046a 6704E895 		.ascii	"g\004\350\225\304\345\326\331\305\251\317\220\3767i"
 266      C4E5D6D9 
 266      C5A9CF90 
 266      FE3769
 267 0479 FC6B67B5 		.ascii	"\374kg\265\244\306\245\262\0124\210\324tf\301\227\254"
 267      A4C6A5B2 
 267      0A3488D4 
 267      7466C197 
 267      AC
 268 048a 7FF5F9C7 		.ascii	"\177\365\371\307\311\314Z\344\204\310F4\017\232N\016"
 268      C9CC5AE4 
 268      84C84634 
 268      0F9A4E0E 
 269 049a 5D78E9C2 		.ascii	"]x\351\302\232hU'\215\345:\3402Zi\\W\373D\207+r\362"
 269      9A685527 
 269      8DE53AE0 
 269      325A695C 
 269      57FB4487 
 270 04b1 4AB0A12B 		.ascii	"J\260\241+D3\036C\000`\020\2111\032\202\306\207\320"
 270      44331E43 
 270      00601089 
 270      311A82C6 
ARM GAS  C:\Users\RUVIMK~1\AppData\Local\Temp\ccZv602e.s 			page 21


 270      87D0
 271 04c3 C87270FD 		.ascii	"\310rp\375\345\237\323\306\3104\032FN\350\2218\215\026"
 271      E59FD3C6 
 271      C8341A46 
 271      4EE89138 
 271      8D16
 272 04d5 393193F3 		.ascii	"91\223\363swf\333\3433J\252\2434\343~\0157\227\216\261"
 272      737766DB 
 272      E3334AAA 
 272      A334E37E 
 272      0D37978E 
 273 04ea 3975F427 		.ascii	"9u\364'\375~\240\215\350\030\005\035#\242\016PI>\320"
 273      FD7EA08D 
 273      E818051D 
 273      23A20E50 
 273      493ED0
 274 04fd 0A8A52B7 		.ascii	"\012\212R\267t\234V:%\220\001,60e\304\320<!\242P@t\341"
 274      749C563A 
 274      2590012C 
 274      363065C4 
 274      D03C21A2 
 275 0515 02E9AAB1 		.ascii	"\002\351\252\261\242#j6\257\260d\235qg\353\314\355\027"
 275      A2236A36 
 275      AFB0649D 
 275      7167EBCC 
 275      ED17
 276 0527 975FC1FC 		.ascii	"\227_\301\374\266\243\313lA\354\261\021%\362b\313\254"
 276      B6A3CB6C 
 276      41ECB111 
 276      25F262CB 
 276      AC
 277 0538 9364B97C 		.ascii	"\223d\271|\005\326<\027\227K\272\246\216\374\2134\323"
 277      05D63C17 
 277      974BBAA6 
 277      8EFC8B34 
 277      D3
 278 0549 75967CA9 		.ascii	"u\226|\251\243|\016\217\027\332\026\345qp\363\025\265"
 278      A37C0E8F 
 278      17DA16E5 
 278      7170F315 
 278      B5
 279 055a E62500BE 		.ascii	"\346%\000\276`\346\244\367\037/Bn\311B!~\204(\3663\350"
 279      60E6A4F7 
 279      1F2F426E 
 279      C942217E 
 279      8428F633 
 280 056f 7F4AAD9F 		.ascii	"\177J\255\237@nV\037(\003#v\216\214\355\266\237\323"
 280      406E561F 
 280      28032376 
 280      8E8CEDB6 
 280      9FD3
 281 0581 DD49ABBB 		.ascii	"\335I\253\273~\024\376\273\322\341\011\245\034^\\\306"
 281      7E14FEBB 
 281      D2E109A5 
 281      1C5E5CC6 
 282 0591 5F53F849 		.ascii	"_S\370I\006\377\232\302\337lz\220\211\245\225FVq\021"
 282      06FF9AC2 
ARM GAS  C:\Users\RUVIMK~1\AppData\Local\Temp\ccZv602e.s 			page 22


 282      DF6C7A90 
 282      89A59546 
 282      567111
 283 05a4 FF8D5069 		.ascii	"\377\215Pioh\245eNN\244\271J\205/O\023\236\022\204\247"
 283      6F68A565 
 283      4E4EA4B9 
 283      4A852F4F 
 283      139E1284 
 284 05b9 A8704B87 		.ascii	"\250pK\207%U\205\263hl\321\261\302\203E\256\370\030"
 284      255585B3 
 284      686CD1B1 
 284      C28345AE 
 284      F818
 285 05cb 6312ABAA 		.ascii	"c\022\253\252\367\333+9\005\212\3410+\236\276\244\201"
 285      F7DB2B39 
 285      058AE130 
 285      2B9EBEA4 
 285      81
 286 05dc 4AA574FB 		.ascii	"J\245t\373\031\235fw,'\335~\022\217\365\267:\010G\225"
 286      199D6677 
 286      2C27DD7E 
 286      128FF5B7 
 286      3A084795 
 287 05f0 BA9378E8 		.ascii	"\272\223x\350\310\301\035|V\014\377Q=G\004a\275\024"
 287      C8C11D7C 
 287      560CFF51 
 287      3D470461 
 287      BD14
 288 0602 EA067DC7 		.ascii	"\352\006}\307)\0117}\263\215\343\310n4\224\327:\037"
 288      2909377D 
 288      B38DE3C8 
 288      6E3494D7 
 288      3A1F
 289 0614 4FCC654E 		.ascii	"O\314eN\335\321\342J\244\344X\311\021\275\320\266\357"
 289      DDD1E24A 
 289      A4E458C9 
 289      11BDD0B6 
 289      EF
 290 0625 66F64597 		.ascii	"f\366E\2279\3174\011\324\302\255\234`\342\361\262\313"
 290      39CF3409 
 290      D4C2AD9C 
 290      60E2F1B2 
 290      CB
 291 0636 DB948289 		.ascii	"\333\224\202\211-\015\357\345\305\362GaX.\"r(\336f\340"
 291      2D0DEFE5 
 291      C5F24761 
 291      582E2272 
 291      28DE66E0 
 292 064a 1630305E 		.ascii	"\02600^n\340\367\324\300\336\211\302\213\302~`\017l"
 292      6EE0F7D4 
 292      C0DE89C2 
 292      8BC27E60 
 292      0F6C
 293 065c 7963DC25 		.ascii	"yc\334%\3479\253 \221\023\252`\033G\313\340\351\266"
 293      E739AB20 
 293      9113AA60 
 293      1B47CBE0 
ARM GAS  C:\Users\RUVIMK~1\AppData\Local\Temp\ccZv602e.s 			page 23


 293      E9B6
 294 066e F87161AF 		.ascii	"\370qa\257u [P\337\376\037\324\254\350\227\021\343z"
 294      75205B50 
 294      DFFE1FD4 
 294      ACE89711 
 294      E37A
 295 0680 52AECDA8 		.ascii	"R\256\315\250\301\035\234\007\332\316\021\260\03787"
 295      C11D9C07 
 295      DACE11B0 
 295      1F3837
 296 068f 2B246560 		.ascii	"+$e`\304\325\336\302*W\034oO\303u\242g\317\230\235\340"
 296      C4D5DEC2 
 296      2A571C6F 
 296      4FC375A2 
 296      67CF989D 
 297 06a4 DB7881DF 		.ascii	"\333x\201\337\321\330D\026~V\015I\234m\326&\311=K\246"
 297      D1D84416 
 297      7E560D49 
 297      9C6DD626 
 297      C93D4BA6 
 298 06b8 9E7567F6 		.ascii	"\236ug\366\357v\301\351\014,\355\352\340)'\001\314r"
 298      EF76C1E9 
 298      0C2CEDEA 
 298      E0292701 
 298      CC72
 299 06ca 00B323D3 		.ascii	"\000\263#\323!vd\332)B\355\224C\355\242P\255}Ua8\317"
 299      217664DA 
 299      2942ED94 
 299      43EDA250 
 299      AD7D5561 
 300 06e0 7E8E2C66 		.ascii	"~\216,f\214\226\247\251\304:i;\231a\253\023\222\206"
 300      8C96A7A9 
 300      C43A693B 
 300      9961AB13 
 300      9286
 301 06f2 DDB634A4 		.ascii	"\335\2664\244@\032v\3135\354\241\032\012\232\352:\204"
 301      401A76CB 
 301      35ECA11A 
 301      0A9AEA3A 
 301      84
 302 0703 48262072 		.ascii	"H& rNz\320\236\243b\374\010\335\266'\017\234\023xw`"
 302      4E7AD09E 
 302      A362FC08 
 302      DDB6270F 
 302      9C137877 
 303 0718 5F772527 		.ascii	"_w%';\260Hg\021\361{\235\375\333\\\361Yf\341Pjb\354"
 303      3BB04867 
 303      11F17B9D 
 303      FDDB5CF1 
 303      5966E150 
 304 072f BC397398 		.ascii	"\2749s\230a\315a\023[)nu\336\337\253\026\263\244\244"
 304      61CD6113 
 304      5B296E75 
 304      DEDFAB16 
 304      B3A4A4
 305 0742 A5980659 		.ascii	"\245\230\006YJ\245Y\332O\263D\007\261\211\337\276S\270"
 305      4AA559DA 
ARM GAS  C:\Users\RUVIMK~1\AppData\Local\Temp\ccZv602e.s 			page 24


 305      4FB34407 
 305      B189DFBE 
 305      53B8
 306 0754 087413BE 		.ascii	"\010t\023\276\330\322\372\\\205\313\230\342\366\275"
 306      D8D2FA5C 
 306      85CB98E2 
 306      F6BD
 307 0762 DB86EC88 		.ascii	"\333\206\354\210\342XP\234\360\213k1\214\310\355;\365"
 307      E258509C 
 307      F08B6B31 
 307      8CC8ED3B 
 307      F5
 308 0773 5825559E 		.ascii	"X%U\236\311\275E\371\315\276Cq\302\032{\203\360%}Wk"
 308      C9BD45F9 
 308      CDBE4371 
 308      C21A7B83 
 308      F0257D57 
 309 0788 AD871712 		.ascii	"\255\207\027\022\205\322Z\313U\204\253\2311\335\311"
 309      85D25ACB 
 309      5584AB99 
 309      31DDC9
 310 0797 D5537347 		.ascii	"\325SsG!\327\032\205\247\314\220g\311E\253\344A\310"
 310      21D71A85 
 310      A7CC9067 
 310      C945ABE4 
 310      41C8
 311 07a9 063BD876 		.ascii	"\006;\330vy\230\332\221k\265#\355\300\340\011Nn\365"
 311      7998DA91 
 311      6BB523ED 
 311      C0E0094E 
 311      6EF5
 312 07bb 9CD28935 		.ascii	"\234\322\2115\305\265Bj\353\351\032\364\346L\203\003"
 312      C5B5426A 
 312      EBE91AF4 
 312      E64C8303 
 313 07cb AE6756EE 		.ascii	"\256gV\356\336"
 313      DE
 314 07d0 F5A2C111 		.ascii	"\365\242\301\02172\346\334\360\361s.L\262B\312\273\013"
 314      3732E6DC 
 314      F0F1732E 
 314      4CB242CA 
 314      BB0B
 315 07e2 FC93E323 		.ascii	"\374\223\343#\207\355\361\015A\2708\347\261\243\334"
 315      87EDF10D 
 315      41B838E7 
 315      B1A3DC
 316 07f1 E4E36004 		.ascii	"\344\343`\004;1\025r\342\022LB\023\223{\033\313M\236"
 316      3B311572 
 316      E2124C42 
 316      13937B1B 
 316      CB4D9E
 317 0804 53DA3A91 		.ascii	"S\332:\221\335\330DN}yh\320\005\337bzS-\247VZs\374\313"
 317      DDD8444E 
 317      7D7968D0 
 317      05DF627A 
 317      532DA756 
 318 081c FB2D39C5 		.ascii	"\373-9\305\017O\236t\305\355lt\351\271K\265\302q\326"
ARM GAS  C:\Users\RUVIMK~1\AppData\Local\Temp\ccZv602e.s 			page 25


 318      0F4F9E74 
 318      C5ED6C74 
 318      E9B94BB5 
 318      C271D6
 319 082f 8F2C1105 		.ascii	"\217,\021\005\225\315\316\370.\353\233L\316<\243\302"
 319      95CDCEF8 
 319      2EEB9B4C 
 319      CE3CA3C2 
 320 083f BD8CC978 		.ascii	"\275\214\311x\322\371@(x/\262\275\346\034\334\245\302"
 320      D2F94028 
 320      782FB2BD 
 320      E61CDCA5 
 320      C2
 321 0850 0F58DF54 		.ascii	"\017X\337TrB\232\003\036fLJsJ\2163~\302\230\211\201"
 321      72429A03 
 321      1E664C4A 
 321      734A8E33 
 321      7EC29889 
 322 0865 9476C446 		.ascii	"\224v\304F\251%\325\352.T\353\211\347?\354s\306/\231"
 322      A925D5EA 
 322      2E54EB89 
 322      E73FEC73 
 322      C62F99
 323 0878 6C6B7BDC 		.ascii	"lk{\334\005A\326\031\330\330\202\262\022\2739\353\245"
 323      0541D619 
 323      D8D882B2 
 323      12BB39EB 
 323      A5
 324 0889 CC5A2F97 		.ascii	"\314Z/\227\331\312w2\2767\337\021\006{\300Y\010I\016"
 324      D9CA7732 
 324      BE37DF11 
 324      067BC059 
 324      08490E
 325 089c 421EEC20 		.ascii	"B\036\354 t\266\342I\241\022\277\246\212\270S\205\275"
 325      74B6E249 
 325      A112BFA6 
 325      8AB85385 
 325      BD
 326 08ad 5F212F27 		.ascii	"_!/'\353\361\306'\036nV\034\252\206\004T\212+\217\007"
 326      EBF1C627 
 326      1E6E561C 
 326      AA860454 
 326      8A2B8F07 
 327 08c1 09FD2CBB 		.ascii	"\011\375,\273{\025\347E@iP+ _\345L\177~\346\321+.x\253"
 327      7B15E745 
 327      4069502B 
 327      205FE54C 
 327      7F7EE6D1 
 328 08d9 035570B7 		.ascii	"\003Up\267\360q3\266i\200\303\315\371\026r\270\251\005"
 328      F07133B6 
 328      6980C3CD 
 328      F91672B8 
 328      A905
 329 08eb 0D57440D 		.ascii	"\015WD\015\325\334\034*jfW\261\343Dn\271\275t\371&x"
 329      D5DC1C2A 
 329      6A6657B1 
 329      E3446EB9 
ARM GAS  C:\Users\RUVIMK~1\AppData\Local\Temp\ccZv602e.s 			page 26


 329      BD74F926 
 330 0900 A5D07F91 		.ascii	"\245\320\177\221\316\315:Z2e\266\205\341\312\367\017"
 330      CECD3A5A 
 330      3265B685 
 330      E1CAF70F 
 331 0910 11AB8BFF 		.ascii	"\021\253\213\377\010\275\271/\361\272\263\024\275\376"
 331      08BDB92F 
 331      F1BAB314 
 331      BDFE
 332 091e 6DE8972D 		.ascii	"m\350\227-\035\037\341$\352-z\326\334q\017\341\335\214"
 332      1D1FE124 
 332      EA2D7AD6 
 332      DC710FE1 
 332      DD8C
 333 0930 89BB76F5 		.ascii	"\211\273v\365\210\003\336\307\230\241\374\246z{|\200"
 333      8803DEC7 
 333      98A1FCA6 
 333      7A7B7C80 
 334 0940 31BD7DAF 		.ascii	"1\275}\257\316c\234\315\230\274\241\354\035*|D\030\323"
 334      CE639CCD 
 334      98BCA1EC 
 334      1D2A7C44 
 334      18D3
 335 0952 3BDC2CDC 		.ascii	";\334,\334\275\266\223\334M\214\224\334\262V\011\271"
 335      BDB693DC 
 335      4D8C94DC 
 335      B25609B9 
 336 0962 630D3EBB 		.ascii	"c\015>\273?\345\210\013\251\360oOY\032\263T\344F\264"
 336      3FE5880B 
 336      A9F06F4F 
 336      591AB354 
 336      E446B4
 337 0975 C0537CBC 		.ascii	"\300S|\274\204o6\237\022\303Wt\015\343\214\353\015P"
 337      846F369F 
 337      12C35774 
 337      0DE38CEB 
 337      0D50
 338 0987 365508E5 		.ascii	"6U\010\345qn(\007b\336\302-\260\255\010\350\020'\271"
 338      716E2807 
 338      62DEC22D 
 338      B0AD08E8 
 338      1027B9
 339 099a F1C4C188 		.ascii	"\361\304\301\210\252M\360\212\201\375\016\244/\011\322"
 339      AA4DF08A 
 339      81FD0EA4 
 339      2F09D2
 340 09a9 56DFA7DF 		.ascii	"V\337\247\337\217Rba\277\332\314\316\363d\312\036\025"
 340      8F526261 
 340      BFDACCCE 
 340      F364CA1E 
 340      15
 341 09ba A46D93EE 		.ascii	"\244m\223\356\0107\307\275\343G\300\273A;\211<\271t"
 341      0837C7BD 
 341      E347C0BB 
 341      413B893C 
 341      B974
 342 09cc F44026EE 		.ascii	"\364@&\356s\236\250\035\350g\240\001\240\237\200:\200"
ARM GAS  C:\Users\RUVIMK~1\AppData\Local\Temp\ccZv602e.s 			page 27


 342      739EA81D 
 342      E867A001 
 342      A09F803A 
 342      80
 343 09dd 6E01F502 		.ascii	"n\001\365\002\365\001u\001\335\003\352\006j\005\352"
 343      F5017501 
 343      DD03EA06 
 343      6A05EA
 344 09ec 077A0074 		.ascii	"\007z\000t\007\3506\320M\2406\240\273@\235\234\365\242"
 344      07E836D0 
 344      4DA036A0 
 344      BB409D9C 
 344      F5A2
 345 09fe 1207968E 		.ascii	"\022\007\226\216mb\226\236\002KO\313-=)\215\002\211"
 345      6D62969E 
 345      024B4FCB 
 345      2D3D298D 
 345      0289
 346 0a10 5BCFE618 		.ascii	"[\317\346\030*\235\005Q8(H[\327~t`Z\314\000\373\216"
 346      2A9D0551 
 346      3828485B 
 346      D77E7460 
 346      5ACC00FB 
 347 0a25 41C46E96 		.ascii	"A\304n\226cO\273\366\221\2305Hb\226?{\314$\330c\022"
 347      634FBBF6 
 347      91983548 
 347      62963F7B 
 347      CC24D863 
 348 0a3a EC6B72E9 		.ascii	"\354kr\351\333H&\375J\"\3350\273\264\325\024\012\276"
 348      DB4826FD 
 348      4A22DD30 
 348      BBB4D514 
 348      0ABE
 349 0a4c 5914B7C8 		.ascii	"Y\024\267\310\305\367JM!\263wP\010\012l}(]\036\224}"
 349      C5F74A4D 
 349      21B37750 
 349      080A6C7D 
 349      285D1E94 
 350 0a61 9C1CFC8E 		.ascii	"\234\034\374\216$\342\347\344\340%3\304\007%\342g\345"
 350      24E2E7E4 
 350      E02533C4 
 350      0725E267 
 350      E5
 351 0a72 E2676688 		.ascii	"\342gf\210\367H\304\213g\027\227\334\236k\037\273\321"
 351      F748C48B 
 351      671797DC 
 351      9E6B1FBB 
 351      D1
 352 0a83 DB33484D 		.ascii	"\3333HM\277=\023\250\276\307\356\354\366L\260\232\344"
 352      BF3D13A8 
 352      BEC7EEEC 
 352      F64CB09A 
 352      E4
 353 0a94 586DF218 		.ascii	"Xm\362\0307H4_\220K\337E\362t[\014b\272\257\317Z\034"
 353      3748345F 
 353      904BDF45 
 353      F2745B0C 
ARM GAS  C:\Users\RUVIMK~1\AppData\Local\Temp\ccZv602e.s 			page 28


 353      62BAAFCF 
 354 0aaa 126C8B04 		.ascii	"\022l\213\004\373\374\3541\223f[\"]4{MO\213\260\244"
 354      FBFCEC31 
 354      93665B22 
 354      5D347B4D 
 354      4F8BB0A4 
 355 0abe 381A6777 		.ascii	"8\032gw\323f8Y\011\204t\303y\002\025\010\342\326m\031"
 355      D3663859 
 355      098474C3 
 355      79021508 
 355      E2D66D19 
 356 0ad2 1D136D21 		.ascii	"\035\023m!+f\327\236f%~\306\226\374\316\007g\023\235"
 356      2B66D79E 
 356      66257EC6 
 356      96FCCE07 
 356      67139D
 357 0ae5 D102AF59 		.ascii	"\321\002\257Y\247<\032\202\231\376\377\230\365,\357"
 357      A73C1A82 
 357      99FEFF98 
 357      F52CEF
 358 0af4 6F5EDAC3 		.ascii	"o^\332\303\365\025=\004\205\203\342vC\252\200\332\235"
 358      F5153D04 
 358      8583E276 
 358      43AA80DA 
 358      9D
 359 0b05 D3D753AD 		.ascii	"\323\327S\255\224^\346\036r\322\3771<\342\330e\016\276"
 359      945EE61E 
 359      72D2FF31 
 359      3CE2D865 
 359      0EBE
 360 0b17 B3DDFC2E 		.ascii	"\263\335\374.N\273\371\015\013\302\303T\270\372yK\241"
 360      4EBBF90D 
 360      0BC2C354 
 360      B8FA794B 
 360      A1
 361 0b28 037EC356 		.ascii	"\003~\303V\365\366\246R\361\266\340\2319\375\266\360"
 361      F5F6A652 
 361      F1B6E099 
 361      39FDB6F0 
 362 0b38 58B4EBB1 		.ascii	"X\264\353\261\374\000>B\017\340y\343/\022]\361NG\366"
 362      FC003E42 
 362      0FE079E3 
 362      2F125DF1 
 362      4E47F6
 363 0b4b 4FB2F1D3 		.ascii	"O\262\361\323\326\003\275%}\372eaTD\032\225#\215q\037"
 363      D603BD25 
 363      7DFA6561 
 363      54441A95 
 363      238D711F 
 364 0b5f 28DED546 		.ascii	"(\336\325F\033\214fm\270\361\033\255>:<\302\260n\203"
 364      1B8C666D 
 364      B8F11BAD 
 364      3E3A3CC2 
 364      B06E83
 365 0b72 DE273AD4 		.ascii	"\336':\324h\366\361[\352\343\343\013\177\272\365\341"
 365      68F6F15B 
 365      EAE3E30B 
ARM GAS  C:\Users\RUVIMK~1\AppData\Local\Temp\ccZv602e.s 			page 29


 365      7FBAF5E1 
 366 0b82 5F841B4C 		.ascii	"_\204\033L\376\313\026\373\032L\276:Cd\244!\312\227"
 366      FECB16FB 
 366      1A4CBE3A 
 366      4364A421 
 366      CA97
 367 0b94 8C31F906 		.ascii	"\2141\371\006h\326\004\256\331\004\022:\203Q\257\375"
 367      68D604AE 
 367      D904123A 
 367      8351AFFD 
 368 0ba4 E787913E 		.ascii	"\347\207\221>:\307\277\374\365\223\367\003\375\375\025"
 368      3AC7BFFC 
 368      F593F703 
 368      FDFD15
 369 0bb3 7FF835A3 		.ascii	"\177\3705\243\025\3570kL\033\303\315\272\365\332/\215"
 369      15EF306B 
 369      4C1BC3CD 
 369      BAF5DA2F 
 369      8D
 370 0bc4 86486DB8 		.ascii	"\206Hm\270\311\370k\260\326+\0260,\375\246p\263\015"
 370      C9F86BB0 
 370      D62B1630 
 370      2CFDA670 
 370      B30D
 371 0bd6 C939F8D3 		.ascii	"\3119\370\323@\355\352\320\250\260\010\275\321m\246"
 371      40EDEAD0 
 371      A8B008BD 
 371      D16DA6
 372 0be5 E7EFEAD6 		.ascii	"\347\357\352\326\007\353\326\007\231\326\032\365\372"
 372      07EBD607 
 372      99D61AF5 
 372      FA
 373 0bf2 C86873B8 		.ascii	"\310hs\270!J\243\377fC\270Q\037f\247]n0Dx\315f\210\321"
 373      214AA3FF 
 373      6643B851 
 373      1F66A75D 
 373      6E304478 
 374 0c0a EC1B1EA5 		.ascii	"\354\033\036\245\213\330\020\246\207\016\223n}\030\350"
 374      8BD810A6 
 374      870E936E 
 374      7D18E8
 375 0c19 566E8A36 		.ascii	"Vn\2126\031\035\215\372u\241\306H\255\331\377\277\263"
 375      191D8DFA 
 375      75A1C648 
 375      ADD9FFBF 
 375      B3
 376 0c2a 1FC673D1 		.ascii	"\037\306s\321:\373\010\243\326\274>\014\033\375\027"
 376      3AFB08A3 
 376      D6BC3E0C 
 376      1BFD17
 377 0c39 73C6259C 		.ascii	"s\306%\234\021\336\376\234\321\317Yp\312\2543or\322"
 377      11DEFE9C 
 377      D1CF5970 
 377      CAAC336F 
 377      72D2
 378 0c4b 6A378447 		.ascii	"j7\204G\231\227,\326\232\303u\177\0141\203\205\246\020"
 378      99972CD6 
ARM GAS  C:\Users\RUVIMK~1\AppData\Local\Temp\ccZv602e.s 			page 30


 378      9AC3757F 
 378      0C318385 
 378      A610
 379 0c5d 7DE417FA 		.ascii	"}\344\027\372\2600}X\310:\235\316\033\324{G\031\242"
 379      B0307D58 
 379      C83A9DCE 
 379      1BD47B47 
 379      19A2
 380 0c6f F4DEFAD0 		.ascii	"\364\336\372\320/\302\275?\364^\354\347\377\241\367"
 380      2FC2BD3F 
 380      F45EECE7 
 380      FFA1F7
 381 0c7e 374BBD23 		.ascii	"7K\275#C\2772\030\2757\206G-Y\0342M&Dp%$2\024\314\215"
 381      43BF3218 
 381      BD378647 
 381      2D591C32 
 381      4D264470 
 382 0c98 D28768C3 		.ascii	"\322\207h\303\364_\206n\2100k\315\233\243\365&0\315"
 382      F45F866E 
 382      88306BCD 
 382      9BA3F526 
 382      30CD
 383 0caa D1AAF21F 		.ascii	"\321\252\362\037\377k\225\246\315\246\020\255\311\034"
 383      FF6B95A6 
 383      CDA610AD 
 383      C91C
 384 0cb8 06F82484 		.ascii	"\006\370$\204\272\365\241F\225V\273No\326\256\015^\353"
 384      BAF5A146 
 384      9556BB4E 
 384      6FD6AE0D 
 384      5EEB
 385 0cca 121AB131 		.ascii	"\022\032\2611t\263I\033\036\025\001f-\177KD!6$\236\276"
 385      74B3491B 
 385      1E150166 
 385      2D7F4B44 
 385      2136249E 
 386 0cdf 816B8283 		.ascii	"\201k\202\203\202}\003!\240\276A\326\374D\232\302MZ"
 386      827D0321 
 386      A0BE41D6 
 386      FC449AC2 
 386      4D5A
 387 0cf1 B012F001 		.ascii	"\260\022\360\001\332\304\240\335iH7DE\030t_\213\225"
 387      DAC4A0DD 
 387      69483744 
 387      4518745F 
 387      8B95
 388 0d03 22697461 		.ascii	"\"ita\242\313\003\202W\256\325\004\2514+\203Wj>]\271"
 388      A2CB0382 
 388      57AED504 
 388      A9342B83 
 388      576A3E5D 
 389 0d18 C24F1914 		.ascii	"\302O\031\024\034\240Q\256Y\263J\203\003Vh\360\012\370"
 389      1CA051AE 
 389      59B34A83 
 389      035668F0 
 389      0AF8
 390 0d2a AE5DA551 		.ascii	"\256]\245Q\006\254\012\326(\227\257\012\320\330A\027"
ARM GAS  C:\Users\RUVIMK~1\AppData\Local\Temp\ccZv602e.s 			page 31


 390      06AC0AD6 
 390      2897AF0A 
 390      D0D84117 
 391 0d3a 08AC20FC 		.ascii	"\010\254 \374j\362\012\204\227]\360\352\300`\015\016"
 391      6AF20A84 
 391      975DF0EA 
 391      C0600D0E 
 392 0d4a 5EBD56C5 		.ascii	"^\275V\305\322\267Lkv\020\27680\020z\0025v\001A\232"
 392      D2B74C6B 
 392      7610BE38 
 392      30107A02 
 392      35760141 
 393 0d5f 408DF2D3 		.ascii	"@\215\362\323\217\377\246Q\006\201\264]\340\332O\202"
 393      8FFFA651 
 393      0681B45D 
 393      E0DA4F82 
 394 0d6f 56C03B20 		.ascii	"V\300; P\023\360+]'\023C\027\271\224d08p\271\366cH\247"
 394      5013F02B 
 394      5D271343 
 394      17B99464 
 394      303870B9 
 395 0d87 1BF5719A 		.ascii	"\033\365q\232\333*[\323\277\001\021\013z\345"
 395      DB2A5BD3 
 395      BF01110B 
 395      7AE5
 396              		.text
 397              		.section	.gnu.lto_.symtab.211db8f5,"",%progbits
 398 0000 5356435F 		.ascii	"SVC_Handler\000"
 398      48616E64 
 398      6C657200 
 399 000c 00       		.ascii	"\000"
 400 000d 00       		.ascii	"\000"
 401 000e 00       		.ascii	"\000"
 402 000f 00000000 		.ascii	"\000\000\000\000\000\000\000\000"
 402      00000000 
 403 0017 C2000000 		.ascii	"\302\000\000\000"
 404 001b 5F706F72 		.ascii	"_port_irq_epilogue\000"
 404      745F6972 
 404      715F6570 
 404      696C6F67 
 404      756500
 405 002e 00       		.ascii	"\000"
 406 002f 00       		.ascii	"\000"
 407 0030 00       		.ascii	"\000"
 408 0031 00000000 		.ascii	"\000\000\000\000\000\000\000\000"
 408      00000000 
 409 0039 C4000000 		.ascii	"\304\000\000\000"
 410 003d 5F706F72 		.ascii	"_port_switch_from_isr\000"
 410      745F7377 
 410      69746368 
 410      5F66726F 
 410      6D5F6973 
 411 0053 00       		.ascii	"\000"
 412 0054 02       		.ascii	"\002"
 413 0055 00       		.ascii	"\000"
 414 0056 00000000 		.ascii	"\000\000\000\000\000\000\000\000"
 414      00000000 
ARM GAS  C:\Users\RUVIMK~1\AppData\Local\Temp\ccZv602e.s 			page 32


 415 005e BE000000 		.ascii	"\276\000\000\000"
 416 0062 5F706F72 		.ascii	"_port_exit_from_isr\000"
 416      745F6578 
 416      69745F66 
 416      726F6D5F 
 416      69737200 
 417 0076 00       		.ascii	"\000"
 418 0077 02       		.ascii	"\002"
 419 0078 00       		.ascii	"\000"
 420 0079 00000000 		.ascii	"\000\000\000\000\000\000\000\000"
 420      00000000 
 421 0081 C0000000 		.ascii	"\300\000\000\000"
 422 0085 63685363 		.ascii	"chSchIsPreemptionRequired\000"
 422      68497350 
 422      7265656D 
 422      7074696F 
 422      6E526571 
 423 009f 00       		.ascii	"\000"
 424 00a0 02       		.ascii	"\002"
 425 00a1 00       		.ascii	"\000"
 426 00a2 00000000 		.ascii	"\000\000\000\000\000\000\000\000"
 426      00000000 
 427 00aa CC000000 		.ascii	"\314\000\000\000"
 428              		.text
 429              		.section	.gnu.lto_.opts,"",%progbits
 430 0000 272D666D 		.ascii	"'-fmath-errno' '-fsigned-zeros' '-ftrapping-math' '"
 430      6174682D 
 430      6572726E 
 430      6F272027 
 430      2D667369 
 431 0033 2D666E6F 		.ascii	"-fno-trapv' '-fno-openmp' '-fno-openacc' '-mcpu=cor"
 431      2D747261 
 431      70762720 
 431      272D666E 
 431      6F2D6F70 
 432 0066 7465782D 		.ascii	"tex-m4' '-mno-thumb-interwork' '-mthumb' '-O2' '-fo"
 432      6D342720 
 432      272D6D6E 
 432      6F2D7468 
 432      756D622D 
 433 0099 6D69742D 		.ascii	"mit-frame-pointer' '-falign-functions=16' '-ffuncti"
 433      6672616D 
 433      652D706F 
 433      696E7465 
 433      72272027 
 434 00cc 6F6E2D73 		.ascii	"on-sections' '-fdata-sections' '-fno-common' '-flto"
 434      65637469 
 434      6F6E7327 
 434      20272D66 
 434      64617461 
 435 00ff 2700     		.ascii	"'\000"
 436              		.text
 437              		.comm	__gnu_lto_v1,1,1
 438              		.comm	__gnu_lto_slim,1,1
 439              		.ident	"GCC: (GNU Tools for Arm Embedded Processors 7-2017-q4-major) 7.2.1 20170904 (release) [ARM
ARM GAS  C:\Users\RUVIMK~1\AppData\Local\Temp\ccZv602e.s 			page 33


DEFINED SYMBOLS
                            *ABS*:00000000 chcore_v7m.c
                            *COM*:00000001 __gnu_lto_v1
                            *COM*:00000001 __gnu_lto_slim

NO UNDEFINED SYMBOLS
