ARM GAS  C:\Users\RUVIMK~1\AppData\Local\Temp\cchFYTNB.s 			page 1


   1              		.cpu cortex-m4
   2              		.eabi_attribute 20, 1
   3              		.eabi_attribute 21, 1
   4              		.eabi_attribute 23, 3
   5              		.eabi_attribute 24, 1
   6              		.eabi_attribute 25, 1
   7              		.eabi_attribute 26, 1
   8              		.eabi_attribute 30, 2
   9              		.eabi_attribute 34, 1
  10              		.eabi_attribute 18, 4
  11              		.file	"chdynamic.c"
  12              		.section	.gnu.lto_.profile.211da723,"",%progbits
  13 0000 789C6363 		.ascii	"x\234cc```\001bF\206\014\003\000\001x\000\244"
  13      60606001 
  13      6246860C 
  13      03000178 
  13      00A4
  14              		.text
  15              		.section	.gnu.lto_.icf.211da723,"",%progbits
  16 0000 789C6363 		.ascii	"x\234cc``\340c@\000&\206g\357/<ef\274\330\326\374\231"
  16      6060E063 
  16      40002686 
  16      67EF2F3C 
  16      6566BCD8 
  17 0017 83010034 		.ascii	"\203\001\0004,\006z"
  17      2C067A
  18              		.text
  19              		.section	.gnu.lto_.jmpfuncs.211da723,"",%progbits
  20 0000 789C858F 		.ascii	"x\234\205\217=\012\302P\020\204g\336\313\317S\220\\"
  20      3D0AC250 
  20      108467DE 
  20      CBCF5390 
  20      5C
  21 0011 20E0513C 		.ascii	" \340Q<\207GIe\245\010\266b!\271\203\205\177\210M\020"
  21      87474965 
  21      A508B662 
  21      21B98385 
  21      7F884D10 
  22 0025 45B0F122 		.ascii	"E\260\361\"\226\202\010B\334\215& Q\\\230bavf\277\000"
  22      96820842 
  22      DC8D2620 
  22      515C9862 
  22      617666BF 
  23 003a 4097A8C6 		.ascii	"@\227\250\306 `1\035\246\026\275\324RdDV\344\211|\017"
  23      2060311D 
  23      A616BDD4 
  23      52644456 
  23      E4897C0F 
  24 004e E4D08C2D 		.ascii	"\344\320\214-\027\373\343\300\215lj\365b\316\230\231"
  24      17FBE3C0 
  24      8D6C6AF5 
  24      62CE9899 
  25 005e 47887299 		.ascii	"G\210r\231\010\024\307\354\262\271\267\324\021\022\\"
  25      0814C7EC 
  25      B2B9B7D4 
  25      11125C
  26 006d 304669D1 		.ascii	"0Fi\321\236jy\250\237\2328\351\357\316\241\372\235\370"
ARM GAS  C:\Users\RUVIMK~1\AppData\Local\Temp\cchFYTNB.s 			page 2


  26      9E6A79A8 
  26      9F9A38E9 
  26      EFCEA1FA 
  26      9DF8
  27 007f 9792280A 		.ascii	"\227\222(\012L\002\3423\333$\004\352u\323\355\365\344"
  27      4C02E233 
  27      DB2404EA 
  27      75D3EDF5 
  27      E4
  28 0090 EB79838E 		.ascii	"\353y\203\216\253w\235+\352\350\027Pm\001h\376\004:"
  28      AB779D2B 
  28      EAE81750 
  28      6D0168FE 
  28      043A
  29 00a2 E4B72C7A 		.ascii	"\344\267,z\001\031\256k@\177\011\312\227\315\227\227"
  29      0119AE6B 
  29      407F09CA 
  29      97CD9797 
  30 00b2 F104A81A 		.ascii	"\361\004\250\032[$"
  30      5B24
  31              		.text
  32              		.section	.gnu.lto_.inline.211da723,"",%progbits
  33 0000 789C6363 		.ascii	"x\234cc``\010g@\000&\006\011)CF\006&\211\206\365\214"
  33      60600867 
  33      40002606 
  33      09294346 
  33      06268986 
  34 0016 0C6C0BE4 		.ascii	"\014l\013\344\231@\202\314<@\211\011~`\232\221\201\225"
  34      994082CC 
  34      3C408909 
  34      7E609A91 
  34      8195
  35 0028 0F2832C1 		.ascii	"\017(2\301\017\310g\204\250\225>q\204\221\201}\207\032"
  35      0FC86784 
  35      A8953E71 
  35      8491817D 
  35      871A
  36 003a 16B56012 		.ascii	"\026\265`\022\310\003\000\347\203\012\211"
  36      C80300E7 
  36      830A89
  37              		.text
  38              		.section	.gnu.lto_.pureconst.211da723,"",%progbits
  39 0000 789C6363 		.ascii	"x\234cc```\007b&\206]\214\214\273\030\001\005\342\001"
  39      60606007 
  39      6226865D 
  39      8C8CBB18 
  39      0105E201 
  40 0014 87       		.ascii	"\207"
  41              		.text
  42              		.section	.gnu.lto_chThdCreateFromHeap.211da723,"",%progbits
  43 0000 789C7D55 		.ascii	"x\234}UkLSg\030\376\336\363\235\266\007\332z\033s\316"
  43      6B4C5367 
  43      18FEDEF3 
  43      9DB607DA 
  43      7A1B73CE 
  44 0014 1807D908 		.ascii	"\030\007\331\010\2728\352\226\230\221\375Y\246\3112"
  44      BA38EA96 
ARM GAS  C:\Users\RUVIMK~1\AppData\Local\Temp\cchFYTNB.s 			page 3


  44      9891FD59 
  44      A6C932
  45 0023 7F902CFA 		.ascii	"\177\220,\372w\211\301\332i\223aI\213\233\356\017G\300"
  45      7789C1DA 
  45      69936149 
  45      8B9BEE0F 
  45      47C0
  46 0035 0B328C3A 		.ascii	"\0132\214:\255\354P\265\352\230,\306\353\020E.VP\300"
  46      ADEC50B5 
  46      EA982CC6 
  46      EB10452E 
  46      5650C0
  47 0048 0B8A0C9D 		.ascii	"\013\212\014\235\012\"\027A\201\322\251!F\215\227\275"
  47      0A221741 
  47      81D2A921 
  47      468D97BD 
  48 0058 EF770E0B 		.ascii	"\357w\016\013\024\264\201\346\234\357}\236\367\372\274"
  48      14B481E6 
  48      9CEF7D9E 
  48      F7FABC
  49 0067 5FCD8C31 		.ascii	"_\315\2141\227\302X\03406\017\237\301\304@\332r\205"
  49      97C2581C 
  49      30360F9F 
  49      C1C440DA 
  49      7285
  50 0079 B1B58A24 		.ascii	"\261\265\212$\311\205f\246\306\362\247\365\214\2516"
  50      C98566A6 
  50      C6F2A7F5 
  50      8CA936
  51 0088 0EB27E2E 		.ascii	"\016\262~.\003\320\203\252\000\313\222\270\014Y\360"
  51      03D083AA 
  51      00CB92B8 
  51      0C59F0
  52 0097 0BDFCEE1 		.ascii	"\013\337\316\341Z\356\321\000\317\347\001\316@\306\327"
  52      5AEED100 
  52      CFE701CE 
  52      40C6D7
  53 00a6 478D5AF7 		.ascii	"G\215Z\367\004z\005\210\307\327p\244\256\3246\373\200"
  53      047A0588 
  53      C7D770A4 
  53      AED436FB 
  53      80
  54 00b7 AA66ABA1 		.ascii	"\252f\253\241\235-\346\242\322&5&\300%\346Gx)\314\200"
  54      9D2DE6A2 
  54      D2263526 
  54      C025E647 
  54      7829CC80 
  55 00cb BF600645 		.ascii	"\277`\006E?\001\263\021\\\032)|\034\303?\006\206\317"
  55      3F01B311 
  55      5C1A297C 
  55      1CC33F06 
  55      86CF
  56 00dd B71AEB5F 		.ascii	"\267\032\353_NH*\026\304\241b\256~\024\340\034\312\200"
  56      4E482A16 
  56      C4A162AE 
  56      7E14E01C 
  56      CA80
ARM GAS  C:\Users\RUVIMK~1\AppData\Local\Temp\cchFYTNB.s 			page 4


  57 00ef 8F24E211 		.ascii	"\217$\342\021\203\223\220\204\360}k\257_\262\363\271"
  57      83939084 
  57      F07D6BAF 
  57      5FB2F3B9 
  58 00ff 82DA9177 		.ascii	"\202\332\221w\250@6\250\367\016\010\252\014\247\242"
  58      A84036A8 
  58      F70E08AA 
  58      0CA7A2
  59 010e A9328372 		.ascii	"\2512\203rA\315\356*\273\001|\236\240\236?[\362\334"
  59      41CDEE2A 
  59      BB017C9E 
  59      A09E3F5B 
  59      F2DC
  60 0120 6E50DBB5 		.ascii	"nP\333\265\251\3059\3527\001n\202\323\321d\354V\205"
  60      A9C539EA 
  60      37016E82 
  60      D3D164EC 
  60      5685
  61 0132 201FCCBE 		.ascii	" \037\314\276?\310\371\027\202\334\325\320\271\335d"
  61      3FC8F917 
  61      82DCD5D0 
  61      B9DD64
  62 0141 902FEB71 		.ascii	"\220/\353q\315P\031M53\250\022\324\313\375\025'\024"
  62      CD50194D 
  62      3533A812 
  62      D4CBFD15 
  62      2714
  63 0153 FEA5A0BE 		.ascii	"\376\245\240\276h\252>e3\250\275\332\314\337E\\\013"
  63      68AA3E65 
  63      33A8BDDA 
  63      CCDF455C 
  63      0B
  64 0164 5447932D 		.ascii	"TG\223-\014\316\010\362\200\232_\005|\276 \027o~zL\032"
  64      0CCE08F2 
  64      809A5F05 
  64      7CBE2017 
  64      6F7E7A4C 
  65 0179 8EFB8788 		.ascii	"\216\373\207\210\253@(\232\25208\013I\204\217\344\366"
  65      AB40289A 
  65      AA30380B 
  65      49848FE4 
  65      F6
  66 018a 7458F589 		.ascii	"tX\365\211M\303\327\243\225\271\203\306\304B@\235\357"
  66      4DC3D7A3 
  66      95B983C6 
  66      C442409D 
  66      EF
  67 019b AC8CC4F2 		.ascii	"\254\214\304\362\257\205\353C\367\332V%\356WC\252\032"
  67      AF85EB43 
  67      F7DA5625 
  67      EE5743AA 
  67      1A
  68 01ac 8A14CDDC 		.ascii	"\212\024\315\334\246\252\015\252\034\3401pN\367^\213"
  68      A6AA0DAA 
  68      1CE03170 
  68      4EF75E8B 
  69 01bc DE6BC404 		.ascii	"\336k\304\004\031\241C\003\335\007e\276P0\377\334\272"
ARM GAS  C:\Users\RUVIMK~1\AppData\Local\Temp\cchFYTNB.s 			page 5


  69      19A14303 
  69      DD0765BE 
  69      5030FFDC 
  69      BA
  70 01cd ABCC8C54 		.ascii	"\253\314\214TJ\352\2116eo\216NU\240ntb\006\365\\\317"
  70      4AEA8936 
  70      656F8E4E 
  70      55A06E74 
  70      6206F55C 
  71 01e2 8B662B4F 		.ascii	"\213f+O\025\324\201\215\015\007\024\203\032\321\246"
  71      15D4818D 
  71      0D071483 
  71      1AD1A6
  72 01f1 0F532568 		.ascii	"\017S%h\030\227\332u\354\325\016\273Y\206\013\220\010"
  72      1897DA75 
  72      ECD50EBB 
  72      59860B90 
  72      08
  73 0202 F5F87F1E 		.ascii	"\365\370\177\036\022I^\250\252\213`\206\377\001\271"
  73      12495EA8 
  73      AA8B6086 
  73      FF01B9
  74 0211 2A7E4275 		.ascii	"*~Bu\273\315\342\334\317a\004\227\301%\204^\0063\213"
  74      BBCDE2DC 
  74      CF610497 
  74      C125845E 
  74      06338B
  75 0224 82D76AB3 		.ascii	"\202\327j\263\22602\370Q\263\324\352\213\315g\254|\265"
  75      963032F8 
  75      51B3D4EA 
  75      8BCD67AC 
  75      7CB5
  76 0236 5EE1E1BD 		.ascii	"^\341\341\275\2056#\315\372\222Y\273r\362\013\324`\366"
  76      853623CD 
  76      FA9259BB 
  76      72F20BD4 
  76      60F6
  77 0248 A4008F85 		.ascii	"\244\000\217\205+oITw\034\331\205r\276\212\231B#9\347"
  77      2B6F4954 
  77      771CD985 
  77      72BE8A99 
  77      422339E7 
  78 025c A39269C2 		.ascii	"\243\222i\302d\256a2\364\205\373\311G\226v\244\331\024"
  78      64AE6132 
  78      F485FBC9 
  78      479676A4 
  78      D914
  79 026e 525FBDDE 		.ascii	"R_\275\336\200\3534Mk\353\033\370p:\340p\255\022~I&"
  79      80EB344D 
  79      6BEB1BF8 
  79      703AE070 
  79      AD127E49 
  80 0283 A06D3003 		.ascii	"\240m0\003\011\033\307\215\214\030 \235\332\201$7\021"
  80      091BC78D 
  80      8C18209D 
  80      DA812437 
  80      11
ARM GAS  C:\Users\RUVIMK~1\AppData\Local\Temp\cchFYTNB.s 			page 6


  81 0294 483B9381 		.ascii	"H;\223\201d\020\307\310'c\033\261O\270\324j\210\345"
  81      6410C7C8 
  81      27631BB1 
  81      4FB8D46A 
  81      88E5
  82 02a6 6181F894 		.ascii	"a\201\370\224\023baX\037\354.\260P\2274\256`^\345\345"
  82      13626158 
  82      1FEC2EB0 
  82      509734AE 
  82      605EE5E5 
  83 02ba E1564BD6 		.ascii	"\341VK\326KU\011p\233\037\367\206A3d1\215\2334nF\263"
  83      4B550970 
  83      9B1FF786 
  83      41336431 
  83      8D9B346E 
  84 02d0 563174D1 		.ascii	"V1t\321D\372\261\203\002\177\303\214\000\237\300z!;"
  84      44FAB183 
  84      027FC38C 
  84      009FC07A 
  84      213B
  85 02e2 5EB41F73 		.ascii	"^\264\037s@'\254\007ro\327^)\262\031N!YoJ\036\026\216"
  85      4027AC07 
  85      726FD75E 
  85      29B2194E 
  85      21596F4A 
  86 02f9 B70C06ED 		.ascii	"\267\014\006\355\207l\255\257\252\333J\000\364\271\305"
  86      876CADAF 
  86      AADB4A00 
  86      F4B9C5
  87 0308 BF3BDFE2 		.ascii	"\277;\337\342\370\204v\017k\336A\323d\320\002\016\215"
  87      F884760F 
  87      6BDE41D3 
  87      64D0020E 
  87      8D
  88 0319 C710D41F 		.ascii	"\307\020\324\037\023\215\263\3528 \334u\302)\210\313"
  88      138DB3EA 
  88      3820DC75 
  88      C22988CB 
  89 0329 09AC2F28 		.ascii	"\011\254/(\217\323c\002\036a\276\304n\331t\347d%\274"
  89      8FD36302 
  89      1E61BEC4 
  89      6ED974E7 
  89      6425BC
  90 033c C183441E 		.ascii	"\301\203D\036n\220\007\020I\215\211d\326qB`\377\020"
  90      6E900710 
  90      498D8964 
  90      D6714260 
  90      FF10
  91 034e CE3E3ECE 		.ascii	"\316>>\316\242\343d\302\335$\334\304Q\270\241\222G\255"
  91      A2E364C2 
  91      DD24DCC4 
  91      51B8A192 
  91      47AD
  92 0360 403845C7 		.ascii	"@8E\307\231\010w\213p\223\261{\3228\002\323\336.0\270"
  92      9908778B 
  92      7093B17B 
  92      D23802D3 
ARM GAS  C:\Users\RUVIMK~1\AppData\Local\Temp\cchFYTNB.s 			page 7


  92      DE2E30B8 
  93 0374 0D8948DA 		.ascii	"\015\211H\332\320\247V\3114\215X\210\207V\264\015\340"
  93      D0A756C9 
  93      348D5888 
  93      8756B40D 
  93      E0
  94 0385 0557B1B3 		.ascii	"\005W\261\263\364n\364&\374z\312bl\202i\254\352\347"
  94      F46EF426 
  94      FC7ACA62 
  94      6C8269AC 
  94      EAE7
  95 0397 7CC7A08D 		.ascii	"|\307\240\215lc7\242dV\021\247X\014\356\214Un;\216\374"
  95      6C6337A2 
  95      645611A7 
  95      580CEE8C 
  95      556E3B8E 
  96 03ac 2E29F72E 		.ascii	".)\367.)\027\3303\212\272o\317\361\247\261\011\233\244"
  96      2917D833 
  96      8ABA6FCF 
  96      F1A7B109 
  96      9BA4
  97 03be 3D6A617C 		.ascii	"=ja|\000\333@\367Jw\205\252\310\330k\350\200\004\261"
  97      00DB40F7 
  97      4A7785AA 
  97      C8D86BE8 
  97      8004B1
  98 03d1 1C0FC32D 		.ascii	"\034\017\303-\255\022\236@'\310\"o\006]\342\007\245"
  98      AD129E40 
  98      27C8226F 
  98      065DE207 
  98      A5
  99 03e2 A4BAB6C7 		.ascii	"\244\272\266\307\226P`\260'\021\366\361\341\343\327"
  99      965060B0 
  99      2711F6F1 
  99      E1E3D7
 100 03f1 AD82DD4D 		.ascii	"\255\202\335Ml\270\007\262P\234\350\001C\001\347v\344"
 100      6CB807B2 
 100      509CE801 
 100      4301E776 
 100      E4
 101 0402 DFA9057D 		.ascii	"\337\251\005}\360q\243\025<\331\217\227(\203\036T0\032"
 101      F071A315 
 101      3CD98F97 
 101      28831E54 
 101      301A
 102 0414 7AB76ECD 		.ascii	"z\267n\315\343h\300O\3609\004\370\024\032\006\361\030"
 102      E368C04F 
 102      F03904F8 
 102      141A06F1 
 102      18
 103 0425 F4425680 		.ascii	"\364BV\200\277C~\203\323\205\224/\220\224\343h\210C"
 103      BF437E83 
 103      D385942F 
 103      9094E368 
 103      8843
 104 0437 0FDAF75B 		.ascii	"\017\332\367[\2149\372\327\325\\\265P\277%q)T\3264\326"
 104      8C39FAD7 
ARM GAS  C:\Users\RUVIMK~1\AppData\Local\Temp\cchFYTNB.s 			page 8


 104      D55CB550 
 104      BF257129 
 104      54D634D6 
 105 044b 9983B07B 		.ascii	"\231\203\260{-y\234\032\340qH\201\373T\016\032[6\334"
 105      2D799C1A 
 105      E0714881 
 105      FB540E1A 
 105      5B36DC
 106 045e 6CB73A0E 		.ascii	"l\267:\016Q4,\345]x\000A\330\201-\306|\372\300A?\200"
 106      51342CE5 
 106      5D780041 
 106      D8812DC6 
 106      7CFAC041 
 107 0474 E7EAD72B 		.ascii	"\347\352\327+\344l*\000\364#+\014\353\202\2577s\221"
 107      E46C2A00 
 107      F4232B0C 
 107      EB82AF37 
 107      7391
 108 0486 D1E83ADE 		.ascii	"\321\350:\336\363\243\304\031\014\210M\244\032\217\204"
 108      F3A3C419 
 108      0C884DA4 
 108      1A8F84
 109 0495 CB9FD989 		.ascii	"\313\237\331\211;\015\033\037\2465|_\010\211n\231\221"
 109      3B0D1B1F 
 109      A6357C5F 
 109      08896E99 
 109      91
 110 04a6 79C6A279 		.ascii	"y\306\242y\320\320E\371\316\322\017\364K\306\030\325"
 110      D0D045F9 
 110      CED20FF4 
 110      4BC618D5 
 111 04b6 AB3D9DD5 		.ascii	"\253=\235\325\326\341)\014\212)D\304\024\242[\376\257"
 111      D6E1290C 
 111      8A2944C4 
 111      14A25BFE 
 111      AF
 112 04c7 DEF28EBD 		.ascii	"\336\362\216\275\333O/\027!\364u\226\215;\244\037j\332"
 112      DB4F2F17 
 112      21F47596 
 112      8D3BA41F 
 112      6ADA
 113 04d9 44FFA99F 		.ascii	"D\377\251\237H\377\255#\264\315\224R\246n\304\036\307"
 113      48FFAD23 
 113      B4CD9452 
 113      A66EC41E 
 113      C7
 114 04ea 30780829 		.ascii	"0x\010),\202\271ib\335\236\200D-\222\332\233\212R\260"
 114      2C82B969 
 114      62DD9E80 
 114      442D92DA 
 114      9B8A52B0 
 115 04fe 167EFB79 		.ascii	"\026~\373y\023\340\315\004\344\013\355I\311\311\016"
 115      13E0CD04 
 115      E40BED49 
 115      C9C90E
 116 050d FC73AE70 		.ascii	"\374s\256p/u{|\237\246|\346\360\370\034\336L\207\317"
 116      2F757B7C 
ARM GAS  C:\Users\RUVIMK~1\AppData\Local\Temp\cchFYTNB.s 			page 9


 116      9FA67CE6 
 116      F0F81CDE 
 116      4C87CF
 117 0520 EBC4C365 		.ascii	"\353\304\303ekV\246\245\273\235\311NfZ\341J\313\310"
 117      6B56A6A5 
 117      BB9DC94E 
 117      665AE14A 
 117      CBC8
 118 0532 907DEE9F 		.ascii	"\220}\356\237]2\236\271\344\014\257\333#e|\317\323\274"
 118      5D329EB9 
 118      E40CAFDB 
 118      23657CCF 
 118      D3BC
 119 0544 CBA5CC65 		.ascii	"\313\245\314e\374'_\206\224\231\361&o\356\225\316\037"
 119      FC275F86 
 119      9499F126 
 119      6FEE95CE 
 119      1F
 120 0555 562D73A1 		.ascii	"V-s\241\301\267\306\227\274\202Y\226\246\371\\\337z"
 120      C1B7C697 
 120      BC825996 
 120      A6F95CDF 
 120      7A
 121 0566 DDF3C6C3 		.ascii	"\335\363\306\303;=\351\351\236\225\216\014\2177\323"
 121      3B3DE9E9 
 121      9E958E0C 
 121      8F37D3
 122 0575 E7F86A51 		.ascii	"\347\370jQ\352\202\324\325\210pz\274\256%?~\236\216"
 122      EA82D4D5 
 122      88707ABC 
 122      AE253F7E 
 122      9E8E
 123 0587 ECF96F61 		.ascii	"\354\371oa\271Vg\022\307\261 u\361\302\305\216\005H"
 123      B9566712 
 123      C7B12075 
 123      F1C2C58E 
 123      0548
 124 0599 722C1C0E 		.ascii	"r,\034\016\236\356s\373\226,w:\321\305\244\324\305\213"
 124      9EEE73FB 
 124      962C773A 
 124      D1C5A4D4 
 124      C58B
 125 05ab E229092C 		.ascii	"\342)\011,cN|\342\\&y\231%\335\225\356\361\256a\377"
 125      634E7CE2 
 125      5C267999 
 125      25DD95EE 
 125      F1AE61FF 
 126 05bf 019077FC 		.ascii	"\001\220w\374\274"
 126      BC
 127              		.text
 128              		.section	.gnu.lto_chThdCreateFromMemoryPool.211da723,"",%progbits
 129 0000 789C7D55 		.ascii	"x\234}UkL\024W\024\276g\356\354\354\302.\342\203ZKM"
 129      6B4C1457 
 129      14BE67EE 
 129      ECECC22E 
 129      E2835A4B 
 130 0015 8B4909DA 		.ascii	"\213I\011\332(\333\232\030I\1774\261\246I\375A\322\350"
ARM GAS  C:\Users\RUVIMK~1\AppData\Local\Temp\cchFYTNB.s 			page 10


 130      28DB9A18 
 130      497F34B1 
 130      A649FD41 
 130      D2E8
 131 0027 AF264D8C 		.ascii	"\257&M\214\256TI\272.\331\305V\1771\002*\226>\324\312"
 131      AE5449BA 
 131      2ED9C556 
 131      7F31022A 
 131      963ED4CA 
 132 003b AAEB286B 		.ascii	"\252\353(k\015U!>\213\024\020p\005\005j\005\221\342"
 132      0D55213E 
 132      8B141070 
 132      05056A05 
 132      91E2
 133 004d 9337B828 		.ascii	"\2237\270(\017Q\214\261\276\252=\347\316@dA6\233\311"
 133      0F518CB1 
 133      BEAA3DE7 
 133      CE406441 
 133      369BC9
 134 0060 CCDCEF3B 		.ascii	"\314\334\357;\367\234\363}\347\216\302\030;ka\314\006"
 134      F79CF37D 
 134      E78EC218 
 134      3B6B61CC 
 134      06
 135 0071 8C2DC07B 		.ascii	"\214-\300{01\220\266\3253\266\321\"I\362n\205\251\341"
 135      303190B6 
 135      D533B6D1 
 135      2249F26E 
 135      85A9E1
 136 0084 FC490D63 		.ascii	"\374I\015c\252\215\203\254\277\227\001\350F\265\000"
 136      AA8D83AC 
 136      BF9701E8 
 136      46B500
 137 0093 4B93B80C 		.ascii	"K\223\270\014i\360#\337\311\341J\346\011\215gs\2153"
 137      69F023DF 
 137      C9E14AE6 
 137      098D6773 
 137      8D33
 138 00a5 90F171A8 		.ascii	"\220\361q\250\316\327=\211\036\001b\360q`\260\272\320"
 138      CED73D89 
 138      1E0162F0 
 138      7160B0BA 
 138      D0
 139 00b6 36E790AA 		.ascii	"6\347\220\252\246\253\201]\215\341{\013\033\3240\215"
 139      A6AB815D 
 139      8DE17B0B 
 139      1BD4308D 
 140 00c6 4BCC8BF0 		.ascii	"K\314\213\360B\230\011\177\300L\332\3754\314A\360\335"
 140      4298097F 
 140      C04CDAFD 
 140      34CC41F0 
 140      DD
 141 00d7 E2EA2C0B 		.ascii	"\342\352,\013\377\020\030\336?\337\330vdR\\\236 \336"
 141      FF1018DE 
 141      3FDFD876 
 141      64525C9E 
 141      20DE
ARM GAS  C:\Users\RUVIMK~1\AppData\Local\Temp\cchFYTNB.s 			page 11


 142 00e9 FE9DAB1F 		.ascii	"\376\235\253\037h\234C\021\360\327\211\370\212\301\237"
 142      689C4311 
 142      F0D789F8 
 142      8AC19F
 143 00f8 1087F0F4 		.ascii	"\020\207\360\364\256\242k\300\347\011\352\205s\207\237"
 143      AEA26BC0 
 143      E709EA85 
 143      73879F
 144 0107 450C5367 		.ascii	"E\014Sg\370\324\200\254a\272\305\241\\\231A\211\340"
 144      F8D480AC 
 144      61BAC5A1 
 144      5C994189 
 144      E0
 145 0118 16A4DFB9 		.ascii	"\026\244\337\271\307\371|\301\355\252\355\334i2\270"
 145      C7F97CC1 
 145      EDAAEDDC 
 145      6932B8
 146 0127 D7F2A3F3 		.ascii	"\327\362\243\3632\324/4n\202\322P2\266\353\214 _\352"
 146      32D42F34 
 146      6E82D250 
 146      32B6EB8C 
 146      205FEA
 147 013a 3B73DAC2 		.ascii	";s\332\302\027\012\362\213\206\212b\233An9$rV\240,\224"
 147      170AF28B 
 147      868A629B 
 147      416E3924 
 147      7256A02C 
 148 014f AA302817 		.ascii	"\2520(\027\324~5\273\034\370'\202\232\367\363\223\223"
 148      D47E35BB 
 148      1CF82782 
 148      9AF7F393 
 148      93
 149 0160 92411D30 		.ascii	"\222A\0350r6CE(\327\314\340,\304\021a03\330a\325\333"
 149      72364345 
 149      28D7CCE0 
 149      2CC41161 
 149      3033D861 
 150 0176 3E031F4F 		.ascii	">\003\037O\224e\3363\332\036\000|\276\331Y6\030\316"
 150      9465DE33 
 150      DA1E007C 
 150      BED95936 
 150      18CE
 151 0188 3F15B18F 		.ascii	"?\025\261\217\336nY\027{P\015\250j`\260\340\275\035"
 151      DE6E5917 
 151      7B500DA8 
 151      6A60B0E0 
 151      BD1D
 152 019a AA5AAB62 		.ascii	"\252Z\253bt\013T\352\321\317a\364\200\220\201\021:\320"
 152      740B54EA 
 152      D1CF61F4 
 152      80908111 
 152      3AD0
 153 01ac DF5D20F3 		.ascii	"\337] \363E\202yd\373\276\"\005\251\224UO\376\324\003"
 153      45827964 
 153      FBBE2205 
 153      A994554F 
 153      FED403
ARM GAS  C:\Users\RUVIMK~1\AppData\Local\Temp\cchFYTNB.s 			page 12


 154 01bf 193AD50C 		.ascii	"\031:\325\014\347G'fP\317\007_4Z\371\347\202\332\237"
 154      E7472766 
 154      50CF075F 
 154      345AF9E7 
 154      82DA9F
 155 01d2 557BC862 		.ascii	"U{\310bP\333\362\243\207\251\022T\217K\355:\3712'B\221"
 155      50DBF2A3 
 155      87A91254 
 155      8F4BED3A 
 155      F9322742 
 156 01e7 A10662E1 		.ascii	"\241\006b\341\002\304\372\021Q\005\261d\023tG-(0\202"
 156      02C4FA11 
 156      5105B164 
 156      1374472D 
 156      283082
 157 01fa C954F117 		.ascii	"\311T\361\027\250?\246\210\367^\016\257\321\031\374"
 157      A83FA688 
 157      F75E0EAF 
 157      D119FC
 158 0209 85D08BA0 		.ascii	"\205\320\213\240\260\020x\325\236\331\313\031-x\321"
 158      B01078D5 
 158      9ED9CB19 
 158      2D78D1
 159 0218 7BD4EE8B 		.ascii	"{\324\356\213\215g\255<E/\362\330\201\3356#\323\232"
 159      8D67AD3C 
 159      452FF2D8 
 159      81DD3623 
 159      D39A
 160 022a DCD9FB32 		.ascii	"\334\331\3732\262\177R\375\351\2235\036\006\227&\310"
 160      B27F52FD 
 160      E993351E 
 160      069726C8 
 161 023a 550F3CB8 		.ascii	"U\017<\270\017mY\207\231\302\337\024\234\217J\246\036"
 161      0F6D5987 
 161      99C2DF14 
 161      9C8F4AA6 
 161      1E
 162 024b 93B98CC9 		.ascii	"\223\271\214\311\320\005\347\214\017WG\245\035o4\005"
 162      D005E78C 
 162      0F5747A5 
 162      1D6F3405 
 163 025b D497AFB6 		.ascii	"\324\227\257\266\340XD\345\027n\256k\225\337\005\024"
 163      E05844E5 
 163      176EAE6B 
 163      95DF0514 
 164 026b 385CC28B 		.ascii	"8\\\302\213\225\343ER\200\274ma\304\010\003\362j\004"
 164      95E34552 
 164      80BC6D61 
 164      C40803F2 
 164      6A04
 165 027d 90E92281 		.ascii	"\220\351\"\201\3743\005\310\011Q\214b2\226\205}\302"
 165      FC3305C8 
 165      09518C62 
 165      3296857D 
 165      C2
 166 028e E154036C 		.ascii	"\341T\003l+\026\210w\031\0016\000\231\376\356\0343u"
 166      2B168877 
ARM GAS  C:\Users\RUVIMK~1\AppData\Local\Temp\cchFYTNB.s 			page 13


 166      19013600 
 166      99FEEE1C 
 166      3375
 167 02a0 C9C72D98 		.ascii	"\311\307-\230WI\311@\2639\355?\325\242q\233\027\355"
 167      5749C940 
 167      B339ED3F 
 167      D5A2719B 
 167      17ED
 168 02b2 CFA001D2 		.ascii	"\317\240\001\322\230\217+\032\217`=\220\036#\032\215"
 168      988F2B1A 
 168      8F603D90 
 168      1E231A8D 
 169 02c2 BB219C05 		.ascii	"\273!\234\005!\363VU}\201\315\240C\274^\376V,\021\317"
 169      21F35655 
 169      7D81CDA0 
 169      43BC5EFE 
 169      562C11CF 
 170 02d6 050CDF07 		.ascii	"\005\014\337\007\351\276\336\362\240\225\000\030|\233"
 170      E9BEDEF2 
 170      A0950018 
 170      7C9B
 171 02e4 777FB6D9 		.ascii	"w\177\266\331>\217&\015\253\313!\335\030\\\001\273\217"
 171      3E8F260D 
 171      ABCB21DD 
 171      185C01BB 
 171      8F
 172 02f5 8711D41B 		.ascii	"\207\021\324\033\026\212\263\3528 \\#\341,\204+\355"
 172      168AB3EA 
 172      38205C23 
 172      E12C842B 
 172      ED
 173 0306 AD0D4ED3 		.ascii	"\255\015N\323\367$\311\275\233*/\233\311\326\272\314"
 173      F724C9BD 
 173      9B2A2F9B 
 173      C9D6BACC 
 174 0316 659575D5 		.ascii	"e\225u\325\212\037\366o\304\326\307h|\022\346\016\377"
 174      8A1FF66F 
 174      C4D6C768 
 174      7C12E60E 
 174      FF
 175 0327 9030B8D6 		.ascii	"\2200\270\326\264\345F\233\325~T\325\227\"\241\011\374"
 175      B4E5469B 
 175      D57E54D5 
 175      9722A109 
 175      FC
 176 0338 9083CDC0 		.ascii	"\220\203\315\300\360W\301\216\2613\264\315_\351\221"
 176      F057C18E 
 176      B133B4CD 
 176      5FE991
 177 0347 25DC0CE3 		.ascii	"%\334\014\343\323~M?\264^/\2037\344&\314w\215r\223D"
 177      D37E4D3F 
 177      B45E2F83 
 177      37E426CC 
 177      778D7293 
 178 035c B9636A30 		.ascii	"\271cj0\3518\231p\327\011\0271>N\321q&\302\335 \\\344"
 178      E9389970 
 178      D7091731 
ARM GAS  C:\Users\RUVIMK~1\AppData\Local\Temp\cchFYTNB.s 			page 14


 178      3E4ED171 
 178      26C2DD20 
 179 0372 28DCA3C3 		.ascii	"(\334\243\303C\315@8\263\216S\010w\223pSP\027i\034\223"
 179      43CD4038 
 179      B38E5308 
 179      77937053 
 179      5017691C 
 180 0387 FA263629 		.ascii	"\372&6)\334\202X$m\351U\313e\352^\030\304@3\256\365"
 180      DC825824 
 180      6DE955CB 
 180      65EA5E18 
 180      C44033AE 
 181 039c E339F9DC 		.ascii	"\3439\371\334[\330\036:M\277\026[\215i2\215\235\234"
 181      5BD81E3A 
 181      4DBF165B 
 181      8D69328D 
 181      9D9C
 182 03ae B95F3368 		.ascii	"\271_3h\241\265\261S\225;{/\247\275\030\264\216u\177"
 182      A1B5B153 
 182      953B7B2F 
 182      A7BD18B4 
 182      8E757F
 183 03c1 1B9AA99D 		.ascii	"\033\232\251\235\334\337N\356\0076D\273\376\226{\352"
 183      DCDF4EEE 
 183      073644BB 
 183      FE967BEA 
 184 03d1 49F8AC74 		.ascii	"I\370\254t)W\335\215*M\026\307S\367\031\325\"\243P\320"
 184      2957DD8D 
 184      2A4D16C7 
 184      53F719D5 
 184      22A350D0 
 185 03e5 01B38494 		.ascii	"\001\263\204\224\017\006\232\232%|\003\235 \213\274"
 185      0F069A9A 
 185      257C039D 
 185      208BBC
 186 03f4 1974898F 		.ascii	"\031t\211\217\313\341\212\252\240m\326&\203=\205\260"
 186      CBE18AAA 
 186      A06DD626 
 186      833D85B0 
 187 0404 0F8F9DBA 		.ascii	"\017\217\235\272j\025\354nb\303m\220\205\227E\017\030"
 187      6A15EC6E 
 187      62C36D90 
 187      8597450F 
 187      18
 188 0415 0D414776 		.ascii	"\015AGv\353\005\320\205\217\032=\005S\275x\2402\010"
 188      EB05D085 
 188      8F1A3D05 
 188      53BD78A0 
 188      3208
 189 0427 E214E042 		.ascii	"\342\024\340B\317\366\355[9.\340\317\377\0144>\215\304"
 189      CFF6ED5B 
 189      392EE0CF 
 189      FF0C343E 
 189      8DC4
 190 0439 201E831E 		.ascii	" \036\203\036H\323x\024\305\365G\213!\251\241!\211\""
 190      48D37814 
 190      C5F5478B 
ARM GAS  C:\Users\RUVIMK~1\AppData\Local\Temp\cchFYTNB.s 			page 15


 190      21A9A121 
 190      8922
 191 044b 111FDD6D 		.ascii	"\021\037\335m\3133\033:\216\270U\032\343V\377t\215\277"
 191      CB331B3A 
 191      8EB8551A 
 191      E356FF74 
 191      8DBF
 192 045d 8514B833 		.ascii	"\205\024\2703\256]\247\303]aW3\211\327\013v\372\212"
 192      AE5DA7C3 
 192      5D615733 
 192      89D70B76 
 192      FA8A
 193 046f BDFA3710 		.ascii	"\275\3727\020I\301\336\006\011\372\220%\006\256}d\263"
 193      49C1DE06 
 193      09FA9025 
 193      06AE7D64 
 193      B3
 194 0480 09A31754 		.ascii	"\011\243\027T<zl\032\211n\206~\021\335B\321\007\310"
 194      3C7A6C1A 
 194      896E867E 
 194      11DD42D1 
 194      07C8
 195 0492 570A3666 		.ascii	"W\0126f\223\377\340..\352\033\335\225\031^\002\302="
 195      93FFE02E 
 195      2EEA1BDD 
 195      95195E02 
 195      C23D
 196 04a4 713650C7 		.ascii	"q6P\307\216\017\224<\215\240L\336A\031\007a\246\306"
 196      8E0F943C 
 196      8DA04CDE 
 196      41190761 
 196      A6C6
 197 04b6 A3852DE9 		.ascii	"\243\205-\351\334{\275\3520\\\276o\270\354\251\267\360"
 197      DC7BBDEA 
 197      305CBE6F 
 197      B8ECA9B7 
 197      F0
 198 04c7 7DFDD833 		.ascii	"}\375\3303\204\177\231\333Ya\035\326\364\276\320\364"
 198      847F99DB 
 198      59611DD6 
 198      F4BED0F4 
 199 04d7 81D03454 		.ascii	"\201\3204T\300!]\300\216\316_JW\213-\364cG6N\265>\250"
 199      C0215DC0 
 199      8ECE5F4A 
 199      578B2DF4 
 199      6347364E 
 200 04ee 6C116A92 		.ascii	"l\021j\222:H\337\323\021\330aJ(R\263P1<+\037B\002\033"
 200      3A48DFD3 
 200      11D8614A 
 200      2852B350 
 200      313C2B1F 
 201 0505 C4DC7C62 		.ascii	"\304\334|bx\037\003\247\226Hm\015\005\011X\013\177V"
 201      781F03A7 
 201      96486D0D 
 201      0509580B 
 201      7F56
 202 0517 7A05F0AC 		.ascii	"z\005\360\254\004\212\205;\306\305\307\333\361\357X"
ARM GAS  C:\Users\RUVIMK~1\AppData\Local\Temp\cchFYTNB.s 			page 16


 202      048A853B 
 202      C6C5C7DB 
 202      F1EF58
 203 0526 93BC32D9 		.ascii	"\223\2742\331\345\3718a\276\335\345\261\273S\355\036"
 203      E5F93861 
 203      BEDDE5B1 
 203      BB53ED1E 
 204 0536 B7035FAE 		.ascii	"\267\003_\256\332\260v\2053\331\021\357`\2223E\306\373"
 204      DAB07685 
 204      33D911EF 
 204      60923345 
 204      C6FB
 205 0548 2439C59D 		.ascii	"$9\305\235\354\222R\276\341+\334\253\245\324U\374{O"
 205      EC9252BE 
 205      E12BDCAB 
 205      A5D455FC 
 205      7B4F
 206 055a 8A949AF2 		.ascii	"\212\224\232\362\246(\311k\035\337\256[\225\204\013"
 206      A628C96B 
 206      1DDFAE5B 
 206      95840B
 207 0569 9E0D9EF8 		.ascii	"\236\015\236\3705\314\274r\205'\351Kw\362\202\361\360"
 207      35CCBC72 
 207      8527E94B 
 207      77F282F1 
 207      F0
 208 057a 0E97D3E9 		.ascii	"\016\227\323\351ZkOq\271S=\366EK\023\027'\256G\204\303"
 208      5A6B4F71 
 208      B9533DF6 
 208      454B1317 
 208      27AE4784 
 209 058f E54E5AFE 		.ascii	"\345NZ\376\335B'\262?\233\200\225\264>\2258\366\305"
 209      DD4227B2 
 209      3F9B8095 
 209      B43E9538 
 209      F6C5
 210 05a1 89CB962C 		.ascii	"\211\313\226,\263/F\222}\311\360\346NO\262g\371j\207"
 210      B32F4692 
 210      7DC9F0E6 
 210      4E4FB267 
 210      F96A87
 211 05b4 03434C4E 		.ascii	"\003CLN\\\2664\206\222\3002\346\306\304~\304$73;\223"
 211      5CB63486 
 211      92C032E6 
 211      C6C47EC4 
 211      2437333B 
 212 05c9 9C2EF706 		.ascii	"\234.\367\006\366?=\017\032\303"
 212      F63F3D0F 
 212      1AC3
 213              		.text
 214              		.section	.gnu.lto_.symbol_nodes.211da723,"",%progbits
 215 0000 789C55C9 		.ascii	"x\234U\311\273\015\2000\020\003P\237\2230\006\263\300"
 215      BB0D8030 
 215      1003509F 
 215      933006B3 
 215      C0
 216 0011 64970E89 		.ascii	"d\227\016\211\212\222\237\250\230\202\232\232\011(("
ARM GAS  C:\Users\RUVIMK~1\AppData\Local\Temp\cchFYTNB.s 			page 17


 216      8A929FA8 
 216      98829A9A 
 216      092828
 217 0020 98037140 		.ascii	"\230\003q@C\012\313\326s\006\240\267\200-\025h6\300"
 217      430ACBD6 
 217      7306A0B7 
 217      802D1568 
 217      36C0
 218 0032 6A89A549 		.ascii	"j\211\245IG\225Dd\244\362\025 \306\302`\240\272\004"
 218      47954464 
 218      A4F21520 
 218      C6C260A0 
 218      BA04
 219 0044 7AAA4F60 		.ascii	"z\252O`\242\206?8x\314\307%\316\326Z\355\271\0031\327"
 219      A2863F38 
 219      78CCC725 
 219      CED65AED 
 219      B90331D7 
 220 0058 D6123EB7 		.ascii	"\326\022>\267\347|\\\210\323\0347c\276&\356"
 220      E77C5C88 
 220      D31C3763 
 220      BE26EE
 221              		.text
 222              		.section	.gnu.lto_.refs.211da723,"",%progbits
 223 0000 789C6363 		.ascii	"x\234cc```\004b\006\000\000D\000\010"
 223      60606004 
 223      62060000 
 223      440008
 224              		.text
 225              		.section	.gnu.lto_.decls.211da723,"",%progbits
 226 0000 789CB55A 		.ascii	"x\234\265Z{P\224W\226\357\373\335~\001\015d\300\231"
 226      7B509457 
 226      96EFFBDD 
 226      7E010D64 
 226      C099
 227 0012 7532D46E 		.ascii	"u2\324n&\305L\230\235Q\243\311$\231\255\251\251d\334"
 227      26C54C98 
 227      9D51A3C9 
 227      2499ADA9 
 227      A964DC
 228 0025 DD49AA26 		.ascii	"\335I\252&[S\343Nm\245\312\235\036\002\035!\3415\335"
 228      5B53E34E 
 228      6DA5CA9D 
 228      1E021D21 
 228      E135DD
 229 0038 6D8CBB7F 		.ascii	"m\214\273\177L\363\360\201\200\210\240\322<\"\242(o"
 229      4CF3F081 
 229      8088A0D2 
 229      3C22A228 
 229      6F
 230 0049 50441410 		.ascii	"PD\024\020\020\024\005\024\337\340\203\227(HP^\242 "
 230      10140514 
 230      DFE08397 
 230      2848505E 
 230      A220
 231 005b A0B0E73E 		.ascii	"\240\260\347>\276\376\276n\2725\331\332\355\342\362"
 231      BEFEBE6E 
ARM GAS  C:\Users\RUVIMK~1\AppData\Local\Temp\cchFYTNB.s 			page 18


 231      BA35D9DA 
 231      EDE2F2
 232 006a 7DE77EE7 		.ascii	"}\347~\347\236\363;\347\236s\356\375\036j\205B!\254"
 232      9EF33BE7 
 232      9E73EEFD 
 232      1E6A8542 
 232      21AC
 233 007c 5428AE69 		.ascii	"T(\256i\024\012\255\240P,\300\017C\337)h\036\320\212"
 233      140AADA0 
 233      502CC00F 
 233      43DF2968 
 233      1ED08A
 234 008f 103BFF35 		.ascii	"\020;\3775\034\007H?\034\365p\364\203\246\206v\005\350"
 234      1C07483F 
 234      1CF570F4 
 234      83A68676 
 234      05E8
 235 00a1 4FE0380C 		.ascii	"O\3408\014G\005\357{\002\347\317\241\011\002\223\351"
 235      4705EF7B 
 235      02E7CFA1 
 235      090293E9 
 236 00b1 05CD4750 		.ascii	"\005\315GP,\372=\000E\257\302\321\007\332\022h\237#"
 236      2CFA3D00 
 236      45AFC2D1 
 236      07DA1268 
 236      9F23
 237 00c3 D7FA2EC3 		.ascii	"\327\372.\303\261\037\216o\303\321W`:=\341\370}h\257"
 237      B11F8E6F 
 237      C3D15760 
 237      3A3DE1F8 
 237      7D68AF
 238 00d6 42FB91C0 		.ascii	"B\373\221\300\260h\340\370\005\034\177\214\030F?\201"
 238      B068E0F8 
 238      051C7F8C 
 238      18463F81 
 239 00e6 61427004 		.ascii	"aBp\004\023\025\255\320\177\016Z;\2646h\027\240\235"
 239      1315ADD0 
 239      7F0E5A3B 
 239      B4366817 
 239      A09D
 240 00f8 856685E6 		.ascii	"\205f\205\346\306\261\377\003\360\376\030\332\033\034"
 240      C6B1FF03 
 240      F0FE18DA 
 240      1B1C
 241 0106 FBCFA0FD 		.ascii	"\373\317\240\375\234\333\"8\261c\016\354\370\221\203"
 241      9CDB2238 
 241      B1630EEC 
 241      F89183
 242 0115 1DC41FAE 		.ascii	"\035\304\037\256l\370\204\333\361\013\220\365=hC\334"
 242      6CF884DB 
 242      F10B90F5 
 242      3D6843DC 
 243 0125 E6EF628B 		.ascii	"\346\357b\213\233\314\226\001\027\366\204q\233\236;"
 243      9BCC9601 
 243      17F68471 
 243      9B9E3B
 244 0134 D8E4E3C4 		.ascii	"\330\344\343\304&2}\277t\260-\015\243\313q\345Y8\001"
ARM GAS  C:\Users\RUVIMK~1\AppData\Local\Temp\cchFYTNB.s 			page 19


 244      26327DBF 
 244      74B02D0D 
 244      A3CB71E5 
 244      593801
 245 0147 231F77A4 		.ascii	"#\037w\244\004r\342B\306]/ \227\270\243\327\200\314"
 245      0472E242 
 245      C65D2F20 
 245      97B8A3D7 
 245      80CC
 246 0159 A879DCAA 		.ascii	"\250y\334\252bW\265@^\031?\237\355\301\310W\200<6\330"
 246      6257B540 
 246      5E193F9F 
 246      EDC1C857 
 246      803C36D8 
 247 016d D2ECCE98 		.ascii	"\322\354\316\230-\010\350\252\321\242*OF7\020\331'&"
 247      2D08E8AA 
 247      D1A22A4F 
 247      463710D9 
 247      2726
 248 017f 2D473DB1 		.ascii	"-G=\261\200\310\371\351\307\275\007u\330\215\236?\352"
 248      80C8F9E9 
 248      C7BD0775 
 248      D88D9E3F 
 248      EA
 249 0190 C92F74C3 		.ascii	"\311/t\303^\364\274\373\\A\021\321\377\211;\"\221\351"
 249      5EF4BCFB 
 249      5C4111D1 
 249      FF893B22 
 249      91E9
 250 01a2 0D5D650F 		.ascii	"\015]e\017O\314x\262.\302\221\276\277:\007\343%\364"
 250      4FCC78B2 
 250      2EC291BE 
 250      BF3A07E3 
 250      25F4
 251 01b4 BCB56932 		.ascii	"\274\265i2\303sy\261\205\375\264\377\255@u\010\213\246"
 251      C37379B1 
 251      85FDB4FF 
 251      AD407508 
 251      8BA6
 252 01c6 1C9819AB 		.ascii	"\034\230\031\253\322\341\177&\214\302\205K\323\325Z"
 252      D2E17F26 
 252      8CC2854B 
 252      D3D55A
 253 01d5 E41EB0D5 		.ascii	"\344\036\260\325b\211\261\344\304Z\334>T\240\243\310"
 253      6289B1E4 
 253      C45ADC3E 
 253      54A0A3C8 
 254 01e5 0F55203F 		.ascii	"\017U ?\005jD\001Dx=Z\256@'\241\263\026:\017\022\201"
 254      056A4401 
 254      44783D5A 
 254      AE4027A1 
 254      B3163A0F 
 255 01fb 0DBDD6D7 		.ascii	"\015\275\326\327kz,\226\327\320)\0046 Ly\300w\237\270"
 255      6B7A2C96 
 255      D7D02904 
 255      36204C79 
 255      C0779FB8 
ARM GAS  C:\Users\RUVIMK~1\AppData\Local\Temp\cchFYTNB.s 			page 20


 256 020f 33153BBA 		.ascii	"3\025;\272fj=p\005\242`\3626_\277\357\205\2173\242\270"
 256      666A3D70 
 256      05A260F2 
 256      365FBFEF 
 256      858F33A2 
 257 0224 D1DAEA81 		.ascii	"\321\332\352\201O3\"7\372z\233'naD\357\\O%\306\355\214"
 257      4F332237 
 257      FA7A9B27 
 257      6E6144EF 
 257      5C4F25C6 
 258 023a 289C7FDC 		.ascii	"(\234\177\334\352\215\2572\342\366\327\315\337\350\360"
 258      EA8DAF32 
 258      E2F6D7CD 
 258      DFE8F0
 259 0249 1D4664DD 		.ascii	"\035Fd\335K\332\256R\222\211\"\272#\224\244\257\251"
 259      4BDAAE52 
 259      928922BA 
 259      2394A4AF 
 259      A9
 260 025a 64AE01D3 		.ascii	"d\256\001\323>\200\333\212h\337\275\346\221{\032\033"
 260      3E80DB8A 
 260      68DFBDE6 
 260      917B1A1B 
 261 026a 5F1BEB3C 		.ascii	"_\033\353<\2630\335\340\315&F\220\315\323\0226O\203"
 261      B330DDE0 
 261      CD264690 
 261      CDD31236 
 261      4F83
 262 027c 93D5899A 		.ascii	"\223\325\211\232\245\273\211\205;b-\257\010H\257C\355"
 262      A5BB8985 
 262      3B622DAF 
 262      0848AF43 
 262      ED
 263 028d 60F705B0 		.ascii	"`\367\005\260[\201.\242\245\360\377<\010\242&\266F\327"
 263      5B812EA2 
 263      A5F0FF3C 
 263      08A226B6 
 263      46D7
 264 029f 9FF6D06D 		.ascii	"\237\366\320m\263\371\215\\\267\271N\201.!\035w\012"
 264      B3F98D5C 
 264      B7B94E81 
 264      2E211D77 
 264      0A
 265 02b0 F0D6CD15 		.ascii	"\360\326\315\025]\020\36005@\030-.o\365B\272\000\027"
 265      5D10F030 
 265      3540182D 
 265      2E6FF542 
 265      BA0017
 266 02c3 43D155F0 		.ascii	"C\321U\360\2724\232\371\373l\375k\031W\210\277\257\300"
 266      BA349AF9 
 266      FB6CFD6B 
 266      195788BF 
 266      AFC0
 267 02d5 85CB92BF 		.ascii	"\205\313\222\277\201\217iH\333}\243\320\033\227\262"
 267      818F6948 
 267      DB7DA3D0 
 267      1B97B2
ARM GAS  C:\Users\RUVIMK~1\AppData\Local\Temp\cchFYTNB.s 			page 21


 268 02e4 183A7E72 		.ascii	"\030:~rd\0253\322\017\250\352\356\211\006nd\037\211"
 268      641533D2 
 268      0FA8EAEE 
 268      89066E64 
 268      1F89
 269 02f6 BEFCB2D2 		.ascii	"\276\374\262\322N\017\\\315X\213\246\343*\275q\035#"
 269      4E0F5CCD 
 269      588BA6E3 
 269      2ABD711D 
 269      23
 270 0307 C4B8F4E1 		.ascii	"\304\270\364\341q\231?\230\265]\307\350\367\200\274"
 270      71993F98 
 270      B55DC7E8 
 270      F780BC
 271 0316 76A9270F 		.ascii	"v\251'\017\343\323\202]<\276\2618\036\337`\361x%\371"
 271      E3D3825D 
 271      3CBEB138 
 271      1EDF60F1 
 271      7825F9
 272 0329 D1010DBE 		.ascii	"\321\001\015\276@\331\205\336\233s]^\256\342\254\017"
 272      40D985DE 
 272      9B735D5E 
 272      AEE2AC0F 
 273 0339 2C7E83C7 		.ascii	",~\203\307Y7tv\331\342\354\354\355\337X\037\021\273"
 273      59377476 
 273      D9E2ECEC 
 273      EDDF581F 
 273      11BB
 274 034b 7B610E7B 		.ascii	"{a\016{$\273\337\340qVp %W\215\0331\325Q\2239pFp\245"
 274      24BBDFE0 
 274      71567020 
 274      25578D1B 
 274      31D55193 
 275 0364 E3AE4B1D 		.ascii	"\343\256K\035\2753\2577o\262X\004\324\017:\356H:@%S"
 275      BD33AF37 
 275      6FB25804 
 275      D40F3AEE 
 275      483A4025 
 276 0379 62499BDB 		.ascii	"bI\233\333\353\211\013\225T\311Xlf\236KC\006]*\351\334"
 276      EB890B95 
 276      54C9586C 
 276      669E4B43 
 276      065D2AE9 
 277 038e 8EB7EE4F 		.ascii	"\216\267\356O\266X\224h\000\264\334\223\264\364\213"
 277      B6589468 
 277      00B4DC93 
 277      B4F48B
 278 039d 5ABA2A92 		.ascii	"Z\272*\222\232\264x\222jA5U\265\315\274\236\274\011"
 278      9AB47892 
 278      6A413555 
 278      B5CDBC9E 
 278      BC09
 279 03af 64ECBDEC 		.ascii	"d\354\275\354;^x\216]kN\216Kt\307q*\012\347\311\345"
 279      3B5E788E 
 279      5D6B4E8E 
 279      4B74C771 
 279      2A0AE7C9 
ARM GAS  C:\Users\RUVIMK~1\AppData\Local\Temp\cchFYTNB.s 			page 22


 280 03c4 8756B52B 		.ascii	"\207V\265+8\017]\302\271\265\024\252\002z\000P\206\235"
 280      380F5DC2 
 280      B9B514AA 
 280      027A0050 
 280      869D
 281 03d6 40C99CEC 		.ascii	"@\311\234\354\376\306\215i\017 N\256\236\314S\343\035"
 281      FEC68D69 
 281      0F204EAE 
 281      9ECC53E3 
 281      1D
 282 03e7 2A569FEE 		.ascii	"*V\237\356^=\247\302VF\3444\336Y\206\013\331y\365\256"
 282      5E3DA7C2 
 282      5646E434 
 282      DE59860B 
 282      D979F5AE 
 283 03fb DA112D2E 		.ascii	"\332\021-.cD\377\302\374\347\270\236\235\307\027\307"
 283      6344FFC2 
 283      FCE7B89E 
 283      9DC717C7 
 284 040b 377BE1B3 		.ascii	"7{\341\263\214\310\255\257y\250\301\235\214\020\213"
 284      8CC8ADAF 
 284      79A8C19D 
 284      8C108B
 285 041a A80F2BA2 		.ascii	"\250\017+\242\371\303\275\3170\036d\327\356t\235-\367"
 285      F9C3BDCF 
 285      301E64D7 
 285      EE749D2D 
 285      F7
 286 042b C2438CA8 		.ascii	"\302C\214\250\231\316\254\361\306c\214\270pw\341\221"
 286      99CEACF1 
 286      C6638CB8 
 286      7077E191 
 287 043b 3B9E6244 		.ascii	";\236bDU\306|\203\022?g\304\246\244\222=\244\316\252"
 287      55C67C83 
 287      123F67C4 
 287      A6A4923D 
 287      A4CEAA
 288 044e 594C6A48 		.ascii	"YLjH\025\030\237=\246d]\304\360\257\240+\333\332u\330"
 288      15189F3D 
 288      A6645DC4 
 288      F0AFA02B 
 288      DBDA75D8 
 289 0462 0B47ABA9 		.ascii	"\013G\253\251\377\352\256\036\217\363D\001\356b\270"
 289      FFEAAE1E 
 289      8FF34401 
 289      EE62B8
 290 0471 BD631D27 		.ascii	"\275c\035'\341\266\000\236y.yFM\034\263\225\2608\272"
 290      E1B6009E 
 290      792E7946 
 290      4D1CB395 
 290      B038BA
 291 0484 781E5CAC 		.ascii	"x\036\\\254\346.~\006\235s\320I*\367\314\370Q%N`:*R"
 291      E62E7E06 
 291      9D73D049 
 291      2AF7CCF8 
 291      51254E60 
 292 049b 9FA57BD9 		.ascii	"\237\245{\331t\364\316\254\252\244\341\026#\000&\301"
ARM GAS  C:\Users\RUVIMK~1\AppData\Local\Temp\cchFYTNB.s 			page 23


 292      74F4CEAC 
 292      AAA4E116 
 292      230026C1 
 293 04ab A66301B9 		.ascii	"\246c\001\271T\022-8Ur\3072g\325\341T\246$\2631\267"
 293      54122D38 
 293      5572C732 
 293      67D5E154 
 293      A624B331 
 294 04c0 42B02981 		.ascii	"B\260)\201pKb\341\266\011\264\304JZ@\251+-q\316\265"
 294      704B62E1 
 294      B609B4C4 
 294      4A5A40A9 
 294      2B2D71CE 
 295 04d5 CCA69EA8 		.ascii	"\314\246\236\250\364\300V\252\005%\354\0329\350\205"
 295      F4C056AA 
 295      0525EC1A 
 295      39E885
 296 04e4 F732626E 		.ascii	"\3672bn(\355&b\323\247\0032\246\346f\2127\25734\377"
 296      28ED2662 
 296      D3A70332 
 296      A6E6668A 
 296      37AF3334 
 297 04f9 67B7CE2B 		.ascii	"g\267\316+q1\343\355L\274z[\215\2172\254Um]s\330\206"
 297      7131E3ED 
 297      4CBC7A5B 
 297      8D8F32AC 
 297      556D5D73 
 298 050f B595C662 		.ascii	"\265\225\306b\022\340L\370V8\023\235\343l\276\2303\251"
 298      12E04CF8 
 298      5638139D 
 298      E36CBE98 
 298      33A9
 299 0521 C5D54CDD 		.ascii	"\305\325L\335\211\224\235\020\214\015\214\350IO\250"
 299      89949D10 
 299      8C0D8CE8 
 299      494FA8
 300 0530 F1C05719 		.ascii	"\361\300W\031Q\227\374\350\270\033\276\305\210-O\373"
 300      5197FCE8 
 300      B81BBEC5 
 300      882D4FFB 
 301 0540 CBBDF15D 		.ascii	"\313\275\361]F\014\3076\334Q\342aF\224m\272W\240\005"
 301      460CC736 
 301      DC51E261 
 301      46946DBA 
 301      57A005
 302 0553 63FC2094 		.ascii	"c\374 \224\220\254\266\371\261\332v\264a\262D\211\307"
 302      90ACB6F9 
 302      B1DA76B4 
 302      61B24489 
 302      C7
 303 0564 9839874B 		.ascii	"\2309\207K\356}.\013\241\345\233\266\220\351M\007\203"
 303      EE7D2E0B 
 303      A1E59BB6 
 303      90E94D07 
 303      83
 304 0575 764B06F9 		.ascii	"vK\006\371q{b,\226\375\026\274T\201\336\362Co\2025{"
 304      717B622C 
ARM GAS  C:\Users\RUVIMK~1\AppData\Local\Temp\cchFYTNB.s 			page 24


 304      96FD16BC 
 304      5481DEF2 
 304      436F8235 
 305 058a C01A3F6E 		.ascii	"\300\032?n\315.\301\017\245\011\324\232\202\275\371"
 305      CD2EC10F 
 305      A509D49A 
 305      82BDF9
 306 0599 A73DF10C 		.ascii	"\247=\361\014S\320S2\326\216e\001\364z\005\015\240L"
 306      53D05332 
 306      D68E6501 
 306      F47A050D 
 306      A04C
 307 05ab D0609534 		.ascii	"\320`\2254\244\013.Td8W\021\223z\265\330\015Gk\250\212"
 307      A40B2E54 
 307      64385711 
 307      937AB5D8 
 307      0D476BA8 
 308 05c0 98333B2E 		.ascii	"\2303;.k\304:b?\374k'\303mQ6?K\322%\033\220dIH2\005"
 308      6BC43A62 
 308      3FFC6B27 
 308      C36D5136 
 308      3F4BD225 
 309 05db 5E487665 		.ascii	"^Hve\014.\305\361\032\026:\211\363e\030'3u#\333\363"
 309      0C2EC5F1 
 309      1A163A89 
 309      F3651827 
 309      337523DB 
 310 05f0 ABD4CED5 		.ascii	"\253\324\316\325\345\272T\327\257y\037\355\003M9N4u"
 310      E5BA54D7 
 310      AF791FED 
 310      034D394E 
 310      3475
 311 0602 678F4D2A 		.ascii	"g\217M*\361\036\246\352@S\331e\015\316f\252n>iK\225"
 311      F11EA6EA 
 311      4053D965 
 311      0DCE66AA 
 311      6E3E694B 
 312 0617 12631864 		.ascii	"\022c\030d\034\004\031\007\034e8A\222\347\334o\243q"
 312      1C041907 
 312      1C653841 
 312      92E7DC6F 
 312      A371
 313 0629 037D7C73 		.ascii	"\003}|s\267\224\344GZ\372[\370 S<\222\327~\204\024\316"
 313      B794E447 
 313      5AFA5BF8 
 313      20533C92 
 313      D77E8414 
 314 063e 0077F437 		.ascii	"\000w\3647Y\320\004\260\240\311J\351\337\343\206K\030"
 314      59D004B0 
 314      A0C94AE9 
 314      DFE3864B 
 314      18
 315 064f 2CEB93A3 		.ascii	",\353\223\243s\266u\244<\326\362\275\350\225\012t\034"
 315      73B675A4 
 315      3CD6F2BD 
 315      E8950A74 
 315      1C
ARM GAS  C:\Users\RUVIMK~1\AppData\Local\Temp\cchFYTNB.s 			page 25


 316 0660 C2B992C4 		.ascii	"\302\271\222\304x\011\250\016\340\252\013Au\201 \255"
 316      7809A80E 
 316      E0AA0B41 
 316      758120AD 
 317 0670 883FCDA6 		.ascii	"\210?\315\246+b1XQ$Y\021\300\035\261%.?\331\003\037"
 317      2B623158 
 317      51245911 
 317      C01DB125 
 317      2E3FD903 
 318 0685 674AD292 		.ascii	"gJ\322\222\373ok\344\225\347,\015\234r\030Z*\015-\226"
 318      FB6F6BE4 
 318      95E72C0D 
 318      9C72185A 
 318      2A0D2D96 
 319 0699 1CB00848 		.ascii	"\034\260\010H\231\023 $\245\312n\237V\342SL\313\223"
 319      99132024 
 319      A5CA6E9F 
 319      56E2534C 
 319      CB93
 320 06ab F8911CD7 		.ascii	"\370\221\034\327\246T\2704\345\376\014\356n\332F\212"
 320      A654B834 
 320      E5FE0CEE 
 320      6EDA468A 
 321 06bb D4110074 		.ascii	"\324\021\000tX\002T.\316ju\342\2238\273=\026a\224\366"
 321      5802542E 
 321      CE6A75E2 
 321      9338BB3D 
 321      166194F6 
 322 06cf 5847051D 		.ascii	"XG\005\035\337\322\306\364\037\353@x\236\315\302\365"
 322      DFD2C6F4 
 322      1FEB4078 
 322      9ECDC2F5 
 323 06df A7276775 		.ascii	"\247'gu8VK\010eql\341\270\022\005\370!\030\205\230#"
 323      38564B08 
 323      65716CE1 
 323      B81205F8 
 323      21188598 
 324 06f4 C88E5881 		.ascii	"\310\216X\201\252A\3241\001\213[\374\014\013\300\037"
 324      AA41D431 
 324      018B5BFC 
 324      0C0BC01F 
 325 0704 FF1BE986 		.ascii	"\377\033\351\206s-=:\211\211*\260\206\\R\240\023`\313"
 325      732D3D3A 
 325      89892AB0 
 325      865C52A0 
 325      1360CB
 326 0717 71E68DC3 		.ascii	"q\346\215\303Y\347f\334\3349\367\326\227q\337y\272p"
 326      59E766DC 
 326      DC39F7D6 
 326      9771DF79 
 326      BA70
 327 0729 5A2737AA 		.ascii	"Z'7\252\306\316\250Z\233Q\247.\304\026x\340\255Z\266"
 327      C6CEA85A 
 327      9B51A72E 
 327      C41678E0 
 327      AD5AB6
 328 073c A23EDF77 		.ascii	"\242>\337wO\203\2673\342iz\313\001O\234\306\210\235"
ARM GAS  C:\Users\RUVIMK~1\AppData\Local\Temp\cchFYTNB.s 			page 26


 328      4F83B733 
 328      E2697ACB 
 328      014F9CC6 
 328      889D
 329 074e C5973AD5 		.ascii	"\305\227:\3258\235\021=\245\363\265j\234\311\210\275"
 329      389D113D 
 329      A5F3B56A 
 329      9CC988BD 
 330 075e 5D13251A 		.ascii	"]\023%\032\3745%\204\216\205\241!w\373m\347_~ U\325"
 330      FC352584 
 330      8E85A121 
 330      77FB6DE7 
 330      5F7E2055 
 331 0773 D300556F 		.ascii	"\323\000Uo\277\351\034\315\372\373h\213\005\241&A\207"
 331      BFE91CCD 
 331      FAFB688B 
 331      05A12641 
 331      87
 332 0784 1AA5D9D1 		.ascii	"\032\245\331\321\363-g_L\363U->\304TM\214^{\346\211"
 332      F32D675F 
 332      4CF3552D 
 332      3EC4544D 
 332      8C5E7BE6 
 333 0799 8B186199 		.ascii	"\213\030a\231\251\273\245\306e\214\270\275\353i\237"
 333      A9BBA5C6 
 333      658CB8BD 
 333      EB699F
 334 07a8 1B3EC288 		.ascii	"\033>\302\210s\327\023\352\225\270\222\021\207\332\372"
 334      73D713EA 
 334      95B89211 
 334      87DAFA
 335 07b7 2C2A7C9C 		.ascii	",*|\234\021\265\333\332\236iq\015#2\252\267\304\270"
 335      11B5DBDA 
 335      9E69710D 
 335      2332AAB7 
 335      C4B8
 336 07c9 E33A4614 		.ascii	"\343:F\024-L&"
 336      2D4C26
 337 07d0 EBF0296E 		.ascii	"\353\360)ny\355\345\\\201%\237?\271MhH8\207\331\232"
 337      79EDE55C 
 337      81259F3F 
 337      B94D6848 
 337      3887D99A 
 338 07e4 93031B7A 		.ascii	"\223\003\033z\217\363\233\316o\321\"\177\366\363\015"
 338      8FF39BCE 
 338      6FD1227F 
 338      F6F30D
 339 07f3 F0F7CF25 		.ascii	"\360\367\317%\3266\214YU\017\212\266%Yr\032\2315g\300"
 339      D6368C59 
 339      550F8AB6 
 339      2559721A 
 339      993567C0 
 340 0807 9A4EC157 		.ascii	"\232N\301W\262\376\220@\343\211L\200\202\015\351\377"
 340      B2FE9040 
 340      E3894C80 
 340      820DE9FF 
 341 0817 CF0C4B43 		.ascii	"\317\014KC\034\246\354\347\035\331W\020\356\225\022"
ARM GAS  C:\Users\RUVIMK~1\AppData\Local\Temp\cchFYTNB.s 			page 27


 341      1CA6ECE7 
 341      1DD95710 
 341      EE9512
 342 0826 F3B08CB9 		.ascii	"\363\260\214\271\315)\263\\\364\254\214\273\305\221"
 342      CD29B35C 
 342      F4AC8CBB 
 342      C591
 343 0834 BB1239B2 		.ascii	"\273\0229\262\267\376Yb?\353\310~l\021{\277\214\375"
 343      B7FE5962 
 343      3FEBC87E 
 343      6C117BBF 
 343      8CFD
 344 0846 9423FB13 		.ascii	"\224#\373\023\344\200\374\212\214\273\331\271W(w\012"
 344      E480FC8A 
 344      8CBBD9B9 
 344      5728770A 
 345 0856 BD298206 		.ascii	"\275)\202\006\267?\350\"\004s;\\C\027\370\010\210\014"
 345      B73FE822 
 345      04733B5C 
 345      4317F808 
 345      880C
 346 0868 740302E8 		.ascii	"t\003\002\350\262\340\217\256@\273\005\355*\264\233"
 346      B2E08FAE 
 346      40BB05ED 
 346      2AB49B
 347 0877 D0AE41EB 		.ascii	"\320\256A\353\200v\011\332u\301\237&\033\213\257\366"
 347      807609DA 
 347      75C19F26 
 347      1B8BAFF6 
 348 0887 DBAFD0F8 		.ascii	"\333\257\320\370\002\011\012\036\\\012\033\260\346\036"
 348      02090A1E 
 348      5C0A1BB0 
 348      E61E
 349 0895 9FDC58CB 		.ascii	"\237\334X\313\2717)\262s\316\315\226\331\361H\346\323"
 349      B93729B2 
 349      73CECD96 
 349      D9F148E6 
 349      D3
 350 08a6 56E73EA5 		.ascii	"V\347>\245\334d\377\327?2\252\222\347\237\234W\201n"
 350      DC64FFD7 
 350      3F32AA92 
 350      E79F9C57 
 350      816E
 351 08b8 DBF2AFA7 		.ascii	"\333\362\257\2476w\332\023\307\322{q<;Ys\014!\377\000"
 351      3677DA13 
 351      C7D27B71 
 351      3C3B5973 
 351      0C21FF00 
 352 08cc 5FA60F6A 		.ascii	"_\246\017jW\306@\002\213(\030\201\032@g\257\363\020"
 352      57C64002 
 352      8B281881 
 352      1A4067AF 
 352      F310
 353 08de E1C61630 		.ascii	"\341\306\0260c{\355\215M\341;\034\352W\333\340..\215"
 353      637BED8D 
 353      4DE13B1C 
 353      EA57DBE0 
ARM GAS  C:\Users\RUVIMK~1\AppData\Local\Temp\cchFYTNB.s 			page 28


 353      2E2E8D
 354 08f1 F8B507FC 		.ascii	"\370\265\007\374\332\315\375F\262!\346\376\010\306;"
 354      DACDFD46 
 354      B221E6FE 
 354      08C63B
 355 0900 D8038207 		.ascii	"\330\003\202\007\203E\035\002\336\305\210\254\336\306"
 355      83451D02 
 355      DEC588AC 
 355      DEC6
 356 090e 1EBE6B3F 		.ascii	"\036\276k?M\350c\275i\361:\236\033\344\221\305\375\251"
 356      4DE863BD 
 356      69F13A9E 
 356      1BE491C5 
 356      FDA9
 357 0920 A90E35DE 		.ascii	"\251\0165\336\313\230+\026\0126c\234\307\210gy\027o"
 357      CB982B16 
 357      0A36639C 
 357      C7886779 
 357      176F
 358 0932 68712923 		.ascii	"hq)#N=\277\231\345\216\253(\361\353\003\347z\233=\220"
 358      4E3DBF99 
 358      E58EAB28 
 358      F1EB03E7 
 358      7A9B3D90 
 359 0946 AFBFCED7 		.ascii	"\257\277\316\327\337\327\237\374\207?\177r\036\000?"
 359      DFD79FFC 
 359      873F7F72 
 359      1E003F
 360 0955 9A6201FE 		.ascii	"\232b\001\376K\374\351\025\177\240u:\322\031\340o\373"
 360      4BFCE915 
 360      7FA0753A 
 360      D219E06F 
 360      FB
 361 0966 05043837 		.ascii	"\005\00487p\022\366\326C\334\300X\034\200\276\341\006"
 361      7012F6D6 
 361      43DCC058 
 361      1C80BEE1 
 361      06
 362 0977 32E72E94 		.ascii	"2\347.\224\251\2367mg\316\035\006\3476qn'\316\225M\343"
 362      A99E376D 
 362      67CE1D06 
 362      E736716E 
 362      27CE954D 
 363 098c 03BB6924 		.ascii	"\003\273i$\343\230\233\355B\367.\204n?\011\335\375\240"
 363      E3989BED 
 363      42F72E84 
 363      6E3F09DD 
 363      FDA0
 364 099e 758423C8 		.ascii	"u\204#\310\205\363}\330\037\345@\333\013\355kh\331\320"
 364      85F37DD8 
 364      1FE540DB 
 364      0BED6B68 
 364      D9D0
 365 09b0 B2A06542 		.ascii	"\262\240eB\313\200f\205\226\016m\023\264hh\026h\013"
 365      CB806685 
 365      960E6D13 
 365      B4686816 
ARM GAS  C:\Users\RUVIMK~1\AppData\Local\Temp\cchFYTNB.s 			page 29


 365      680B
 366 09c2 10D263D0 		.ascii	"\020\322c\320F\241=\264\263\340\321\357Y8BE\275\007"
 366      46A13DB4 
 366      B3E0D1EF 
 366      59384245 
 366      BD07
 367 09d4 73392207 		.ascii	"s9\"\007\177\0239\317*\033\264;|\304\377\017\264\371"
 367      7F1339CF 
 367      2A1BB43B 
 367      7CC4FF0F 
 367      B4F9
 368 09e6 369FFD34 		.ascii	"6\237\3754\261\310\215\350m\344\000\356\326\242z\322"
 368      B1C88DE8 
 368      6DE400EE 
 368      D6A27AD2 
 369 09f6 D3B684F1 		.ascii	"\323\266\204\361\217\203G\357;\347w\234\212\011\273"
 369      8F8347EF 
 369      3BE7779C 
 369      8A09BB
 370 0a05 A9186719 		.ascii	"\251\030g\031egl\025\\=Fo\231\301\330\011n\354s\010"
 370      65676C15 
 370      5C3D466F 
 370      99C1D809 
 370      6EEC7308 
 371 0a19 F52900FC 		.ascii	"\365)\000\374\004\332#;\320M'U\363G-\226x5\232\344\361"
 371      04DA233B 
 371      D04D2755 
 371      F3472D96 
 371      78359AE4 
 372 0a2e 30E1AA68 		.ascii	"0\341\252h\312`<\266\2031\371\"\030\363\240\372\345"
 372      CA603CB6 
 372      8331F922 
 372      18F3A0FA 
 372      E5
 373 0a3f 30FA0F61 		.ascii	"0\372\017a\313\201\2454\266n8\307 \226$\310\370\216"
 373      CB81A534 
 373      B66E38C7 
 373      209624C8 
 373      F88E
 374 0a51 3D9A681A 		.ascii	"=\232h\032\004\323\300\266\231\233i\333\026\255p\036"
 374      04D3C0B6 
 374      999B69DB 
 374      16AD701E 
 375 0a61 04B6EBCF 		.ascii	"\004\266\353\317\000\304\014\0074\007\347\263\000\346"
 375      00C40C07 
 375      3407E7B3 
 375      00E6
 376 0a6f A9639624 		.ascii	"\251c\226$\235\221e\3118 \232q\261\3608\3271\306G\270"
 376      9D9165C9 
 376      38209A71 
 376      B1F038D7 
 376      31C647B8 
 377 0a83 D6D11FC0 		.ascii	"\326\321\037\300\342X\314\302\305\362e%\256'\237\225"
 377      E258CCC2 
 377      C5F26525 
 377      AE279F95 
 378 0a93 B819FB12 		.ascii	"\270\031\373\022\307\367\255\255\252\244\375;\311f\217"
ARM GAS  C:\Users\RUVIMK~1\AppData\Local\Temp\cchFYTNB.s 			page 30


 378      C7F7ADAD 
 378      AAA4FD3B 
 378      C9668F
 379 0aa2 B86342BA 		.ascii	"\270cB\272\267&\3346\246\223\252\231r\262\271\235p&"
 379      B726DC36 
 379      A693AA99 
 379      72B2B99D 
 379      7026
 380 0ab4 6270B786 		.ascii	"bp\267\206\334)\222Y\275/mG&\350x\006w\256LU\334\262"
 380      DC299259 
 380      BD2F6D47 
 380      26E87806 
 380      77AE4C55 
 381 0aca D9B22390 		.ascii	"\331\262#\220>\332\370\3061X\207\354\203\033D>\372H"
 381      3EDAF8C6 
 381      315887EC 
 381      831B443E 
 381      FA48
 382 0adc 9AA251CE 		.ascii	"\232\242Q\316ns\317\310\"\366\306\217\230;b\260/z\344"
 382      6E73CFC8 
 382      22F6C68F 
 382      983B62B0 
 382      2F7AE4
 383 0aef 287DC421 		.ascii	"(}\304!\257\027\025\2758\310egE\217[\267\227yo\310\205"
 383      AF1715BD 
 383      38C86567 
 383      458F5BB7 
 383      97796FC8 
 384 0b04 F7E67744 		.ascii	"\367\346wD\203c\210\346\307\222\363\206D\343-4\036\022"
 384      836388E6 
 384      C792F386 
 384      44E32D34 
 384      1E12
 385 0b16 0A783C6C 		.ascii	"\012x<l\306K\320\224#\300'2{v:C\250\240\343\010\274"
 385      C64BD094 
 385      23C02732 
 385      7B763A43 
 385      A8A0E308 
 386 0b2b 3D006F37 		.ascii	"=\000o7\224\221]\320\322\240\355\200\226\014-\036\332"
 386      94915DD0 
 386      D2A0ED80 
 386      960C2D1E 
 386      DA
 387 0b3c 56685BB0 		.ascii	"Vh[\260<JZ?dn!N\237\006\255D\212\313\275R{\275\254\236"
 387      3C4A5A3F 
 387      646E214E 
 387      9F06AD44 
 387      8ACBBD52 
 388 0b54 3C7D1977 		.ascii	"<}\031w\343o\230\350mX\207f\\3\313\222>\001\313\223"
 388      E36F98E8 
 388      6D588766 
 388      5C33CB92 
 388      3E01CB93 
 389 0b68 1EC62D4A 		.ascii	"\036\306-J\372x(\264[I\241\335\002QD\330\211\305\333"
 389      FA7828B4 
 389      5B49A1DD 
 389      025144D8 
ARM GAS  C:\Users\RUVIMK~1\AppData\Local\Temp\cchFYTNB.s 			page 31


 389      89C5DB
 390 0b7b C1E224B0 		.ascii	"\301\342$\260,Q\262\014|:vQ5\366h\310b\331\251\243\017"
 390      2C51B20C 
 390      7C3A7651 
 390      35F668C8 
 390      62D9A9A3 
 391 0b90 526611B6 		.ascii	"Rf\021\266\223\2778\351\207\177@\012\204\230\361\204"
 391      93BF38E9 
 391      877F400A 
 391      8498F184 
 392 0ba0 D749C6F3 		.ascii	"\327I\306\363\011\337\254\"\341\014<\016\273\0376\227"
 392      09DFAC22 
 392      E10C3C0E 
 392      BB1F3697 
 393 0bb0 170FF1B9 		.ascii	"\027\017\361\271$OF\266\011/\361SG-\367j\0128j\273k"
 393      244F46B6 
 393      092FF153 
 393      472DF76A 
 393      0A386ABB 
 394 0bc5 6E99A376 		.ascii	"n\231\243v\002\247\344\250\024\346(\027\353)J\005\367"
 394      02A7E4A8 
 394      14E62817 
 394      EB294A05 
 394      F7
 395 0bd6 484BAA2D 		.ascii	"HK\252-(gn\220l%\222\222\245\214\034\246\205\326V\244"
 395      28676E90 
 395      6C259292 
 395      A58C1CA6 
 395      85D656A4 
 396 0bea 6ACE7243 		.ascii	"j\316rC`1\334\361B;\210S\252\371\352D\254Ny\031\367"
 396      6031DCF1 
 396      423B8853 
 396      AAF9EA44 
 396      AC4E7919 
 397 0bff F0AF5874 		.ascii	"\360\257Xt\020\346\235\256\231\031\334\251\343j\342"
 397      10E69DAE 
 397      9919DCA9 
 397      E36AE2
 398 0c0e 6FE059BC 		.ascii	"o\340Y\274\333\354(\365\211\215\265\244\277I\237d\244"
 398      DBEC28F5 
 398      898DB5A4 
 398      BF499F64 
 398      A4
 399 0c1f F2F597DF 		.ascii	"\362\365\227\337\304\261\264i\227-\211\303\313\322-"
 399      C4B1B469 
 399      972D89C3 
 399      CBD22D
 400 0c2e 0DD1983E 		.ascii	"\015\321\230>\214\330\353\214\371-\331\356\235\363\222"
 400      8CD8EB8C 
 400      F92DD9EE 
 400      9DF392
 401 0c3d 870EFB9D 		.ascii	"\207\016\373\235\361\312&q\260\230O\"\334\330\242|\307"
 401      F1CA2671 
 401      B0984F22 
 401      DCD8A27C 
 401      C7
 402 0c4e 7DC3E27B 		.ascii	"}\303\342{\224[?g\346\303-#\252t\316.\223\336\377\217"
ARM GAS  C:\Users\RUVIMK~1\AppData\Local\Temp\cchFYTNB.s 			page 32


 402      945B3F67 
 402      E6C32D23 
 402      AA74CE2E 
 402      93DEFF8F 
 403 0c62 522D3FE9 		.ascii	"R-?\351\310\275\370>\342\226\214\275\3169\273l&\332"
 403      C8BDF83E 
 403      E2968CBD 
 403      CE39BB6C 
 403      26DA
 404 0c74 0BF9BCD1 		.ascii	"\013\371\274\321m\253#\373\342\233\232F.\235lB\372\234"
 404      6DAB23FB 
 404      E29B9A46 
 404      2E9D6C42 
 404      FA9C
 405 0c86 B3CBA4CF 		.ascii	"\263\313\244\317\376\314~%\035q\276\222\362y\346;\355"
 405      FECC7E25 
 405      1D71BE92 
 405      F279E63B 
 405      ED
 406 0c97 111785F4 		.ascii	"\021\027\205\364\341c\022\263$\272\007\244\230\035\241"
 406      E16312B3 
 406      24BA07A4 
 406      981DA1
 407 0ca6 8514B6BF 		.ascii	"\205\024\266\277\227\012s3ux\200>\261\371\273\303\023"
 407      970A7333 
 407      7578803E 
 407      B1F9BBC3 
 407      13
 408 0cb7 3B633528 		.ascii	";c5(`\011\337\374\372\372\2633\330\364\302\366\227?"
 408      6009DFFC 
 408      FAFAB333 
 408      D8F4C2F6 
 408      973F
 409 0cc9 54E95115 		.ascii	"T\351Q\025\334\335N\326\265r\010\276sRi>\210\227\210"
 409      DCDD4ED6 
 409      B57208BE 
 409      7352693E 
 409      889788
 410 0cdc 7576D1C2 		.ascii	"uv\321\302{\032\330\016\362R[\005\231u\030\012\317!"
 410      7B1AD80E 
 410      F2525B05 
 410      9975180A 
 410      CF21
 411 0cee BBC23395 		.ascii	"\273\3023\225\351\316L\316\207\022r\206\263\177\333"
 411      E9CE4CCE 
 411      87127286 
 411      B37FDB
 412 0cfd CD83828E 		.ascii	"\315\203\202\216\"\302k@x!\010/\260\253\327\243\231"
 412      22C26B40 
 412      7821082F 
 412      B0ABD7A3 
 412      99
 413 0d0e 7CB2C89B 		.ascii	"|\262\310\233\261f\304\224\270\276_\035\314\344aY\004"
 413      B166C494 
 413      B8BE5F1D 
 413      CCE46159 
 413      04
ARM GAS  C:\Users\RUVIMK~1\AppData\Local\Temp\cchFYTNB.s 			page 33


 414 0d1f 797ED629 		.ascii	"y~\326)\273cm)\266+\302EN\212p\007\\\275N\306W\003\304"
 414      BB636D29 
 414      B62BC245 
 414      4E8A7007 
 414      5CBD4EC6 
 415 0d36 520EF704 		.ascii	"R\016\367\004\234\037\007\270e\320J\354\374\321\236"
 415      9C1F07B8 
 415      65D04AEC 
 415      FCD19E
 416 0d45 ED936A21 		.ascii	"\355\223j!\030\310\352\337\011\030\310\020\333\356M"
 416      18C8EADF 
 416      0918C810 
 416      DBEE4D
 417 0d54 1E5FCEB5 		.ascii	"\036_\316\265\\\343C^\254e\326\2179\235L\345\011>\302"
 417      5CE3435E 
 417      AC65D68F 
 417      399D4CE5 
 417      093EC2
 418 0d67 DEE9B2D5 		.ascii	"\336\351\262\325s\321\254\346\201\334\027\317j\2078"
 418      73D1ACE6 
 418      81DC17CF 
 418      6A8738
 419 0d76 AB474070 		.ascii	"\253G@p\365w\236\325#\334\200c \374(\010\257\260\233"
 419      F5779ED5 
 419      23DC8063 
 419      20FC2808 
 419      AFB09B
 420 0d89 D576F9AC 		.ascii	"\325v\371\254\326 \246\304\365\2546\213\263Z\211\331"
 420      D620A6C4 
 420      F5AC368B 
 420      B35A89D9 
 421 0d99 DE6E31BB 		.ascii	"\336n1\273\343\254\226\313\312\253\202\214\223\362j"
 421      E3AC96CB 
 421      CAAB828C 
 421      93F26A
 422 0da8 3E8316D7 		.ascii	">\203\026\327#\330I\316Mex\221k\007\235\025\336\321"
 422      23D849CE 
 422      4D657891 
 422      6B079D15 
 422      DED1
 423 0dba 2C0E9ABC 		.ascii	",\016\232\274\330l\341.wY\302\007\263Xj\227:S3h]J\366"
 423      D86CE12E 
 423      7759C207 
 423      B3586A97 
 423      3A533368 
 424 0dd1 3334F60E 		.ascii	"34\366\016`[\036\022^\333\0165\223\242\314\267\037N"
 424      605B1E12 
 424      5EDB0E35 
 424      93A2CCB7 
 424      1F4E
 425 0de3 E21332BF 		.ascii	"\342\0232\277\264x\256\334\235\2760\206\205\212\275"
 425      B478AEDC 
 425      9DBE3086 
 425      858ABD
 426 0df2 57CEC948 		.ascii	"W\316\311H(\367\224\277\020\376\313\017d/\204Ob\362"
 426      28F794BF 
 426      10FECB0F 
ARM GAS  C:\Users\RUVIMK~1\AppData\Local\Temp\cchFYTNB.s 			page 34


 426      642F844F 
 426      62F2
 427 0e04 42B816F3 		.ascii	"B\270\026\363\027\3029\321\011W\355\236+\300u\231\273"
 427      17C239D1 
 427      0957ED9E 
 427      2BC07599 
 427      BB
 428 0e15 EAB0EC85 		.ascii	"\352\260\354\205pY\343\201\207Z|\320\203>\231k-\177"
 428      7059E381 
 428      875A7CD0 
 428      833E996B 
 428      2D7F
 429 0e27 50EC8102 		.ascii	"P\354\201\002t\014\343\364\210\352\341%\372j\235\014"
 429      740CE3F4 
 429      88EAE125 
 429      FA6A9D0C 
 430 0e37 90ECA8A3 		.ascii	"\220\354\250\243\356v!\0365@HH\032\310X\320rv\252d\257"
 430      EE76211E 
 430      35404848 
 430      1AC858D0 
 430      7276AA64 
 431 0e4c 37BE45B5 		.ascii	"7\276E\265\240\373\231I9\356\270\217\021Es\031w\241"
 431      A0FB9949 
 431      39EEB88F 
 431      11457319 
 431      77A1
 432 0e5e CA31A2BC 		.ascii	"\3121\242\2746n\204\177\313\320@\336u<\260$\234D\370"
 432      366E847F 
 432      CBD040DE 
 432      753CB024 
 432      9C44F8
 433 0e71 01BDA8DD 		.ascii	"\001\275\250\335\332qy\014#r\323\357o{\234\326\236\341"
 433      DA71790C 
 433      2372D3EF 
 433      6F7B9CD6 
 433      9EE1
 434 0e83 C79ECD80 		.ascii	"\307\236\315\200\243\232\001a\013~\341J\322\272\224"
 434      A39A0161 
 434      0B7EE14A 
 434      D2BA94
 435 0e92 D57AB2AA 		.ascii	"\325z\262\252\235vdwu\223r\006\373\361%\254\205G\375"
 435      9D766477 
 435      75937206 
 435      FBF125AC 
 435      8547FD
 436 0ea5 7930B115 		.ascii	"y0\261\025\242\376\034\264vhm\320.@;k\227\005\303\354"
 436      A2FE1CB4 
 436      76686DD0 
 436      2E403B6B 
 436      9705C3EC 
 437 0eb9 164D5C12 		.ascii	"\026M\\\022\027\353\222oE\255\257\346\332n\205\373\034"
 437      17EB926F 
 437      45ADAFE6 
 437      DA6E85FB 
 437      1C
 438 0eca B9E54585 		.ascii	"\271\345E\205?\303\331\203I\370\264,\332\261\221@\026"
 438      3FC3D983 
ARM GAS  C:\Users\RUVIMK~1\AppData\Local\Temp\cchFYTNB.s 			page 35


 438      49F8B42C 
 438      DAB19140 
 438      16
 439 0edb 6591696B 		.ascii	"e\221ikt\356\024\231\352\321t\356B\342\224&Gv\373\007"
 439      74EE1499 
 439      EAD174EE 
 439      42E29426 
 439      4776FB07 
 440 0eef 568DBD83 		.ascii	"V\215\275\203\325\030\217\261`I\033=\226\000K\222/C"
 440      D5188FB1 
 440      60491B3D 
 440      96004B92 
 440      2F43
 441 0f01 D4C1D2EE 		.ascii	"\324\301\322\3562\014\276(\205J\013\015y\247\356D\227"
 441      320CBE28 
 441      854A0B0D 
 441      79A7EE44 
 441      97
 442 0f12 C08BDFD6 		.ascii	"\300\213\337\326\243\344e\353\265\2542OyP_\266\253\354"
 442      A3E465EB 
 442      B5AC324F 
 442      79505FB6 
 442      ABEC
 443 0f24 57580D20 		.ascii	"WX\015 G\362\325\307\334\363>\015\216\325\261gS\031"
 443      47F2D5C7 
 443      DCF33E0D 
 443      8ED5B167 
 443      5319
 444 0f36 D9E94A1C 		.ascii	"\331\351J\034\317\210\364\235\305POwQB\331=u\355\211"
 444      CF88F49D 
 444      C5504F77 
 444      5142D93D 
 444      75ED89
 445 0f49 0AF9EAFC 		.ascii	"\012\371\352\374]<\034\272\016\226tp\2107\001\342\015"
 445      5D3C1CBA 
 445      0E967470 
 445      883701E2 
 445      0D
 446 0f5a 0E4786A2 		.ascii	"\016G\206\242\303\016E'C\301<{1Q\363\3741\333\262w\362"
 446      C30E4527 
 446      43C13C7B 
 446      3151F3FC 
 446      31DBB277 
 447 0f6f CAD6F1C2 		.ascii	"\312\326\361\302\232\262\205Nj\207\375\244\332\325\203"
 447      9AB2854E 
 447      6A87FDA4 
 447      DAD583
 448 0f7e 4FC4EF4C 		.ascii	"O\304\357L:\237M\327J\337\224\334\302\264\363\242\265"
 448      3A9F4DD7 
 448      4ADF94DC 
 448      C2B4F3A2 
 448      B5
 449 0f8f A0D2DBE5 		.ascii	"\240\322\333\345W#]\264H\334\026\213\304\355=\226&"
 449      57235DB4 
 449      48DC168B 
 449      C4ED3D96 
 449      26
ARM GAS  C:\Users\RUVIMK~1\AppData\Local\Temp\cchFYTNB.s 			page 36


 450 0fa0 41EECF2E 		.ascii	"A\356\317.\273\"\321-/\022\025=\333\233<\361\015\352"
 450      BB22D12D 
 450      2F12153D 
 450      DB9B3CF1 
 450      0DEA
 451 0fb2 34616FE1 		.ascii	"4ao\341\266\014\215\375\343{\371P\324\007\216\222F\213"
 451      B60C8DFD 
 451      E37BF950 
 451      D4078E92 
 451      468B
 452 0fc4 5F8DFCC2 		.ascii	"_\215\374\302J\277\032\351\205\013=R|tc\366\010_\235"
 452      4ABF1AE9 
 452      850B3D52 
 452      7C7463F6 
 452      085F9D
 453 0fd7 10D393E7 		.ascii	"\020\323\223\347\205\350#;_\233\367\222\304Go\242\373"
 453      85E8233B 
 453      5F9BF792 
 453      C4476FA2 
 453      FB
 454 0fe8 065F9443 		.ascii	"\006_\224C\315V^\300\301IW\261\003s\245c\330\267\376"
 454      CD565EC0 
 454      C14957B1 
 454      0373A563 
 454      D8B7FE
 455 0ffb 90950202 		.ascii	"\220\225\002\002\250"
 455      A8
 456 1000 C551F4E2 		.ascii	"\305Q\364\342\204\033L\367\241\365~\320Y\306M\245\313"
 456      841B4CF7 
 456      A1F57ED0 
 456      59C64DA5 
 456      CB
 457 1011 D6BB6B8E 		.ascii	"\326\273k\216\252]\325\025q\317\240\240\354$\304\356"
 457      AA5DD515 
 457      71CFA0A0 
 457      EC24C4EE 
 458 1021 81E7EE40 		.ascii	"\201\347\356@\324\017@\353\207vW\212\376+\273\317\024"
 458      D40F40EB 
 458      8776578A 
 458      FE2BBBCF 
 458      14
 459 1032 69F0009B 		.ascii	"i\360\000\233\201\312\222\252C\236\3107\300\371\003"
 459      81CA92AA 
 459      439EC837 
 459      C0F903
 460 1041 A46F40CA 		.ascii	"\244o@\312\313$\362E\310Jsv\010\230\357Ks2\210\371\006"
 460      CB24F245 
 460      C84A7376 
 460      0898EF4B 
 460      733288F9 
 461 1056 B4A1F2C8 		.ascii	"\264\241\362\310\264\335;\257!\273X\037\346\0317L3\256"
 461      B4DD3BAF 
 461      21BB581F 
 461      E619374C 
 461      33AE
 462 1068 FAD4C97A 		.ascii	"\372\324\311z\217^\324M>\204C\257\260\325\014\261\377"
 462      8F5ED44D 
ARM GAS  C:\Users\RUVIMK~1\AppData\Local\Temp\cchFYTNB.s 			page 37


 462      3E8443AF 
 462      B0D50CB1 
 462      FF
 463 1079 70248DD2 		.ascii	"p$\215\322\013\342\017\261~\350\025\330\201\263\022"
 463      0BE20FB1 
 463      7EE815D8 
 463      81B312
 464 1088 421C826C 		.ascii	"B\034\202l=\002\227!\210r\351\037\027\200\344R\331u"
 464      3D029721 
 464      8872E91F 
 464      1780E452 
 464      D975
 465 109a A64EFC29 		.ascii	"\246N\374)\030?\303#\215c]\202\244L6d\021V\205\355\262"
 465      183FC323 
 465      8D635D82 
 465      A44C3664 
 465      115685ED 
 466 10af 0D946424 		.ascii	"\015\224d$\342\263t\375ab\251\256\017\365\300\325O\024"
 466      E2B374FD 
 466      6162A9AE 
 466      0FF5C0D5 
 466      4F14
 467 10c1 8A1DDA70 		.ascii	"\212\035\332p\366\362k:\177N\203'Y\375q\262\266oN\232"
 467      F6F26B3A 
 467      7F4E8327 
 467      59FD71B2 
 467      B66F4E9A 
 468 10d5 DBEEC572 		.ascii	"\333\356\305r\031\202q\224\345\362@\3627\015Z\332I\226"
 468      19827194 
 468      E5F240F2 
 468      370D5ADA 
 468      4996
 469 10e7 8431D699 		.ascii	"\2041\326\2311t\241\331\203v\222Ue\234u\306\334]x\356"
 469      3174A1D9 
 469      83769255 
 469      659C75C6 
 469      DC5D78EE 
 470 10fb 692B0513 		.ascii	"i+\005\023\254\263a\367\365|V\037\310V\371\021\353\034"
 470      ACB361F7 
 470      F57C561F 
 470      C856F911 
 470      EB1C
 471 110d B9DCB95B 		.ascii	"\271\334\271[-\257\017\344\216J*\020\217i\201\230\024"
 471      2DAF0FE4 
 471      8E4A2A10 
 471      8F698198 
 471      14
 472 111e 0B44F5B1 		.ascii	"\013D\365\261\363\207T\257\347Xr\372\340\3469_Sxw3$"
 472      F38754AF 
 472      E75872FA 
 472      E0E6395F 
 472      53787733 
 473 1133 237A9FB0 		.ascii	"#z\237\260\241\021)\\\340\024\376?\304}\010=\300\275"
 473      A111295C 
 473      E014FE3F 
 473      C47D083D 
 473      C0BD
ARM GAS  C:\Users\RUVIMK~1\AppData\Local\Temp\cchFYTNB.s 			page 38


 474 1145 60F913FC 		.ascii	"`\371\023\374:\214>3\230W\245\306e\236\337\316\350i"
 474      3A8C3E33 
 474      9857A5C6 
 474      659EDFCE 
 474      E869
 475 1157 67463F75 		.ascii	"gF?uf\364\014\353<^{\363\022\263\017\302\017\315\362"
 475      66F40CEB 
 475      3C5E7BF3 
 475      12B30FC2 
 475      0FCDF2
 476 116a E1A5A5A9 		.ascii	"\341\245\245\251\236\256\355{F\355\233\023\355+)\330"
 476      9EAEED7B 
 476      46ED9B13 
 476      ED2B29D8 
 477 117a 5DEDC5ED 		.ascii	"]\355\305\355k%7\2011\026\362J\032\270\320\224d\336"
 477      6B253781 
 477      3116F24A 
 477      1AB8D094 
 477      64DE
 478 118c 94A379CF 		.ascii	"\224\243y\317\251y\011e\305\203\356\270\205\231\367"
 478      A9790965 
 478      C583EEB8 
 478      8599F7
 479 119b 78BC73DE 		.ascii	"x\274s\336\233\202!\267\377\314\276}\326\263\371n\014"
 479      9B8221B7 
 479      FFCCBE7D 
 479      D6B3F96E 
 479      0C
 480 11ac 20805860 		.ascii	" \200X`\000s\233/L\251\\\356\342\242\225\004\237E\311"
 480      00739B2F 
 480      4CA95CEE 
 480      E2A29504 
 480      9F45C9
 481 11bf F14D3F4D 		.ascii	"\361M?M\270\201\000_\037{\012S\222\014\376\337\207("
 481      B881005F 
 481      1F7B0A53 
 481      920CFEDF 
 481      8728
 482 11d1 1B9A9700 		.ascii	"\033\232\227\000\316c\366\346\030\305(\011\260\235\205"
 482      CE63F6E6 
 482      18C52809 
 482      B09D85
 483 11e0 1DED4ADC 		.ascii	"\035\355J\334\301\200M\017\035~\214|y\231\330\352r\371"
 483      C1804D0F 
 483      1D7E8C7C 
 483      7999D8EA 
 483      72F9
 484 11f2 55BC6CED 		.ascii	"U\274l\355-=|\273F-\257\004qJy%\330\244\024_T\345\026"
 484      2D3D7CBB 
 484      462DAF04 
 484      714A7925 
 484      D8A4145F 
 485 1209 77E729A9 		.ascii	"w\347)\251\325\320\307=q1\276\327\352\356zV\266P\253"
 485      D5D0C73D 
 485      7131BED7 
 485      EAEE7A56 
 485      B650AB
ARM GAS  C:\Users\RUVIMK~1\AppData\Local\Temp\cchFYTNB.s 			page 39


 486 121c 378B5637 		.ascii	"7\213V7'\316^\324p\253a\003\332vh\013\263\032\330P\254"
 486      27CE5ED4 
 486      70AB6103 
 486      DA76680B 
 486      B31AD850 
 487 1231 D266359C 		.ascii	"\322f5\2342\253\267R\253\027\366\367\234\364\304\017"
 487      32ABB752 
 487      AB17F6F7 
 487      9CF4C40F 
 488 1241 1DA3CDC5 		.ascii	"\035\243\315\305r\271M\311\002\253\345d\267\233-G\022"
 488      72B94DC9 
 488      02ABE564 
 488      B79B2D47 
 488      12
 489 1252 58E7A5FD 		.ascii	"X\347\245\375\233\007\334]\256\241I\024l\242\010\366"
 489      9B07DC5D 
 489      AEA14914 
 489      6CA208F6 
 490 1262 5C7EDD4D 		.ascii	"\\~\335M-\007\013\267\337\011y|\212\200\015\305K`\343"
 490      2D070BB7 
 490      DF09797C 
 490      8A800DC5 
 490      4B60E3
 491 1275 45B0DB29 		.ascii	"E\260\333)\330SO\342\223\334\361\002\003\233\323}9["
 491      D8534FE2 
 491      93DCF102 
 491      039BD37D 
 491      395B
 492 1287 650B6486 		.ascii	"e\013d\206\366\336`\314&\327_\177\246P\014;D\014\345"
 492      F6DE60CC 
 492      26D75F7F 
 492      A6500C3B 
 492      440CE5
 493 129a 69BDD522 		.ascii	"i\275\325\"\206\266DM\335\231\315\015\177\240L(YB\220"
 493      86B6444D 
 493      DD99CD0D 
 493      7FA04C28 
 493      594290
 494 12ad 2C22D8C9 		.ascii	",\"\330\311\202$\277\275\032\313\347\223\000\226\346"
 494      8224BFBD 
 494      1ACBE793 
 494      0096E6
 495 12bc 3395CD27 		.ascii	"3\225\315'9\002s\312\370\243T\265\273\364\001\024y\255"
 495      390273CA 
 495      F8A354B5 
 495      BBF40114 
 495      79AD
 496 12ce 27F1A629 		.ascii	"'\361\246)\311G\005+\350s$\372\351\325\350\234\322g"
 496      C947052B 
 496      E87324FA 
 496      E9D5E89C 
 496      D267
 497 12e0 075F98DE 		.ascii	"\007_\230\336G\364\343\006\011\373.\245\2178\206\022"
 497      47F4E306 
 497      09FB2EA5 
 497      8F388612 
 498 12f0 C4D8B992 		.ascii	"\304\330\271\222j\376\351\235\032\310\372\363q\265\036"
ARM GAS  C:\Users\RUVIMK~1\AppData\Local\Temp\cchFYTNB.s 			page 40


 498      6AFEE99D 
 498      1AC8FAF3 
 498      71B51E
 499 12ff 2EB5ED11 		.ascii	".\265\355\021\265\355VRu\217\267m\232\346\337B\223o"
 499      B5ED5652 
 499      758FB76D 
 499      9AE6DF42 
 499      936F
 500 1311 ECC4CF44 		.ascii	"\354\304\317D\227\260\317D\213\372\323\332\220#\030"
 500      97B0CF44 
 500      8BFAD3DA 
 500      902318
 501 1320 ABD20FA5 		.ascii	"\253\322\017\245+\211\260\014\012f\017\003\223A\301"
 501      2B89B00C 
 501      0A660F03 
 501      9341C1
 502 132f A41FAFA9 		.ascii	"\244\037\257\251\367\226;f\213\235c2\271c2\251c,\255"
 502      F7963B66 
 502      8B9D6332 
 502      B96332A9 
 502      632CAD
 503 1342 D60C3B2F 		.ascii	"\326\014;/F\3331gq\346,\312|i\264&\321\003'\260O\250"
 503      46DB3167 
 503      71E62CCA 
 503      7C69B426 
 503      D10327B0 
 504 1358 8B1317D2 		.ascii	"\213\023\027\322\\\327\201\257\351\004G\360\371\255"
 504      5CD781AF 
 504      E90447F0 
 504      F9AD
 505 1366 4F3C70C5 		.ascii	"O<p\305\035\346\267\201\224\341VMw\002y\327\033my\377"
 505      1DE6B781 
 505      94E1564D 
 505      770279D7 
 505      1B6D79FF 
 506 137a 43C287B2 		.ascii	"C\302\207\262\2459\316V:T\252\275t\256\373\366\336O"
 506      A539CE56 
 506      3A54AABD 
 506      74AEFBF6 
 506      DE4F
 507 138c F5C4F54C 		.ascii	"\365\304\365L\261\265e\370\260(\354\201Uu\253\002\266"
 507      B1B565F8 
 507      B028EC81 
 507      5575AB02 
 507      B6
 508 139d A760401C 		.ascii	"\247`@\034RRi9\222\264\034Gi\373\250\264\316\301\306"
 508      52526939 
 508      92B41C47 
 508      69FBA8B4 
 508      CEC1C6
 509 13b0 60DCC684 		.ascii	"`\334\306\204\025\226|]\356\205o2\"\241\261)K\015q\214"
 509      15967C5D 
 509      EE856F32 
 509      22A1B129 
 509      4B0D718C 
 510 13c4 F6D35023 		.ascii	"\366\323P#\367|\371\225\247\020\215\354~\333\347\321"
 510      F77CF995 
ARM GAS  C:\Users\RUVIMK~1\AppData\Local\Temp\cchFYTNB.s 			page 41


 510      A7108DEC 
 510      7EDBE7D1 
 511 13d4 7BAEE656 		.ascii	"{\256\346V\273\276\215=H\015\317\023#;s\242\336\352"
 511      BBBE8D3D 
 511      480DCF13 
 511      233B73A2 
 511      DEEA
 512 13e6 265ADEA5 		.ascii	"&Z\336\245\271Q\226\311,?'\020N\224+\202E\007\224JB"
 512      B95196C9 
 512      2C3F2710 
 512      4E942B82 
 512      4507944A 
 513 13fb D9E33D44 		.ascii	"\331\343=D\361&n*\214\326\340Bo\212\261\253\342h\233"
 513      F1266E2A 
 513      8CD6E042 
 513      6F8AB1AB 
 513      E2689B
 514 140e B7E4CA16 		.ascii	"\267\344\312\026{W\346K\306\347;\012+\240\302\016BI"
 514      7B57E64B 
 514      C6E73B0A 
 514      2BA0C20E 
 514      4249
 515 1420 F6C24799 		.ascii	"\366\302G\231\260\211\351#n\222'\013\035<Y(\011+t\024"
 515      B089E923 
 515      6E92270B 
 515      1D3C5928 
 515      092B7414 
 516 1434 5644856D 		.ascii	"VD\205m\253||\315\356\343\233\024\273\350)\346\321S"
 516      AB7C7CCD 
 516      EEE39B14 
 516      BBE829E6 
 516      D153
 517 1446 4CA3276D 		.ascii	"L\243'm\340t\2427\256c\232\357\337\337\227\306?\206"
 517      E074A237 
 517      AE639AEF 
 517      DFDF97C6 
 517      3F86
 518 1458 7E15C8EE 		.ascii	"~\025\310\356\324S\331j\026\364\227\310M\363\276\013"
 518      D453D96A 
 518      16F497C8 
 518      4DF3BE0B 
 519 1468 93BBDDF1 		.ascii	"\223\273\335\361y\306\373x\317\371\233\3743\363\037"
 519      79C6FB78 
 519      CFF99BFC 
 519      33F31F
 520 1477 925577EB 		.ascii	"\222Uw\353\310\210\267\313\354:\"f\327a\226]\315E\255"
 520      C888B7CB 
 520      EC3A2266 
 520      D761965D 
 520      CD45AD
 521 148a 5D1AC7FC 		.ascii	"]\032\307\374)\203\374)\245\371SA\363\207\016\"\334"
 521      2983FC29 
 521      A5F95341 
 521      F3870E22 
 521      DC
 522 149b 632939E3 		.ascii	"c)9\343^r\356\232\027qO\246n\356\327\374d\277\345R\003"
 522      5E72EE9A 
ARM GAS  C:\Users\RUVIMK~1\AppData\Local\Temp\cchFYTNB.s 			page 42


 522      17714FA6 
 522      6EEED7FC 
 522      64BFE552 
 523 14b0 DD5D940E 		.ascii	"\335]\224\016\304Y\2427\303\006\373\250\322\007\225"
 523      C459A237 
 523      C306FBA8 
 523      D20795
 524 14bf 83F36099 		.ascii	"\203\363`\231\225\015.\201\236?CpU*\177\242P\207\030"
 524      950D2E81 
 524      9E3F4370 
 524      552A7FA2 
 524      508718
 525 14d2 02830D46 		.ascii	"\002\203\015F\345gF\203A\025\025\270\316`\372\351\362"
 525      E5674683 
 525      411515B8 
 525      CE60FAE9 
 525      F2
 526 14e3 E52BE02F 		.ascii	"\345+\340/($\364\323\320H\323\312\367V\255\2104\255"
 526      2824F4D3 
 526      D048D3CA 
 526      F756AD88 
 526      34AD
 527 14f5 309A5798 		.ascii	"0\232W\230\214A\320\031\2741\"0<4hy\220\366w\377\366"
 527      8C41D019 
 527      BC312230 
 527      3C346879 
 527      90F677FF 
 528 150a A7D756AF 		.ascii	"\247\327V\257\\\251P\233B\377\313\2407\257\013\372\247"
 528      5CA9509B 
 528      42FFCBA0 
 528      37AF0BFA 
 528      A7
 529 151b B5E6C8C8 		.ascii	"\265\346\310\3100\323ZC\370\247\206\340`C\360\332uA"
 529      30D35A43 
 529      F8A786E0 
 529      6043F0DA 
 529      7541
 530 152d 41CB028D 		.ascii	"A\313\002\215\341\313\"\"#\014\313\014\201\237\206."
 530      E1CB2222 
 530      230CCB0C 
 530      819F862E 
 531 153d 7B77D9AA 		.ascii	"{w\331\2527W\276\273\354\257o/\013\017\374<\322\270"
 531      3757BEBB 
 531      ECAF6F2F 
 531      0B0FFC3C 
 531      D2B8
 532 154f 6C4368C4 		.ascii	"lCh\304[\253\326\206\205~Jx\327\332\361\256}w\371\252"
 532      5BABD686 
 532      857E4A78 
 532      D7DAF1AE 
 532      7D77F9AA 
 533 1563 E52BD786 		.ascii	"\345+\327\206F\004\205\255\0176\2545\231A\344g\313C"
 533      460485AD 
 533      0F36AC35 
 533      9941E467 
 533      CB43
 534 1575 14CA08C3 		.ascii	"\024\312\010\303Wf\017@\035\245\347\320\327\233\014"
ARM GAS  C:\Users\RUVIMK~1\AppData\Local\Temp\cchFYTNB.s 			page 43


 534      57660F40 
 534      1DA5E7D0 
 534      D79B0C
 535 1584 C14A0242 		.ascii	"\301J\002BIz=e\227\364fm\2241\362\313P8\365\0147\204"
 535      497A3D65 
 535      97F4666D 
 535      9431F2CB 
 535      5038F50C 
 536 159a AF33983F 		.ascii	"\2573\230?[\037\021\264Jo\376\2453\033\203\"\303\303"
 536      5B1F11B4 
 536      4A6FFEA5 
 536      331B8322 
 536      C3C3
 537 15ac 2323E00C 		.ascii	"##\340\014\360\254\340z\201\005\006\006E\032\015\240"
 537      F0ACE07A 
 537      81050606 
 537      451A0DA0 
 538 15bc DA034E23 		.ascii	"\332\003N#\215\033\211\360(\034n\376J\025\271!\302`"
 538      8D1B89F0 
 538      281C6EFE 
 538      4A15B921 
 538      C260
 539 15ce D41A0D81 		.ascii	"\324\032\015\201aQ\306\320Hw\275~}h\204\371-\220\037"
 539      6151C6D0 
 539      4877BD7E 
 539      7D6884F9 
 539      2D901F
 540 15e1 FABF7786 		.ascii	"\372\277w\206\275\023D\363\303\003\001k\204a\255\036"
 540      BD1344F3 
 540      C303016B 
 540      8461AD1E 
 541 15f1 9C10B83E 		.ascii	"\234\020\270>\314\2547o\2142\230\000\223VT\371\347\377"
 541      CCAC376F 
 541      8C329800 
 541      935654F9 
 541      E7FF
 542 1603 6B95A68D 		.ascii	"k\225\246\215\246\265zp;\310\007=\03231Qo~\377\005\236"
 542      A6B57A70 
 542      3BC8073D 
 542      1A333151 
 542      6F7EFF05 
 543 1618 8B8A349A 		.ascii	"\213\2124\232M+>\370\343\307\253?\376\212\364E\205\206"
 543      4D2B3EF8 
 543      E3C7AB3F 
 543      FE8AF445 
 543      8586
 544 162a 198CA615 		.ascii	"\031\214\246\025\277[\275\032\370E\300\032p\\X\250\311"
 544      BF5BBD1A 
 544      F845C01A 
 544      705C58A8 
 544      C9
 545 163b AC354419 		.ascii	"\2545D\031\"@\370:\017\303\227\206\010sx\240\351\013"
 545      2240F83A 
 545      0FC39786 
 545      087378A0 
 545      E90B
 546 164d 98AE70D3 		.ascii	"\230\256p\323\272\277\2567\2547\274\022\024\2427\207"
ARM GAS  C:\Users\RUVIMK~1\AppData\Local\Temp\cchFYTNB.s 			page 44


 546      BABFAE37 
 546      AC37BC12 
 546      14A23787 
 547 165d 8067834D 		.ascii	"\200g\203Mz\332\241\2142\032\276\364\266\353\322\233"
 547      7ADAA18C 
 547      321ABEF4 
 547      B6EBD29B 
 548 166d 351B0243 		.ascii	"5\033\002C\315 \302[\306Md{\311\011\275\031\255W\033"
 548      CD20C25B 
 548      C64D647B 
 548      C909BD19 
 548      AD571B
 549 1680 361005EA 		.ascii	"6\020\005\352\015f\320\036\005\007\223!<\012\007E\230"
 549      0D66D01E 
 549      05079321 
 549      3C0A0745 
 549      98
 550 1691 DDF47AEE 		.ascii	"\335\364z\356?\015?\252\240\027\376S\015:\220\013\234"
 550      3F0D3FAA 
 550      A017FE53 
 550      0D3A900B 
 550      9C
 551 16a2 81512110 		.ascii	"\201Q!\020\000\032\023\201iZ\247\202\006\014\033\314"
 551      001A1381 
 551      695AA782 
 551      060C1BCC 
 552 16b2 6663940F 		.ascii	"fc\224\017S\2447\032>3\030\015\021A\200\011\204G~\372"
 552      53A4371A 
 552      3E33180D 
 552      11418009 
 552      84477EFA 
 553 16c6 7994D6F0 		.ascii	"y\224\326\360U\2509(2\330\2406\006o\204\021J`1\271\261"
 553      55A83928 
 553      32D8A036 
 553      066F8411 
 553      4A6031B9 
 554 16db 08790FB4 		.ascii	"\010y\017\264\211G3\351\007q\237\205\005\2563i\314\341"
 554      894733E9 
 554      07719F85 
 554      05AE3369 
 554      CCE1
 555 16ed 30022893 		.ascii	"0\002(\2239\320l\320\232\351\201\210\014\3744\320d\340"
 555      39D06CD0 
 555      9AE98188 
 555      0CFC34D0 
 555      64E0
 556 16ff F1F5CEDB 		.ascii	"\361\365\316\333\340'\361\304\335d\376\"0,t]\204\336"
 556      E027F1C4 
 556      DD64FE22 
 556      302C745D 
 556      84DE
 557 1711 BCF25BCF 		.ascii	"\274\362[\317L\010\217g%\244\262A\031\024\022hTE\206"
 557      4C088F67 
 557      25A4B241 
 557      19141268 
 557      544586
 558 1724 418EA822 		.ascii	"A\216\250\"\014\033\014F\034d\376J0E\011a$\262\327A"
ARM GAS  C:\Users\RUVIMK~1\AppData\Local\Temp\cchFYTNB.s 			page 45


 558      0C1B0C46 
 558      1C64FE4A 
 558      30450961 
 558      24B2D741 
 559 1738 6CE8CDD8 		.ascii	"l\350\315\330\270r%\2647\005\343\257\004\343{\202\361"
 559      B87225B4 
 559      3705E3AF 
 559      04E37B82 
 559      F1
 560 1749 5DC1F88E 		.ascii	"]\301\370\216`\374\245`|\333\203H&.\204A/J*'\000\364"
 560      60FCA560 
 560      7CDB8348 
 560      262E8441 
 560      2F4A2A27 
 561 175f 5FBE1B0E 		.ascii	"_\276\033\016 tTBPd\204\031\362ZI\202\314\3156\233\252"
 561      20745442 
 561      50648419 
 561      F25A4982 
 561      CCCD369B 
 562 1774 F0288868 		.ascii	"\360(\210h-w\262Y\013\027\302\327\003\237\206\376\327"
 562      2D77B259 
 562      0B17C2D7 
 562      039F86FE 
 562      D7
 563 1785 9B035C94 		.ascii	"\233\003\\\224*)yMP\261@\311\033/e\204\270\000\276_"
 563      2A29794D 
 563      50B140C9 
 563      1B2F6584 
 563      B800BE5F 
 564 1799 BC5CE046 		.ascii	"\274\\\340F\223\030\311/\027\012\261\003|\236\262\262"
 564      9318C92F 
 564      170AB103 
 564      7C9EB2B2 
 565 17a9 A137AFFA 		.ascii	"\2417\257\372\016\245\207\214\240\271G\312\226\336\374"
 565      0EA5878C 
 565      A0B947CA 
 565      96DEFC
 566 17b8 F3972AE4 		.ascii	"\363\227*\344q\017cTdH\224r\003\344\230j\003\211\036"
 566      710F6354 
 566      64489472 
 566      03E4986A 
 566      03891E
 567 17cb 1C685CE7 		.ascii	"\034h\\\347\313"
 567      CB
 568 17d0 3D196C30 		.ascii	"=\031l0\005\031C\243\314\221P!U4|< f\015Af=)\243\036"
 568      051943A3 
 568      CC915021 
 568      55347C3C 
 568      20660D41 
 569 17e9 C4E9BC82 		.ascii	"\304\351\274\202\276\363\335\012%\031I\264\353\244j"
 569      BEF3DD0A 
 569      251949B4 
 569      EBA46A
 570 17f8 AB378BF6 		.ascii	"\2537\213\366S\261f\337\240\220\177\017\011^\0158\314"
 570      53B166DF 
 570      A0907F0F 
 570      095E0D38 
ARM GAS  C:\Users\RUVIMK~1\AppData\Local\Temp\cchFYTNB.s 			page 46


 570      CC
 571 1809 867F3546 		.ascii	"\206\1775F\206\177\0106\272\362\244\303\222\243\370"
 571      867F0836 
 571      BAF2A4C3 
 571      92A3F8
 572 1818 A1C3D88F 		.ascii	"\241\303\330\217\251\340?\200\\\310\3245A!\377\021\370"
 572      A9E03F80 
 572      5CC8D435 
 572      4121FF11 
 572      F8
 573 1829 85617DD4 		.ascii	"\205a}\324\232\357\313\330\326\2547\221:c\010\376\310"
 573      9AEFCBD8 
 573      D6AC3791 
 573      3A6308FE 
 573      C8
 574 183a 272884E8 		.ascii	"'(\204\350\372 ,,2\350\003b\263!\330#(\204\014\246]"
 574      FA202C2C 
 574      32E80362 
 574      B321D823 
 574      28840CA6 
 575 184f 70BE66A3 		.ascii	"p\276f\243\351O\021p\372\305\267\230\331\215\304L\026"
 575      E94F1170 
 575      FAC5B798 
 575      D98DC44C 
 575      16
 576 1860 FDEBE918 		.ascii	"\375\353\351\030O=\224\012\263\376\267\037\254\371\227"
 576      4F3D940A 
 576      B3FEB71F 
 576      ACF997
 577 186f 3FFCF123 		.ascii	"?\374\361#\317\300\260\015\201\033M\220\031aP\266\177"
 577      CFC0B00D 
 577      811B4D90 
 577      196150B6 
 577      7F
 578 1880 FB022F42 		.ascii	"\373\002/B\324\223\274X\261\372\3435\037\255Y\261\032"
 578      D493BC58 
 578      B1FAE335 
 578      1FAD59B1 
 578      1A
 579 1891 1263C547 		.ascii	"\022c\305G\242\232pS\250I\017U\034T\271Qx\277\007En"
 579      A29A7053 
 579      A8490F55 
 579      1C54B951 
 579      78BF0745 
 580 18a6 54295749 		.ascii	"T)WI=\254_\376\316\273+\337\321\212\324\377\000\312"
 580      3DAC5FFE 
 580      CEBB2BDF 
 580      D18AD4FF 
 580      00CA
 581 18b8 4E7D62   		.ascii	"N}b"
 582              		.text
 583              		.section	.gnu.lto_.symtab.211da723,"",%progbits
 584 0000 63685468 		.ascii	"chThdCreateFromHeap\000"
 584      64437265 
 584      61746546 
 584      726F6D48 
 584      65617000 
ARM GAS  C:\Users\RUVIMK~1\AppData\Local\Temp\cchFYTNB.s 			page 47


 585 0014 00       		.ascii	"\000"
 586 0015 00       		.ascii	"\000"
 587 0016 00       		.ascii	"\000"
 588 0017 00000000 		.ascii	"\000\000\000\000\000\000\000\000"
 588      00000000 
 589 001f F5010000 		.ascii	"\365\001\000\000"
 590 0023 63685468 		.ascii	"chThdCreateFromMemoryPool\000"
 590      64437265 
 590      61746546 
 590      726F6D4D 
 590      656D6F72 
 591 003d 00       		.ascii	"\000"
 592 003e 00       		.ascii	"\000"
 593 003f 00       		.ascii	"\000"
 594 0040 00000000 		.ascii	"\000\000\000\000\000\000\000\000"
 594      00000000 
 595 0048 FD010000 		.ascii	"\375\001\000\000"
 596 004c 63685363 		.ascii	"chSchWakeupS\000"
 596      6857616B 
 596      65757053 
 596      00
 597 0059 00       		.ascii	"\000"
 598 005a 02       		.ascii	"\002"
 599 005b 00       		.ascii	"\000"
 600 005c 00000000 		.ascii	"\000\000\000\000\000\000\000\000"
 600      00000000 
 601 0064 02020000 		.ascii	"\002\002\000\000"
 602 0068 63685468 		.ascii	"chThdCreateSuspendedI\000"
 602      64437265 
 602      61746553 
 602      75737065 
 602      6E646564 
 603 007e 00       		.ascii	"\000"
 604 007f 02       		.ascii	"\002"
 605 0080 00       		.ascii	"\000"
 606 0081 00000000 		.ascii	"\000\000\000\000\000\000\000\000"
 606      00000000 
 607 0089 08020000 		.ascii	"\010\002\000\000"
 608 008d 63684865 		.ascii	"chHeapAllocAligned\000"
 608      6170416C 
 608      6C6F6341 
 608      6C69676E 
 608      656400
 609 00a0 00       		.ascii	"\000"
 610 00a1 02       		.ascii	"\002"
 611 00a2 00       		.ascii	"\000"
 612 00a3 00000000 		.ascii	"\000\000\000\000\000\000\000\000"
 612      00000000 
 613 00ab 0E020000 		.ascii	"\016\002\000\000"
 614 00af 6368506F 		.ascii	"chPoolAlloc\000"
 614      6F6C416C 
 614      6C6F6300 
 615 00bb 00       		.ascii	"\000"
 616 00bc 02       		.ascii	"\002"
 617 00bd 00       		.ascii	"\000"
 618 00be 00000000 		.ascii	"\000\000\000\000\000\000\000\000"
 618      00000000 
ARM GAS  C:\Users\RUVIMK~1\AppData\Local\Temp\cchFYTNB.s 			page 48


 619 00c6 12020000 		.ascii	"\022\002\000\000"
 620              		.text
 621              		.section	.gnu.lto_.opts,"",%progbits
 622 0000 272D666D 		.ascii	"'-fmath-errno' '-fsigned-zeros' '-ftrapping-math' '"
 622      6174682D 
 622      6572726E 
 622      6F272027 
 622      2D667369 
 623 0033 2D666E6F 		.ascii	"-fno-trapv' '-fno-openmp' '-fno-openacc' '-mcpu=cor"
 623      2D747261 
 623      70762720 
 623      272D666E 
 623      6F2D6F70 
 624 0066 7465782D 		.ascii	"tex-m4' '-mno-thumb-interwork' '-mthumb' '-O2' '-fo"
 624      6D342720 
 624      272D6D6E 
 624      6F2D7468 
 624      756D622D 
 625 0099 6D69742D 		.ascii	"mit-frame-pointer' '-falign-functions=16' '-ffuncti"
 625      6672616D 
 625      652D706F 
 625      696E7465 
 625      72272027 
 626 00cc 6F6E2D73 		.ascii	"on-sections' '-fdata-sections' '-fno-common' '-flto"
 626      65637469 
 626      6F6E7327 
 626      20272D66 
 626      64617461 
 627 00ff 2700     		.ascii	"'\000"
 628              		.text
 629              		.comm	__gnu_lto_v1,1,1
 630              		.comm	__gnu_lto_slim,1,1
 631              		.ident	"GCC: (GNU Tools for Arm Embedded Processors 7-2017-q4-major) 7.2.1 20170904 (release) [ARM
ARM GAS  C:\Users\RUVIMK~1\AppData\Local\Temp\cchFYTNB.s 			page 49


DEFINED SYMBOLS
                            *ABS*:00000000 chdynamic.c
                            *COM*:00000001 __gnu_lto_v1
                            *COM*:00000001 __gnu_lto_slim

NO UNDEFINED SYMBOLS
