ARM GAS  C:\Users\RUVIMK~1\AppData\Local\Temp\cchbDMlK.s 			page 1


   1              		.cpu cortex-m4
   2              		.eabi_attribute 20, 1
   3              		.eabi_attribute 21, 1
   4              		.eabi_attribute 23, 3
   5              		.eabi_attribute 24, 1
   6              		.eabi_attribute 25, 1
   7              		.eabi_attribute 26, 1
   8              		.eabi_attribute 30, 2
   9              		.eabi_attribute 34, 1
  10              		.eabi_attribute 18, 4
  11              		.file	"chmemcore.c"
  12              		.section	.gnu.lto_.profile.211d9a78,"",%progbits
  13 0000 789C6363 		.ascii	"x\234cc```\001bF\006}m\000\001\001\000f"
  13      60606001 
  13      6246067D 
  13      6D000101 
  13      0066
  14              		.text
  15              		.section	.gnu.lto_.icf.211d9a78,"",%progbits
  16 0000 789C6363 		.ascii	"x\234cc``P`@\000V\206\267\247V\314\347d\354\377\373"
  16      60605060 
  16      40005686 
  16      B7A756CC 
  16      E764ECFF 
  17 0015 FE392FCB 		.ascii	"\3769/\313\207\303\033w1\261N\336\267\241\227\217m\336"
  17      87C31B77 
  17      31B14EDE 
  17      B7A1978F 
  17      6DDE
  18 0027 FA96392C 		.ascii	"\372\2269,\014\000\005\355\016\337"
  18      0C0005ED 
  18      0EDF
  19              		.text
  20              		.section	.gnu.lto_.jmpfuncs.211d9a78,"",%progbits
  21 0000 789C6363 		.ascii	"x\234cc``\320a@\000\026\020ffddd\257\237\303\314\000"
  21      6060D061 
  21      40001610 
  21      66666464 
  21      64AF9FC3 
  22 0016 C48C209A 		.ascii	"\304\214 \232\025C\204\015\250\016\000\230\376\007\026"
  22      1543840D 
  22      A80E0098 
  22      FE0716
  23              		.text
  24              		.section	.gnu.lto_.inline.211d9a78,"",%progbits
  25 0000 789C6363 		.ascii	"x\234cc``\250`@\000\026\006\006V\026F\006&\226\005\362"
  25      6060A860 
  25      40001606 
  25      06561646 
  25      06269605 
  26 0015 0C6C0BE4 		.ascii	"\014l\013\344\231 b\302B\214L\214\012\214@6\210`\221"
  26      992062C2 
  26      428C4C8C 
  26      0A8C4036 
  26      886091
  27 0028 68D8C608 		.ascii	"h\330\306\010\221e\373\240\307\303\300t\201\237\005"
  27      9165FBA0 
ARM GAS  C:\Users\RUVIMK~1\AppData\Local\Temp\cchbDMlK.s 			page 2


  27      C7C3C074 
  27      819F05
  28 0037 A48E9541 		.ascii	"\244\216\225AT\204\221\011\254\004\254\230Ef\301U4u"
  28      54849109 
  28      AC04AC98 
  28      4566C155 
  28      3475
  29 0049 1C20756C 		.ascii	"\034 ul\014l\254@+\200bp+\030\000\033\353\015\240"
  29      0C6CAC40 
  29      2B806270 
  29      2B18001B 
  29      EB0DA0
  30              		.text
  31              		.section	.gnu.lto_.pureconst.211d9a78,"",%progbits
  32 0000 789C6363 		.ascii	"x\234cc``\340\002b\026\006\011\026\011\326]\214l,\000"
  32      6060E002 
  32      62160609 
  32      1609D65D 
  32      8C6C2C00 
  33 0014 05B20113 		.ascii	"\005\262\001\023"
  34              		.text
  35              		.section	.gnu.lto__core_init.211d9a78,"",%progbits
  36 0000 789C8591 		.ascii	"x\234\205\221\317K\024a\030\307\237\357\274\273\343"
  36      CF4B1461 
  36      18C79FEF 
  36      BCBBE3
  37 000f 1E5A23E8 		.ascii	"\036Z#\350\020\326\241\313\036\274\354\240x\360\332"
  37      10D6A1CB 
  37      1EBCECA0 
  37      78F0DA
  38 001e 3FD0BF30 		.ascii	"?\320\2770\270\323\300.\264N\270\320u\337UtW3\021I\213"
  38      B8D3C02E 
  38      B44EB8D0 
  38      75DF5574 
  38      57331149 
  39 0033 1862C043 		.ascii	"\030b\300C\247\222\245uu\372\241\323\224\006\035\024"
  39      A792A575 
  39      75FAA1D3 
  39      94061D14 
  40 0043 BC041511 		.ascii	"\274\004\025\021j\036$\002\211.\211\332\363\316\016"
  40      6A1E2402 
  40      892E89DA 
  40      F3CE0E
  41 0052 5606F632 		.ascii	"V\006\3662/\363\235\367}\276\337\371\274\317\253\023"
  41      2FF39DF7 
  41      7DBEDFF9 
  41      BCCFAB13 
  42 0062 515E23BA 		.ascii	"Q^#\272\312\357\213<!\010\332\344\032Q%\245\001J\310"
  42      CAEF8B3C 
  42      2108DAE4 
  42      1A5125A5 
  42      014AC8
  43 0075 14A8ACA1 		.ascii	"\024\250\254\241\214qqG \254\356\370Z\347C\311#\270"
  43      8C717147 
  43      20ACEEF8 
  43      5AE743C9 
  43      23B8
ARM GAS  C:\Users\RUVIMK~1\AppData\Local\Temp\cchbDMlK.s 			page 3


  44 0087 BBA18FC8 		.ascii	"\273\241\217\310\341\013\256 \232\341\251\006\236\240"
  44      E10BAE20 
  44      9AE1A906 
  44      9EA0
  45 0095 93B8ECC7 		.ascii	"\223\270\354\307\330\367/i\321\003\245\275\345p\375"
  45      D8F72F69 
  45      D103A5BD 
  45      E570FD
  46 00a4 6C66567E 		.ascii	"lfV~f\313\316\375\363S\322\273'\023\256\000\032\020"
  46      66CBCEFD 
  46      F353D2BB 
  46      2713AE00 
  46      1A10
  47 00b6 B14F4952 		.ascii	"\261OIR\265\357\266\033u\210+\221\357\223\377\270\256"
  47      B5EFB61B 
  47      75882B91 
  47      EF93FFB8 
  47      AE
  48 00c7 C7BEF71D 		.ascii	"\307\276\367\035\025\031V.+W\363\267\253\031\2736\353"
  48      1519562E 
  48      2B57F3B7 
  48      AB19BB36 
  48      EB
  49 00d8 87D3693D 		.ascii	"\207\323i=\201\005d0\217L\213\006\213\320\011,\3466"
  49      81056430 
  49      8F4C8B06 
  49      8BD0092C 
  49      E636
  50 00ea 92813C3C 		.ascii	"\222\201<<\252\312`\255c\256\261}.AT\343\002>\233\014"
  50      AACA60AD 
  50      63AEB17D 
  50      2E4154E3 
  50      023E9B0C 
  51 00fe 6854684A 		.ascii	"hThJ\015\005\264\213\301\237\325\203\371E(#\207\316"
  51      0D05B48B 
  51      C19FD583 
  51      F9452823 
  51      87CE
  52 0110 0C87EB6D 		.ascii	"\014\207\353m\267\204+\264\210\306\367\277~h+\037\310"
  52      B7842BB4 
  52      88C6F7BF 
  52      7E682B1F 
  52      C8
  53 0121 142F782A 		.ascii	"\024/x*\237\327\032C{S\355\036\036\300\025\002O\271"
  53      9FD71A43 
  53      7B53ED1E 
  53      1EC01502 
  53      4FB9
  54 0133 453E2E45 		.ascii	"E>.E\033\3157\037\367S\306#\325%\357\246+\022x\006\017"
  54      1BCD371F 
  54      F753C623 
  54      D525EFA6 
  54      2B127806 
  55 0148 D311359E 		.ascii	"\323\0215\236\303\3703=y2=\351\011\234L\007\2268\375"
  55      C3F8333D 
  55      79323DE9 
  55      099C4C07 
ARM GAS  C:\Users\RUVIMK~1\AppData\Local\Temp\cchbDMlK.s 			page 4


  55      9638FD
  56 015b 459CBEB4 		.ascii	"E\234\276\264\367v\253\235\213k\234\276\011\025\261"
  56      F776AB9D 
  56      8B6B9CBE 
  56      0915B1
  57 016a CCF11C1D 		.ascii	"\314\361\034\035\240\334:\306\355\205\343c\374\227\373"
  57      A0DC3AC6 
  57      ED85E363 
  57      FC97FB
  58 0179 E569DC61 		.ascii	"\345i\334a\304\255\272\210W\021\367\337\240\332\277"
  58      C4ADBA88 
  58      5711F7DF 
  58      A0DABF
  59 0188 A0AF4F05 		.ascii	"\240\257O\005]i\201\2562\3507\014z\263\023\021ft\233"
  59      5D6981AE 
  59      32E8370C 
  59      7AB31311 
  59      66749B
  60 019b 35FE0DDF 		.ascii	"5\376\015\337\004Gve\263\006?V\276\220+8\245\256\336"
  60      04477665 
  60      B3063F56 
  60      BE902B38 
  60      A5AEDE
  61 01ae 6EC32919 		.ascii	"n\303)\031\226S,:\375\254\256\027rFi\300\342\355\242"
  61      96532C3A 
  61      FDACAE17 
  61      724669C0 
  61      E2EDA2
  62 01c1 5DB49C01 		.ascii	"]\264\234\001;k\321\031\323\314\333}7L\273\377\232i"
  62      3B6BD119 
  62      D3CCDB7D 
  62      374CBBFF 
  62      9A69
  63 01d3 A6E38F5C 		.ascii	"\246\343\217\\_\3116\315_\351G\354\232"
  63      5FC936CD 
  63      5FE947EC 
  63      9A
  64              		.text
  65              		.section	.gnu.lto_chCoreAllocAlignedWithOffsetI.211d9a78,"",%progbits
  66 0000 789C8D54 		.ascii	"x\234\215T\333K\224Q\020\237\371\316\371\366\333Vw-"
  66      DB4B9451 
  66      109FF9CE 
  66      F9F6DB56 
  66      772D
  67 0012 25E841C2 		.ascii	"%\350A\302\207Dz\331\2450\250\247\236\212\240\376\201"
  67      87447AD9 
  67      A530A8A7 
  67      9E8AA0FE 
  67      81
  68 0023 DEAA65CD 		.ascii	"\336\252e\315\205t\303\215\210^<\271\336\266\013H\245"
  68      8574C38D 
  68      885E3CB9 
  68      DEB60B48 
  68      A5
  69 0034 C1B2C866 		.ascii	"\301\262\310fIHHEv\321,7M\327n\226abw)\013\214\010\272"
  69      49484845 
  69      76D12C37 
ARM GAS  C:\Users\RUVIMK~1\AppData\Local\Temp\cchbDMlK.s 			page 5


  69      4DD76E96 
  69      61627729 
  70 004c 109499CD 		.ascii	"\020\224\231\315\234\357\0233$:\354\216g~g~gf~gV\027"
  70      9CEF1333 
  70      243AEC8E 
  70      677E677E 
  70      67667E67 
  71 0062 004C4880 		.ascii	"\000LH\200-\364w\003}\321\005h4\014\001\034p\033\206"
  71      2DF47703 
  71      7DD10568 
  71      340C011C 
  71      701B86
  72 0075 596D81F2 		.ascii	"Ym\201\362\210\303\031\000\225-\034W\332\256D\323\016"
  72      88C31900 
  72      952D1C57 
  72      DAAE44D3 
  72      0E
  73 0086 331179A3 		.ascii	"3\021y\243\334\010\225\206\220&V\342aq\\\340p\365\371"
  73      DC089586 
  73      902656E2 
  73      61715CE0 
  73      70F5F9
  74 0099 A4382492 		.ascii	"\2448$\222\002P\222\373\351~\342\215\217]\304\002r\333"
  74      025092FB 
  74      E97EE28D 
  74      8F5DC402 
  74      72DB
  75 00ab EABE0CBB 		.ascii	"\352\276\014\273V\236Q\252J\245O<\264\316\304j6%\205"
  75      569E51AA 
  75      4AA54F3C 
  75      B4CEC46A 
  75      362585
  76 00be 014D14DD 		.ascii	"\001M\024\335\201\371x\021\363\271\230K\270\222b[\016"
  76      81F97811 
  76      F3B9984B 
  76      B892625B 
  76      0E
  77 00cf 3CBEEB15 		.ascii	"<\276\353\025\305\010\264\037\217\267\037\221E\255\232"
  77      C508B41F 
  77      8FB71F91 
  77      45AD9A
  78 00de 37D12AD4 		.ascii	"7\321*\324\212\244\020x\031\305\237D\202\000\257`\021"
  78      8AA41078 
  78      19C59F44 
  78      8200AF60 
  78      11
  79 00ef 85374C4D 		.ascii	"\2057LM\217[b\235\246\266e\032\353=\016u\2509\2775\246"
  79      8F5B629D 
  79      A6B6651A 
  79      EB3D0E75 
  79      A839BF35 
  80 0104 28A5C4AB 		.ascii	"(\245\304\253\177\223%`\247&\177=\366\364\225O\254\327"
  80      7F932560 
  80      A7267F3D 
  80      F6F4954F 
  80      ACD7
  81 0116 E491D1DA 		.ascii	"\344\221\321\3325\016w\264y\231\315\025\330\265@\342"
ARM GAS  C:\Users\RUVIMK~1\AppData\Local\Temp\cchbDMlK.s 			page 6


  81      350E77B4 
  81      7999CD15 
  81      D8B540E2 
  82 0126 6B58C484 		.ascii	"kX\304\204\206\347\337\273\263\304FM>\250z\316c\341"
  82      86E7DFBB 
  82      B3C4464D 
  82      3EA87ACE 
  82      63E1
  83 0138 29CD7ED9 		.ascii	")\315~\331\274\270%\246\006\225L\012\023\273\347\363"
  83      BCB825A6 
  83      06954C0A 
  83      13BBE7F3 
  84 0148 7951F8BD 		.ascii	"yQ\370\275t\374\234Gl\326\324\251\023\235o\245C\235"
  84      74FC9C47 
  84      6CD6D4A9 
  84      139D6FA5 
  84      439D
  85 015a 3829D469 		.ascii	"8)\324ie0\361\306\202\304\327\027~5z]\022{\260\020\257"
  85      6530F1C6 
  85      82C4D717 
  85      7E357A5D 
  85      127BB010 
  86 016f 63614A00 		.ascii	"caJ\000\013J:\246\371Y\001\214\331\223s\217\314\264"
  86      0B4A3AA6 
  86      F959018C 
  86      D993738F 
  86      CCB4
  87 0181 FA355347 		.ascii	"\3725SG\315,\377\3201\220\273\024\251vCp\363\222\215"
  87      CD2CFFD0 
  87      3190BB14 
  87      A9764370 
  87      F3928D
  88 0194 C9C645C6 		.ascii	"\311\306E\306\264\330\270\331]\304\306\303&\213M6\037"
  88      B4D8B8D9 
  88      5DC4C6C3 
  88      268B4D36 
  88      1F
  89 01a5 7891A5F2 		.ascii	"x\221\245\362!\253\235\2435_\202,@.p\246<\340\\\000"
  89      21AB9DA3 
  89      355F822C 
  89      402E70A6 
  89      3CE05C00 
  90 01b9 F554038D 		.ascii	"\365T\003\215\210JC\234\236\230v\2614\274\307XS\355"
  90      884A439C 
  90      9E9876B1 
  90      34BCC758 
  90      53ED
  91 01cb 919E522E 		.ascii	"\221\236R.-!DBx\023\302g\243hc\222`\352\351\305`\333"
  91      2D214442 
  91      7813C267 
  91      A3686392 
  91      60EAE9C5 
  92 01e1 593D4612 		.ascii	"Y=F\022gh\345\340M\352\367=V\215\315\306\231\304e\342"
  92      6768E5E0 
  92      4DEAF73D 
  92      568DCDC6 
  92      99C465E2 
ARM GAS  C:\Users\RUVIMK~1\AppData\Local\Temp\cchbDMlK.s 			page 7


  93 01f5 CFDAB8B0 		.ascii	"\317\332\270\260\221\034M6\341\035V\0250\302u\021\312"
  93      911C4D36 
  93      E11D5615 
  93      30C27511 
  93      CA
  94 0206 ACAEC9EF 		.ascii	"\254\256\311\357}\036;\312E\2277\325\364>\260\370r\227"
  94      7D1E3BCA 
  94      459737D5 
  94      F43EB0F8 
  94      7297
  95 0218 16BBB3F3 		.ascii	"\026\273\263\363\3033\253rZ\271\011H\011\324\232v\304"
  95      C333AB72 
  95      5AB90948 
  95      09D49A76 
  95      C4
  96 0229 3E1DF5A5 		.ascii	">\035\365\245\260\031\223\302\302>\032\356^\326\233"
  96      B01993C2 
  96      C23E1AEE 
  96      5ED69B
  97 0238 0E2E679E 		.ascii	"\016.g\236O\271\003\355\212V\001?\311-La#\253\015\330"
  97      4FB903ED 
  97      8A56013F 
  97      C92D4C61 
  97      23AB0DD8 
  98 024c 8F01AE28 		.ascii	"\217\001\256(9[\242E\331\022b\011\027\360\271\316\301"
  98      395BA245 
  98      D9126209 
  98      17F0B9CE 
  98      C1
  99 025d DC04CFEB 		.ascii	"\334\004\317\353w\221\306\274\3630\017\301N\303\324"
  99      7791C6BC 
  99      F3300FC1 
  99      4EC3D4
 100 026c 9F0366E9 		.ascii	"\237\003f\351\236=\366m[m,\227\340\271~I{\202\354\022"
 100      9E3DF66D 
 100      5B6D2C97 
 100      E0B97E49 
 100      7B82EC12 
 101 0280 DA7BB6D9 		.ascii	"\332{\266\331!y:*g.\352:G\345\331\252L\237\362\331Q"
 101      21793A2A 
 101      672EEA3A 
 101      47E5D9AA 
 101      4C9FF2D9 
 102 0295 D9FF23C3 		.ascii	"\331\377#\303\300?d\310h\031\220e\030$\031\336b\365"
 102      C03F64C8 
 102      68199065 
 102      182419DE 
 102      62F5
 103 02a7 505FB173 		.ascii	"P_\261s7\247\343\025\247\337\011\375\027\2411\240\343"
 103      37A7E315 
 103      A7DF09FD 
 103      17A131A0 
 103      E3
 104 02b8 B1BE11E9 		.ascii	"\261\276\021\351\274\310\334\271\204'i{L\252\232&\343"
 104      BCC8DCB9 
 104      8427697B 
 104      4CAA9A26 
ARM GAS  C:\Users\RUVIMK~1\AppData\Local\Temp\cchbDMlK.s 			page 8


 104      E3
 105 02c9 FD591CF0 		.ascii	"\375Y\034\360?\225\335^\270\262\324^.\355\316\334\013"
 105      3F95DD5E 
 105      B8B2D45E 
 105      2EEDCEDC 
 105      0B
 106 02da DDC5809D 		.ascii	"\335\305\200\235,NsbO\344G4 \241\013\377\206\210\376"
 106      2C4E7362 
 106      4FE44734 
 106      20A10BFF 
 106      8688FE
 107 02ed 7CF17466 		.ascii	"|\361tf\034I3\371\243e\230}\203}\232e\344x\003`\225"
 107      1C4933F9 
 107      A365987D 
 107      837D9A65 
 107      E4780360 
 108 0302 DF1FA04F 		.ascii	"\337\037\240O\2604\274#\034\211\256Z\273:\020\211\006"
 108      B034BC23 
 108      1C89AE5A 
 108      BB3A1089 
 108      06
 109 0313 8291B2B2 		.ascii	"\202\221\262\262H9\355v\205w\004\242\025A:.\013\225"
 109      4839ED76 
 109      857704A2 
 109      15413A2E 
 109      0B95
 110 0325 05231521 		.ascii	"\005#\025!\177\020d4\274?dn\337\025\336Y\356\212\224"
 110      7F106434 
 110      BC3F646E 
 110      DF15DE59 
 110      EE8A94
 111 0338 9444437B 		.ascii	"\224DC{dyh\337\036\334\375\033\007\304\235?"
 111      647968DF 
 111      1EDCFD1B 
 111      07C49D3F 
 112              		.text
 113              		.section	.gnu.lto_chCoreAllocAlignedWithOffset.211d9a78,"",%progbits
 114 0000 789C8D55 		.ascii	"x\234\215UkL\223W\030>o\317\367\265\265\205r\371\261"
 114      6B4C9357 
 114      183E6FCF 
 114      F7B5B585 
 114      72F9B1
 115 0013 258B3F6A 		.ascii	"%\213?j2\002.\206\316E\263\355\327\262\231-\363\007"
 115      32022E86 
 115      CE45B3ED 
 115      D7B2992D 
 115      F307
 116 0025 C922BF96 		.ascii	"\311\"\277\226,a\332Um\002\224\264\314\350\376\360\321"
 116      2C61DA55 
 116      6D0294B4 
 116      CCE8FEF0 
 116      D1
 117 0036 225895CD 		.ascii	"\"X\225\315\314\001\216U)0\342\200\340m\314\015\024"
 117      CC018E55 
 117      2930E280 
 117      E06DCC0D 
 117      14
ARM GAS  C:\Users\RUVIMK~1\AppData\Local\Temp\cchbDMlK.s 			page 9


 118 0047 E9640A28 		.ascii	"\351d\012(\302@`\250(x\301y\213\231n1:\007\356}\317"
 118      C24060A8 
 118      2878C179 
 118      8B996E31 
 118      3A07EE7D 
 119 005c F9400A0D 		.ascii	"\371@\012\015\361\0139\234\367\362\274\367\363\326\310"
 119      F10B399C 
 119      F7F2BCF7 
 119      F3D6C8
 120 006b 18BB6566 		.ascii	"\030\273ef,\011\030{\037\357`d`\330\325\313X\241\331"
 120      2C09187B 
 120      1FEF6064 
 120      60D8D5CB 
 120      58A1D9
 121 007e 60508B4C 		.ascii	"`P\213LL\263\360\235\235\214iq\\'\025I*\240J5\025\200"
 121      4CB3F09D 
 121      9D8C6971 
 121      5C271549 
 121      2AA04A35 
 122 0094 2E9A1958 		.ascii	".\232\031X\201\201+*\024\300N\376\015\207\376\242C!"
 122      81812B2A 
 122      14C04EFE 
 122      0D87FEA2 
 122      4321
 123 00a6 BE838738 		.ascii	"\276\203\2078\003\005\311\007\347*\257\333\210\004\260"
 123      0305C907 
 123      E72AAFDB 
 123      8804B0
 124 00b5 23595FF2 		.ascii	"#Y_\362w\277q\351~M\363k\221\212\021\313\376\300\326"
 124      77BF71E9 
 124      7E4DF36B 
 124      918A11CB 
 124      FEC0D6
 125 00c8 0F43DCC0 		.ascii	"\017C\334\300\312Q\273\031\026\303\217\260\230\202\371"
 125      CA51BB19 
 125      16C38FB0 
 125      9882F9
 126 00d7 0996A26E 		.ascii	"\011\226\242nM\341\320\331x\276\002\030\336\307\203"
 126      4DE1D0D9 
 126      78BE0218 
 126      DEC783
 127 00e6 4DA54A6A 		.ascii	"M\245Jj\235\300\215\326q\355\325\020\347p\024\370l "
 127      9DC08DD6 
 127      71EDD510 
 127      E77014F8 
 127      6C20
 128 00f8 B218FC0C 		.ascii	"\262\030\374\014\251\250\276\353\351\344\270\211\277"
 128      A9A8BEEB 
 128      E9E4B889 
 128      BF
 129 0105 2DA0F59D 		.ascii	"-\240\365\235e\333,:\364~\303+u\001\015]*\360\313\\"
 129      65DB2C3A 
 129      F47EC32B 
 129      75010D5D 
 129      2AF0CB5C 
 130 0119 B0C2A045 		.ascii	"\260\302\240E\200\377\331}q\314\306\337\021\340\301"
 130      80FFD97D 
ARM GAS  C:\Users\RUVIMK~1\AppData\Local\Temp\cchbDMlK.s 			page 10


 130      71CCC6DF 
 130      11E0C1
 131 0128 E1E2953A 		.ascii	"\341\342\225:\366Q\303K\022\313\2415\206\343c\220J\200"
 131      F651C34B 
 131      12CBA135 
 131      86E36390 
 131      4A80
 132 013a 9E48F0A0 		.ascii	"\236H\360\240\205\177 \300\247\037\327\256M\251\025"
 132      857F20C0 
 132      A71FD7AE 
 132      4DA915
 133 0149 E0A986E4 		.ascii	"\340\251\206\344\352\200\326\245)\230-\034\217\206\323"
 133      EA80D6A5 
 133      29982D1C 
 133      8F86D3
 134 0158 87DAD70E 		.ascii	"\207\332\327\016O\225\305\033\025h\203\024\252\007\226"
 134      4F95C51B 
 134      15688314 
 134      AA0796
 135 0167 E1041861 		.ascii	"\341\004\030aFP\244\341\027\271\322h\024\374r\016\263"
 135      4650A4E1 
 135      17B9D268 
 135      14FC720E 
 135      B3
 136 0178 300CDA51 		.ascii	"0\014\332Q5\202M\234\243\336\361mZ\026#A9\026\031eu"
 136      35824D9C 
 136      A3DEF16D 
 136      5A162341 
 136      39161965 
 137 018d 6706DAAD 		.ascii	"g\006\332\255<O\326\345@\365\2368=\274\316\252\264\275"
 137      3C4FD6E5 
 137      40F59E38 
 137      3DBCCEAA 
 137      B4BD
 138 019f 811DA55A 		.ascii	"\201\035\245Z\330\237\030\342*\234\\ @i\370\376^,C\007"
 138      D89F18E2 
 138      2A9C5C20 
 138      4069F8FE 
 138      5E2C4307 
 139 01b3 460ABF92 		.ascii	"F\012\277\222q\036\025\314o\030\314)\232(<p\276h*\032"
 139      711E15CC 
 139      6F18CC29 
 139      9A283C70 
 139      BE682A1A 
 140 01c7 AB0AEB2D 		.ascii	"\253\012\353-\2723\321wY\213y=\244\017NC\012\365p\364"
 140      BA33D177 
 140      598B793D 
 140      A40F4E43 
 140      0AF570F4 
 141 01db C9712B3F 		.ascii	"\311q+?\000\"\330\355Z\373!\320\361W\366%\326\350x#"
 141      0022D8ED 
 141      5AFB21D0 
 141      F157F625 
 141      D6E87823 
 142 01ef 74C6C077 		.ascii	"t\306\300w\011\374\323\212\226\011E\207\334\250\346"
 142      09FCD38A 
 142      96094587 
ARM GAS  C:\Users\RUVIMK~1\AppData\Local\Temp\cchbDMlK.s 			page 11


 142      DCA8E6
 143 01fe DAF79A81 		.ascii	"\332\367\232\201\0001\212\017\335\220rp@\215hS\317J"
 143      00318A0F 
 143      DD907270 
 143      408D6853 
 143      CF4A
 144 0210 B0CFAFDD 		.ascii	"\260\317\257\335m\036K~\331\0004K8\2668\024\012P{U\032"
 144      6D1E4B7E 
 144      D900344B 
 144      38B63814 
 144      0A507B55 
 145 0225 12231D26 		.ascii	"\022#\035&:\314\"\320Ex5Z\350\260\0223\216\216x:lt$"
 145      3ACC22D0 
 145      4578355A 
 145      E8B01233 
 145      8E8E783A 
 146 023c 08DB8922 		.ascii	"\010\333\211\"\244$RJf4\356l\033\366\027_\217\026aA"
 146      A424524A 
 146      6634EE6C 
 146      1BF6175F 
 146      8F166141 
 147 0250 24F11688 		.ascii	"$\361\026\210\260\233`\210\321\226\312\205\333\002g"
 147      B09B6088 
 147      D196CA85 
 147      DB0267
 148 025f 44AE25B7 		.ascii	"D\256%\267\2656\205^\231\012v8\213\262\273\340\277v"
 148      B536855E 
 148      990A7638 
 148      8BB2BBE0 
 148      BF76
 149 0271 B0A2796C 		.ascii	"\260\242yl\356\374\354~h\321\347G\231?+\313>a\320C2"
 149      EEFCEC7E 
 149      68D1E747 
 149      993F2BCB 
 149      3E61D043 
 150 0286 759EAC2A 		.ascii	"u\236\254*\355;N\276\030\234\233\337\357^ls\037\365"
 150      ED3B4EBE 
 150      189C9BDF 
 150      EF5E6C73 
 150      1FF5
 151 0298 BB8FFA0D 		.ascii	"\273\217\372\015\354\021y\255\251:\362\330\262\244\304"
 151      EC1179AD 
 151      A93AF2D8 
 151      B2A4C4
 152 02a7 50A5EDB1 		.ascii	"P\245\355\261\207\270\211\000M\327\217if\005\323\207"
 152      87B88900 
 152      4DD78F69 
 152      6605D387 
 153 02b7 DF618918 		.ascii	"\337a\211\030\251\277\356\015^2 \007\372A\021q3\030"
 153      A9BFEE0D 
 153      5E322007 
 153      FA411171 
 153      3318
 154 02c9 106BE387 		.ascii	"\020k\343\207\023\035\023qK\266\353h3\351><pd\310*\320"
 154      131D1371 
 154      4BB6EB68 
 154      33E93E3C 
ARM GAS  C:\Users\RUVIMK~1\AppData\Local\Temp\cchbDMlK.s 			page 12


 154      7064C82A 
 155 02de E7090D83 		.ascii	"\347\011\015\203\240`\315\374vQ\003F\327\361`\213*\036"
 155      A060CDFC 
 155      76510346 
 155      D7F1608B 
 155      2A1E
 156 02f0 0DF6A512 		.ascii	"\015\366\245\022\353JR\242\021\\z\276gR\325\253z\263"
 156      EB4A52A2 
 156      115C7ABE 
 156      6752D5AB 
 156      7AB3
 157 0302 C156A945 		.ascii	"\301V\251E\212\3541\266\200(\351\020\2419\241\303\177"
 157      8AEC31B6 
 157      8028E910 
 157      A139A1C3 
 157      7F
 158 0313 9671DD80 		.ascii	"\226q\335\200\377\326\227\275\266y\006\346\255\002a"
 158      FFD697BD 
 158      B67906E6 
 158      AD0261
 159 0322 60980C28 		.ascii	"`\230\014(\354\016\004\312\213K\3337\316\251\345p\243"
 159      EC0E04CA 
 159      8B4BDB37 
 159      CEA9E570 
 159      A3
 160 0333 8534C80D 		.ascii	"\2054\310\015\005\252\267\3038{\005\340\314\320\304"
 160      05AAB7C3 
 160      387B05E0 
 160      CCD0C4
 161 0342 30F80393 		.ascii	"0\370\003\223\031\241\312\342Q\311UL\212\"\2336,\271"
 161      19A1CAE2 
 161      51C9554C 
 161      8A229B36 
 161      2CB9
 162 0354 2440ECE5 		.ascii	"$@\354\345\256\372F\261w\025x\206_\002\\\300p\356\200"
 162      AEFA46B1 
 162      77157886 
 162      5F025CC0 
 162      70EE80
 163 0367 7FA418A4 		.ascii	"\177\244\030\244\236I\207\376W\034\344\222c\026`\223"
 163      9E4987FE 
 163      571CE492 
 163      63166093 
 164 0377 ACD3C874 		.ascii	"\254\323\310t\335\314\204j\275\375\244\303\"\265\026"
 164      DDCC846A 
 164      BDFDA4C3 
 164      22B516
 165 0386 A1F1F2AD 		.ascii	"\241\361\362\255'\373Ld|\221x\215--\367.\231\012&53"
 165      27FB4C64 
 165      7C91788D 
 165      2D2DF72E 
 165      990A2635 
 166 039b 32C25C6E 		.ascii	"2\302\\n\207\346\300\203\257ma\330\007!n\201K\370kp"
 166      87E6C083 
 166      AF6D61D8 
 166      07216E81 
 166      4BF86B70 
ARM GAS  C:\Users\RUVIMK~1\AppData\Local\Temp\cchbDMlK.s 			page 13


 167 03af 91CA8182 		.ascii	"\221\312\201\202\243\235\243O\315\216&\312\335N\017"
 167      A39DA34F 
 167      CD8E26CA 
 167      DD4E0F
 168 03be 7014C250 		.ascii	"p\024\302P\206 J\216\301epPP\241\351(-\350P\026\317"
 168      86204A8E 
 168      C1657050 
 168      50A1E928 
 168      2DE85016 
 169 03d3 FFB044E7 		.ascii	"\377\260D\347Y\221-\223\326\031q\230\012\262\243x\361"
 169      59912D93 
 169      D6197198 
 169      0AB2A378 
 169      F1
 170 03e4 C8D673C6 		.ascii	"\310\326s\306\024u\246M\244\035/\255},y\011\310~\236"
 170      1475A64D 
 170      A41D2FAD 
 170      7D2C7909 
 170      C87E9E
 171 03f7 7237A59C 		.ascii	"r7\245\234 Chj\377T\252$\012-\363s\255.\322J\224\205"
 171      2043686A 
 171      FF54AA24 
 171      0A2DF373 
 171      AD2ED24A 
 172 040d 99ACB549 		.ascii	"\231\254\265I\255\244\027\251\304\225\005*1&*\001z%"
 172      ADA417A9 
 172      C495052A 
 172      31262A01 
 172      7A25
 173 041f C6B11213 		.ascii	"\306\261\022\023P4\322\261b&\210$1OA\354\033\376\370"
 173      5034D2B1 
 173      62268824 
 173      314F41EC 
 173      1BFEF8
 174 0432 E28A10E2 		.ascii	"\342\212\020\342AE\357\013E$\345\012\273\020!9\306W"
 174      4145EF0B 
 174      4524E50A 
 174      BB102139 
 174      C657
 175 0444 7E3B78CA 		.ascii	"~;x\312J\012/\022\334\325\330\301\2057Qt\327\242\372"
 175      4A0A2F12 
 175      DCD5D8C1 
 175      85375174 
 175      D7A2FA
 176 0457 741D1CD2 		.ascii	"t\035\034\322_\020\267\303\364\302\362\207\357\226\315"
 176      5F10B7C3 
 176      F4C2F287 
 176      EF96CD
 177 0466 BC3836F3 		.ascii	"\27486\363\336h\264gQ\303QTW\024\325\035E\265I\012\367"
 177      DE68B467 
 177      51C35154 
 177      5714D51D 
 177      45B5490A 
 178 047b 4187586B 		.ascii	"A\207Xk3c\247b\221n\314^k\362\247E_5SUWOX\247\267\310"
 178      3363A762 
 178      916ECC5E 
 178      6BF2A745 
ARM GAS  C:\Users\RUVIMK~1\AppData\Local\Temp\cchbDMlK.s 			page 14


 178      5F355355 
 179 0495 0DB14526 		.ascii	"\015\261E&\304\026\231\2732n\312\2251~\365\253\326\015"
 179      C41699BB 
 179      326ECA95 
 179      317EF5AB 
 179      D60D
 180 04a7 C20763F7 		.ascii	"\302\007c\367\221\334\321v\312H\376+y2&\370\010\222"
 180      91DCD176 
 180      CA48FE2B 
 180      793226F8 
 180      0892
 181 04b9 217DB1E1 		.ascii	"!}\261\341\342\263q\300\377\364\342\022\224\177k\372"
 181      E2B371C0 
 181      FFF4E212 
 181      947F6BFA 
 182 04c9 01973650 		.ascii	"\001\2276P\346hnyz\272\003\377\234\033\335\353\334\036"
 182      E6686E79 
 182      7ABA03FF 
 182      9C1BDDEB 
 182      DC1E
 183 04db DFF2B7DE 		.ascii	"\337\362\267\336px|\016\247''\307\223\213\267l\367:"
 183      70787C0E 
 183      A72727C7 
 183      938BB76C 
 183      F73A
 184 04ed 87CFEB44 		.ascii	"\207\317\353Dq\216+\307\351\361\272\322\235L\361\271"
 184      718E2BC7 
 184      E9F1BAD2 
 184      9D4CF1B9 
 185 04fd BF70A96B 		.ascii	"\277p\251k\263\335\033r\215\236\365\353}\256|\310K\215"
 185      B3DD1B72 
 185      8D9EF5EB 
 185      7DAE7CC8 
 185      4B8D
 186 050f 65C59BEF 		.ascii	"e\305\233\357p\347:\263?\377\314\205\002\337\026_\372"
 186      70E73AB3 
 186      3FFFCC85 
 186      02DF165F 
 186      FA
 187 0520 46665AB7 		.ascii	"FfZ\267\326\347\372\310\353^\271\200\327<\2177\337\347"
 187      D6E7FAC8 
 187      EB5EB980 
 187      D73C8F37 
 187      DFE7
 188 0532 78774DC6 		.ascii	"xwM\306\252\214\315\250A^\2636\275\231\203h%\327\265"
 188      AA8CCDA8 
 188      415EB336 
 188      BD998368 
 188      25D7B5
 189 0545 39FFBD05 		.ascii	"9\377\275\005\240(&\240cUF\346\352L\307*D:VOG\220\343"
 189      A02826A0 
 189      635546E6 
 189      EA4CC72A 
 189      443A564F 
 190 055c 73FBB236 		.ascii	"s\373\26268\235h'1#s\215\235\"\311\363\272\227\331S"
 190      389D6827 
 190      3123738D 
ARM GAS  C:\Users\RUVIMK~1\AppData\Local\Temp\cchbDMlK.s 			page 15


 190      9D22C9F3 
 190      BA97D953 
 191 0570 5E67062F 		.ascii	"^g\006/3a\202\036\357\026\366?DQ\037\""
 191      3361821E 
 191      EF16F63F 
 191      44511F22 
 192              		.text
 193              		.section	.gnu.lto_chCoreGetStatusX.211d9a78,"",%progbits
 194 0000 789C8D90 		.ascii	"x\234\215\220MK\002a\020\307g\366\331\365\205\312>@"
 194      4D4B0261 
 194      10C767F6 
 194      D9F585CA 
 194      3E40
 195 0012 1EBC7A71 		.ascii	"\036\274zq\261.}\207\276\205\213\220\320\266\240\037"
 195      B12E7D87 
 195      BE858B90 
 195      D0B6A01F 
 196 0022 C027AD34 		.ascii	"\300'\2554\352\020\221&\262\204\020\021\035\242\"\263"
 196      EA109126 
 196      B2841011 
 196      1DA222B3 
 197 0032 B482A543 		.ascii	"\264\202\245C\321\241\327C\320\313\251N\205\010v\255"
 197      D1A1D743 
 197      D0CBA94E 
 197      850876AD 
 198 0042 AC19B753 		.ascii	"\254\031\267S\207h\331\227\231\377\3143\277\377\216"
 198      8768D997 
 198      99FFCC33 
 198      BFFF8E
 199 0051 07006E11 		.ascii	"\007\000n\021`\210\276\003\364\240\000T\346/\000&|\012"
 199      6088BE03 
 199      F4A00054 
 199      E62F0026 
 199      7C0A
 200 0063 2207D287 		.ascii	"\"\007\322\207\220V0\215sbQ\340\365\344\226-f\205Mm"
 200      9056308D 
 200      736251E0 
 200      F5E4962D 
 200      66854D6D 
 201 0077 2AA5EDF3 		.ascii	"*\245\355\363\362s\200S\304\020\245\315\326I\2657\274"
 201      F2738053 
 201      C410A5CD 
 201      D649B537 
 201      BC
 202 0088 2665463A 		.ascii	"&eF:K\313=\245\352\225\364\333B\201\"\265W1\210;\030"
 202      4BCB3DA5 
 202      EA95F4DB 
 202      428122B5 
 202      5731883B 
 203 009d 64C62E86 		.ascii	"d\306.\206\201\272\237\266;\205>\217\312U\022k\350\001"
 203      81BA9FB6 
 203      3B853E8F 
 203      CA55126B 
 203      E801
 204 00af 32029B37 		.ascii	"2\002\2337\232#;_9\351|\254`}\204\350\266\240\021\266"
 204      9A233B5F 
 204      39E97CAC 
ARM GAS  C:\Users\RUVIMK~1\AppData\Local\Temp\cchbDMlK.s 			page 16


 204      607D84E8 
 204      B6A011B6 
 205 00c3 5005472A 		.ascii	"P\005G*G\032\277\274\300\243!O\247\311\247t`\206R\212"
 205      471ABFBC 
 205      C0A3214F 
 205      A7C9A774 
 205      6086528A 
 206 00d7 B20EBC62 		.ascii	"\262\016\274b\246\361r\277\332\317C\313\002\211U\234"
 206      A6F172BF 
 206      DACF43CB 
 206      0289559C 
 207 00e7 3ABEF4B2 		.ascii	":\276\364\262Q\015\031]\2577\037\274\351O\351#\241\302"
 207      510D195D 
 207      AF371FBC 
 207      E94FE923 
 207      A1C2
 208 00f9 78D2AAD9 		.ascii	"x\322\252\331\366B\240\202\313h\013\017\356\323\017"
 208      F642A082 
 208      CB680B0F 
 208      EED30F
 209 0108 EFB15B2A 		.ascii	"\357\261[*\324N\037\337}\372\206\244+D\016\260\216\025"
 209      D44E1FDF 
 209      7DFA86A4 
 209      2B440EB0 
 209      8E15
 210 011a 2CF021C0 		.ascii	",\360!\300\006\352\014{\313\335\371]\226B\270.\376,"
 210      06EA0C7B 
 210      CBDDF95D 
 210      9642B82E 
 210      FE2C
 211 012c E10AE23F 		.ascii	"\341\012\342?\264\203?h\207]\032o\006\217~\323T\232"
 211      B4833F68 
 211      875D1A6F 
 211      068F7ED3 
 211      549A
 212 013e 4F4AB634 		.ascii	"OJ\2664\215\256\240u\035\250n\327\272pE/\351\320\302"
 212      8DAEA075 
 212      1DA86ED7 
 212      BA70452F 
 212      E9D0C2
 213 0151 4CE82765 		.ascii	"L\350'e\347y\232H\273\242\375E#\021\235nc4\021KX\251"
 213      E7799A48 
 213      BBA2FD45 
 213      23119D6E 
 213      6334114B 
 214 0167 E8F0A06E 		.ascii	"\350\360\240n\245t\3032Mk\234\242\261DLO%\015*\233q"
 214      A574C332 
 214      4D6B9CA2 
 214      B1444C4F 
 214      250D2A9B 
 215 017c D3B092F1 		.ascii	"\323\260\222\361\210\001\337\012\002\244\360"
 215      8801DF0A 
 215      02A4F0
 216              		.text
 217              		.section	.gnu.lto_.symbol_nodes.211d9a78,"",%progbits
 218 0000 789C6363 		.ascii	"x\234cc``H\006b\006\246\231L\365\014\014\023\31610\000"
 218      60604806 
ARM GAS  C:\Users\RUVIMK~1\AppData\Local\Temp\cchbDMlK.s 			page 17


 218      6206A699 
 218      4CF50C0C 
 218      13CE3130 
 219 0015 A95D0D8E 		.ascii	"\251]\015\216\014\014\2543\230\030\032\225\200R\254"
 219      0C0CAC33 
 219      98181A95 
 219      8052AC
 220 0024 73991815 		.ascii	"s\231\030\025@\364<&&\020\3154\213\251\236\021E)\323"
 220      40F43C26 
 220      2610CD34 
 220      8BA99E11 
 220      4529D3
 221 0037 6CA67A26 		.ascii	"l\246z&T\2219L\365\314(\"\014\000\004b\025\024"
 221      5491394C 
 221      F5CC2822 
 221      0C000462 
 221      1514
 222              		.text
 223              		.section	.gnu.lto_.refs.211d9a78,"",%progbits
 224 0000 789C1D88 		.ascii	"x\234\035\210A\012\200@\014\304\222\216\366\264\207"
 224      410A8040 
 224      0CC4928E 
 224      F6B487
 225 000f 0541F011 		.ascii	"\005A\360\021\376\377{\026\017\011$\015\274\303\201"
 225      FEFF7B16 
 225      0F09240D 
 225      BCC381
 226 001e 5AF52B95 		.ascii	"Z\365+\225\311\306\255WN\\x\353S\263\304\360\001\026"
 226      C9C6AD57 
 226      4E5C78EB 
 226      53B3C4F0 
 226      0116
 227 0030 6300D4   		.ascii	"c\000\324"
 228              		.text
 229              		.section	.gnu.lto_.decls.211d9a78,"",%progbits
 230 0000 789CAD56 		.ascii	"x\234\255V{LTW\032\277\337=\3030\0143h\3204f\227n\014"
 230      7B4C5457 
 230      1ABFDF3D 
 230      C3300C33 
 230      68D03466 
 231 0017 B1916C02 		.ascii	"\261\221l\002\210n\253\331l6Z\263\251&\353\356\246\244"
 231      886EABD9 
 231      6C365AB3 
 231      A926EBEE 
 231      A6A4
 232 0029 E9BA21BD 		.ascii	"\351\272!\275\035\207Q\246ef\\f\330\326\375g//\245\002"
 232      1D8751A6 
 232      65665C66 
 232      D8D6FD67 
 232      2F2FA502 
 233 003d 0A82561E 		.ascii	"\012\202V\036\332\021\215U\036\365\001\026\005\225\001"
 233      DA118D55 
 233      1EF50116 
 233      059501
 234 004c AAA288A2 		.ascii	"\252\242\210\242]_T\036E\240H\025y\210\250T\335\357"
 234      5D5F541E 
 234      45A04815 
ARM GAS  C:\Users\RUVIMK~1\AppData\Local\Temp\cchbDMlK.s 			page 18


 234      7988A854 
 234      DDEF
 235 005e 9C73E701 		.ascii	"\234s\347\001\202\315n\366f\276\271\367\234\373}\277"
 235      82CD6EF6 
 235      66BEB9F7 
 235      9CFB7DBF 
 236 006e DFF73AE7 		.ascii	"\337\367:\347\036\265 \010D/\010ED\020\312@\020^\340"
 236      1EB52008 
 236      442F0845 
 236      4410CA40 
 236      105EE0
 237 0081 E5877375 		.ascii	"\345\207su(\"J5\312j\201_*\224z\224F\224\013(\315\324"
 237      28224A35 
 237      CA6A815F 
 237      2A947A94 
 237      46940B28 
 238 0097 16E50E4A 		.ascii	"\026\345\016J/J\2370\361JC<5\336?D\351A\271\213\322"
 238      2F4A9F30 
 238      F14A433C 
 238      35DE3F44 
 238      E941B98B 
 239 00ac 85D28AD2 		.ascii	"\205\322\212\322\257\340\267\243\264\241\200\202\375"
 239      AFE0B7A3 
 239      B4A18082 
 239      FD
 240 00b9 2ABC1C54 		.ascii	"*\274\034T\322\340=\030e6\212\344\343_\253\017\376d"
 240      D2E03D18 
 240      65368AE4 
 240      E35FAB0F 
 240      FE64
 241 00cb DC4665EE 		.ascii	"\334Fe\356\211\202\355{mG\205\300i0\2511\305%\224\027"
 241      8982ED7B 
 241      6D4785C0 
 241      6930A931 
 241      C5259417 
 242 00df A6C6F757 		.ascii	"\246\306\367Wr\241\305\367:\224`\224\331(\257\001\347"
 242      72A1C5F7 
 242      3A946094 
 242      D928AF01 
 242      E7
 243 00f0 8529380B 		.ascii	"\205)8\013\201\333\2719\253\025\377\3776)\2066\205\007"
 243      81DBB939 
 243      AB15FFFF 
 243      36298636 
 243      8507
 244 0102 945C4F85 		.ascii	"\224\\O\205\225G\240\255\361`)\311 \260Z\013\264z3p"
 244      9547A0AD 
 244      F16029C9 
 244      20B05A0B 
 244      B47A3370 
 245 0116 EAD0BD13 		.ascii	"\352\320\275\023O\364|\212j\024\347\035\312\023\211"
 245      4FF47C8A 
 245      6A14E71D 
 245      CA1389
 246 0125 C89EEF57 		.ascii	"\310\236\357W\037\275\256\215(\223\371\245\371X\200"
 246      1FBDAE8D 
 246      2893F9A5 
ARM GAS  C:\Users\RUVIMK~1\AppData\Local\Temp\cchbDMlK.s 			page 19


 246      F95880
 247 0134 6340DC50 		.ascii	"c@\334P\373\236<\250\322\221\3371\305+\251\207\213("
 247      FB9E3CA8 
 247      D291DF31 
 247      C52BA987 
 247      8B28
 248 0146 6CB01654 		.ascii	"l\260\026T8\034j.\270\023\204\303\331Z\230\233G\304"
 248      381C6A2E 
 248      B81384C3 
 248      D95A989B 
 248      47C4
 249 0158 E696B16A 		.ascii	"\346\226\261j\015h\303\322e9Yv\246\310\001+\0048\001"
 249      0D68C3D2 
 249      65395976 
 249      A6C8012B 
 249      043801
 250 016b 21701C42 		.ascii	"!p\034B\004\250\2010J\3755D\010P\211\223\0258\271\237"
 250      04A88130 
 250      4AFD3544 
 250      08508993 
 250      1538B99F 
 251 017f D2B93A76 		.ascii	"\322\271:v\206\326\264\313\362\\\250\006-T\001a:\030"
 251      86D6B4CB 
 251      F25CA806 
 251      2D540161 
 251      3A18
 252 0191 D96A2DFD 		.ascii	"\331j-\375\307Id\252\256;U\033\330\001m\2009\200\231"
 252      C74964AA 
 252      AE3B551B 
 252      D8016D80 
 252      398099
 253 01a4 CC3500FE 		.ascii	"\3145\000\376\217w*l\374\302}\001\237\307Y\221\337\024"
 253      8F772A6C 
 253      FCC27D01 
 253      9FC75991 
 253      DF14
 254 01b6 553A709B 		.ascii	"U:p\233\200gFT0D7.\373)\000\340\213\312\337s:\367\305"
 254      80674654 
 254      3044372E 
 254      FB2900E0 
 254      8BCADF73 
 255 01cd ABC01F7C 		.ascii	"\253\300\037|\354\370\224\350%\3631y\311W\301\363\332"
 255      ECF894E8 
 255      25F33179 
 255      C957C1F3 
 255      DA
 256 01de E3943748 		.ascii	"\343\2247HP*q\355^\346W\272Nh\307\267\330\212\331\032"
 256      502A71ED 
 256      5EE657BA 
 256      4E68C7B7 
 256      D88AD91A 
 257 01f2 0BAB49FF 		.ascii	"\013\253I\377\221\333{\202H)\260\301\231\027c\256\031"
 257      91DB7B82 
 257      4829B0C1 
 257      991763AE 
 257      19
 258 0203 BC40220E 		.ascii	"\274@\"\016\257\016^\334\025\310\0134\023\207e\231/"
ARM GAS  C:\Users\RUVIMK~1\AppData\Local\Temp\cchbDMlK.s 			page 20


 258      AF0E5EDC 
 258      15C80B34 
 258      13876599 
 258      2F
 259 0214 F2FCE6EC 		.ascii	"\362\374\346\354\240Y\317N\221g\212\360\341k\340\302"
 259      A059CF4E 
 259      91678AF0 
 259      E16BE0C2 
 260 0224 5AD4622D 		.ascii	"Z\324b-\004\250\2039\370oUq\262/\3677\324\210\241N\331"
 260      04A88339 
 260      F86F5571 
 260      B22FF737 
 260      D488A14E 
 261 0239 D929BBC6 		.ascii	"\331)\273\306\276\232Wpq\243\334\202vK\231\036\234\366"
 261      BE9A5770 
 261      71A3DC82 
 261      764B991E 
 261      9CF6
 262 024b 96E9346D 		.ascii	"\226\3514m\0258\005\235\000'\241\003}\253\207P\264O"
 262      1538059D 
 262      0027A103 
 262      7DAB8750 
 262      B44F
 263 025d BB70D341 		.ascii	"\273p\323A\372\270WE\335Y[\374T\"\257&e\300\271\206"
 263      FAB85745 
 263      DD595BFC 
 263      5422AF26 
 263      65C0B986 
 264 0271 F2711761 		.ascii	"\362q\027as\330\025\337\000\233\353>{\277\333\337\243"
 264      73D815DF 
 264      009BEB3E 
 264      7BBFDBDF 
 264      A3
 265 0282 77864FF6 		.ascii	"w\206O\366\216Tg\372\373:-\351|\234>\307\234>\013\212"
 265      8E5467FA 
 265      FB3A2DE9 
 265      7C9C3EC7 
 265      9C3E0B8A 
 266 0296 D737AE38 		.ascii	"\3277\2568w\252\320\353N\364\372\354\356\240\002\331"
 266      77AAD0EB 
 266      4EF4FAEC 
 266      EEA002D9 
 267 02a6 952CCB49 		.ascii	"\225,\313I\"U\203\006\257\317\015\223}nd>_\377\261\352"
 267      22558306 
 267      AFCF0D93 
 267      7D6E643E 
 267      5FFFB1EA 
 268 02ba 4B201BF9 		.ascii	"K \033\371\242\350\311L\333/*P]\277\346H2G:\357E:?\031"
 268      A2E8C94C 
 268      DB2F2A50 
 268      5DBFE648 
 268      32473AEF 
 269 02d2 E902433A 		.ascii	"\351\002C:4t\270\320\237\354\345H#\033\033\322U\276"
 269      3474B8D0 
 269      9FECE548 
 269      231B1BD2 
 269      55BE
ARM GAS  C:\Users\RUVIMK~1\AppData\Local\Temp\cchbDMlK.s 			page 21


 270 02e4 11D0E8BC 		.ascii	"\021\320\350\274!\\\234\220\367&\347\315\315\201J\336"
 270      215C9C90 
 270      F726E7CD 
 270      CD814ADE 
 271 02f4 9F97CDDC 		.ascii	"\237\227\315\334\223\"\037@;\247H\325\240\311K\3344"
 271      93221F40 
 271      3BA748D5 
 271      A0C94BDC 
 271      34
 272 0305 99B89911 		.ascii	"\231\270\231\021\357\354\353qiI%'.\250yx\301\217w\203"
 272      EFECEB71 
 272      69492527 
 272      2EA87978 
 272      C18F7783 
 273 0319 06875503 		.ascii	"\006\207U\003\245Uz\336\015.\3269\031\243\025\"\251"
 273      A5557ADE 
 273      0D2ED639 
 273      19A31522 
 273      A9
 274 032a E5BA87D2 		.ascii	"\345\272\207\322\272\017j\360e\010\356\030\340\263]"
 274      BA0F6AF0 
 274      6508EE18 
 274      E0B35D
 275 0339 84F0EDA2 		.ascii	"\204\360\355\242\3225R\256\"\347\230\256x\244\274\373"
 275      D23552AE 
 275      22E798AE 
 275      78A4BCFB 
 276 0349 2308D3F2 		.ascii	"#\010\323\362\345{\2715\"m\023\315\314u\214\352\337"
 276      E57BB935 
 276      226D13CD 
 276      CC758CEA 
 276      DF
 277 035a 5E0743E8 		.ascii	"^\007C\350\362e[\201\274W&s\004X\024\002\013p#\270\206"
 277      F2655B81 
 277      BC572673 
 277      04581402 
 277      0B7023B8 
 278 036f 1B4188B2 		.ascii	"\033A\210\262\021|\213I\270\212I@\202\203_\034\370F"
 278      117C8B49 
 278      B88A4940 
 278      82835F1C 
 278      F846
 279 0381 4F6A0823 		.ascii	"Oj\010#h/\177p\211x\030:\036\207V\244Q\206[\310p\303"
 279      682F7F70 
 279      8978183A 
 279      1E8756A4 
 279      51865BC8 
 280 0397 CB808453 		.ascii	"\313\200\204SS\334\234\232\242\244\262l\377\014\335"
 280      53DC9C9A 
 280      A2A4B26C 
 280      FF0CDD
 281 03a6 66CFEEC4 		.ascii	"f\317\356\304\360\334\033\224\000\255\240S\026\332\320"
 281      F0DC1B94 
 281      00ADA053 
 281      16DAD0
 282 03b5 F65BB984 		.ascii	"\366[\271\204\024\253\250/\252\241\3572\276W\303\254"
 282      14ABA82F 
ARM GAS  C:\Users\RUVIMK~1\AppData\Local\Temp\cchbDMlK.s 			page 22


 282      AAA1EF32 
 282      BE57C3AC 
 283 03c5 79F3C272 		.ascii	"y\363\302rX\005Q\260\333\240\005\355.3\273\3330\213"
 283      580551B0 
 283      DBA005ED 
 283      2E33BBDB 
 283      308B
 284 03d7 526111C2 		.ascii	"Ra\021\302pm\316\303Mj\036[\273\305\224\310u9\213\234"
 284      706DCEC3 
 284      4D6A1E5B 
 284      BBC594C8 
 284      75398B9C 
 285 03eb 4AD99425 		.ascii	"J\331\224%;\353\2012\300w\350?\265\360l\214\221\024"
 285      3BEB8132 
 285      C077E83F 
 285      B5F06C8C 
 285      9114
 286 03fd E3044552 		.ascii	"\343\004ER,.\374\022\233-\2250\355+SjGQe\236\233\201"
 286      2C2EFC12 
 286      9B2D9530 
 286      ED2B536A 
 286      4751659E 
 287 0413 82E02474 		.ascii	"\202\340$t\210*\011J^\224 Z\032Z\323\011\351`A\210g"
 287      882A094A 
 287      5E94205A 
 287      1A5AD309 
 287      E9604188 
 288 0428 8A47B1AD 		.ascii	"\212G\261\255\303fq\243G\205j\334\346\241\013\201;\275"
 288      C36671A3 
 288      47856ADC 
 288      E6A10B81 
 288      3BBD
 289 043a E9A410F8 		.ascii	"\351\244\020\370A\235*H\370\036c\233.N\344j>\266\365"
 289      419D2A48 
 289      F81E639B 
 289      2E4EE46A 
 289      3EB6F5
 290 044d A8EE8DBD 		.ascii	"\250\356\215\275\262\323E7\213\260\252\275\010\001\014"
 290      B2D34537 
 290      8BB0AABD 
 290      08010C
 291 045c FF12C7F7 		.ascii	"\377\022\307\367I\327%\326\270w\340\015\272\\\273+\217"
 291      49D725D6 
 291      B877E00D 
 291      BA5CBB2B 
 291      8F
 292 046d 00B9CB7C 		.ascii	"\000\271\313|\204\321\272\212Fup\266\302\277\024hy\330"
 292      84D1BA8A 
 292      467570B6 
 292      C2BF1468 
 292      79D8
 293 047f 1ED803C1 		.ascii	"\036\330\003\301\236\250N\346?/W#S'\206\321^0{\233\354"
 293      9EA84EE6 
 293      3F2F5723 
 293      532786D1 
 293      5E307B9B 
 294 0494 9C43DF43 		.ascii	"\234C\337C\267\362\301\342\017\320\313\340G7\217\364"
ARM GAS  C:\Users\RUVIMK~1\AppData\Local\Temp\cchbDMlK.s 			page 23


 294      B7F2C1E2 
 294      0FD0CBE0 
 294      47378FF4 
 295 04a4 E8C91887 		.ascii	"\350\311\030\207\377\374`\371\327D\261\354\372E\222"
 295      FFFC60F9 
 295      D744B1EC 
 295      FA4592
 296 04b3 8CF5A086 		.ascii	"\214\365\240\206?\270\015\331\003\3641\303g[\332+D\337"
 296      3FB80DD9 
 296      03F431C3 
 296      675BDA2B 
 296      44DF
 297 04c5 4EE9F2A9 		.ascii	"N\351\362\251\201\000wy\247\320;]\261\371Y\331:_e\012"
 297      81007779 
 297      A7D03B5D 
 297      B1F959D9 
 297      3A5F650A 
 298 04d9 EB55EE57 		.ascii	"\353U\356W\224\373\231rr\177\301\256 \222\352\307\\"
 298      94FB9972 
 298      727FC1AE 
 298      2092EAC7 
 298      5C
 299 04ea AA4E293D 		.ascii	"\252N)=\254\347\353\363W8\334\230\323\265W\371\234\016"
 299      ACE7EBF3 
 299      5738DC98 
 299      D3B557F9 
 299      9C0E
 300 04fc D225B8A7 		.ascii	"\322%\270\247yd\207\226l\343\272\305}\315\347\225\265"
 300      79648796 
 300      6CE3BAC5 
 300      7DCDE795 
 300      B5
 301 050d FC3A0E7F 		.ascii	"\374:\016\177\332\325\235\247\327\246\323dq\322`\337"
 301      DAD59DA7 
 301      D7A6D364 
 301      71D260DF 
 302 051d 561EA499 		.ascii	"V\036\244\231\303^\201\007\274\363\257=>\365TG\012\031"
 302      C35E8107 
 302      BCF3AF3D 
 302      3EF55447 
 302      0A19
 303 052f 92AA2CA5 		.ascii	"\222\252,\245dP\005a!\200\352\300\227\030\375\352\013"
 303      64500561 
 303      2180EAC0 
 303      9718FDEA 
 303      0B
 304 0540 308ACB61 		.ascii	"0\212\313aHI\007^\0052\302\017\376\213N\343\263\206"
 304      4849075E 
 304      0532C20F 
 304      FE8B4EE3 
 304      B386
 305 0552 DDA7586C 		.ascii	"\335\247Xl\303\330\016\243\214\357!\002\216p\302\341"
 305      C3D80EA3 
 305      8CEF2102 
 305      8E70C2E1 
 306 0562 A73DF7C1 		.ascii	"\247=\367\301\267\226\024\373>\276\277\307\374{D+\312"
 306      B79614FB 
ARM GAS  C:\Users\RUVIMK~1\AppData\Local\Temp\cchbDMlK.s 			page 24


 306      3EBEBFC7 
 306      FC7B442B 
 306      CA
 307 0573 BDA4DA47 		.ascii	"\275\244\332G\212\032\237\004h\025\354\364\237\303n"
 307      8A1A9F04 
 307      6815ECF4 
 307      9FC36E
 308 0582 BD752F5D 		.ascii	"\275u/]\357\213=\366*\354\232\254\364\007\032,{\013"
 308      EF8B3DF6 
 308      2AEC9AAC 
 308      F4071A2C 
 308      7B0B
 309 0594 B6E6A3DD 		.ascii	"\266\346\243\335\352$\247+i.<\306\012\015`g\342\266"
 309      EA24A72B 
 309      692E3CC6 
 309      0A0D6067 
 309      E2B6
 310 05a6 EF63F923 		.ascii	"\357c\371#\316| \012\360\204\365\200\373\0105\377\345"
 310      CE7C200A 
 310      F084F580 
 310      FB0835FF 
 310      E5
 311 05b7 23D47CBE 		.ascii	"#\324|\276'^\335:\274\317\2378YV\305\216[\343\267\203"
 311      275EDD3A 
 311      BCCF9F38 
 311      5956C58E 
 311      5BE3B783 
 312 05cb A63BFC3C 		.ascii	"\246;\374<\3078\346+\033\3228N>\365\034~.\267\376>\177"
 312      C738E62B 
 312      1BD2384E 
 312      3EF51C7E 
 312      2EB7FE3E 
 313 05e0 981E7E9E 		.ascii	"\230\036~\236a\020?y\027\343|\305\375\203\373r\212\325"
 313      61103F79 
 313      17E37CC5 
 313      FD83FB72 
 313      8AD5
 314 05f2 A49473D4 		.ascii	"\244\224s\324\024\366\234\021\247\343H\022\247\343\300"
 314      14F69C11 
 314      A7E34812 
 314      A7E3C0
 315 0601 FDF32CDB 		.ascii	"\375\363,\333?e\221n\356\036\216g,Gt\026\211r\006\207"
 315      3F65916E 
 315      EE1E8E67 
 315      2C477416 
 315      89720687 
 316 0615 73D5D336 		.ascii	"s\325\3236T\262\2504\324\002V\202\344\232\201q\325\344"
 316      54B2A834 
 316      D4025682 
 316      E49A8171 
 316      D5E4
 317 0627 F27ABF68 		.ascii	"\362z\277h)b\260\333\206\015\350\247}\274\274:\210\267"
 317      2962B0DB 
 317      860DE8A7 
 317      7DBCBC3A 
 317      88B7
 318 0639 AF1A87B5 		.ascii	"\257\032\207\265\027SO\006N\313\226\346fK\025\031\335"
ARM GAS  C:\Users\RUVIMK~1\AppData\Local\Temp\cchbDMlK.s 			page 25


 318      17534F06 
 318      4ECB96E6 
 318      664B1519 
 318      DD
 319 064a C3CD6963 		.ascii	"\303\315ic\312\261\323\037\207\007z\213\266\350\370"
 319      CAB1D31F 
 319      87077A8B 
 319      B6E8F8
 320 0659 3A5982C3 		.ascii	":Y\202\303\322\256\274\246\227zm\223\030\002\033E\012"
 320      D2AEBCA6 
 320      977A6D93 
 320      18021B45 
 320      0A
 321 066a 96CE9C49 		.ascii	"\226\316\234I\343\316\2443gZ\006j2\003I%_X\265\231\373"
 321      E3CEA433 
 321      675A066A 
 321      32034925 
 321      5F58B599 
 322 067f AE6AF183 		.ascii	"\256j\361\203\353\302\017n\303q\322\326\304\016:\316"
 322      EBC20F6E 
 322      C371D2D6 
 322      C40E3ACE 
 323 068f 15FCA0F3 		.ascii	"\025\374\240\363\231\350I\027>N\374\342n\026\351\027"
 323      99E84917 
 323      3E4EFCE2 
 323      6E16E917 
 324 069f B7F38B1F 		.ascii	"\267\363\213\037r\365\244\217\203\345\237\357?\342\006"
 324      72F5A48F 
 324      83E59FEF 
 324      3FE206
 325 06ae BB739AB4 		.ascii	"\273s\232\264V\364\3112\356\014\251\240bh\031^\264\214"
 325      56F4C932 
 325      EE0CA9A0 
 325      6268195E 
 325      B48C
 326 06c0 C968990C 		.ascii	"\311h\231\014\355Fo},)Q3\260\222\362\335\207\203\310"
 326      ED466F7D 
 326      2C295133 
 326      B092F2DD 
 326      8783C8
 327 06d3 713EC8A8 		.ascii	"q>\310\250o(R\343\331\010\266PC:s\356\300\261:`\247"
 327      6F2852E3 
 327      D908B650 
 327      433A73EE 
 327      C0B13A60 
 328 06e8 255A577E 		.ascii	"%ZW~\252\372\374\333\342j\375\264'\274\034\221\2364"
 328      AAFAFCDB 
 328      E26AFDB4 
 328      27BC1C91 
 328      9E34
 329 06fa B245E5A8 		.ascii	"\262E\345\250Q8T\233\037\2408;v\223\334<T\210\237\251"
 329      5138549B 
 329      1FA0383B 
 329      7693DC3C 
 329      54889FA9 
 330 070e 247969A3 		.ascii	"$yi\243H5!\313\355,l\025Ut4\321\337m\314\337\314\264"
 330      483521CB 
ARM GAS  C:\Users\RUVIMK~1\AppData\Local\Temp\cchbDMlK.s 			page 26


 330      ED2C6C15 
 330      557434D1 
 330      DF6DCCDF 
 331 0724 92247FF2 		.ascii	"\222$\177\362\231?\363\361vEe\323\014\005\360\334qr"
 331      993FF3F1 
 331      764565D3 
 331      0C05F0DC 
 331      7172
 332 0736 3E238303 		.ascii	">#\203\003\256`\301\347z\203\317\235\014\226\307\300"
 332      AE60C1E7 
 332      7A83CF9D 
 332      0C96C7C0 
 333 0746 F68F3DCE 		.ascii	"\366\217=\316\010\"\271\034lh\354h\2007\223%\2232\271"
 333      0822B91C 
 333      6C68EC68 
 333      80379325 
 333      9332B9
 334 0759 DD0BB67D 		.ascii	"\335\013\266}2\330\0161TX\020\021\021\211?c\234y\215"
 334      32D80E31 
 334      54581011 
 334      11893F63 
 334      9C798D
 335 076c D9668F5A 		.ascii	"\331f\217Z\2620\322f\2174\332,\026\233\025\237\342\315"
 335      B230D266 
 335      8F34DA2C 
 335      169B159F 
 335      E2CD
 336 077e 6B22ED09 		.ascii	"k\"\355\011F|m1Y\214\266\004S\204Q\363\316\237\336\233"
 336      467C6D31 
 336      598CB604 
 336      538451F3 
 336      CE9FDE9B 
 337 0792 BB3C2A4A 		.ascii	"\273<*JP\333\315\3774I\216u\306\337\3068l\266x{\214"
 337      50DBCDFF 
 337      34498E75 
 337      C6DFC638 
 337      6CB6787B 
 338 07a7 C9B2C614 		.ascii	"\311\262\306\024\033k\212\215Yg4\206\033\022,\341V\233"
 338      1B6B8A8D 
 338      59673486 
 338      1B122CE1 
 338      569B
 339 07b9 D5146E32 		.ascii	"\325\024n2\2541\207/\016_\270 jq\370\337\177\023n1|"
 339      AC31872F 
 339      0E5FB820 
 339      6A71F8DF 
 339      7F136E31 
 340 07ce 644B     		.ascii	"dK"
 341 07d0 08FFC46C 		.ascii	"\010\377\304l]\2640\006\321\251n\314\004\335\230\305"
 341      5DB43006 
 341      D1A96ECC 
 341      04DD98C5 
 342 07e0 110B23A2 		.ascii	"\021\013#\242b\314Vc|b\254)\306\356@\310\265\021q\202"
 342      62CC5663 
 342      7C62AC29 
 342      C6EE40C8 
 342      B5117182 
ARM GAS  C:\Users\RUVIMK~1\AppData\Local\Temp\cchbDMlK.s 			page 27


 343 07f4 56A2FC92 		.ascii	"V\242\374\222\331jvD\375\267>\013\257\033\343\226\343"
 343      D96A7644 
 343      FDB73E0B 
 343      AF1BE396 
 343      E3
 344 0805 D3B2F878 		.ascii	"\323\262\370x\233qY\274y\235\325\024\373\276\331\021"
 344      9B7159BC 
 344      799DD514 
 344      FBBED911 
 345 0815 F7E7B56B 		.ascii	"\367\347\265k\355&\307\312\220W\275\235\311_\276crD"
 345      ED26C7CA 
 345      9057BD9D 
 345      C95FBE63 
 345      7244
 346 0827 3B0C8E44 		.ascii	";\014\216D\373_\265\3068IA\366\267\232>u\340s\200$%"
 346      FB5FB5C6 
 346      384941F6 
 346      B79A3E75 
 346      E0738024 
 347 083c 9AAD8E25 		.ascii	"\232\255\216%\222\303\374\277gcb\026\334\361[\014\030"
 347      92C3FCBF 
 347      67636216 
 347      DCF15B0C 
 347      18
 348 084d A6D51423 		.ascii	"\246\325\024#a\026\014\211\361\016\311\261a\275\311"
 348      61160C89 
 348      F10EC9B1 
 348      61BDC9
 349 085c 8EF9F057 		.ascii	"\216\371\360W\030?\370\1773\3327\330c$L;\302#\215\332"
 349      183FF87F 
 349      33DA37D8 
 349      63244C3B 
 349      C2238DDA 
 350 0870 648DC508 		.ascii	"d\215\305\010\337\374\331\224+\346>i\217\023\002\224"
 350      DFFCD994 
 350      2BE63E69 
 350      8F130294 
 351 0880 47C9A197 		.ascii	"G\311\241\227\2448\223a\275\264\306`7I\222N\031!\266"
 351      A4389361 
 351      BDB4C660 
 351      3749924E 
 351      1921B6
 352 0893 24E1ABB5 		.ascii	"$\341\253\265\211V\243$E\274\2658*J\343\036\251\214"
 352      8956A324 
 352      45BCB538 
 352      2A4AE31E 
 352      A98C
 353 08a5 7186042D 		.ascii	"q\206\004-O\354\242\205\222C\343~\0104\306Eo\260\277"
 353      4FECA285 
 353      9243E37E 
 353      0834C645 
 353      6FB0BF
 354 08b8 67C5627D 		.ascii	"g\305b}<\177*\267\022\034>\316`4\350H\340z[\202CJd6"
 354      3C7F2AB7 
 354      121C3ECE 
 354      6034E848 
 354      E07A5B82 
ARM GAS  C:\Users\RUVIMK~1\AppData\Local\Temp\cchbDMlK.s 			page 28


 355 08d0 AF0A85AA 		.ascii	"\257\012\205\252\331#\227\275\273j\371\252OQ\203\371"
 355      D92397BD 
 355      BB6AF9AA 
 355      4F5183F9 
 356 08e0 FE8FC516 		.ascii	"\376\217\305\026D@/\261\031\244\267\227E\377\341/\357"
 356      44402FB1 
 356      19A4B797 
 356      45FFE12F 
 356      EF
 357 08f1 AED41BE2 		.ascii	"\256\324\033\342?1l\260c7\306cq\336~\005\"6\010\305"
 357      3F316CB0 
 357      6337C663 
 357      71DE7E05 
 357      223608C5 
 358 0905 8B5CBE2A 		.ascii	"\213\\\276*zet$\355\244\310\225n\347,v\263]\302b\321"
 358      7A657424 
 358      EDA4C895 
 358      6EE72C76 
 358      B35DC262 
 359 091a 4CB1A0FE 		.ascii	"L\261\240\376\210\356\0050W\251\243\377\0015m%\217"
 359      88EE0530 
 359      57A9A3FF 
 359      01356D25 
 359      8F
 360              		.text
 361              		.section	.gnu.lto_.symtab.211d9a78,"",%progbits
 362 0000 5F636F72 		.ascii	"_core_init\000"
 362      655F696E 
 362      697400
 363 000b 00       		.ascii	"\000"
 364 000c 00       		.ascii	"\000"
 365 000d 00       		.ascii	"\000"
 366 000e 00000000 		.ascii	"\000\000\000\000\000\000\000\000"
 366      00000000 
 367 0016 C2000000 		.ascii	"\302\000\000\000"
 368 001a 63685F6D 		.ascii	"ch_memcore\000"
 368      656D636F 
 368      726500
 369 0025 00       		.ascii	"\000"
 370 0026 00       		.ascii	"\000"
 371 0027 00       		.ascii	"\000"
 372 0028 00000000 		.ascii	"\000\000\000\000\000\000\000\000"
 372      00000000 
 373 0030 E3000000 		.ascii	"\343\000\000\000"
 374 0034 6368436F 		.ascii	"chCoreAllocAlignedWithOffsetI\000"
 374      7265416C 
 374      6C6F6341 
 374      6C69676E 
 374      65645769 
 375 0052 00       		.ascii	"\000"
 376 0053 00       		.ascii	"\000"
 377 0054 00       		.ascii	"\000"
 378 0055 00000000 		.ascii	"\000\000\000\000\000\000\000\000"
 378      00000000 
 379 005d C8000000 		.ascii	"\310\000\000\000"
 380 0061 6368436F 		.ascii	"chCoreAllocAlignedWithOffset\000"
 380      7265416C 
ARM GAS  C:\Users\RUVIMK~1\AppData\Local\Temp\cchbDMlK.s 			page 29


 380      6C6F6341 
 380      6C69676E 
 380      65645769 
 381 007e 00       		.ascii	"\000"
 382 007f 00       		.ascii	"\000"
 383 0080 00       		.ascii	"\000"
 384 0081 00000000 		.ascii	"\000\000\000\000\000\000\000\000"
 384      00000000 
 385 0089 CA000000 		.ascii	"\312\000\000\000"
 386 008d 6368436F 		.ascii	"chCoreGetStatusX\000"
 386      72654765 
 386      74537461 
 386      74757358 
 386      00
 387 009e 00       		.ascii	"\000"
 388 009f 00       		.ascii	"\000"
 389 00a0 00       		.ascii	"\000"
 390 00a1 00000000 		.ascii	"\000\000\000\000\000\000\000\000"
 390      00000000 
 391 00a9 CD000000 		.ascii	"\315\000\000\000"
 392 00ad 5F5F6865 		.ascii	"__heap_base__\000"
 392      61705F62 
 392      6173655F 
 392      5F00
 393 00bb 00       		.ascii	"\000"
 394 00bc 02       		.ascii	"\002"
 395 00bd 00       		.ascii	"\000"
 396 00be 00000000 		.ascii	"\000\000\000\000\000\000\000\000"
 396      00000000 
 397 00c6 E6000000 		.ascii	"\346\000\000\000"
 398 00ca 5F5F6865 		.ascii	"__heap_end__\000"
 398      61705F65 
 398      6E645F5F 
 398      00
 399 00d7 00       		.ascii	"\000"
 400 00d8 02       		.ascii	"\002"
 401 00d9 00       		.ascii	"\000"
 402 00da 00000000 		.ascii	"\000\000\000\000\000\000\000\000"
 402      00000000 
 403 00e2 E8000000 		.ascii	"\350\000\000\000"
 404              		.text
 405              		.section	.gnu.lto_.opts,"",%progbits
 406 0000 272D666D 		.ascii	"'-fmath-errno' '-fsigned-zeros' '-ftrapping-math' '"
 406      6174682D 
 406      6572726E 
 406      6F272027 
 406      2D667369 
 407 0033 2D666E6F 		.ascii	"-fno-trapv' '-fno-openmp' '-fno-openacc' '-mcpu=cor"
 407      2D747261 
 407      70762720 
 407      272D666E 
 407      6F2D6F70 
 408 0066 7465782D 		.ascii	"tex-m4' '-mno-thumb-interwork' '-mthumb' '-O2' '-fo"
 408      6D342720 
 408      272D6D6E 
 408      6F2D7468 
 408      756D622D 
ARM GAS  C:\Users\RUVIMK~1\AppData\Local\Temp\cchbDMlK.s 			page 30


 409 0099 6D69742D 		.ascii	"mit-frame-pointer' '-falign-functions=16' '-ffuncti"
 409      6672616D 
 409      652D706F 
 409      696E7465 
 409      72272027 
 410 00cc 6F6E2D73 		.ascii	"on-sections' '-fdata-sections' '-fno-common' '-flto"
 410      65637469 
 410      6F6E7327 
 410      20272D66 
 410      64617461 
 411 00ff 2700     		.ascii	"'\000"
 412              		.text
 413              		.comm	__gnu_lto_v1,1,1
 414              		.comm	__gnu_lto_slim,1,1
 415              		.ident	"GCC: (GNU Tools for Arm Embedded Processors 7-2017-q4-major) 7.2.1 20170904 (release) [ARM
ARM GAS  C:\Users\RUVIMK~1\AppData\Local\Temp\cchbDMlK.s 			page 31


DEFINED SYMBOLS
                            *ABS*:00000000 chmemcore.c
                            *COM*:00000001 __gnu_lto_v1
                            *COM*:00000001 __gnu_lto_slim

NO UNDEFINED SYMBOLS
