ARM GAS  C:\Users\RUVIMK~1\AppData\Local\Temp\ccKKBlzX.s 			page 1


   1              		.cpu cortex-m4
   2              		.eabi_attribute 20, 1
   3              		.eabi_attribute 21, 1
   4              		.eabi_attribute 23, 3
   5              		.eabi_attribute 24, 1
   6              		.eabi_attribute 25, 1
   7              		.eabi_attribute 26, 1
   8              		.eabi_attribute 30, 2
   9              		.eabi_attribute 34, 1
  10              		.eabi_attribute 18, 4
  11              		.file	"crt1.c"
  12              		.section	.gnu.lto_.profile.16f2ed95,"",%progbits
  13 0000 789C6363 		.ascii	"x\234cc```\001bF\006IQ\000\000\277\000:"
  13      60606001 
  13      62460649 
  13      510000BF 
  13      003A
  14              		.text
  15              		.section	.gnu.lto_.icf.16f2ed95,"",%progbits
  16 0000 789C6363 		.ascii	"x\234cc``Pc@\0006\206\246\206\326M|\214`\222\011L2\357"
  16      60605063 
  16      40003686 
  16      A686D64D 
  16      7C8C6092 
  17 0018 7CF26527 		.ascii	"|\362e'/\313\376}+\217\260\263^\374\266\261\207\217"
  17      2FCBFE7D 
  17      2B8FB0B3 
  17      5EFCB6B1 
  17      878F
  18 002a 01003027 		.ascii	"\001\0000'\020q"
  18      1071
  19              		.text
  20              		.section	.gnu.lto_.jmpfuncs.16f2ed95,"",%progbits
  21 0000 789C6363 		.ascii	"x\234cc``\020d@\000V fd``b``f``\001r\000\003o\000'"
  21      60601064 
  21      40005620 
  21      66646060 
  21      62606066 
  22              		.text
  23              		.section	.gnu.lto_.inline.16f2ed95,"",%progbits
  24 0000 789C6363 		.ascii	"x\234cc``\210c@\000V\006\006f&F\006& \223m\201<\210"
  24      60608863 
  24      40005606 
  24      06662646 
  24      06262093 
  25 0018 6260C410 		.ascii	"b`\304\020a\302\020a\006\362 \",`\022H\211\374`\001"
  25      61C21061 
  25      06F22022 
  25      2C601248 
  25      89FC6001 
  26 002c 8A289DF8 		.ascii	"\212(\235\370\341\303\300\326\001Q\305\000\000\376\366"
  26      E1C3C0D6 
  26      0151C500 
  26      00FEF6
  27 003b 06DC     		.ascii	"\006\334"
  28              		.text
  29              		.section	.gnu.lto_.pureconst.16f2ed95,"",%progbits
ARM GAS  C:\Users\RUVIMK~1\AppData\Local\Temp\ccKKBlzX.s 			page 2


  30 0000 789C6363 		.ascii	"x\234cc``\340\006bV\006\011F\011&\011f\023\026)\000"
  30      6060E006 
  30      62560609 
  30      46092609 
  30      66131629 
  31 0015 043700B7 		.ascii	"\0047\000\267"
  32              		.text
  33              		.section	.gnu.lto___core_init.16f2ed95,"",%progbits
  34 0000 789C6363 		.ascii	"x\234cc``\250\003bG \226\006bFf\006F\246\011\347\030"
  34      6060A803 
  34      62472096 
  34      06624666 
  34      0646A609 
  35 0016 181A3998 		.ascii	"\030\0329\230\030\031A\214\006\016F\206z&\306z\306\036"
  35      1819418C 
  35      060E4686 
  35      7A26C67A 
  35      C61E
  36 0028 E629CC8C 		.ascii	"\346)\314\214\207\332\237\355d\322\\\336\000\004\007"
  36      87DA9FED 
  36      64D25CDE 
  36      000407
  37 0037 A66FE26A 		.ascii	"\246o\342jkh\225\230\303\314\3000\015\210A\200q3\243"
  37      6B689598 
  37      C3CCC030 
  37      0D884180 
  37      7133A3
  38 004a 260350D9 		.ascii	"&\003P\331\243\215\377\246\362\262\261@\304\031\267"
  38      A38DFFA6 
  38      F2B2B140 
  38      C419B7
  39 0059 30B23130 		.ascii	"0\26210\002\031\353/\261\036h\370\367\277\275\341\300"
  39      0219EB2F 
  39      B11E68F8 
  39      F7BFBDE1 
  39      C0
  40 006a 91C58CFB 		.ascii	"\221\305\214\373\275\230\030\030:\200\362@K\032\016"
  40      BD981818 
  40      3A80F240 
  40      4B1A0E
  41 0079 30743233 		.ascii	"0t23\201X\315\007\030\33616)\200\265\200@\0073#H\030"
  41      8158CD07 
  41      18DE3136 
  41      2980B580 
  41      40073323 
  42 008f A8D45E4F 		.ascii	"\250\324^OO\037\210\22232\2232\363\213\015-\214\364"
  42      4F1F8892 
  42      33329332 
  42      F38B0D2D 
  42      8CF4
  43 00a1 F38BF593 		.ascii	"\363\213\365\223\363ss\363\363\364\213K\022\213JJ\013"
  43      F37373F3 
  43      F3F48B4B 
  43      128B4A4A 
  43      0B
  44 00b2 F41D837C 		.ascii	"\364\035\203|\235}+@\242\005\2319\251E\305\372\356\316"
  44      9D7D2B40 
ARM GAS  C:\Users\RUVIMK~1\AppData\Local\Temp\ccKKBlzX.s 			page 3


  44      A2059939 
  44      A945C5FA 
  44      EECE
  45 00c4 CEFAC945 		.ascii	"\316\372\311E%\206z\311\014\000\306\343@H"
  45      25867AC9 
  45      0C00C6E3 
  45      4048
  46              		.text
  47              		.section	.gnu.lto___early_init.16f2ed95,"",%progbits
  48 0000 789C6363 		.ascii	"x\234cc``\250\001bG \226\006bFf\006F\246\011\347\030"
  48      6060A801 
  48      62472096 
  48      06624666 
  48      0646A609 
  49 0016 181A3998 		.ascii	"\030\0329\230\030\031A\214\006\016F\206z&\306z\306\036"
  49      1819418C 
  49      060E4686 
  49      7A26C67A 
  49      C61E
  50 0028 E629CC8C 		.ascii	"\346)\314\214\207\332\237\355d\322\\\336\000\004\007"
  50      87DA9FED 
  50      64D25CDE 
  50      000407
  51 0037 A6FFE06A 		.ascii	"\246\377\340jkh\225\230\303\314\3000\015\210A\200q3"
  51      6B689598 
  51      C3CCC030 
  51      0D884180 
  51      7133
  52 0049 A3260350 		.ascii	"\243&\003P\331\243\215\377\246\362\262\261@\304\031"
  52      D9A38DFF 
  52      A6F2B2B1 
  52      40C419
  53 0058 B730B231 		.ascii	"\2670\26210\002\031\353/\261\036h\370\367\277\275\341"
  53      300219EB 
  53      2FB11E68 
  53      F8F7BFBD 
  53      E1
  54 0069 C0196566 		.ascii	"\300\031ef&\006\206\016\240,\320\212\206\003\014\235"
  54      2606860E 
  54      A02CD08A 
  54      86030C9D 
  55 0079 402E90D5 		.ascii	"@.\220\325|\200\341\035c\223\002X\003\010t03\202\204"
  55      7C80E11D 
  55      63930258 
  55      03087430 
  55      338284
  56 008c 814AEDF5 		.ascii	"\201J\355\365\364\364\201(9#3)3\277\330\320\302H?\277"
  56      F4F48128 
  56      39233329 
  56      33BFD8D0 
  56      C2483FBF 
  57 00a0 583F393F 		.ascii	"X?9?77?O\277\270$\261\250\244\264@\3371\310\327\331"
  57      37373F4F 
  57      BFB824B1 
  57      A8A4B440 
  57      DF31C8D7 
  58 00b5 B702245A 		.ascii	"\267\002$Z\220\231\223ZT\254\357\356\354\254\237\\T"
ARM GAS  C:\Users\RUVIMK~1\AppData\Local\Temp\ccKKBlzX.s 			page 4


  58      9099935A 
  58      54ACEFEE 
  58      ECAC9F5C 
  58      54
  59 00c6 62A897CC 		.ascii	"b\250\227\314\000\000\015\221?\015"
  59      00000D91 
  59      3F0D
  60              		.text
  61              		.section	.gnu.lto___late_init.16f2ed95,"",%progbits
  62 0000 789C6363 		.ascii	"x\234cc``\250\001bG \226\006bFf\006F\246\011\347\030"
  62      6060A801 
  62      62472096 
  62      06624666 
  62      0646A609 
  63 0016 181A3998 		.ascii	"\030\0329\230\030\031A\214\006\016F\206z&\306z\306\036"
  63      1819418C 
  63      060E4686 
  63      7A26C67A 
  63      C61E
  64 0028 E629CC8C 		.ascii	"\346)\314\214\207\332\237\355d\322\\\336\000\004\007"
  64      87DA9FED 
  64      64D25CDE 
  64      000407
  65 0037 A66FE16E 		.ascii	"\246o\341nkh\225\230\303\314\3000\015\210A\200q3\243"
  65      6B689598 
  65      C3CCC030 
  65      0D884180 
  65      7133A3
  66 004a 260350D9 		.ascii	"&\003P\331\243\215\377\246\362\262\261@\304\031\267"
  66      A38DFFA6 
  66      F2B2B140 
  66      C419B7
  67 0059 30B23130 		.ascii	"0\26210\002\031\353/\261\036h\370\367\277\275\341\300"
  67      0219EB2F 
  67      B11E68F8 
  67      F7BFBDE1 
  67      C0
  68 006a 11656626 		.ascii	"\021ef&\006\206\016\240,\320\212\206\003\014\235@.\220"
  68      06860EA0 
  68      2CD08A86 
  68      030C9D40 
  68      2E90
  69 007c D57C80E1 		.ascii	"\325|\200\341\035c\223\002X\003\010t03\202\204\201J"
  69      1D639302 
  69      58030874 
  69      30338284 
  69      814A
  70 008e EDF5F4F4 		.ascii	"\355\365\364\364\201(9#3)3\277\330\320\302H?\277X?9"
  70      81283923 
  70      332933BF 
  70      D8D0C248 
  70      3FBF583F 
  71 00a3 3F37373F 		.ascii	"?77?O\277\270$\261\250\244\264@\3371\310\327\331\267"
  71      4FBFB824 
  71      B1A8A4B4 
  71      40DF31C8 
  71      D7D9B7
ARM GAS  C:\Users\RUVIMK~1\AppData\Local\Temp\ccKKBlzX.s 			page 5


  72 00b6 02245A90 		.ascii	"\002$Z\220\231\223ZT\254\357\356\354\254\237\\Tb\250"
  72      99935A54 
  72      ACEFEEEC 
  72      AC9F5C54 
  72      62A8
  73 00c8 97CC0000 		.ascii	"\227\314\000\000\3358>\302"
  73      DD383EC2 
  74              		.text
  75              		.section	.gnu.lto___default_exit.16f2ed95,"",%progbits
  76 0000 789C6363 		.ascii	"x\234cc``\250\005bG 6\007bFV\006F\246\011\347\030\030"
  76      6060A805 
  76      62472036 
  76      07624656 
  76      0646A609 
  77 0017 1A399818 		.ascii	"\0329\230\030\231!\014fF\026\010\203\005\"\342\310\310"
  77      99210C66 
  77      46160883 
  77      0522E2C8 
  77      C8
  78 0028 50CFC4CC 		.ascii	"P\317\304\314\302\010$\030\240\240\207y\0123\343\241"
  78      C2082418 
  78      A0A08779 
  78      0A33E3A1 
  79 0038 F6673B99 		.ascii	"\366g;\2314\2277\000\301\201\351\367\270\333\032Z%\346"
  79      34973700 
  79      C181E9F7 
  79      B8DB1A5A 
  79      25E6
  80 004a 00554C83 		.ascii	"\000UL\203\252b\334\314\250\311\000T\366h\343\277\251"
  80      AA62DCCC 
  80      A8C90054 
  80      F668E3BF 
  80      A9
  81 005b BC6C2C10 		.ascii	"\274l,\020q\306-\214l\014\214@\306\372K\254\007\032"
  81      71C62D8C 
  81      6C0C8C40 
  81      C6FA4BAC 
  81      071A
  82 006d FEFD6F6F 		.ascii	"\376\375oo8pg1\343Oo\240P\007P\236\261\341\000\220f"
  82      38706731 
  82      E34F6FA0 
  82      5007509E 
  82      B1E10090 
  83 0082 62606C04 		.ascii	"b`l\004\321\314\014@\353\233A,\026\020\213\261\203\231"
  83      D1CC0C40 
  83      EB9B412C 
  83      16108BB1 
  83      8399
  84 0094 116CB2BD 		.ascii	"\021l\262\275\236\236>\020%gd&e\346\027\033Z\030\351"
  84      9E9E3E10 
  84      25676426 
  84      65E6171B 
  84      5A18E9
  85 00a7 E717EB27 		.ascii	"\347\027\353'\347\347\346\346\347\351\027\227$\026\225"
  85      E7E7E6E6 
  85      E7E91797 
  85      241695
ARM GAS  C:\Users\RUVIMK~1\AppData\Local\Temp\ccKKBlzX.s 			page 6


  86 00b6 9416E83B 		.ascii	"\224\026\350;\006\371:\373V\200D\0132sR\213\212\365"
  86      06F93AFB 
  86      5680440B 
  86      3273528B 
  86      8AF5
  87 00c8 DD9D9DF5 		.ascii	"\335\235\235\365\223\213J\014\365\222\031\000 wC;"
  87      938B4A0C 
  87      F5921900 
  87      2077433B 
  88              		.text
  89              		.section	.gnu.lto___init_ram_areas.16f2ed95,"",%progbits
  90 0000 789C9555 		.ascii	"x\234\225U\315o\033U\020\177\263o\277\274k[V\334\003"
  90      CD6F1B55 
  90      107FB36F 
  90      BFBC6B5B 
  90      56DC03
  91 0013 87AACA25 		.ascii	"\207\252\312%\207^b\205S\304\005\225HP!\365\302_@\011"
  91      875E6285 
  91      53C40595 
  91      485021F5 
  91      C25F4009 
  92 0027 4844A2C4 		.ascii	"HD\242\304JR\211\023\336\346\243uZ\004UE?d9\305P\244"
  92      4A528913 
  92      DEE6A375 
  92      5A045545 
  92      3F6439C5 
  93 003d 120418D4 		.ascii	"\022\004\030\324\002\211\363\265qB\233\2268%\246\255"
  93      0289F3B5 
  93      71429B96 
  93      3825A6AD 
  94 004d AA2A7068 		.ascii	"\252*phI\015)_%\241RC\011\314\314[S7\201\002\226\275"
  94      490D295F 
  94      25A15243 
  94      09CCCC5B 
  94      53378102 
  95 0063 FBDEBEDF 		.ascii	"\373\336\276\337\314\374\3467\263cS\010q\334\024\342"
  95      CCFCE637 
  95      B3635308 
  95      71DC14E2 
  96 0073 49BCBF87 		.ascii	"I\274\277\207?\210\010\320\016\316\011\261\307\326@"
  96      3F8808D0 
  96      0ECE09B1 
  96      C7D640
  97 0082 AA850443 		.ascii	"\252\205\004C-t\265\230\264\015M?]\024\302s\334\005"
  97      2D74B598 
  97      B40D4D3F 
  97      5D14C273 
  97      DC05
  98 0094 57786117 		.ascii	"Wxa\027lz\016\226\272O\332\266f\251\363\020\237\207"
  98      6C7A0E96 
  98      BA4FDAB6 
  98      66A9F310 
  98      9F87
  99 00a6 B4F007D3 		.ascii	"\264\360\007\323\264u\256\205p\033V\216\2679\000t\367"
  99      B475AE85 
  99      701B568E 
  99      B7390074 
ARM GAS  C:\Users\RUVIMK~1\AppData\Local\Temp\ccKKBlzX.s 			page 7


  99      F7
 100 00b7 6C10294D 		.ascii	"l\020)M\352\206k\331\241\260\003)]\012\360u\364\366"
 100      EA866BD9 
 100      A1B00329 
 100      5D0AF075 
 100      F4F6
 101 00c9 D7058909 		.ascii	"\327\005\211\011C\004\037\273\272xE\276.\241\270\357"
 101      43041FBB 
 101      BA7845BE 
 101      2EA1B8EF 
 102 00d9 C6B0B6F5 		.ascii	"\306\260\266\365\244\207\037\377\350\241\350^\257\357"
 102      A4871FFF 
 102      E8A1E85E 
 102      AFEF
 103 00e7 A1AC14E2 		.ascii	"\241\254\024\342\210T\0308\005[\005\302\346{?\314\312"
 103      88541838 
 103      055B05C2 
 103      E67B3FCC 
 103      CA
 104 00f8 03322B01 		.ascii	"\0032+\001t\334\336*e\256Gi\253A=n{\337x'\257\313\307"
 104      74DCDE2A 
 104      65AE4769 
 104      AB413D6E 
 104      7BDF7827 
 105 010f 80903FA5 		.ascii	"\200\220?\245\027\277\2116\234\360\274n\317\377zh\323"
 105      17BF8936 
 105      9CF0BC6E 
 105      CFFF7A68 
 105      D3
 106 0120 891E6FC6 		.ascii	"\211\036o\306\323\263R\302' \321+|\014\233\3414lf\357"
 106      D3B352C2 
 106      2720D12B 
 106      7C0C9BE1 
 106      346C66EF 
 107 0134 08BFF6D1 		.ascii	"\010\277\366\321\332\341\210\251\303\247\320\240\202"
 107      DAE188A9 
 107      C3A7D0A0 
 107      82
 108 0141 C2109880 		.ascii	"\302\020\230\200\007\263~\177\336\221\217\263\317\337"
 108      07B37E7F 
 108      DE918FB3 
 108      CFDF
 109 014f 8E0E2FEA 		.ascii	"\216\016/\352\201\317\265\241-o\006>u\030\376[\237\323"
 109      81CFB5A1 
 109      2D6F063E 
 109      7518FE5B 
 109      9FD3
 110 0161 8B77CBAE 		.ascii	"\213w\313\256\334\316\2467\3233'\355\300\364\227\346"
 110      DCCEA637 
 110      D33327ED 
 110      C0F497E6 
 111 0171 8CE7F7D6 		.ascii	"\214\347\367\326\223\341\310\003\311\214B\003\024\220"
 111      93E1C803 
 111      C98C4203 
 111      1490
 112 017f 10714146 		.ascii	"\020qAFc\310H\010I\034\253G\371\262\341{k\177\354\363"
 112      63C84808 
ARM GAS  C:\Users\RUVIMK~1\AppData\Local\Temp\ccKKBlzX.s 			page 8


 112      491CAB47 
 112      F9B2E17B 
 112      6B7FECF3 
 113 0193 FCB9E6B1 		.ascii	"\374\271\346\261\225\205\370&\020YihxA\365\361\242\013"
 113      9585F826 
 113      10596968 
 113      7841F5F1 
 113      A20B
 114 01a5 421B82F0 		.ascii	"B\033\202\360\246 \013\213\257a~\022\341u\22411^\327"
 114      A6200B8B 
 114      AF617E12 
 114      E1759431 
 114      315ED7
 115 01b8 F135CEA7 		.ascii	"\3615\316\247B\244Q\210Q\360|\321/5\\\364\370\342\006"
 115      42A45188 
 115      51F07CD1 
 115      2F355CF4 
 115      F8E206
 116 01cb 74E7F2D9 		.ascii	"t\347\362\331GX\0344B\256G\372\212\027,*\201\311y\366"
 116      47581C34 
 116      42AE47FA 
 116      8A172C2A 
 116      81C979F6 
 117 01df AC4E2C47 		.ascii	"\254N,GS\277{X=3'U:w\346\177H\27398\276'\226\225\026"
 117      53BF7B58 
 117      3D332755 
 117      3A77E67F 
 117      48BB3938 
 118 01f8 4C400AC6 		.ascii	"L@\012\306)WB\277}\252\017\020}\314\363roi\344\303\207"
 118      295742BF 
 118      7DAA0F10 
 118      7DCCF372 
 118      6F69E4C3 
 119 020d 1CE60893 		.ascii	"\034\346\010\223\220B\333~)\305\202\313a5&\231\221\272"
 119      9042DB7E 
 119      29C582CB 
 119      61352699 
 119      91BA
 120 021f 5882EEC2 		.ascii	"X\202\356\302w\257V,\222##\303\265\024$S\030-\226\316"
 120      77AF562C 
 120      922323C3 
 120      B5142453 
 120      182D96CE 
 121 0233 98140E7B 		.ascii	"\230\024\016{)7N\202\330h\007\305 \346\255\003\207\256"
 121      29374E82 
 121      D86807C5 
 121      20E6AD03 
 121      87AE
 122 0245 40E27DEF 		.ascii	"@\342}\357\240\347a\011B0\205\021\017s\233\3014$8\303"
 122      A0E76109 
 122      42308511 
 122      0F739BC1 
 122      342438C3 
 123 0259 9759EA51 		.ascii	"\227Y\352Q\212\027\346x\203\257\005\341\"\353\375\027"
 123      8A17E678 
 123      83AF05E1 
 123      22EBFD17 
ARM GAS  C:\Users\RUVIMK~1\AppData\Local\Temp\ccKKBlzX.s 			page 9


 124 0269 FED5FF67 		.ascii	"\376\325\377g\354\037\310\377\231\373\374\027\310\177"
 124      EC1FC8FF 
 124      99FBFC17 
 124      C87F
 125 0277 4488DBDC 		.ascii	"D\210\333\334\312U\341H\212|v{U>8\013)\255\034\315\310"
 125      CA55E148 
 125      8A7C767B 
 125      553E380B 
 125      29AD1CCD 
 126 028c 68B87073 		.ascii	"h\270ps\022P\022]\340;\211\232 \257\273\373\307\226"
 126      1250125D 
 126      E03B899A 
 126      20AFBBFB 
 126      C796
 127 029e 938A18D4 		.ascii	"\223\212\030\324\352\240o\320\001\2318\031i\300\014"
 127      EAA06FD0 
 127      01993819 
 127      69C00C
 128 02ad 91847324 		.ascii	"\221\204s$2\332_\334?(\311|}R[\030m\006\350\363\210"
 128      32DA5FDC 
 128      3F28C97C 
 128      7D525B18 
 128      6D06E8F3 
 129 02c2 C60068D0 		.ascii	"\306\000h\320\223\335[Z~Z\005\254#\000\365,&T\177/\237"
 129      93DD5B5A 
 129      7E5A05AC 
 129      2300F52C 
 129      26547F2F 
 130 02d7 3A05FB6A 		.ascii	":\005\373j\371Y\005\213S\324\373`,k\234\253k\010\034"
 130      F959058B 
 130      53D4FB60 
 130      2C6B9CAB 
 130      6B081C
 131 02ea 1CD5F2B2 		.ascii	"\034\325\362\262\271\251\326\2141T\2513\025G\271\322"
 131      B9A9D68C 
 131      3154A933 
 131      1547B9D2 
 132 02fa 36E6F440 		.ascii	"6\346\364@\341?g\3415\022q\026\205_\204\336+S\013\020"
 132      E13F67E1 
 132      35127116 
 132      855F84DE 
 132      2B530B10 
 133 030e F8A25082 		.ascii	"\370\242P\202\2647\260\306\362\352\365;\230b\\/T\316"
 133      B437B0C6 
 133      F2EAF53B 
 133      98625C2F 
 133      54CE
 134 0320 C16DAEB3 		.ascii	"\301m\256\263\\\345Guz\246\202\252\247\245\213\215\010"
 134      5CE54775 
 134      7AA682AA 
 134      A7A58B8D 
 134      08
 135 0331 FDD2BA27 		.ascii	"\375\322\272'\376\312\267\357\2365\377Y=+P\257\204,"
 135      FECAB7EF 
 135      9E35FF59 
 135      3D2B50AF 
 135      842C
ARM GAS  C:\Users\RUVIMK~1\AppData\Local\Temp\ccKKBlzX.s 			page 10


 136 0343 6A6BE380 		.ascii	"jk\343\200\2009<a\231\306~\015\324\214\221\301F5c,\223"
 136      80393C61 
 136      99C67E0D 
 136      D48C91C1 
 136      4635632C 
 137 0358 BD41264B 		.ascii	"\275A&KI3X\225F\376Oi.\2604\334__\254\227F\222{\226"
 137      49335895 
 137      46FE4F69 
 137      2EB034DC 
 137      5F5FAC97 
 138 0370 C642915C 		.ascii	"\306B\221\\\201,\254\325%n\275\220z\033\231\372\245"
 138      812CACD5 
 138      256EBD90 
 138      7A1B99FA 
 138      A5
 139 0381 DD0A8EAD 		.ascii	"\335\012\216\255I\355[\376yv\300U\2039\006\363\265\211"
 139      49ED5BFE 
 139      7976C055 
 139      833906F3 
 139      B589
 140 0393 F06B1BA5 		.ascii	"\360k\033\245\030sSk\005\223F\007\356\321$3\262r\336"
 140      1873536B 
 140      05934607 
 140      EED12433 
 140      B272DE
 141 03a6 2013FCDF 		.ascii	" \023\374\337\371O\223\343\313\232\3111qu\374\230\336"
 141      F94F93E3 
 141      CB9AC931 
 141      7175FC98 
 141      DE
 142 03b7 94A78C72 		.ascii	"\224\247\214rK\200\351\302E\314\011\312j\210\"\2404"
 142      4B80E9C2 
 142      45CC09CA 
 142      6A8822A0 
 142      34
 143 03c8 F0FD65B3 		.ascii	"\360\375e\263:Z\200f\303%h\302|/\363d\241\331\026\026"
 143      3A5A8066 
 143      C32568C2 
 143      7C2FF364 
 143      A1D91616 
 144 03dc 39074BEA 		.ascii	"9\007K\352\210\021\232l?\342{Y\031\0005j\371\034\360"
 144      88119A6C 
 144      3FE27B59 
 144      1900356A 
 144      F91CF0
 145 03ef 00BBE7D1 		.ascii	"\000\273\347\321\306\306\004~[\237o{\246\255\275\263"
 145      C6C6047E 
 145      5B9F6F7B 
 145      A6ADBDB3 
 146 03ff A9F9E144 		.ascii	"\251\371\341D{g\242\265}\327\256\366\027\023\235];;"
 146      7B67A2B5 
 146      7DD7AEF6 
 146      17139D5D 
 146      3B3B
 147 0411 BA762713 		.ascii	"\272v'\023\333\236\332\321\262\343%z\232l{\341\271\216"
 147      DB9EDAD1 
 147      B2E3257A 
ARM GAS  C:\Users\RUVIMK~1\AppData\Local\Temp\ccKKBlzX.s 			page 11


 147      9A6C7BE1 
 147      B98E
 148 0423 CEC4132D 		.ascii	"\316\304\023--\211\326\216\256\246\306V!;v&!\251u%\377"
 148      2D89D68E 
 148      AEA6C656 
 148      213B7626 
 148      21A97525 
 149 0438 04852C42 		.ascii	"\004\205,BF"
 149      46
 150              		.text
 151              		.section	.gnu.lto_ram_areas.16f2ed95,"",%progbits
 152 0000 789C75D1 		.ascii	"x\234u\321\313K\033Q\024\006\360{rMb\325\372\252\366"
 152      CB4B1B51 
 152      1406F07B 
 152      724D62D5 
 152      FAAAF6
 153 0013 A1A9FE07 		.ascii	"\241\251\376\007\031\342*;\225,\304\205\033\377\003"
 153      19E22A3B 
 153      952CC485 
 153      1BFF03
 154 0022 1B0403B5 		.ascii	"\033\004\003\265\221$Bq\223Y(\210\242+]\231E@\301\225"
 154      91244271 
 154      93592888 
 154      A22B5D99 
 154      4540C195 
 155 0036 28B4D526 		.ascii	"(\264\325&\276\265\261\332\247\266j}\264>@\024\304\225"
 155      BEB5B1DA 
 155      A7B66A7D 
 155      B43E4014 
 155      C495
 156 0048 AD0855D1 		.ascii	"\255\010U\321\233|\263\220\011g\030\346\203s.\037?\356"
 156      9B7CB390 
 156      096718E6 
 156      83732E1F 
 156      3FEE
 157 005a D88410B5 		.ascii	"\330\204\020\265V!\252\005\236>I\261\330\331\256=|\243"
 157      5621AA05 
 157      9E3E49B1 
 157      D8D9AE3D 
 157      7CA3
 158 006c 77EAFA41 		.ascii	"w\352\372A\367\251l\213H\021\225i\253\350\261%\265\240"
 158      F7A96C8B 
 158      48119569 
 158      ABE8B125 
 158      B5A0
 159 007e F405A516 		.ascii	"\364\005\245\026\226\264Eaj.S\363\213\343\243\331L\367"
 159      96B44561 
 159      6A2E53F3 
 159      8BE3A3D9 
 159      4CF7
 160 0090 B8DE19D5 		.ascii	"\270\336\031\325\253\"\222\372\245\240q\012\367K\242"
 160      AB2292FA 
 160      A5A0710A 
 160      F74BA2
 161 009f 77C9B0D0 		.ascii	"w\311\260\320\333dHzC\341\344\361\177]\035\227\262["
 161      DB64487A 
 161      43E1E4F1 
ARM GAS  C:\Users\RUVIMK~1\AppData\Local\Temp\ccKKBlzX.s 			page 12


 161      7F5D1D97 
 161      B25B
 162 00b1 46D4C26E 		.ascii	"F\324\302nj\275\355\2050\203\023Z9\241\215\021\3329"
 162      6ABDED85 
 162      3083135A 
 162      39A18D11 
 162      DA39
 163 00c3 E1148493 		.ascii	"\341\024\204\223\020\306!\214Axt5\022\317\205\320fj"
 163      10C6218C 
 163      41787435 
 163      12CF85D0 
 163      666A
 164 00d5 FD6B0833 		.ascii	"\375k\01039\341\003N\230\305\010\2639\341\002\204\363"
 164      39E1034E 
 164      98C508B3 
 164      39E10284 
 164      F3
 165 00e6 10CE4138 		.ascii	"\020\316A8\013\341\312P\374:\007B\253\251\365\304\020"
 165      0BE1CA50 
 165      FC3A0742 
 165      ABA9F5C4 
 165      10
 166 00f7 E670C287 		.ascii	"\346p\302\207\2340\227\021\346q\302e\010?B\270\004a"
 166      9C309711 
 166      E671C265 
 166      083F42B8 
 166      0461
 167 0109 02C2B5F6 		.ascii	"\002\302\265\366\261\210\361\2273L\255\223\2060\237"
 167      B188F197 
 167      334CAD93 
 167      86309F
 168 0118 131670C2 		.ascii	"\023\026p\302BF\370\210\023~\203\360+\204_ \374\014"
 168      4246F888 
 168      137E83F0 
 168      2B845F20 
 168      FC0C
 169 012a E1C2F9D8 		.ascii	"\341\302\371\330\260q\207\322\324:j\010\2138a1'|\314"
 169      B07187D2 
 169      D43A6A08 
 169      8B386131 
 169      277CCC
 170 013d 089F70C2 		.ascii	"\010\237p\302u\010\177B\370\003\3025\010\023\267\227"
 170      75087F42 
 170      F803C235 
 170      0813B797 
 171 014d 7379105A 		.ascii	"sy\020ZL\255\203\206\360)'|\306\011K\030a)'\334\201"
 171      4CAD8386 
 171      F029277C 
 171      C6094B18 
 171      612927DC 
 172 0162 701BC22D 		.ascii	"p\033\302-\010\177Ax\277\346\252\007$\007Gz\316\221"
 172      087F4178 
 172      BFE6AA07 
 172      2407477A 
 172      CE91
 173 0174 CA185239 		.ascii	"\312\030R9G\332\007i\017\244? \375\006\251} \361\337"
 173      47DA0769 
ARM GAS  C:\Users\RUVIMK~1\AppData\Local\Temp\ccKKBlzX.s 			page 13


 173      0FA43F20 
 173      FD06A97D 
 173      20F1DF
 174 0187 8EE3BABA 		.ascii	"\216\343\272\272:I.\007\035\220\233*\034\264\253b\223"
 174      3A492E07 
 174      1D909B2A 
 174      1CB4AB62 
 174      93
 175 0198 1CB4A172 		.ascii	"\034\264\241rU\345w\225\237T\256\250\374\240rQ\345\214"
 175      55E57795 
 175      9F54AEA8 
 175      FCA07251 
 175      E58C
 176 01aa CA6995EF 		.ascii	"\312i\225\357UN\220[\320\241\372T:\235\232z\275M\276"
 176      554E905B 
 176      D0A1FA54 
 176      3A9D9A7A 
 176      BD4DBE
 177 01bd 173E7FD0 		.ascii	"\027>\177\320\345\256\320\374A\315\353on\366\277\322"
 177      E5AED0FC 
 177      41CDEB6F 
 177      6EF6BFD2 
 178 01cd 82A18640 		.ascii	"\202\241\206@\250\265E\253\256\257\363\324\275NN[|/"
 178      A8B545AB 
 178      AEAFF3D4 
 178      BD4E4E5B 
 178      7C2F
 179 01df 1B0341AD 		.ascii	"\033\003A\255\306\343\321\274\201\220\313\351\025w\324"
 179      C6E3D1BC 
 179      8190CBE9 
 179      1577D4
 180 01ee 520F85   		.ascii	"R\017\205"
 181              		.text
 182              		.section	.gnu.lto_.symbol_nodes.16f2ed95,"",%progbits
 183 0000 789C55CD 		.ascii	"x\234U\315YN\002Q\024E\321\273\253(P\001\305\006\245"
 183      594E0251 
 183      1445D1BB 
 183      AB285001 
 183      C506A5
 184 0013 53D09930 		.ascii	"S\320\2310\030\306\361\210\0356\2404\012\2664\0128\007"
 184      18C6F188 
 184      1D36A034 
 184      0AB6340A 
 184      3807
 185 0025 07E19878 		.ascii	"\007\341\230x\234\037S?w%;'\271I3k\340Op\2013\353\376"
 185      9C1F533F 
 185      77253B27 
 185      B949336B 
 185      E04F7081 
 186 003c 99797E9B 		.ascii	"\231y~\233u_.q\304\313\025.\210\227k\\\370_N}i\341\022"
 186      755F2E71 
 186      C4CB152E 
 186      88976B5C 
 186      F85F4E7D 
 187 0053 B14D748E 		.ascii	"\261Mt\2165\317\314\302\350\006j\376UtK \357\010\345"
 187      35CFCCC2 
 187      E8066AFE 
ARM GAS  C:\Users\RUVIMK~1\AppData\Local\Temp\ccKKBlzX.s 			page 14


 187      55744B20 
 187      EF08E5
 188 0066 3D09D926 		.ascii	"=\011\331&\222\035\222\362\201\224|dCv\331\224=\266"
 188      921D92F2 
 188      81947C64 
 188      4376D994 
 188      3DB6
 189 0078 649FB41C 		.ascii	"d\237\264\034\220\221Od\3453\333r\310\216\034\221\223"
 189      90914F64 
 189      E533DB72 
 189      C88E1C91 
 189      93
 190 0089 2FECCA57 		.ascii	"/\354\312W\366\344\033\373\362\235\003\371A^~r(\307"
 190      F6E41BFB 
 190      F29D03F9 
 190      415E7E72 
 190      28C7
 191 009b 1CC90905 		.ascii	"\034\311\011\0059\245(g\224\344\027e\371ME\3169\226"
 191      39A52867 
 191      94E41765 
 191      F94D45CE 
 191      3996
 192 00ad 0B4EE492 		.ascii	"\013N\344\222\252\374\241\266\326V\342#1\037"
 192      AAFCA1B6 
 192      D656E223 
 192      311F
 193              		.text
 194              		.section	.gnu.lto_.refs.16f2ed95,"",%progbits
 195 0000 789C0DC3 		.ascii	"x\234\015\303\007\016\202@\000\000\260K\3031\004\007"
 195      070E8240 
 195      0000B04B 
 195      C3310407 
 196 0010 20C301A2 		.ascii	" \303\001\242\340k\374\377\177\244I\323\020\302o/\021"
 196      E06BFCFF 
 196      7FA449D3 
 196      10C26F2F 
 196      11
 197 0021 89D312A5 		.ascii	"\211\323\022\2452\271\302A\251rtrvQk\264\256:\275\301"
 197      32B9C241 
 197      A9727472 
 197      76516BB4 
 197      AE3ABDC1 
 198 0035 E8E6EEE1 		.ascii	"\350\346\356\341i2{Y\274}\2546\337\360\007|\323\003"
 198      69327B59 
 198      BC7DAC36 
 198      DFF0077C 
 198      D303
 199 0047 9A       		.ascii	"\232"
 200              		.text
 201              		.section	.gnu.lto_.decls.16f2ed95,"",%progbits
 202 0000 789CAD97 		.ascii	"x\234\255\227iPT\331\025\307\337\355\333@\3234K\241"
 202      695054D9 
 202      15C7DFED 
 202      DB40D334 
 202      4BA1
 203 0012 3565A598 		.ascii	"5e\245\230\204XL\244\222\001\004T\246\362a2)?\314|\231"
 203      84584CA4 
ARM GAS  C:\Users\RUVIMK~1\AppData\Local\Temp\ccKKBlzX.s 			page 15


 203      92010454 
 203      A6F26132 
 203      293FCC7C 
 204 0027 7C48553E 		.ascii	"|HU>d\212\232\236\026:\031\022h\014\264\031\255|y\212"
 204      648A9A9E 
 204      163A1912 
 204      680CB419 
 204      AD7C798A 
 205 003b B8C2D888 		.ascii	"\270\302\330\210\312\252\200(\012\242\210#\250\340\322"
 205      CAAA8028 
 205      0AA28823 
 205      A8E0D2
 206 004a 8880202E 		.ascii	"\210\200 .\270\200\033\213\242\240\016 \262\250\210"
 206      B8801B8B 
 206      A2A00E20 
 206      B2A888
 207 0059 0339F7DC 		.ascii	"\0039\367\334\327\353\205\344C\362\212\377{\357\336"
 207      D7EB85E4 
 207      43F28AFF 
 207      7BEFDE
 208 0068 77CEEF9C 		.ascii	"w\316\357\234{\356R\215\247$I{\003$I\255\226\244\215"
 208      7BEE528D 
 208      A724497B 
 208      032449AD 
 208      96A48D
 209 007b 2A499A85 		.ascii	"*I\232\205\313\013\372\032$\307\345\001:\007\262\202"
 209      CB0BFA1A 
 209      24C7E501 
 209      3A07B282 
 210 008b 1A419741 		.ascii	"\032A\227Am\240_\202F@\243\2401\320\004\3505\350-\350"
 210      6DA05F82 
 210      4640A3A0 
 210      31D004E8 
 210      35E82DE8 
 211 009f 1DE83D68 		.ascii	"\035\350=h\206\001\210$\251@j\220'H\003\322\202t ?P"
 211      86018824 
 211      A9406A90 
 211      274803D2 
 211      8274203F 
 212 00b4 002810B4 		.ascii	"\000(\020\264\020\364\001h\021\350g\240 \320\317A\301"
 212      10F40168 
 212      11E867A0 
 212      20D0CF41 
 212      C1
 213 00c5 A0C5A010 		.ascii	"\240\305\240\020\320\257@\241\240_\203>\006\205\023"
 213      D0AF40A1 
 213      A05F833E 
 213      068513
 214 00d4 C9E5FA17 		.ascii	"\311\345\372\027\301p\3227J\233(\271\273_\353\347\260"
 214      C170D237 
 214      4A9B28B9 
 214      BB5FEBE7 
 214      B0
 215 00e5 B3CE61B7 		.ascii	"\263\316a\267y\016\273\3069\354\262\346\260\273<\207"
 215      790EBBC6 
 215      39ECB2E6 
 215      B0BB3C87 
ARM GAS  C:\Users\RUVIMK~1\AppData\Local\Temp\ccKKBlzX.s 			page 16


 216 00f5 DD6E366E 		.ascii	"\335n6n\305.\020\264\020\024\001}\017\341\271\004\264"
 216      C52E10B4 
 216      1014017D 
 216      0FE1B904 
 216      B4
 217 0106 14DE87E1 		.ascii	"\024\336\207\3419\004\212\204\367\373\360\374\012\004"
 217      39048A84 
 217      F7FBF0FC 
 217      0A04
 218 0114 D3233D05 		.ascii	"\323#=\005\365\203\036\203\236(1\332\224\347\210[\234"
 218      F5831E83 
 218      9E2831DA 
 218      94E7885B 
 218      9C
 219 0125 6EC27D1E 		.ascii	"n\302}\036*,\026gx\036\016\273\202%^\313\217\225\332"
 219      2A2C1667 
 219      781E0EBB 
 219      82255ECB 
 219      8F95DA
 220 0138 862AB50E 		.ascii	"\206*\265\016Qj\037\254\314E\22027\213\224\271Z\250"
 220      516A1FAC 
 220      CC459032 
 220      378B94B9 
 220      5AA8
 221 014a CC5D8032 		.ascii	"\314]\2002\227:en5\312\\\253\225\271gI\262\265\300\326"
 221      973A656E 
 221      35CA5CAB 
 221      95B96749 
 221      B2B5C0D6 
 222 015e 045B1B6C 		.ascii	"\004[\033l\215\260\265\302\326\014[;\243n\371\357\242"
 222      8DB0B5C2 
 222      D60C5B3B 
 222      A36EF9EF 
 222      A2
 223 016f A4AEE1DC 		.ascii	"\244\256\341\334\005\237^\322M`Y\222\000^U\302\357\360"
 223      059F5ED2 
 223      4D605992 
 223      005E55C2 
 223      EFF0
 224 0181 64C2F6AC 		.ascii	"d\302\366\254\355\"\274\037zU\374\241\230\262\206\315"
 224      ED22BC1F 
 224      7A55FCA1 
 224      98B286CD 
 225 0191 85D87B54 		.ascii	"\205\330{T\012Ce\343\342\237\002 \316T\376\235\207\263"
 225      0A4365E3 
 225      E29F0220 
 225      CE54FE9D 
 225      87B3
 226 01a3 5D7C40FC 		.ascii	"]|@\374\305\311\217w\251\034\301\234\\\204\\%\373g{"
 226      C5C98F77 
 226      A91CC19C 
 226      5C845C25 
 226      FB677B
 227 01b6 528E4112 		.ascii	"R\216A\022\245\010w\2062\216\351\372H\017|\375\263$"
 227      A5087786 
 227      328EE9FA 
 227      480F7CFD 
ARM GAS  C:\Users\RUVIMK~1\AppData\Local\Temp\ccKKBlzX.s 			page 17


 227      B324
 228 01c8 59344984 		.ascii	"Y4I\204\365\236\272\277\243\305\223\252\360\375\352"
 228      F59EBABF 
 228      A3C593AA 
 228      F0FDEA
 229 01d7 C3E14A0F 		.ascii	"\303\341J\017\352\207\357\307\013\337wh\324*\211\324"
 229      EA87EFC7 
 229      0BDF7768 
 229      D42A89D4 
 230 01e7 12AAF85B 		.ascii	"\022\252\370[KN{\321\005\370\265Rnh\360\010\257\224"
 230      4B4E7BD1 
 230      05F8B552 
 230      6E68F008 
 230      AF94
 231 01f9 F9A5A9A0 		.ascii	"\371\245\251\240\0229\215vh\3314\373\306\352\277\235"
 231      12398D76 
 231      68D934FB 
 231      C6EABF9D 
 232 0209 92402D51 		.ascii	"\222@-QA\363\346h\373^\037h.\324\222\000\346\2331\273"
 232      41F3E668 
 232      FB5E1F68 
 232      2ED49200 
 232      E69B31BB 
 233 021d CB63D11E 		.ascii	"\313c\321\036\346hI\223\003T\344\233\017H=\011\"u$\010"
 233      E6684993 
 233      0354E49B 
 233      0F483D09 
 233      22752408 
 234 0231 923D4B16 		.ascii	"\222=K\026\301\335\244\346\244\347%\203\257<\027\027"
 234      C1DDA4E6 
 234      A4E72583 
 234      AF3C1717 
 235 0241 CBC556D9 		.ascii	"\313\305V\331\332[\020R\336\276I\276Q,\313\237\241\035"
 235      DA5B1052 
 235      DEBE49BE 
 235      512CCB9F 
 235      A11D
 236 0253 A921949C 		.ascii	"\251!\224\234!\341`\177\212\250Y\013\336N\222>B~ \275"
 236      21E1607F 
 236      8AA8590B 
 236      DE4E923E 
 236      427E20BD 
 237 0267 30CA7364 		.ascii	"0\312sd1 ^\015\357\270\346O\013\310<\243\252\253\177"
 237      31205E0D 
 237      EFB8E64F 
 237      0BC83CA3 
 237      AAAB7F
 238 027a 394D9408 		.ascii	"9M\224\010\217\177\223/[7\254\227e\025\342\317\333\361"
 238      8F7F932F 
 238      5B37AC97 
 238      6515E2CF 
 238      DBF1
 239 028c 17007FDE 		.ascii	"\027\000\177\336\035oE\374\313\333\243=\224\036\236"
 239      1D6F45FC 
 239      CBDBA33D 
 239      941E9E
 240 029b 0F3F3ED0 		.ascii	"\017?>\320\324\255S\3607\303\\\360\015v\374E\3007\270"
ARM GAS  C:\Users\RUVIMK~1\AppData\Local\Temp\ccKKBlzX.s 			page 18


 240      D4AD53F0 
 240      37C35CF0 
 240      0D76FC45 
 240      C037B8
 241 02ae E31B115F 		.ascii	"\343\033\021_~o\362\242\017=\311\361E\255\217Kt\264"
 241      7E6FF2A2 
 241      0F3DC9F1 
 241      45AD8F4B 
 241      74B4
 242 02c0 91379E3F 		.ascii	"\2217\236?\273\375\300\237\305j\262\305\352\337\332"
 242      BBFDC09F 
 242      C56AB2C5 
 242      EADFDA
 243 02cf 71D6DB16 		.ascii	"q\326\333\026\2354\0235\353L\337\177\250C\313\022h\220"
 243      9D341335 
 243      EB4CDF7F 
 243      A843CB12 
 243      6890
 244 02e1 ADEFC25D 		.ascii	"\255\357\302]\022\270dO\240\005\022\270\344\236\300"
 244      12B8644F 
 244      A00512B8 
 244      E49EC0
 245 02f0 654CE046 		.ascii	"eL\340F\356\366M\204\266\363\230\325\233g\323p4}\262"
 245      EEF64D84 
 245      B6F398D5 
 245      9B67D370 
 245      347DB2
 246 0303 B5ED1306 		.ascii	"\265\355\023\006\223m\260V\033Lb\257\256\2446$\235\271"
 246      936DB056 
 246      1B4C62AF 
 246      AEA43624 
 246      9DB9
 247 0315 96DDE847 		.ascii	"\226\335\350G\2739\251v\240\265Y\313\227\210L\240\375"
 247      BB39A976 
 247      A0B559CB 
 247      97884CA0 
 247      FD
 248 0326 53E78F97 		.ascii	"S\347\217\227\010_#\262\006\332\023\333\322\337P\376"
 248      085F23B2 
 248      06DA13DB 
 248      D2DF50FE 
 249 0336 DD0B9A1D 		.ascii	"\335\013\232\035\033\217\027*M5\233\323\253\371\375"
 249      1B8F172A 
 249      4D359BD3 
 249      ABF9FD
 250 0345 7EDC3A18 		.ascii	"~\334:\030\232O\332\306N\370i\267\260\025U\234&{\177"
 250      9A4FDAC6 
 250      4EF869B7 
 250      B015559C 
 250      267B7F
 251 0358 C1CC6EC0 		.ascii	"\301\314n\300\212\272\216+\252\203h\341\036\021D\256"
 251      8ABA8E2B 
 251      AA8368E1 
 251      1E1144AE 
 252 0368 4113ACF3 		.ascii	"A\023\254\363\353'\332<8\213E\332<~i\203\232\016\362"
 252      EB27DA3C 
 252      388B45DA 
ARM GAS  C:\Users\RUVIMK~1\AppData\Local\Temp\ccKKBlzX.s 			page 19


 252      3C7E6983 
 252      9A0EF2
 253 037b B4BA2F97 		.ascii	"\264\272/\227\037aq\226h\011\333[\376\320U5tf\312\227"
 253      1F617196 
 253      6809DB5B 
 253      FED05535 
 253      7466CA97 
 254 038f 77318B9B 		.ascii	"w1\213\233;\306\016x\32114W\365\336\233~\350G\264\241"
 254      3BC60E78 
 254      D1313457 
 254      F5DE9B7E 
 254      E847B4A1 
 255 03a3 107A030F 		.ascii	"\020z\003\017-\331\003\223\273$\2249\261\242\220;\320"
 255      2DD90393 
 255      BB249439 
 255      B1A2903B 
 255      D0
 256 03b4 791B3ACB 		.ascii	"y\033:\313X\216\326\227\027>\315\033\223\345`\322E\264"
 256      588ED697 
 256      173ECD1B 
 256      93E560D2 
 256      45B4
 257 03c6 A4D351B8 		.ascii	"\244\323Q\270%Z>\221\345\007\262\366{\322A\334\224\252"
 257      255A3E91 
 257      E507B2F6 
 257      7BD241DC 
 257      94AA
 258 03d8 FA82A74D 		.ascii	"\372\202\247M\252\371b<\2307FK\317\342\346t69\367!\306"
 258      AAF9623C 
 258      9837464B 
 258      CFE2E674 
 258      3639F721 
 259 03ed 3D478C2E 		.ascii	"=G\214.\242\004\231\355\276\325\352\251\333f\247\242"
 259      A20499ED 
 259      BED5EAA9 
 259      DB66A7A2 
 260 03fd A1A36A0F 		.ascii	"\241\243j\017\211N\331\315W\3323\317{\321\353\024\207"
 260      894ED9CD 
 260      57DA33CF 
 260      7BD1EB14 
 260      87
 261 040e 6F19293C 		.ascii	"o\031)<\347C\357\361\206mc\007\362\215m\233\323\205"
 261      E743EFF1 
 261      866D6307 
 261      F28D6D9B 
 261      D385
 262 0420 CA9C5E1F 		.ascii	"\312\234^\037zsZK\237\241\255\347\225\226\302\357}I"
 262      7A735A4B 
 262      9FA1ADE7 
 262      9596C2EF 
 262      7D49
 263 0432 085CA10B 		.ascii	"\010\\\241\013\366\263\240\260\237\203\017\265l\222"
 263      F6B3A0B0 
 263      9F830FB5 
 263      6C92
 264 0440 2D06168B 		.ascii	"-\006\026\213\334\202\024\007\311\002\307\320nb\032"
 264      DC821407 
ARM GAS  C:\Users\RUVIMK~1\AppData\Local\Temp\ccKKBlzX.s 			page 20


 264      C902C7D0 
 264      6E621A
 265 044f 917093B8 		.ascii	"\221p\223\270\375\2732*\037X\204\306\335\356\306\021"
 265      FDBB322A 
 265      1F5884C6 
 265      DDEEC611 
 266 045f CCF60671 		.ascii	"\314\366\006q\030\267\035\262\033?\232\233\354l=\346"
 266      18B71DB2 
 266      1B3F9A9B 
 266      EC6C3DE6 
 267 046f 40F7CC89 		.ascii	"@\367\314\211\3064xaG\366P8\361\230\215\244\324\224"
 267      C6347861 
 267      47F65038 
 267      F1988DA4 
 267      D494
 268 0481 5D59789C 		.ascii	"]Yx\234\201`\327\301\302\017\202u\317\374\030\011\214"
 268      8160D7C1 
 268      C20F8275 
 268      CFFC1809 
 268      8C
 269 0492 C800CCD3 		.ascii	"\310\000\314\323S\022B\372A\217AOH\210\355\260\354\274"
 269      531242FA 
 269      418F414F 
 269      4888EDB0 
 269      ECBC
 270 04a4 DBD1EC4D 		.ascii	"\333\321\354M'\261J\252\303wO4j\311\202\3209q\344\005"
 270      27B14AAA 
 270      C3774F34 
 270      6AC982D0 
 270      3971E405 
 271 04b8 50FE1B91 		.ascii	"P\376\033\221'\331\031\303r|\016\266\317\034S\317R\306"
 271      27D919C3 
 271      727C0EB6 
 271      CF1C53CF 
 271      52C6
 272 04ca 905733FA 		.ascii	"\220W3\372*T\201\026%\306gj4\274\012Q\3321\351\037I"
 272      2A548116 
 272      25C6676A 
 272      34BC0A51 
 272      DA31E91F 
 273 04df A06DDBE0 		.ascii	"\240m\333\340\261\322wz\217\337\002%\243-\363f$\315"
 273      B1D2777A 
 273      8FDF0225 
 273      A32DF366 
 273      24CD
 274 04f1 37C01F9A 		.ascii	"7\300\037\232\007\373t\316\321\206\376S\264\3033\325"
 274      07FB74CE 
 274      D186FE53 
 274      B4C333D5 
 275 0501 95E4A352 		.ascii	"\225\344\243R\371\006\034\230#\005A\331\262\374\005"
 275      F9061C98 
 275      230541D9 
 275      B2FC05
 276 0510 192681E4 		.ascii	"\031&\201\344\012\037\207\223#\353\371\032N\273\021"
 276      0A1F8793 
 276      23EBF91A 
 276      4EBB11
ARM GAS  C:\Users\RUVIMK~1\AppData\Local\Temp\ccKKBlzX.s 			page 21


 277 051f F211F88D 		.ascii	"\362\021\370\215Md\236\364\247\351j\\\230\327\036g7"
 277      4D649EF4 
 277      A7E96A5C 
 277      98D71E67 
 277      37
 278 0530 FB03A40F 		.ascii	"\373\003\244\017\346\366Zn\340\376\264b\276\274_*\020"
 278      E6F65A6E 
 278      E0FEB462 
 278      BEBC5F2A 
 278      10
 279 0541 C7327F89 		.ascii	"\3072\177\211g\325(\"^d\336\231\365\247\271\034\261"
 279      67D52822 
 279      5E64DE99 
 279      F5A7B91C 
 279      B1
 280 0552 B76BBA49 		.ascii	"\267k\272I\243 \206\016PK\010\002^\011\200W\010\030"
 280      A320860E 
 280      504B0802 
 280      5E098057 
 280      0818
 281 0564 4340D9CC 		.ascii	"C@\331\314\355ZOZ\306\001\017\326\237\232\326*\200'"
 281      ED5A4F5A 
 281      C6010FD6 
 281      9F9AD62A 
 281      8027
 282 0576 6536C0B8 		.ascii	"e6\300\270\000\030G\300\004\002\362*\206\363\264\264"
 282      001847C0 
 282      0402F22A 
 282      86F3B4B4 
 283 0586 8603AE77 		.ascii	"\206\003\256w\225\326\371\332\000\213\362\345\213j$"
 283      95D6F9DA 
 283      008BF2E5 
 283      8B6A24
 284 0595 4C0A8449 		.ascii	"L\012\204I$\274F\302\323\306\313\2174\264\211\023z\373"
 284      24BC46C2 
 284      D3C6CB8F 
 284      34B48913 
 284      7AFB
 285 05a7 DA2B7C14 		.ascii	"\332+|\024\302\200S\031\336\010\2107\210x\213\210\015"
 285      C2805319 
 285      DE088837 
 285      88788B88 
 285      0D
 286 05b8 A339D53E 		.ascii	"\2439\325>\364.G\354\273\220q\231\012e\230\022\000S"
 286      F42E47EC 
 286      BB907199 
 286      0A659812 
 286      0053
 287 05ca 08788780 		.ascii	"\010x\207\200\016kM\205\027\035\340\200+\231-\357=\204"
 287      0E6B4D85 
 287      171DE080 
 287      2B992DEF 
 287      3D84
 288 05dc 324C0B80 		.ascii	"2L\013\200i\004\274G\300@\177F\265'\235\344\200\235"
 288      6904BC47 
 288      C0407F46 
 288      B5279DE4 
ARM GAS  C:\Users\RUVIMK~1\AppData\Local\Temp\ccKKBlzX.s 			page 22


 288      809D
 289 05ee F5197BE6 		.ascii	"\365\031{\346(\303O\002\341'$\314 \341a\321\241)\035"
 289      28C34F02 
 289      E12724CC 
 289      20E161D1 
 289      A1291D
 290 0601 4DF7E033 		.ascii	"M\367\3403\221{\252\3246\0233Ne\230\025\020\263\210"
 290      917BAAD4 
 290      3613334E 
 290      65981510 
 290      B388
 291 0613 90550C91 		.ascii	"\220U\014\221S\327~\312\213\346r\304\364\321j\265P\205"
 291      53D77ECA 
 291      8BE672C4 
 291      F4D16AB5 
 291      5085
 292 0625 F52A777F 		.ascii	"\365*w\177\350\201\373\006\364\237\275VtUE\313\270\377"
 292      E881FB06 
 292      F49FBD56 
 292      745545CB 
 292      B8FF
 293 0637 6843CF53 		.ascii	"hC\317S\235P\2054\001\220\206\200\215\010h;\273\263"
 293      9D508534 
 293      01908680 
 293      8D08683B 
 293      BBB3
 294 0649 1E160307 		.ascii	"\036\026\003\007T\035\\\277Q'V!] \244#a\023\022r3\266"
 294      541D5CBF 
 294      51275621 
 294      5D20A423 
 294      61131272 
 295 065f 7E489B38 		.ascii	"~H\2338\240\2535g\324V\204\316<G\0216\013\204\315H\330"
 295      A0AB3567 
 295      D45684CE 
 295      3C471136 
 295      0B84CD48 
 296 0674 828417C7 		.ascii	"\202\204\027\307\316\324x\323\273\034\321\220U}\335"
 296      CED478D3 
 296      BB1CD190 
 296      557DDD
 297 0683 53A8C256 		.ascii	"S\250\302V\001\260\025\001\333\0200]2U\241\246\003\034"
 297      01B01501 
 297      DB10305D 
 297      3255A1A6 
 297      031C
 298 0695 70E4C9BD 		.ascii	"p\344\311\275m\342\226\330.\000\266# \003\001\005\205"
 298      6DE296D8 
 298      2E00B623 
 298      20030105 
 298      85
 299 06a6 FBEA7574 		.ascii	"\373\352ut\222\003Jw\236\331\247\021\253\220)\0202\221"
 299      92034A77 
 299      9ED9A711 
 299      AB902910 
 299      3291
 300 06b8 F03D128E 		.ascii	"\360=\022\216\235\357\256\363\246\351\236\374d81\331"
 300      9DEFAEF3 
ARM GAS  C:\Users\RUVIMK~1\AppData\Local\Temp\ccKKBlzX.s 			page 23


 300      A6E99EFC 
 300      643831D9 
 301 06c8 693B1946 		.ascii	"i;\031F\234\312\260C@\354@\204\005\021\351o7\025hh."
 301      9CCAB043 
 301      40EC4084 
 301      0511E96F 
 301      37156868 
 302 06dd 47EC1E7C 		.ascii	"G\354\036|f\361\022\312\220%\000\262\020\260\023\001"
 302      66F112CA 
 302      902500B2 
 302      10B01301 
 303 06ed CD399927 		.ascii	"\3159\231'}h\031\007T4\335\373\205P\205l\301?\033\375"
 303      7D681907 
 303      5434DDFB 
 303      8550856C 
 303      C13F1BFD 
 304 0701 77A1FFC1 		.ascii	"w\241\377\301\011K\253\232\326p\377\255E\375\325D\254"
 304      094BAB9A 
 304      D670FFAD 
 304      45FDD544 
 304      AC
 305 0712 C26E81B0 		.ascii	"\302n\201\260\033\011{\220\260\265\241\254\\K\2338\341"
 305      1B097B90 
 305      B0B5A1AC 
 305      5C4B9B38 
 305      E1
 306 0723 56E574BE 		.ascii	"V\345t\276m\010\315\371\216*\344\010\210\034D\344\""
 306      6D08CDF9 
 306      8E2AE408 
 306      881C44E4 
 306      22
 307 0734 A2EE70D5 		.ascii	"\242\356p\325\030\034\014\034q\361\334`\251\277P\205"
 307      181C0C1C 
 307      71F1DC60 
 307      A9BF5085 
 308 0744 3C019087 		.ascii	"<\001\220\207\200|\004\234\036\276\377\326\223\016p"
 308      807C049C 
 308      1EBEFFD6 
 308      930E70
 309 0753 C0D4D870 		.ascii	"\300\324\330p\236\227P\206\002\001P\200\200B\004\214"
 309      9E975086 
 309      02015080 
 309      8042048C 
 310 0763 5FB1C096 		.ascii	"_\261\300\226\230\344\200\035\027\312\246Tb\031\366"
 310      98E4801D 
 310      17CAA654 
 310      6219F6
 311 0772 0A84BD48 		.ascii	"\012\204\275H\330\207\204\372\263\323\037\322t/\004"
 311      D88784FA 
 311      B3D31FD2 
 311      742F04
 312 0781 B45E6CB2 		.ascii	"\264^l\262\357\251\036\247*\024\011\204\"$\024#\301"
 312      EFA91EA7 
 312      2A140984 
 312      22241423 
 312      C1
 313 0792 5255F21E 		.ascii	"RU\362\036\326\002G\\\257\257\255%B\025J\004@\011\002"
ARM GAS  C:\Users\RUVIMK~1\AppData\Local\Temp\ccKKBlzX.s 			page 24


 313      D602475C 
 313      AFAFAD25 
 313      42154A04 
 313      400902
 314 07a5 F6F341DC 		.ascii	"\366\363A\334\252\354\362\245e\034p\241\346\330k\361"
 314      AAECF2A5 
 314      651C70A1 
 314      E6D86BF1 
 315 07b5 782C1500 		.ascii	"x,\025\000\245\0108\200\200\276\232\332*?Z\303\001\323"
 315      A5083880 
 315      80BE9ADA 
 315      2A3F5AC3 
 315      01D3
 316 07c7 A33BD3E7 		.ascii	"\243;\323\347\250\302A\201p"
 316      A8C24181 
 316      70
 317 07d0 10096548 		.ascii	"\020\011eH8j\351\317\361\242M\234\220[\227\335k;\334"
 317      386AE9CF 
 317      F1A24D9C 
 317      905B97DD 
 317      6B3BDC
 318 07e3 5E3B95E1 		.ascii	"^;\225\341\220\2008\204\210\303\210\310\277\265\253"
 318      90803884 
 318      88C388C8 
 318      BFB5AB
 319 07f2 9ED0BB1C 		.ascii	"\236\320\273\034\361\254\374j\231\257P\206r\001P\216"
 319      F1ACFC6A 
 319      99AF5086 
 319      7201508E 
 320 0802 800A040C 		.ascii	"\200\012\004\014m\356\355\201\305\300\001\315\317\233"
 320      6DEEED81 
 320      C5C001CD 
 320      CF9B
 321 0810 2F7A0B65 		.ascii	"/z\013e8\"\000\216 \240\222\037\320\343\357\322`1p@"
 321      3822008E 
 321      20A0921F 
 321      D0E3EFD2 
 321      60317040 
 322 0824 4D51D63F 		.ascii	"MQ\326?\305*\034\025\000G\021p\014\001\007\206\236\264"
 322      C52A1C15 
 322      00471170 
 322      0C010786 
 322      9EB4
 323 0836 A89C7F01 		.ascii	"\250\234\177\001\0179\375\356\223H\225\012\177\001\263"
 323      0F39FDEE 
 323      9348950A 
 323      7F01B3
 324 0845 27FBD767 		.ascii	"'\373\327g\240\346\221\267\2631\373Q\3420>\256\030\037"
 324      A0E691B7 
 324      B331FB51 
 324      E2303EAE 
 324      181F
 325 0857 47E3F699 		.ascii	"G\343\366\231\316\011/\233\361\226\371~[\223jp\362\321"
 325      CE092F9B 
 325      F196F97E 
 325      5B936A70 
 325      F2D1
ARM GAS  C:\Users\RUVIMK~1\AppData\Local\Temp\ccKKBlzX.s 			page 25


 326 0869 EBE39253 		.ascii	"\353\343\222S\214\372\004S\202Y\375\235\321\360\367"
 326      8CFA0453 
 326      8259FD9D 
 326      D1F0F7
 327 0878 4FC3C323 		.ascii	"O\303\303#\340/\356\333\204U\011\311\251\221\237DE$"
 327      E02FEEDB 
 327      845509C9 
 327      A9919F44 
 327      4524
 328 088a A746C425 		.ascii	"\247F\304%'%%\233\"R\315\206\024\363\232\325\021\277"
 328      2725259B 
 328      2252CD86 
 328      14F39AD5 
 328      11BF
 329 089c FFE3972B 		.ascii	"\377\343\227+\277\\\313zW'$\032SR#>_\2712\".\305\034"
 329      BF5CCB7A 
 329      5727241A 
 329      5352233E 
 329      5FB93222 
 330 08b3 191EA7F9 		.ascii	"\031\036\247\371\374\017\177\012^\031\031)\375\356\177"
 330      FC0F7F0A 
 330      5E191929 
 330      FDEE7F
 331 08c2 E3483ABD 		.ascii	"\343H:\275\336hHI\\\207\231A\226\211\0063\317\322O\257"
 331      DE684849 
 331      5C879941 
 331      96890633 
 331      CFD24FAF 
 332 08d6 8F37FEC5 		.ascii	"\2177\376\305\260&\321\2547\256M0kL\220\276yM\212)@"
 332      B026D1AC 
 332      37AE4D30 
 332      6B4C90BE 
 332      794D8A29 
 333 08eb 8F9FF529 		.ascii	"\217\237\365)\206$\275!\305hH\365\266\277i\343\022\201"
 333      8624BD21 
 333      C56848F5 
 333      B6BF69E3 
 333      1281
 334 08fd 85EF5ABD 		.ascii	"\205\357Z\275~M\202\311\034\035\2457'\304\3756\326\234"
 334      7E4D82C9 
 334      1C1DA537 
 334      27C4FD36 
 334      D69C
 335 090f 9C9C981A 		.ascii	"\234\234\230\032kLZe\214\2177\306\307\3765..\314\220"
 335      6B4C5A65 
 335      8C8F37C6 
 335      C7FE352E 
 335      2ECC90
 336 0922 9214664A 		.ascii	"\222\024fJ6\031\303\214\206U\011a1aQK#c\302\376\261"
 336      3619C38C 
 336      86550961 
 336      3161514B 
 336      2363C2FE 
 337 0937 2C2CC9F0 		.ascii	",,\311\360\267\344\224\260\357\022L\321Q\261.6\261\011"
 337      B7E494B0 
 337      EF124CD1 
 337      51B12E36 
ARM GAS  C:\Users\RUVIMK~1\AppData\Local\Temp\ccKKBlzX.s 			page 26


 337      B109
 338 0949 A6B8C435 		.ascii	"\246\270\3045\361\306\330$\003\214\326d\214\265\347"
 338      F1C6D824 
 338      038CD664 
 338      8CB5E7
 339 0958 675EB7DA 		.ascii	"g^\267\332\230\032\376\255\244\261\205\374\372\377\035"
 339      981AFEAD 
 339      A4B185FC 
 339      FAFF1D
 340 0967 32755D6A 		.ascii	"2u]j\254>\325\034\017|\210\343\215\005`\303\364\303"
 340      AC3ED51C 
 340      0F7C88E3 
 340      8D0560C3 
 340      F4C3
 341 0979 37B3712D 		.ascii	"7\263q-o\352L\311z\3737\177V\027{Ko\016\324\263\232"
 341      6FEA4CC9 
 341      7AFB377F 
 341      56177B4B 
 341      6F0ED4B3 
 342 098e 2DD53B5C 		.ascii	"-\325;\\\364\276\316]z?\245\305\253\250\367W\232\246"
 342      F4BECE5D 
 342      7A3FA5C5 
 342      ABA8F757 
 342      9AA6
 343 09a0 64FE99FB 		.ascii	"d\376\231\373G\212\376\221.\376\221\256\376\221n\376"
 343      478AFE91 
 343      2EFE91AE 
 343      FE916EFE 
 344 09b0 51A27F94 		.ascii	"Q\242\177\224\213\177\224\253\177\224\233\177\264\350"
 344      8B7F94AB 
 344      7F949B7F 
 344      B4E8
 345 09be 1FEDE21F 		.ascii	"\037\355\342\037\355\352\037\355\346\277L\364_\346\342"
 345      EDEA1FED 
 345      E6BF4CF4 
 345      5FE6E2
 346 09cd BFCCD57F 		.ascii	"\277\314\325\177\231\233\377r\321\177\271\213\377rW"
 346      999BFF72 
 346      D17FB98B 
 346      FF7257
 347 09dc FFE56EFE 		.ascii	"\377\345n\376+D\377\025.\376+\\\375W\270\371\307\210"
 347      2B44FF15 
 347      2EFE2B5C 
 347      FD57B8F9 
 347      C788
 348 09ee FE312EFE 		.ascii	"\3761.\3761\256\3761v\377\177\003\007y\217\304"
 348      31AEFE31 
 348      76FF7F03 
 348      07798FC4 
 349              		.text
 350              		.section	.gnu.lto_.symtab.16f2ed95,"",%progbits
 351 0000 5F5F636F 		.ascii	"__core_init\000"
 351      72655F69 
 351      6E697400 
 352 000c 00       		.ascii	"\000"
 353 000d 01       		.ascii	"\001"
 354 000e 00       		.ascii	"\000"
ARM GAS  C:\Users\RUVIMK~1\AppData\Local\Temp\ccKKBlzX.s 			page 27


 355 000f 00000000 		.ascii	"\000\000\000\000\000\000\000\000"
 355      00000000 
 356 0017 BD000000 		.ascii	"\275\000\000\000"
 357 001b 5F5F6561 		.ascii	"__early_init\000"
 357      726C795F 
 357      696E6974 
 357      00
 358 0028 00       		.ascii	"\000"
 359 0029 01       		.ascii	"\001"
 360 002a 00       		.ascii	"\000"
 361 002b 00000000 		.ascii	"\000\000\000\000\000\000\000\000"
 361      00000000 
 362 0033 C0000000 		.ascii	"\300\000\000\000"
 363 0037 5F5F6C61 		.ascii	"__late_init\000"
 363      74655F69 
 363      6E697400 
 364 0043 00       		.ascii	"\000"
 365 0044 01       		.ascii	"\001"
 366 0045 00       		.ascii	"\000"
 367 0046 00000000 		.ascii	"\000\000\000\000\000\000\000\000"
 367      00000000 
 368 004e C3000000 		.ascii	"\303\000\000\000"
 369 0052 5F5F6465 		.ascii	"__default_exit\000"
 369      6661756C 
 369      745F6578 
 369      697400
 370 0061 00       		.ascii	"\000"
 371 0062 01       		.ascii	"\001"
 372 0063 00       		.ascii	"\000"
 373 0064 00000000 		.ascii	"\000\000\000\000\000\000\000\000"
 373      00000000 
 374 006c C8000000 		.ascii	"\310\000\000\000"
 375 0070 5F5F696E 		.ascii	"__init_ram_areas\000"
 375      69745F72 
 375      616D5F61 
 375      72656173 
 375      00
 376 0081 00       		.ascii	"\000"
 377 0082 00       		.ascii	"\000"
 378 0083 00       		.ascii	"\000"
 379 0084 00000000 		.ascii	"\000\000\000\000\000\000\000\000"
 379      00000000 
 380 008c CA000000 		.ascii	"\312\000\000\000"
 381 0090 5F5F7261 		.ascii	"__ram0_init_text__\000"
 381      6D305F69 
 381      6E69745F 
 381      74657874 
 381      5F5F00
 382 00a3 00       		.ascii	"\000"
 383 00a4 02       		.ascii	"\002"
 384 00a5 00       		.ascii	"\000"
 385 00a6 00000000 		.ascii	"\000\000\000\000\000\000\000\000"
 385      00000000 
 386 00ae F0000000 		.ascii	"\360\000\000\000"
 387 00b2 5F5F7261 		.ascii	"__ram0_init__\000"
 387      6D305F69 
 387      6E69745F 
ARM GAS  C:\Users\RUVIMK~1\AppData\Local\Temp\ccKKBlzX.s 			page 28


 387      5F00
 388 00c0 00       		.ascii	"\000"
 389 00c1 02       		.ascii	"\002"
 390 00c2 00       		.ascii	"\000"
 391 00c3 00000000 		.ascii	"\000\000\000\000\000\000\000\000"
 391      00000000 
 392 00cb F2000000 		.ascii	"\362\000\000\000"
 393 00cf 5F5F7261 		.ascii	"__ram0_clear__\000"
 393      6D305F63 
 393      6C656172 
 393      5F5F00
 394 00de 00       		.ascii	"\000"
 395 00df 02       		.ascii	"\002"
 396 00e0 00       		.ascii	"\000"
 397 00e1 00000000 		.ascii	"\000\000\000\000\000\000\000\000"
 397      00000000 
 398 00e9 F4000000 		.ascii	"\364\000\000\000"
 399 00ed 5F5F7261 		.ascii	"__ram0_noinit__\000"
 399      6D305F6E 
 399      6F696E69 
 399      745F5F00 
 400 00fd 00       		.ascii	"\000"
 401 00fe 02       		.ascii	"\002"
 402 00ff 00       		.ascii	"\000"
 403 0100 00000000 		.ascii	"\000\000\000\000\000\000\000\000"
 403      00000000 
 404 0108 F6000000 		.ascii	"\366\000\000\000"
 405 010c 5F5F7261 		.ascii	"__ram1_init_text__\000"
 405      6D315F69 
 405      6E69745F 
 405      74657874 
 405      5F5F00
 406 011f 00       		.ascii	"\000"
 407 0120 02       		.ascii	"\002"
 408 0121 00       		.ascii	"\000"
 409 0122 00000000 		.ascii	"\000\000\000\000\000\000\000\000"
 409      00000000 
 410 012a F8000000 		.ascii	"\370\000\000\000"
 411 012e 5F5F7261 		.ascii	"__ram1_init__\000"
 411      6D315F69 
 411      6E69745F 
 411      5F00
 412 013c 00       		.ascii	"\000"
 413 013d 02       		.ascii	"\002"
 414 013e 00       		.ascii	"\000"
 415 013f 00000000 		.ascii	"\000\000\000\000\000\000\000\000"
 415      00000000 
 416 0147 FA000000 		.ascii	"\372\000\000\000"
 417 014b 5F5F7261 		.ascii	"__ram1_clear__\000"
 417      6D315F63 
 417      6C656172 
 417      5F5F00
 418 015a 00       		.ascii	"\000"
 419 015b 02       		.ascii	"\002"
 420 015c 00       		.ascii	"\000"
 421 015d 00000000 		.ascii	"\000\000\000\000\000\000\000\000"
 421      00000000 
ARM GAS  C:\Users\RUVIMK~1\AppData\Local\Temp\ccKKBlzX.s 			page 29


 422 0165 FC000000 		.ascii	"\374\000\000\000"
 423 0169 5F5F7261 		.ascii	"__ram1_noinit__\000"
 423      6D315F6E 
 423      6F696E69 
 423      745F5F00 
 424 0179 00       		.ascii	"\000"
 425 017a 02       		.ascii	"\002"
 426 017b 00       		.ascii	"\000"
 427 017c 00000000 		.ascii	"\000\000\000\000\000\000\000\000"
 427      00000000 
 428 0184 FE000000 		.ascii	"\376\000\000\000"
 429 0188 5F5F7261 		.ascii	"__ram2_init_text__\000"
 429      6D325F69 
 429      6E69745F 
 429      74657874 
 429      5F5F00
 430 019b 00       		.ascii	"\000"
 431 019c 02       		.ascii	"\002"
 432 019d 00       		.ascii	"\000"
 433 019e 00000000 		.ascii	"\000\000\000\000\000\000\000\000"
 433      00000000 
 434 01a6 00010000 		.ascii	"\000\001\000\000"
 435 01aa 5F5F7261 		.ascii	"__ram2_init__\000"
 435      6D325F69 
 435      6E69745F 
 435      5F00
 436 01b8 00       		.ascii	"\000"
 437 01b9 02       		.ascii	"\002"
 438 01ba 00       		.ascii	"\000"
 439 01bb 00000000 		.ascii	"\000\000\000\000\000\000\000\000"
 439      00000000 
 440 01c3 02010000 		.ascii	"\002\001\000\000"
 441 01c7 5F5F7261 		.ascii	"__ram2_clear__\000"
 441      6D325F63 
 441      6C656172 
 441      5F5F00
 442 01d6 00       		.ascii	"\000"
 443 01d7 02       		.ascii	"\002"
 444 01d8 00       		.ascii	"\000"
 445 01d9 00000000 		.ascii	"\000\000\000\000\000\000\000\000"
 445      00000000 
 446 01e1 04010000 		.ascii	"\004\001\000\000"
 447 01e5 5F5F7261 		.ascii	"__ram2_noinit__\000"
 447      6D325F6E 
 447      6F696E69 
 447      745F5F00 
 448 01f5 00       		.ascii	"\000"
 449 01f6 02       		.ascii	"\002"
 450 01f7 00       		.ascii	"\000"
 451 01f8 00000000 		.ascii	"\000\000\000\000\000\000\000\000"
 451      00000000 
 452 0200 06010000 		.ascii	"\006\001\000\000"
 453 0204 5F5F7261 		.ascii	"__ram3_init_text__\000"
 453      6D335F69 
 453      6E69745F 
 453      74657874 
 453      5F5F00
ARM GAS  C:\Users\RUVIMK~1\AppData\Local\Temp\ccKKBlzX.s 			page 30


 454 0217 00       		.ascii	"\000"
 455 0218 02       		.ascii	"\002"
 456 0219 00       		.ascii	"\000"
 457 021a 00000000 		.ascii	"\000\000\000\000\000\000\000\000"
 457      00000000 
 458 0222 08010000 		.ascii	"\010\001\000\000"
 459 0226 5F5F7261 		.ascii	"__ram3_init__\000"
 459      6D335F69 
 459      6E69745F 
 459      5F00
 460 0234 00       		.ascii	"\000"
 461 0235 02       		.ascii	"\002"
 462 0236 00       		.ascii	"\000"
 463 0237 00000000 		.ascii	"\000\000\000\000\000\000\000\000"
 463      00000000 
 464 023f 0A010000 		.ascii	"\012\001\000\000"
 465 0243 5F5F7261 		.ascii	"__ram3_clear__\000"
 465      6D335F63 
 465      6C656172 
 465      5F5F00
 466 0252 00       		.ascii	"\000"
 467 0253 02       		.ascii	"\002"
 468 0254 00       		.ascii	"\000"
 469 0255 00000000 		.ascii	"\000\000\000\000\000\000\000\000"
 469      00000000 
 470 025d 0C010000 		.ascii	"\014\001\000\000"
 471 0261 5F5F7261 		.ascii	"__ram3_noinit__\000"
 471      6D335F6E 
 471      6F696E69 
 471      745F5F00 
 472 0271 00       		.ascii	"\000"
 473 0272 02       		.ascii	"\002"
 474 0273 00       		.ascii	"\000"
 475 0274 00000000 		.ascii	"\000\000\000\000\000\000\000\000"
 475      00000000 
 476 027c 0E010000 		.ascii	"\016\001\000\000"
 477 0280 5F5F7261 		.ascii	"__ram4_init_text__\000"
 477      6D345F69 
 477      6E69745F 
 477      74657874 
 477      5F5F00
 478 0293 00       		.ascii	"\000"
 479 0294 02       		.ascii	"\002"
 480 0295 00       		.ascii	"\000"
 481 0296 00000000 		.ascii	"\000\000\000\000\000\000\000\000"
 481      00000000 
 482 029e 10010000 		.ascii	"\020\001\000\000"
 483 02a2 5F5F7261 		.ascii	"__ram4_init__\000"
 483      6D345F69 
 483      6E69745F 
 483      5F00
 484 02b0 00       		.ascii	"\000"
 485 02b1 02       		.ascii	"\002"
 486 02b2 00       		.ascii	"\000"
 487 02b3 00000000 		.ascii	"\000\000\000\000\000\000\000\000"
 487      00000000 
 488 02bb 12010000 		.ascii	"\022\001\000\000"
ARM GAS  C:\Users\RUVIMK~1\AppData\Local\Temp\ccKKBlzX.s 			page 31


 489 02bf 5F5F7261 		.ascii	"__ram4_clear__\000"
 489      6D345F63 
 489      6C656172 
 489      5F5F00
 490 02ce 00       		.ascii	"\000"
 491 02cf 02       		.ascii	"\002"
 492 02d0 00       		.ascii	"\000"
 493 02d1 00000000 		.ascii	"\000\000\000\000\000\000\000\000"
 493      00000000 
 494 02d9 14010000 		.ascii	"\024\001\000\000"
 495 02dd 5F5F7261 		.ascii	"__ram4_noinit__\000"
 495      6D345F6E 
 495      6F696E69 
 495      745F5F00 
 496 02ed 00       		.ascii	"\000"
 497 02ee 02       		.ascii	"\002"
 498 02ef 00       		.ascii	"\000"
 499 02f0 00000000 		.ascii	"\000\000\000\000\000\000\000\000"
 499      00000000 
 500 02f8 16010000 		.ascii	"\026\001\000\000"
 501 02fc 5F5F7261 		.ascii	"__ram5_init_text__\000"
 501      6D355F69 
 501      6E69745F 
 501      74657874 
 501      5F5F00
 502 030f 00       		.ascii	"\000"
 503 0310 02       		.ascii	"\002"
 504 0311 00       		.ascii	"\000"
 505 0312 00000000 		.ascii	"\000\000\000\000\000\000\000\000"
 505      00000000 
 506 031a 18010000 		.ascii	"\030\001\000\000"
 507 031e 5F5F7261 		.ascii	"__ram5_init__\000"
 507      6D355F69 
 507      6E69745F 
 507      5F00
 508 032c 00       		.ascii	"\000"
 509 032d 02       		.ascii	"\002"
 510 032e 00       		.ascii	"\000"
 511 032f 00000000 		.ascii	"\000\000\000\000\000\000\000\000"
 511      00000000 
 512 0337 1A010000 		.ascii	"\032\001\000\000"
 513 033b 5F5F7261 		.ascii	"__ram5_clear__\000"
 513      6D355F63 
 513      6C656172 
 513      5F5F00
 514 034a 00       		.ascii	"\000"
 515 034b 02       		.ascii	"\002"
 516 034c 00       		.ascii	"\000"
 517 034d 00000000 		.ascii	"\000\000\000\000\000\000\000\000"
 517      00000000 
 518 0355 1C010000 		.ascii	"\034\001\000\000"
 519 0359 5F5F7261 		.ascii	"__ram5_noinit__\000"
 519      6D355F6E 
 519      6F696E69 
 519      745F5F00 
 520 0369 00       		.ascii	"\000"
 521 036a 02       		.ascii	"\002"
ARM GAS  C:\Users\RUVIMK~1\AppData\Local\Temp\ccKKBlzX.s 			page 32


 522 036b 00       		.ascii	"\000"
 523 036c 00000000 		.ascii	"\000\000\000\000\000\000\000\000"
 523      00000000 
 524 0374 1E010000 		.ascii	"\036\001\000\000"
 525 0378 5F5F7261 		.ascii	"__ram6_init_text__\000"
 525      6D365F69 
 525      6E69745F 
 525      74657874 
 525      5F5F00
 526 038b 00       		.ascii	"\000"
 527 038c 02       		.ascii	"\002"
 528 038d 00       		.ascii	"\000"
 529 038e 00000000 		.ascii	"\000\000\000\000\000\000\000\000"
 529      00000000 
 530 0396 20010000 		.ascii	" \001\000\000"
 531 039a 5F5F7261 		.ascii	"__ram6_init__\000"
 531      6D365F69 
 531      6E69745F 
 531      5F00
 532 03a8 00       		.ascii	"\000"
 533 03a9 02       		.ascii	"\002"
 534 03aa 00       		.ascii	"\000"
 535 03ab 00000000 		.ascii	"\000\000\000\000\000\000\000\000"
 535      00000000 
 536 03b3 22010000 		.ascii	"\"\001\000\000"
 537 03b7 5F5F7261 		.ascii	"__ram6_clear__\000"
 537      6D365F63 
 537      6C656172 
 537      5F5F00
 538 03c6 00       		.ascii	"\000"
 539 03c7 02       		.ascii	"\002"
 540 03c8 00       		.ascii	"\000"
 541 03c9 00000000 		.ascii	"\000\000\000\000\000\000\000\000"
 541      00000000 
 542 03d1 24010000 		.ascii	"$\001\000\000"
 543 03d5 5F5F7261 		.ascii	"__ram6_noinit__\000"
 543      6D365F6E 
 543      6F696E69 
 543      745F5F00 
 544 03e5 00       		.ascii	"\000"
 545 03e6 02       		.ascii	"\002"
 546 03e7 00       		.ascii	"\000"
 547 03e8 00000000 		.ascii	"\000\000\000\000\000\000\000\000"
 547      00000000 
 548 03f0 26010000 		.ascii	"&\001\000\000"
 549 03f4 5F5F7261 		.ascii	"__ram7_init_text__\000"
 549      6D375F69 
 549      6E69745F 
 549      74657874 
 549      5F5F00
 550 0407 00       		.ascii	"\000"
 551 0408 02       		.ascii	"\002"
 552 0409 00       		.ascii	"\000"
 553 040a 00000000 		.ascii	"\000\000\000\000\000\000\000\000"
 553      00000000 
 554 0412 28010000 		.ascii	"(\001\000\000"
 555 0416 5F5F7261 		.ascii	"__ram7_init__\000"
ARM GAS  C:\Users\RUVIMK~1\AppData\Local\Temp\ccKKBlzX.s 			page 33


 555      6D375F69 
 555      6E69745F 
 555      5F00
 556 0424 00       		.ascii	"\000"
 557 0425 02       		.ascii	"\002"
 558 0426 00       		.ascii	"\000"
 559 0427 00000000 		.ascii	"\000\000\000\000\000\000\000\000"
 559      00000000 
 560 042f 2A010000 		.ascii	"*\001\000\000"
 561 0433 5F5F7261 		.ascii	"__ram7_clear__\000"
 561      6D375F63 
 561      6C656172 
 561      5F5F00
 562 0442 00       		.ascii	"\000"
 563 0443 02       		.ascii	"\002"
 564 0444 00       		.ascii	"\000"
 565 0445 00000000 		.ascii	"\000\000\000\000\000\000\000\000"
 565      00000000 
 566 044d 2C010000 		.ascii	",\001\000\000"
 567 0451 5F5F7261 		.ascii	"__ram7_noinit__\000"
 567      6D375F6E 
 567      6F696E69 
 567      745F5F00 
 568 0461 00       		.ascii	"\000"
 569 0462 02       		.ascii	"\002"
 570 0463 00       		.ascii	"\000"
 571 0464 00000000 		.ascii	"\000\000\000\000\000\000\000\000"
 571      00000000 
 572 046c 2E010000 		.ascii	".\001\000\000"
 573              		.text
 574              		.section	.gnu.lto_.opts,"",%progbits
 575 0000 272D666D 		.ascii	"'-fmath-errno' '-fsigned-zeros' '-ftrapping-math' '"
 575      6174682D 
 575      6572726E 
 575      6F272027 
 575      2D667369 
 576 0033 2D666E6F 		.ascii	"-fno-trapv' '-fno-openmp' '-fno-openacc' '-mcpu=cor"
 576      2D747261 
 576      70762720 
 576      272D666E 
 576      6F2D6F70 
 577 0066 7465782D 		.ascii	"tex-m4' '-mno-thumb-interwork' '-mthumb' '-O2' '-fo"
 577      6D342720 
 577      272D6D6E 
 577      6F2D7468 
 577      756D622D 
 578 0099 6D69742D 		.ascii	"mit-frame-pointer' '-falign-functions=16' '-ffuncti"
 578      6672616D 
 578      652D706F 
 578      696E7465 
 578      72272027 
 579 00cc 6F6E2D73 		.ascii	"on-sections' '-fdata-sections' '-fno-common' '-flto"
 579      65637469 
 579      6F6E7327 
 579      20272D66 
 579      64617461 
 580 00ff 2700     		.ascii	"'\000"
ARM GAS  C:\Users\RUVIMK~1\AppData\Local\Temp\ccKKBlzX.s 			page 34


 581              		.text
 582              		.comm	__gnu_lto_v1,1,1
 583              		.comm	__gnu_lto_slim,1,1
 584              		.ident	"GCC: (GNU Tools for Arm Embedded Processors 7-2017-q4-major) 7.2.1 20170904 (release) [ARM
ARM GAS  C:\Users\RUVIMK~1\AppData\Local\Temp\ccKKBlzX.s 			page 35


DEFINED SYMBOLS
                            *ABS*:00000000 crt1.c
                            *COM*:00000001 __gnu_lto_v1
                            *COM*:00000001 __gnu_lto_slim

NO UNDEFINED SYMBOLS
