ARM GAS  C:\Users\RUVIMK~1\AppData\Local\Temp\ccpYmCRb.s 			page 1


   1              		.cpu cortex-m4
   2              		.eabi_attribute 20, 1
   3              		.eabi_attribute 21, 1
   4              		.eabi_attribute 23, 3
   5              		.eabi_attribute 24, 1
   6              		.eabi_attribute 25, 1
   7              		.eabi_attribute 26, 1
   8              		.eabi_attribute 30, 2
   9              		.eabi_attribute 34, 1
  10              		.eabi_attribute 18, 4
  11              		.file	"hal.c"
  12              		.section	.gnu.lto_.profile.211d96bd,"",%progbits
  13 0000 789C6363 		.ascii	"x\234cc```\001bF\006\017\016\000\001\020\000\\"
  13      60606001 
  13      6246060F 
  13      0E000110 
  13      005C
  14              		.text
  15              		.section	.gnu.lto_.icf.211d96bd,"",%progbits
  16 0000 789C6363 		.ascii	"x\234cc``\340`@\000F\206g\363\227\355\342c\000\000\016"
  16      6060E060 
  16      40004686 
  16      67F397ED 
  16      E2630000 
  17 0015 B10303   		.ascii	"\261\003\003"
  18              		.text
  19              		.section	.gnu.lto_.jmpfuncs.211d96bd,"",%progbits
  20 0000 789C6363 		.ascii	"x\234cc``\340a@\000F$6\000\001\360\000\024"
  20      6060E061 
  20      40004624 
  20      360001F0 
  20      0014
  21              		.text
  22              		.section	.gnu.lto_.inline.211d96bd,"",%progbits
  23 0000 789C6363 		.ascii	"x\234cc``\260`@\000F\006\006\256\023@\222\011\310f["
  23      6060B060 
  23      40004606 
  23      06AE1340 
  23      9209C866 
  24 0015 20CF0416 		.ascii	" \317\004\026\343\"H0\000\000c\257\002)"
  24      E3224830 
  24      000063AF 
  24      0229
  25              		.text
  26              		.section	.gnu.lto_.pureconst.211d96bd,"",%progbits
  27 0000 789C6363 		.ascii	"x\234cc```\006bF\006\011\000\000}\000#"
  27      60606006 
  27      62460609 
  27      00007D00 
  27      23
  28              		.text
  29              		.section	.gnu.lto_halInit.211d96bd,"",%progbits
  30 0000 789C6363 		.ascii	"x\234cc``\230\311\310\300\240\002\244\245\201\230\221"
  30      606098C9 
  30      C8C0A002 
  30      A4A58198 
  30      91
ARM GAS  C:\Users\RUVIMK~1\AppData\Local\Temp\ccpYmCRb.s 			page 2


  31 0011 99819169 		.ascii	"\231\201\221i\3029\006\206F\016&FF\020\243\201\203\221"
  31      C2390686 
  31      460E2646 
  31      4610A381 
  31      8391
  32 0023 A19E89B1 		.ascii	"\241\236\211\261\236\261\207y\0123\343\241\366g;\231"
  32      9EB18779 
  32      0A33E3A1 
  32      F6673B99 
  33 0033 34973700 		.ascii	"4\2277\000\301\201\351\037$\033V\034`\234\303\314\300"
  33      C181E91F 
  33      241B561C 
  33      609CC3CC 
  33      C0
  34 0044 300D8841 		.ascii	"0\015\210A\200q3\243&\003P\331\243\215\377\246\362\262"
  34      807133A3 
  34      260350D9 
  34      A38DFFA6 
  34      F2B2
  35 0056 B140C419 		.ascii	"\261@\304\031\2670\2621\000\355`X\177\211\365@\303\277"
  35      B730B231 
  35      00ED6058 
  35      7F89F540 
  35      C3BF
  36 0068 FFED0D07 		.ascii	"\377\355\015\007\236,b\374\350\305\311\300\320\001\224"
  36      9E2C62FC 
  36      E8C5C9C0 
  36      D00194
  37 0077 075AD270 		.ascii	"\007Z\322p\200\241\223\231\011\304j>\300\360\206\261"
  37      80A19399 
  37      09C46A3E 
  37      C0F086B1 
  38 0087 79C16F69 		.ascii	"y\301oi\260&\240I;w\276\271\315^\377\267\201c\0163\343"
  38      B026A049 
  38      3B77BEB9 
  38      CD5EFFB7 
  38      81630E33 
  39 009c 3466A029 		.ascii	"4f\240)\214[\031\353\031\346\000U\203\324\255\344\301"
  39      8C5B19EB 
  39      19E60055 
  39      83D4ADE4 
  39      C1
  40 00ad AE8E09A8 		.ascii	"\256\216\011\250n\033\222\272\2078\324\001\255g\334"
  40      6E1B92BA 
  40      8738D401 
  40      AD67DC
  41 00bc 8EA46E27 		.ascii	"\216\244n'\037vu,@u;\220\324}\304\241\216\025\250n'"
  41      1F76752C 
  41      40753B90 
  41      D47DC4A1 
  41      8E15A86E 
  42 00d1 92BABF22 		.ascii	"\222\272\277\"\330\325\261\001\325\355B\266W\024\273"
  42      D8D5B101 
  42      D5ED42B6 
  42      5714BB
  43 00e0 3A76A0BA 		.ascii	":v\240\272\335Pu\357\030\233\026<\236\312\010V\010\002"
  43      DD5075EF 
ARM GAS  C:\Users\RUVIMK~1\AppData\Local\Temp\ccpYmCRb.s 			page 3


  43      189B163C 
  43      9ECA0856 
  43      0802
  44 00f2 1DC0D000 		.ascii	"\035\300\320\000\206\030\320\253Jzz\372@\224\234\221"
  44      8618D0AB 
  44      4A7A7AFA 
  44      40949C91 
  45 0102 9994995F 		.ascii	"\231\224\231_lha\244\237_\254\237\221\230\243_\\\224"
  45      6C6861A4 
  45      9F5FAC9F 
  45      9198A35F 
  45      5C94
  46 0114 0CA2F592 		.ascii	"\014\242\365\222\031\000\314Y\2210"
  46      1900CC59 
  46      9130
  47              		.text
  48              		.section	.gnu.lto_.symbol_nodes.211d96bd,"",%progbits
  49 0000 789C55C8 		.ascii	"x\234U\310\313\015\3020\020\006\341\361\357\304i+T\266"
  49      CB0DC230 
  49      1006E1F1 
  49      EFC4692B 
  49      54B6
  50 0012 3E500045 		.ascii	">P\000E\244\211\204\360\220\310\231\032@J\035\010\263"
  50      A48984F0 
  50      90C8991A 
  50      404A1D08 
  50      B3
  51 0023 27F6301A 		.ascii	"'\3660\032\351+\300\243\205f\031\234\236\320\266\324"
  51      E92BC0A3 
  51      8566199C 
  51      9ED0B6D4 
  52 0033 03A4BB2C 		.ascii	"\003\244\273,\271@\255c\203\233L\001\256\262\034\340"
  52      B940AD63 
  52      839B4C01 
  52      AEB21CE0 
  53 0043 22EB02AC 		.ascii	"\"\353\002\254\262>\300YV\002,\262\341\0372\003\323"
  53      B23EC059 
  53      56022CB2 
  53      E11F3203 
  53      D3
  54 0054 EB933285 		.ascii	"\353\2232\205\315\337\263\373;\216\357\3373\223_l\376"
  54      CDDFB3FB 
  54      3B8EEFDF 
  54      33935F6C 
  54      FE
  55 0065 C4DECE17 		.ascii	"\304\336\316\027s\3412\357"
  55      73E132EF 
  56              		.text
  57              		.section	.gnu.lto_.refs.211d96bd,"",%progbits
  58 0000 789C6363 		.ascii	"x\234cc```\004b\006\000\000D\000\010"
  58      60606004 
  58      62060000 
  58      440008
  59              		.text
  60              		.section	.gnu.lto_.decls.211d96bd,"",%progbits
  61 0000 789C8D92 		.ascii	"x\234\215\222YHTQ\030\200\317\177\217\353\250)Q\341"
  61      59485451 
ARM GAS  C:\Users\RUVIMK~1\AppData\Local\Temp\ccpYmCRb.s 			page 4


  61      1880CF7F 
  61      8FEBA829 
  61      51E1
  62 0012 8384F964 		.ascii	"\203\204\371dA3i\022\022\365dj\202\251TBA0\352(\314"
  62      41336912 
  62      12F5646A 
  62      82A95442 
  62      4130EA28 
  63 0027 801B8EA5 		.ascii	"\200\033\216\245\320\3135\315\312\304|\220\302\245\022"
  63      D0CB35CD 
  63      CAC47C90 
  63      C2A512
  64 0036 82489390 		.ascii	"\202H\223\220\\\312u\306e\\\247\244,z\020\227\322B)"
  64      5CCA75C6 
  64      655CA7A4 
  64      2C7A1097 
  64      D24229
  65 0049 CCF02173 		.ascii	"\314\360!si\372\3579\367\316\225L\3620\377=\333\377"
  65      69FAEF39 
  65      F7CE954C 
  65      F230FF3D 
  65      DBFF
  66 005b 7D6799E3 		.ascii	"}g\231\343F\010\231\243\204\254\002!\345\330v`\021\260"
  66      460899A3 
  66      84AC0221 
  66      E5D87660 
  66      11B0
  67 006d EE216AF1 		.ascii	"\356!j\361\300\350\300\350\302\260\310s}\0306\214A\214"
  67      C0E8C0E8 
  67      C2B0C873 
  67      7D18368C 
  67      418C
  68 007f 61B2B5E4 		.ascii	"a\262\265\344\241\017\265$\011\303\216\321\376\227k"
  68      A10FB524 
  68      09C38ED1 
  68      FE976B
  69 008e 58666DB2 		.ascii	"Xfm\262\253Gvw\375\303UA\241\275\247\313\3425\015\223"
  69      AB477677 
  69      FDC35541 
  69      A1BDA7CB 
  69      E2350D93 
  70 00a2 807B033F 		.ascii	"\200{\003?6\012\300\277XK\301\372\016\245\000\037\307"
  70      360AC0BF 
  70      584BC1FA 
  70      0EA5001F 
  70      C7
  71 00b3 51815772 		.ascii	"Q\201Wr\252\324Q\020p\216\010\262CP\274\354'\013`\263"
  71      AAD45110 
  71      708E08B2 
  71      4350BCEC 
  71      270B60B3 
  72 00c7 95CFF3E5 		.ascii	"\225\317\363\345\224Bx>\337\217\312\361!A]l\023\262"
  72      9442783E 
  72      DF8FCAF1 
  72      21415D6C 
  72      13B2
  73 00d9 65AFC439 		.ascii	"e\257\3049\355\334\224zH\220/\341\375\267\322g\3363"
ARM GAS  C:\Users\RUVIMK~1\AppData\Local\Temp\ccpYmCRb.s 			page 5


  73      EDDC947A 
  73      48902FE1 
  73      FDB7D267 
  73      DE33
  74 00eb 3085B317 		.ascii	"0\205\263\027\361\337\362\310\000it\251I\374\244\241"
  74      F1DFF2C8 
  74      006974A9 
  74      49FCA4A1 
  75 00fb 026BFFEE 		.ascii	"\002k\377\356\233\337\360\241\032\326\356^\\\375\340"
  75      9BDFF0A1 
  75      1AD6EE5E 
  75      5CFDE0
  76 010a AA6D1079 		.ascii	"\252m\020y\361\270D\240\025\250r\2376\307O\253\357m"
  76      F1B844A0 
  76      15A8729F 
  76      36C74FAB 
  76      EF6D
  77 011c 0ABB3520 		.ascii	"\012\2735 `\367\355\222\375\276\027v\367h\300\017\273"
  77      60F7ED92 
  77      FDBE1776 
  77      F768C00F 
  77      BB
  78 012d 0DA58E0A 		.ascii	"\015\245\216\012W\377\273\022W^(\372\011\220\264\017"
  78      57FFBB12 
  78      575E28FA 
  78      0990B40F 
  79 013d DA20005E 		.ascii	"\332 \000^B\000\356\246\035\374\361\233\351\302M\263"
  79      4200EEA6 
  79      1DFCF19B 
  79      E9C24DB3 
  80 014d FD8B1B42 		.ascii	"\375\213\033BP\255X;#Z\277\027\357\177\\(>A,P\312\202"
  80      50AD583B 
  80      235ABF17 
  80      EF7F5C28 
  80      3E412C50 
  81 0163 16A0F002 		.ascii	"\026\240\360\002\264\322\021Z\244\265\241\031f\000\232"
  81      B4D2115A 
  81      A4B5A119 
  81      66009A
  82 0172 601A4FD0 		.ascii	"`\032O\320\001AH\337x\2768\355J/\260\015\227\316u\264"
  82      014148DF 
  82      78BE38ED 
  82      4A2FB00D 
  82      97CE75B4 
  83 0186 F8A26946 		.ascii	"\370\242iF\024\255\216\352\360\252\306y\361\246\206"
  83      14AD8EEA 
  83      F0AAC679 
  83      F1A686
  84 0195 2D079DAA 		.ascii	"-\007\235\252\250S>\004t1\201\375\313\344Uz\013\230"
  84      A8533E04 
  84      743181FD 
  84      CBE4557A 
  84      0B98
  85 01a7 E0A9ADA4 		.ascii	"\340\251\255\244\300E\026L\324\207O\330\212\255\011"
  85      C045164C 
  85      D4874FD8 
  85      8AAD09
ARM GAS  C:\Users\RUVIMK~1\AppData\Local\Temp\ccpYmCRb.s 			page 6


  86 01b6 9CEF56F9 		.ascii	"\234\357V\371n\205\2670~l\344\321\272\017}\315\005\343"
  86      6E85B730 
  86      7E6CE4D1 
  86      BA0F7DCD 
  86      05E3
  87 01c8 1575BF7C 		.ascii	"\025u\277|d\301\327\366`{\263X\344\312x\253\312[\025"
  87      64C1D7F6 
  87      607BB358 
  87      E4CA78AB 
  87      CA5B15
  88 01db BE87F12B 		.ascii	"\276\207\361+m\025\203\032Z\310\257\277\265\256\374"
  88      6D15831A 
  88      5AC8AFBF 
  88      B5AEFC
  89 01ea BAA06C60 		.ascii	"\272\240l`\370\304\250\223\357U\371^\205\357c|\331="
  89      F8C4A893 
  89      EF55F95E 
  89      85EF637C 
  89      D93D
  90 01fc EB841B6D 		.ascii	"\353\204\033m\345|\315\307j\207\273\314/\217\005[\234"
  90      E57CCDC7 
  90      6A87BBCC 
  90      2F8F055B 
  90      9C
  91 020d 7CBFCAF7 		.ascii	"|\277\312\367+\274\215\361\365\015\225\237=\351\002"
  91      2BBC8DF1 
  91      F50D959F 
  91      3DE902
  92 021c E7DF1594 		.ascii	"\347\337\025\224\355\225\361\265\251\300u'>\240\342"
  92      ED95F1B5 
  92      A9C07527 
  92      3EA0E2
  93 022b 030A3EC8 		.ascii	"\003\012>\310\360\312\007w\032)m\241\014_\264,/(\367"
  93      F0CA0777 
  93      1A296DA1 
  93      0C5FB42C 
  93      2F28F7
  94 023e 37BE12BC 		.ascii	"7\276\022\274:\350\274\277!U0\244\010\206\231\340MQ"
  94      3AE8BCBF 
  94      215530A4 
  94      088699E0 
  94      4D51
  95 0250 630DE50F 		.ascii	"c\015\345\017\311\005\273?^U\315\356\342\017)\020\273"
  95      C905BB3F 
  95      5E55CDEE 
  95      E20F2910 
  95      BB
  96 0261 0FD7D72A 		.ascii	"\017\327\327*wy\227\210\3425\261\266P\364<\315d\243"
  96      77799788 
  96      E235B1B6 
  96      50F43CCD 
  96      64A3
  97 0273 F89246D8 		.ascii	"\370\222F\330K\262\2037SI\265\27319=&\323\224{@\253"
  97      4BB28337 
  97      5349B5BB 
  97      31393D26 
  97      D3947B40 
ARM GAS  C:\Users\RUVIMK~1\AppData\Local\Temp\ccpYmCRb.s 			page 7


  98 0288 D5E1CF60 		.ascii	"\325\341\317`4\245\230\262\314!\341\241\272,\263\016"
  98      34A598B2 
  98      CC21E1A1 
  98      BA2CB30E 
  99 0298 E774E61C 		.ascii	"\347t\346\034\203Tk\015\036\321q\211\201\021!!$\350"
  99      83546B0D 
  99      1ED17189 
  99      81112121 
  99      24E8
 100 02aa BFA9C4CD 		.ascii	"\277\251\304\315\234+I\017n\227i\3124\244_NM\223\332"
 100      9C2B490F 
 100      6E9769CA 
 100      34A45F4E 
 100      4D93DA
 101 02bd 7A73AED6 		.ascii	"zs\256\326H<S\262\222sR%\346\370v\014\3130\353\316\235"
 101      483C53B2 
 101      92735225 
 101      E6F8760C 
 101      CB30EBCE 
 102 02d2 D7C72546 		.ascii	"\327\307%F\304F\306\037\013\323G\205\035\0119\033\311"
 102      C446C61F 
 102      0BD34785 
 102      1D09391B 
 102      C9
 103 02e3 6750E266 		.ascii	"gP\342ff\206\303;Z5-\307\204[5\022\367\354\274\014\211"
 103      6686C33B 
 103      5A352DC7 
 103      845B3512 
 103      F7ECBC0C 
 104 02f8 3AB4130A 		.ascii	":\264\023\012s%$9\325\260c\004s\021\361\321gc;==UoB"
 104      73252439 
 104      D5B06304 
 104      7311F1D1 
 104      67633B3D 
 105 0310 F0E47660 		.ascii	"\360\344v`vVN\256t\3043GCu\261\261\247t\321\0111\361"
 105      76564EAE 
 105      74C43347 
 105      4375B1B1 
 105      A774D109 
 106 0326 5742F9D2 		.ascii	"WB\371\322\234G\227\267q\223*|'*\366\215\012\313\317"
 106      9C4797B7 
 106      71932A7C 
 106      272AF68D 
 106      0ACBCF
 107 0339 D7199D96 		.ascii	"\327\031\235\226?\354\226\276C"
 107      3FEC96BE 
 107      43
 108              		.text
 109              		.section	.gnu.lto_.symtab.211d96bd,"",%progbits
 110 0000 68616C49 		.ascii	"halInit\000"
 110      6E697400 
 111 0008 00       		.ascii	"\000"
 112 0009 00       		.ascii	"\000"
 113 000a 00       		.ascii	"\000"
 114 000b 00000000 		.ascii	"\000\000\000\000\000\000\000\000"
 114      00000000 
 115 0013 BB000000 		.ascii	"\273\000\000\000"
ARM GAS  C:\Users\RUVIMK~1\AppData\Local\Temp\ccpYmCRb.s 			page 8


 116 0017 7374496E 		.ascii	"stInit\000"
 116      697400
 117 001e 00       		.ascii	"\000"
 118 001f 02       		.ascii	"\002"
 119 0020 00       		.ascii	"\000"
 120 0021 00000000 		.ascii	"\000\000\000\000\000\000\000\000"
 120      00000000 
 121 0029 BD000000 		.ascii	"\275\000\000\000"
 122 002d 626F6172 		.ascii	"boardInit\000"
 122      64496E69 
 122      7400
 123 0037 00       		.ascii	"\000"
 124 0038 02       		.ascii	"\002"
 125 0039 00       		.ascii	"\000"
 126 003a 00000000 		.ascii	"\000\000\000\000\000\000\000\000"
 126      00000000 
 127 0042 BF000000 		.ascii	"\277\000\000\000"
 128 0046 7364496E 		.ascii	"sdInit\000"
 128      697400
 129 004d 00       		.ascii	"\000"
 130 004e 02       		.ascii	"\002"
 131 004f 00       		.ascii	"\000"
 132 0050 00000000 		.ascii	"\000\000\000\000\000\000\000\000"
 132      00000000 
 133 0058 C1000000 		.ascii	"\301\000\000\000"
 134 005c 70776D49 		.ascii	"pwmInit\000"
 134      6E697400 
 135 0064 00       		.ascii	"\000"
 136 0065 02       		.ascii	"\002"
 137 0066 00       		.ascii	"\000"
 138 0067 00000000 		.ascii	"\000\000\000\000\000\000\000\000"
 138      00000000 
 139 006f C3000000 		.ascii	"\303\000\000\000"
 140 0073 61646349 		.ascii	"adcInit\000"
 140      6E697400 
 141 007b 00       		.ascii	"\000"
 142 007c 02       		.ascii	"\002"
 143 007d 00       		.ascii	"\000"
 144 007e 00000000 		.ascii	"\000\000\000\000\000\000\000\000"
 144      00000000 
 145 0086 C5000000 		.ascii	"\305\000\000\000"
 146 008a 5F70616C 		.ascii	"_pal_lld_init\000"
 146      5F6C6C64 
 146      5F696E69 
 146      7400
 147 0098 00       		.ascii	"\000"
 148 0099 02       		.ascii	"\002"
 149 009a 00       		.ascii	"\000"
 150 009b 00000000 		.ascii	"\000\000\000\000\000\000\000\000"
 150      00000000 
 151 00a3 C7000000 		.ascii	"\307\000\000\000"
 152 00a7 68616C5F 		.ascii	"hal_lld_init\000"
 152      6C6C645F 
 152      696E6974 
 152      00
 153 00b4 00       		.ascii	"\000"
 154 00b5 02       		.ascii	"\002"
ARM GAS  C:\Users\RUVIMK~1\AppData\Local\Temp\ccpYmCRb.s 			page 9


 155 00b6 00       		.ascii	"\000"
 156 00b7 00000000 		.ascii	"\000\000\000\000\000\000\000\000"
 156      00000000 
 157 00bf C9000000 		.ascii	"\311\000\000\000"
 158              		.text
 159              		.section	.gnu.lto_.opts,"",%progbits
 160 0000 272D666D 		.ascii	"'-fmath-errno' '-fsigned-zeros' '-ftrapping-math' '"
 160      6174682D 
 160      6572726E 
 160      6F272027 
 160      2D667369 
 161 0033 2D666E6F 		.ascii	"-fno-trapv' '-fno-openmp' '-fno-openacc' '-mcpu=cor"
 161      2D747261 
 161      70762720 
 161      272D666E 
 161      6F2D6F70 
 162 0066 7465782D 		.ascii	"tex-m4' '-mno-thumb-interwork' '-mthumb' '-O2' '-fo"
 162      6D342720 
 162      272D6D6E 
 162      6F2D7468 
 162      756D622D 
 163 0099 6D69742D 		.ascii	"mit-frame-pointer' '-falign-functions=16' '-ffuncti"
 163      6672616D 
 163      652D706F 
 163      696E7465 
 163      72272027 
 164 00cc 6F6E2D73 		.ascii	"on-sections' '-fdata-sections' '-fno-common' '-flto"
 164      65637469 
 164      6F6E7327 
 164      20272D66 
 164      64617461 
 165 00ff 2700     		.ascii	"'\000"
 166              		.text
 167              		.comm	__gnu_lto_v1,1,1
 168              		.comm	__gnu_lto_slim,1,1
 169              		.ident	"GCC: (GNU Tools for Arm Embedded Processors 7-2017-q4-major) 7.2.1 20170904 (release) [ARM
ARM GAS  C:\Users\RUVIMK~1\AppData\Local\Temp\ccpYmCRb.s 			page 10


DEFINED SYMBOLS
                            *ABS*:00000000 hal.c
                            *COM*:00000001 __gnu_lto_v1
                            *COM*:00000001 __gnu_lto_slim

NO UNDEFINED SYMBOLS
