ARM GAS  C:\Users\RUVIMK~1\AppData\Local\Temp\cch8lCRb.s 			page 1


   1              		.cpu cortex-m4
   2              		.eabi_attribute 20, 1
   3              		.eabi_attribute 21, 1
   4              		.eabi_attribute 23, 3
   5              		.eabi_attribute 24, 1
   6              		.eabi_attribute 25, 1
   7              		.eabi_attribute 26, 1
   8              		.eabi_attribute 30, 2
   9              		.eabi_attribute 34, 1
  10              		.eabi_attribute 18, 4
  11              		.file	"hal_st.c"
  12              		.section	.gnu.lto_.profile.211d810d,"",%progbits
  13 0000 789C6363 		.ascii	"x\234cc```\001bF\006)\036\000\000\270\0002"
  13      60606001 
  13      62460629 
  13      1E0000B8 
  13      0032
  14              		.text
  15              		.section	.gnu.lto_.icf.211d810d,"",%progbits
  16 0000 789C6363 		.ascii	"x\234cc``\220c@\000V\206\325\253\276\376db\274\373\353"
  16      60609063 
  16      40005686 
  16      D5ABBEFE 
  16      6462BCFB 
  17 0015 CD5C46A6 		.ascii	"\315\\F\246\236iw\374\230\247\266\256Z\311\305r\347"
  17      9E6977FC 
  17      98A7B6AE 
  17      5AC9C572 
  17      E7
  18 0026 D54C4706 		.ascii	"\325LG\006\000\345\321\016="
  18      00E5D10E 
  18      3D
  19              		.text
  20              		.section	.gnu.lto_.jmpfuncs.211d810d,"",%progbits
  21 0000 789C6363 		.ascii	"x\234cc``\220a@\000V\020\301\010\004\365s\230\031\230"
  21      60609061 
  21      40005610 
  21      C10804F5 
  21      73981998 
  22 0014 181898A1 		.ascii	"\030\030\230\241L\026\2400\000#\314\002t"
  22      4C16A030 
  22      0023CC02 
  22      74
  23              		.text
  24              		.section	.gnu.lto_.inline.211d810d,"",%progbits
  25 0000 789C6363 		.ascii	"x\234cc``He@\000V\006\006\026\036F\006& \223m\201<\210"
  25      60604865 
  25      40005606 
  25      06161E46 
  25      06262093 
  26 0018 6260E402 		.ascii	"b`\344\002\021\014l\254@a\266\017zpq&\006\026f\240\020"
  26      110C6CAC 
  26      4061B60F 
  26      7A707126 
  26      061666A0 
  27 002d D3057EB8 		.ascii	"\323\005~\270\0203\246\020\013\246\020\003\000\234z"
  27      1033A610 
ARM GAS  C:\Users\RUVIMK~1\AppData\Local\Temp\cch8lCRb.s 			page 2


  27      0BA61003 
  27      009C7A
  28 003c 086F     		.ascii	"\010o"
  29              		.text
  30              		.section	.gnu.lto_.pureconst.211d810d,"",%progbits
  31 0000 789C6363 		.ascii	"x\234cc``\340\006bV\006\011F)&)f)\026)\000\004\001\000"
  31      6060E006 
  31      62560609 
  31      46292629 
  31      66291629 
  32 0018 A1       		.ascii	"\241"
  33              		.text
  34              		.section	.gnu.lto_stInit.211d810d,"",%progbits
  35 0000 789C6363 		.ascii	"x\234cc``X\001\304\352@,\015\304\214\314\014\214L\023"
  35      60605801 
  35      C4EA402C 
  35      0DC48CCC 
  35      0C8C4C13 
  36 0014 CE313034 		.ascii	"\316104r012\202\030\015\034\214\014\365L\214\365\214"
  36      72303132 
  36      82180D1C 
  36      8C0CF54C 
  36      8CF58C
  37 0027 3DCC5398 		.ascii	"=\314S\230\031\017\265?\333\311\244\271\274\001\010"
  37      190FB53F 
  37      DBC9A4B9 
  37      BC0108
  38 0036 0E4CFF21 		.ascii	"\016L\377!\331\260\342\000\343\034f\006\206i@\014\002"
  38      D9B0E200 
  38      E31C6606 
  38      8669400C 
  38      02
  39 0047 8C9B1935 		.ascii	"\214\233\0315\031\200\312\036m\3747\225\227\215\005"
  39      1980CA1E 
  39      6DFC3795 
  39      978D05
  40 0056 22CEB885 		.ascii	"\"\316\270\205\221\215\201\021\310X\177\211\365@\303"
  40      918D8111 
  40      C8587F89 
  40      F540C3
  41 0065 BFFFED0D 		.ascii	"\277\377\355\015\007\356,b\374\317\012\224\353\000b"
  41      07EE2C62 
  41      FCCF0A94 
  41      EB0062
  42 0074 A0250D07 		.ascii	"\240%\015\007\030:\231\231@\254\346\003\014o\030\233"
  42      183A9999 
  42      40ACE603 
  42      0C6F189B 
  43 0084 17FC9606 		.ascii	"\027\374\226\006k\002\232\264s\347\233\333\354\365\177"
  43      6B029AB4 
  43      73E79BDB 
  43      ECF57F
  44 0093 1B38E630 		.ascii	"\0338\34603Nc\006\232\302\270\225\261\236a\016P\365"
  44      334E6306 
  44      9AC2B895 
  44      B19E610E 
  44      50F5
ARM GAS  C:\Users\RUVIMK~1\AppData\Local\Temp\cch8lCRb.s 			page 3


  45 00a5 3BC6A605 		.ascii	";\306\246\005\377\271\301\352@\240\003(\0114\200\211"
  45      FFB9C1EA 
  45      40A00328 
  45      09348089 
  46 00b5 8141554F 		.ascii	"\201AUOO\037\210\22232\2232\363\213\015-\214\364\363"
  46      4F1F8892 
  46      33329332 
  46      F38B0D2D 
  46      8CF4F3
  47 00c8 8BF53312 		.ascii	"\213\3653\022s\364\213\213\222At|q\211^2\003\000B\370"
  47      73F48B8B 
  47      9241747C 
  47      71895E32 
  47      030042F8 
  48 00dc 4617     		.ascii	"F\027"
  49              		.text
  50              		.section	.gnu.lto_stStartAlarm.211d810d,"",%progbits
  51 0000 789C9552 		.ascii	"x\234\225RAh\023A\024\235\267\223\356\326\240\361\250"
  51      41681341 
  51      149DB793 
  51      EED6A0F1 
  51      A8
  52 0011 600E3D18 		.ascii	"`\016=\030j=dM\275\024\274\212 \264'{/m\024\022\210"
  52      6A3D644D 
  52      BD14BC8A 
  52      20B4277B 
  52      2F6D1412 
  53 0026 A4748347 		.ascii	"\244t\203G;\215\211iMD\017&b\210\272XK\255\020Z\255"
  53      3B8D8969 
  53      4D440F26 
  53      6288BA58 
  53      4BAD105A 
  54 003b DA56D3BA 		.ascii	"\332V\323\272\306\252\007\261V=\364\342\241(\304\"U"
  54      C6AA07B1 
  54      563DF4E2 
  54      A128C422 
  54      55
  55 004c 540A2242 		.ascii	"T\012\"B\365\317d\225z\020t\330\231\371\377\363\376"
  55      F5CF6495 
  55      7A1074D8 
  55      99F9FFF3 
  55      FE
  56 005d FBEFFF1D 		.ascii	"\373\357\377\035\23516\2471\326K\367\016\332\340\014"
  56      9D3136A7 
  56      31D64BF7 
  56      0EDAE00C 
  57 006d DAD905C6 		.ascii	"\332\331\005\306\006\0325@\032\242\021\254_C?r\374\034"
  57      061A3540 
  57      1AA211AC 
  57      5F433F72 
  57      FC1C
  58 007f 4735539B 		.ascii	"G5S\233\321ZF\005-\347\374\264~R\244\267\2278c\005\332"
  58      D15A4605 
  58      2DE7FCB4 
  58      7E52A4B7 
  58      97386305 
  59 0094 7261122D 		.ascii	"ra\022-\204z\221\232(\361,/q\300C\356\347g\305\267>"
ARM GAS  C:\Users\RUVIMK~1\AppData\Local\Temp\cch8lCRb.s 			page 4


  59      847A919A 
  59      28F12C2F 
  59      71C043EE 
  59      E767C5B7 
  60 00a9 E96A6822 		.ascii	"\351jh\"\367\373\365\211\327[\371.0\262\257\224\317"
  60      F7FBF589 
  60      D75BF92E 
  60      30B2AF94 
  60      CF
  61 00ba 8CE8CD23 		.ascii	"\214\350\315#B$\205\263:\314\305\316\022\347\270\003"
  61      422485B3 
  61      3ACCC5CE 
  61      12E7B803 
  62 00ca 4E84B80D 		.ascii	"N\204\270\015?n\301\317(\3040\205f\211\177sc=\277E\367"
  62      3F6EC1CF 
  62      28C43085 
  62      66897F73 
  62      633DBF45 
  63 00df D8BF6A62 		.ascii	"\330\277jb\032:\003\031\343/\033\034\261\376##\234\265"
  63      1A3A0319 
  63      E32F1B1C 
  63      B1FE2323 
  63      9CB5
  64 00f1 AB787540 		.ascii	"\253xu@'\3652\205\015\022\212\332\020\016\033\342\232"
  64      27F53285 
  64      0D128ADA 
  64      100E1BE2 
  64      9A
  65 0102 B44E38AC 		.ascii	"\264N8\254\006Mr\0159\247\346\275|\217\322\261\224M"
  65      064D720D 
  65      39A7E6BD 
  65      7C8FD2B1 
  65      944D
  66 0114 AD188161 		.ascii	"\255\030\201a\245\243vasQ8\251&)e\346O)\252\307\273"
  66      A5A37661 
  66      735138A9 
  66      262965E6 
  66      4F29AAC7 
  67 0129 081489EB 		.ascii	"\010\024\211\353=\252\305o\037V\363m\277e\245\352cY"
  67      3DAAC56F 
  67      1F56F36D 
  67      BF65A5EA 
  67      6359
  68 013b D4B9C428 		.ascii	"\324\271\304(m\005\216\015\262\031\356AGEJ\246\203\342"
  68      6D058E0D 
  68      B219EE41 
  68      47454AA6 
  68      83E2
  69 014d 8574F5B9 		.ascii	"\205t\365\271!'\343Q\260\205\362\327O\336\272+\251\344"
  69      2127E351 
  69      B085F2D7 
  69      4FDEBA2B 
  69      A9E4
  70 015f ECEC8BEF 		.ascii	"\354\354\213\3576\331\270\204\022o\300\034\251\230\225"
  70      36D9B884 
  70      126FC01C 
  70      A99895
ARM GAS  C:\Users\RUVIMK~1\AppData\Local\Temp\cch8lCRb.s 			page 5


  71 016e 2A289EA9 		.ascii	"*(\236\251=]\364\231e\221\032\020\313S\223\333\276P"
  71      3D5DF499 
  71      65911A10 
  71      CB5393DB 
  71      BE50
  72 0180 928EFBB0 		.ascii	"\222\216\373\260\221\247\206e\031\011rr\3111#4.A\366"
  72      91A78665 
  72      19097272 
  72      C9312334 
  72      2E41F6
  73 0193 4DA230E0 		.ascii	"M\2420\340\300\304n\277\213\300\003\204\334N\326V*i"
  73      C0C46EBF 
  73      8BC00384 
  73      DC4ED656 
  73      2A69
  74 01a5 9F2BEA1F 		.ascii	"\237+\352\037J\332\307%YU\225\203K\366\020\346\306\216"
  74      4ADAC725 
  74      59559583 
  74      4BF610E6 
  74      C68E
  75 01b7 0C8ACF53 		.ascii	"\014\212\317S\246\"\237\375\177\362G\212\\s\311\037"
  75      A6229FFD 
  75      7FF2478A 
  75      5C73C91F 
  76 01c7 2BF2CAE5 		.ascii	"+\362\312\345\334\230\267N\256\341\011e\326\220\\\316"
  76      DC98B74E 
  76      AEE10965 
  76      D6905CCE 
  77 01d7 5E0BCB49 		.ascii	"^\013\313I\253\221\263\217H\332\243\247\241\236\205"
  77      AB91B38F 
  77      48DAA3A7 
  77      A19E85
  78 01e6 5C83248F 		.ascii	"\\\203$\217~:\275\360@0h\322\027\216D{\242q+\324\326"
  78      7E3ABDF0 
  78      403068D2 
  78      178E447B 
  78      A2712BD4 
  79 01fb 6AC62D33 		.ascii	"j\306-3\322\0353\255\276\260\274\273\254D0\314\214\356"
  79      D21D33AD 
  79      BEB0BCBB 
  79      AC4430CC 
  79      8CEE
  80 020d 1E2B113D 		.ascii	"\036+\021=z\304#\217}\177K\351\215\367%,\363Pg\307\336"
  80      7AC4238F 
  80      7D7F4BE9 
  80      8DF7252C 
  80      F35067C7 
  81 0222 56B3BD7D 		.ascii	"V\263\275}\277\331y\260\343X\310%\351\212\305\016\007"
  81      BFD979B0 
  81      E358C825 
  81      E98AC50E 
  81      07
  82 0233 23EC2768 		.ascii	"#\354'hZ\004\200"
  82      5A0480
  83              		.text
  84              		.section	.gnu.lto_stStopAlarm.211d810d,"",%progbits
  85 0000 789C754F 		.ascii	"x\234uO=HBQ\024>\337\273\366\372\201\232\213\334\242"
ARM GAS  C:\Users\RUVIMK~1\AppData\Local\Temp\cch8lCRb.s 			page 6


  85      3D484251 
  85      143EDFBB 
  85      F6FA819A 
  85      8BDCA2
  86 0013 A1E55D34 		.ascii	"\241\345]4\202\2405\202@\247\334\245l0\020\014_\264"
  86      82A03582 
  86      40A7DCA5 
  86      6C30100C 
  86      5FB4
  87 0025 FA2C4DC3 		.ascii	"\372,M\303\206\206\264\305Bhh\222\210~\355\007\036\322"
  87      8686B4C5 
  87      42686892 
  87      887EED07 
  87      1ED2
  88 0037 16583435 		.ascii	"\026X45J\201AC\204\010\011\201u\256F\264t\270\347\347"
  88      4A814143 
  88      84080981 
  88      75AE46B4 
  88      74B8E7E7 
  89 004b 9EF39DF3 		.ascii	"\236\363\235\363\235\243\023\321\030\210\002\354\007"
  89      9DA313D1 
  89      188802EC 
  89      07
  90 0058 592108DA 		.ascii	"Y!\010\332f\231(\326\245\001*\260\272@Q\015Ql\210-\201"
  90      669928D6 
  90      A5012AB0 
  90      BA40510D 
  90      516C882D 
  91 006d 52B25AD4 		.ascii	"R\262Z\324F\366-\026{\273\256\257Y\211\376\234 \312"
  91      46F62D16 
  91      7BBBAEAF 
  91      5989FE9C 
  91      20CA
  92 007f B22AC111 		.ascii	"\262*\301\021F\210aO\207\315L\257\356h\347q\014\235"
  92      4688614F 
  92      87CD4CAF 
  92      EE68E771 
  92      0C9D
  93 0091 98830E1E 		.ascii	"\230\203\016\036:l\253\371\225\264\354\233=|Nq-\305"
  93      3A6CABF9 
  93      95B4EC9B 
  93      3D7C4E71 
  93      2DC5
  94 00a3 CA24964D 		.ascii	"\312$\226M\353BS\321\252M\257(\325\033\217WY\343wN\274"
  94      EB4253D1 
  94      AA4DAF28 
  94      D51B8F57 
  94      59E3774E 
  95 00b8 4DD7D045 		.ascii	"M\327\320EkVV\340/\007N\240\343TQ\260\341|6Q\272\353"
  95      6B5656E0 
  95      2F074EA0 
  95      E35451B0 
  95      E17C3651 
  96 00ce 4C8B9C40 		.ascii	"L\213\234@\013V.|\274\367\264\277j\214\203S\371\235"
  96      0B562E7C 
  96      BCF7B4BF 
  96      6A8C8353 
ARM GAS  C:\Users\RUVIMK~1\AppData\Local\Temp\cch8lCRb.s 			page 7


  96      F99D
  97 00e0 97EE3C76 		.ascii	"\227\356<v\221\023\032\316\341\304\031\234\244\240\311"
  97      91131ACE 
  97      E1C4199C 
  97      A4A0C9
  98 00ef EAED7D9F 		.ascii	"\352\355}\237,X\361\230Uy\256\015\324\270I\240\210<"
  98      2C58F198 
  98      5579AE0D 
  98      D4B849A0 
  98      883C
  99 0101 32BCA6A2 		.ascii	"2\274\246\242!\\@\376\245\340Mp\311\335oX\251\244\257"
  99      215C40FE 
  99      A5E04D70 
  99      C9DD6F58 
  99      A9A4AF
 100 0114 875A972A 		.ascii	"\207Z\227*Iq\201\257\321\210\206\015C\362\013\004\027"
 100      497181AF 
 100      D188860D 
 100      43F20B04 
 100      17
 101 0125 E616C2A6 		.ascii	"\346\026\302\246k\334-\303\246\014\316\206\244\031\011"
 101      6BDC2DC3 
 101      A60CCE86 
 101      A41909
 102 0134 28EF3797 		.ascii	"(\3577\227\214\000M\374\207Z\014G\226L9\343\363\216"
 102      8C004DFC 
 102      875A0C47 
 102      964C39E3 
 102      F38E
 103 0146 BAA5C733 		.ascii	"\272\245\3073)}\323\336e\327O\237?\024\2327\202\364"
 103      297DD3DE 
 103      65D74F9F 
 103      3F149A37 
 103      82F4
 104 0158 0DEC9488 		.ascii	"\015\354\224\210<"
 104      3C
 105              		.text
 106              		.section	.gnu.lto_stSetAlarm.211d810d,"",%progbits
 107 0000 789C7592 		.ascii	"x\234u\222Mh\023Q\020\307\347\277o\273[\213\326\253"
 107      4D681351 
 107      10C7E7BF 
 107      6FBB5B8B 
 107      D6AB
 108 0012 60841E0C 		.ascii	"`\204\036\014\265\036\262\246^\012^\005\021\332\223"
 108      B51EB2A6 
 108      5E0A5E05 
 108      11DA93
 109 0021 BD97360A 		.ascii	"\275\2276\012\011DR\272\301k_cjZS\324\203M!le\261\026"
 109      094452BA 
 109      C16B5F63 
 109      6A5A53D4 
 109      834D216C 
 110 0038 510C8D56 		.ascii	"Q\014\215Vmk\375X\203x\021\353\307\305K\016E%\025AQ"
 110      6D6BFD58 
 110      837811EB 
 110      C7C54B0E 
 110      45251541 
ARM GAS  C:\Users\RUVIMK~1\AppData\Local\Temp\cch8lCRb.s 			page 8


 111 004d 2F4584EA 		.ascii	"/E\204\352\314\266\212\036\034\366\2757\363\370\317"
 111      CCB68A1E 
 111      1CF6BD37 
 111      F3F8CF
 112 005c BCDF0C6B 		.ascii	"\274\337\014k\021\221i\020\015\362\271\233\027\024\301"
 112      11916910 
 112      0DF2B99B 
 112      1714C1
 113 006b B8B04234 		.ascii	"\270\260B4\322l\000\342\350f\320\260\201aL\250\213\012"
 113      D26C00E2 
 113      E866D0B0 
 113      81614CA8 
 113      8B0A
 114 007d B54263C9 		.ascii	"\265Bc\311\350\270\252\331\202\251\252}F\217\356\362"
 114      E8B8AAD9 
 114      82A9AA7D 
 114      468FEEF2 
 115 008d 14518997 		.ascii	"\024Q\211\227\030\346\321\301\252W\371\252\247\212\312"
 115      18E6D1C1 
 115      AA57F9AA 
 115      A78ACA
 116 009c 5380C9E1 		.ascii	"S\200\311\341\327\347\345w\255\022\032h\343\360\307"
 116      D7E7E577 
 116      AD121A68 
 116      E3F0C7
 117 00ab F56A7DA7 		.ascii	"\365j}\247\332\007b\377r\345\374\254\325>\253uN\007"
 117      DA0762FF 
 117      72E5FCAC 
 117      D53EAB75 
 117      4E07
 118 00bd F519A5F7 		.ascii	"\365\031\245\367zJ\341.\024\027\304\035Dp\033\021\342"
 118      7A4AE12E 
 118      1417C41D 
 118      44701B11 
 118      E2
 119 00ce 2BC202DA 		.ascii	"+\302\002\332E\377\366\346\306\344\016\313\364\177\277"
 119      45FFF6E6 
 119      C6E40ECB 
 119      F47FBF
 120 00dd 89455804 		.ascii	"\211EX\004v\346^7\005z\343gA\007\357\257`\371\210\311"
 120      76E65E37 
 120      057AE367 
 120      4107EFAF 
 120      60F988C9 
 121 00f1 F4924263 		.ascii	"\364\222Bc\254\3426t@\343\312\020\357t@\015\030Rk<8"
 121      ACE23674 
 121      40E3CA10 
 121      EF74400D 
 121      18526B3C 
 122 0106 FBA4451D 		.ascii	"\373\244E\035\0109\336\024\363\037\354\350L\310\361"
 122      0839DE14 
 122      F31FECE8 
 122      4CC8F1
 123 0115 747A7B59 		.ascii	"tz{Y\007\3716AY\372\027%\354\361\036\242e\256\365\021"
 123      07F93641 
 123      59FA1725 
 123      ECF11EA2 
ARM GAS  C:\Users\RUVIMK~1\AppData\Local\Temp\cch8lCRb.s 			page 9


 123      65AEF511 
 124 0129 B5F2F74F 		.ascii	"\265\362\367O7\246\272\376`\3457\307\262h+\321\204l"
 124      37A6BAFE 
 124      60E537C7 
 124      B2682BD1 
 124      846C
 125 013b 2585BFB0 		.ascii	"%\205\277\260\011\313\260p_\220y\343\373\322h\355\205"
 125      09CBB070 
 125      5F9079E3 
 125      FBD268ED 
 125      85
 126 014c 2D933143 		.ascii	"-\2231C\331Je\375K\313f(\245dv\376\364\3326\037\227"
 126      D94A65FD 
 126      4BCB6628 
 126      A56476FE 
 126      F4DA361F 
 127 0161 E0A9263C 		.ascii	"\340\251&<d\212\007B\301\367\205\306\263\227\255NE\347"
 127      648A0742 
 127      C1F785C6 
 127      B397AD4E 
 127      45E7
 128 0173 47F4EAC2 		.ascii	"G\364\352\302\374\236o\234d\341\021|Lr\303\362\214\210"
 128      FC9E6F9C 
 128      64E1117C 
 128      4C72C3F2 
 128      8C88
 129 0185 8289DC35 		.ascii	"\202\211\3345;>'\"\377\026\227\260\021\300\301\376\310"
 129      3B3E2722 
 129      FF1697B0 
 129      11C0C1FE 
 129      C8
 130 0196 96028F11 		.ascii	"\226\002\217\021\227N\032\310\255\026\353\011\341\015"
 130      974E1AC8 
 130      AD16EB09 
 130      E10D
 131 01a4 C1E93372 		.ascii	"\301\3513r\376\3729\204\303\025\033\343.xt\374\237D"
 131      FEFA3984 
 131      C3151BE3 
 131      2E7874FC 
 131      9F44
 132 01b6 633187BF 		.ascii	"c1\207\277D25\220\312\270\361\256N'\343:\311\376\264"
 132      44323590 
 132      CAB8F1AE 
 132      4E27E33A 
 132      C9FEB4
 133 01c9 E30E25E4 		.ascii	"\343\016%\344\354s\263\261\004\331\375\003n6u\362\204"
 133      EC73B3B1 
 133      04D9FD03 
 133      6E3675F2 
 133      84
 134 01da 29DBA1FF 		.ascii	")\333\241\377\245\014f\206\262\256s\254\267\347`\247"
 134      A50C6686 
 134      B2AE73AC 
 134      B7E760A7 
 135 01ea D3DD7DD8 		.ascii	"\323\335}\330\351=\332s*\276U\244/\235>\036K\322/\006"
 135      E93DDA73 
 135      2ABE55A4 
ARM GAS  C:\Users\RUVIMK~1\AppData\Local\Temp\cch8lCRb.s 			page 10


 135      2F9D3E1E 
 135      4BD22F06 
 136 01fe B6C8D1   		.ascii	"\266\310\321"
 137              		.text
 138              		.section	.gnu.lto_stGetAlarm.211d810d,"",%progbits
 139 0000 789C7590 		.ascii	"x\234u\220\317+DQ\024\307\317\367\335\361\036\302\037"
 139      CF2B4451 
 139      14C7CFF7 
 139      DDF11EC2 
 139      1F
 140 0011 C0141B0B 		.ascii	"\300\024\033\013\026s\0336\312VI\261b/\306b\324\324"
 140      16731B36 
 140      CA5649B1 
 140      622FC662 
 140      D4D4
 141 0023 C893AD6B 		.ascii	"\310\223\255k\214\020\013\3711\212G\257,d!d\374\376"
 141      8C100BF9 
 141      318A47AF 
 141      2C642164 
 141      FCFE
 142 0035 D18BB291 		.ascii	"\321\213\262\221\237+K!J\0226\210p.\222\215\333\275"
 142      9F2B4B21 
 142      4A123688 
 142      702E928D 
 142      DBBD
 143 0047 EF9E73DE 		.ascii	"\357\236s\336\347\235\363\375>\223\210ZA\024\342;\207"
 143      E79DF3FD 
 143      3E93885A 
 143      4114E23B 
 143      87
 144 0058 0F04C1E8 		.ascii	"\017\004\301\350? jO5\000\035\250TP\233\2016\364\211"
 144      3F206A4F 
 144      35001DA8 
 144      54509B81 
 144      36F489
 145 006b 2181E3F8 		.ascii	"!\201\343\370\234#z\205\303\230\217\323\207\375\321"
 145      9C237A85 
 145      C3988FD3 
 145      87FDD1
 146 007a 8B2C9D02 		.ascii	"\213,\235\002y\234\336\336\355&3\012\246\224\212)o\344"
 146      799CDEDE 
 146      ED26330A 
 146      A6948A29 
 146      6FE4
 147 008c DE1A4B1E 		.ascii	"\336\032K\036\2514G\030\224`<\011?\026\340\3273\026"
 147      A9344718 
 147      94603C09 
 147      3F16E0D7 
 147      3316
 148 009e 51404C9F 		.ascii	"Q@L\237\317\277\017g\232>W\220\006\270\276\004\223X"
 148      CFBF0F67 
 148      9A3E5790 
 148      06B8BE04 
 148      9358
 149 00b0 0BCD9EA4 		.ascii	"\013\315\236\244x\352\375\243Ky\227\223x-\347\006\216"
 149      78EAFDA3 
 149      4B799793 
ARM GAS  C:\Users\RUVIMK~1\AppData\Local\Temp\cch8lCRb.s 			page 11


 149      782DE706 
 149      8E
 150 00c1 60A09B0F 		.ascii	"`\240\233\017+R\036\365p\211\243\016\217n\260\275\365"
 150      2B521EF5 
 150      7089A30E 
 150      8F6EB0BD 
 150      F5
 151 00d2 72FA3692 		.ascii	"r\3726\222\375\333/\256xy\203\317\326W\277\204\300\237"
 151      FDDB2FAE 
 151      787983CF 
 151      D657BF84 
 151      C09F
 152 00e4 51846598 		.ascii	"Q\204e\230X\321c\3701*\014~\225\350\334>\264\264\005"
 152      58D163F8 
 152      312A0C7E 
 152      95E8DC3E 
 152      B4B405
 153 00f7 DF177930 		.ascii	"\337\027y0\363t\237\376\235\352F\332\244;~\235\346b"
 153      F3749FFE 
 153      9DEA46DA 
 153      A43B7E9D 
 153      E662
 154 0109 028E48C1 		.ascii	"\002\216H\301\032\273X\325.\270\336u\265w\224%gT\274"
 154      1ABB58D5 
 154      2EB8DE75 
 154      B5779425 
 154      6754BC
 155 011c 5D9D5D3C 		.ascii	"]\235]<\346\016\260U\023\353p1\314B\365$\015y}\261i"
 155      E60EB055 
 155      13EB7031 
 155      CC42F524 
 155      0D797DB1 
 156 0131 2B38AB21 		.ascii	"+8\253!w\315p\204\205\015H\024\372\177\010l\"Hw\210"
 156      77CD7084 
 156      850D4814 
 156      FA7F086C 
 156      22487788 
 157 0145 9DF5BEED 		.ascii	"\235\365\276\355\230Z0\213\342?\300^\241\035r\234\037"
 157      985A308B 
 157      E23FC05E 
 157      A11D729C 
 157      1F
 158 0156 0848DEA1 		.ascii	"\010H\336\241pc}c\324\016\226\024\311\250-\303u\021"
 158      70637D63 
 158      D40E9614 
 158      C9A82DC3 
 158      7511
 159 0168 693787F4 		.ascii	"i7\207\364]k\267\004BT\372\037\325\024mn\261euMUq\221"
 159      5D6BB704 
 159      4254FA1F 
 159      D5146D6E 
 159      B165754D 
 160 017f ACAC2C93 		.ascii	"\254\254,\2235\025U\255\301\237\357j#\221\206@\230>"
 160      351555AD 
 160      C19FEF6A 
 160      23918640 
 160      983E
ARM GAS  C:\Users\RUVIMK~1\AppData\Local\Temp\cch8lCRb.s 			page 12


 161 0191 0124269D 		.ascii	"\001$&\235%"
 161      25
 162              		.text
 163              		.section	.gnu.lto_.symbol_nodes.211d810d,"",%progbits
 164 0000 789C55C8 		.ascii	"x\234U\310A\015\2000\020\005\321\331_\212.\020\305y"
 164      410D8030 
 164      1005D1D9 
 164      5F8A2E10 
 164      C579
 165 0012 2B011198 		.ascii	"+\001\021\230\240\005$\240\001%\204\206\333\036&\223"
 165      A00524A0 
 165      01258486 
 165      DB1E2693 
 166 0022 BC11587A 		.ascii	"\274\021Xzh\227\303zC_-s\227*\267(M\256(\207<E9\345"
 166      6897C37A 
 166      435F2D73 
 166      972AB728 
 166      4DAE2887 
 167 003a 4310BBE4 		.ascii	"C\020\273\344\371\027(e\202Df{^\343\003\004o\035\342"
 167      F9172865 
 167      8244667B 
 167      5EE30304 
 167      6F1DE2
 168              		.text
 169              		.section	.gnu.lto_.refs.211d810d,"",%progbits
 170 0000 789C6363 		.ascii	"x\234cc```\004b\006\000\000D\000\010"
 170      60606004 
 170      62060000 
 170      440008
 171              		.text
 172              		.section	.gnu.lto_.decls.211d810d,"",%progbits
 173 0000 789CB557 		.ascii	"x\234\265W{P\024\311\031\237\236^\020\226\227\207\226"
 173      7B5014C9 
 173      199F9E5E 
 173      10969787 
 173      96
 174 0011 E525A4CA 		.ascii	"\345%\244\312\262\260\240*\341}\211\367\250J\235\267"
 174      B2B0A02A 
 174      E17D89F7 
 174      A84A9DB7 
 175 0021 1A63D579 		.ascii	"\032c\325y\227ZMURE\335\036\302\336I\212\207a\327\244"
 175      975A4D55 
 175      5245DD1E 
 175      C2DE498A 
 175      8761D7A4 
 176 0035 2E7FE406 		.ascii	".\177\344\006\027\345\241\006P|!\006\220\247\212\010"
 176      17E5A106 
 176      507C2106 
 176      90A78A08 
 177 0045 CA43E490 		.ascii	"\312C\344\220U\024\021A\021\001EAP\361\255\010\370@"
 177      55141141 
 177      11014541 
 177      50F1AD08 
 177      F840
 178 0057 45215F77 		.ascii	"E!_w\3170\303\260{g\252\222\251\375v\346\353\376\365"
 178      CF30C3B0 
 178      7B67AA92 
ARM GAS  C:\Users\RUVIMK~1\AppData\Local\Temp\cch8lCRb.s 			page 13


 178      A9FD76E6 
 178      EBFEF5
 179 006a EFFBFAFB 		.ascii	"\357\373\372\373\276\236\356q\3448\356\346{\034\207"
 179      BE9EEE71 
 179      E438EEE6 
 179      7B1C87
 180 0079 31C71523 		.ascii	"1\307\025#\216\233\200\313\021\332N\200\200\312Y9v\221"
 180      8E9B80CB 
 180      11DA4E80 
 180      80CA5939 
 180      7691
 181 008b B6269016 		.ascii	"\266&\220\026\220\363 m \227@:\271\351W:\014\004:\356"
 181      90F3206D 
 181      2097403A 
 181      B9E9573A 
 181      0C043AEE 
 182 009f 6B902E90 		.ascii	"k\220.\2203b;/r\330\032\263\013\3068\211c<Af\213\266"
 182      33623B2F 
 182      72D81AB3 
 182      0BC63889 
 182      633C4166 
 183 00b5 7F06EDEF 		.ascii	"\177\006\355\357\203<\200\347\036\216\361j@w\004q@\214"
 183      833C80E7 
 183      1E8EF16A 
 183      40770471 
 183      408C
 184 00c7 93F8E485 		.ascii	"\223\370\344\205\230\277\277DSy\367\200\256\021y%\256"
 184      98BFBF44 
 184      5379F780 
 184      AE117925 
 184      AE
 185 00d8 1E716ED2 		.ascii	"\036qn\322x2\037?\3258r\345\276\243OH\364\211\027\343"
 185      78321F3F 
 185      D53872E5 
 185      BEA34F48 
 185      F48917E3 
 186 00ec 1220FAB2 		.ascii	"\022 \372\262P\305Y$\362)\271|~\202\217\304\370#\221"
 186      50C55924 
 186      F229B97C 
 186      7E828FC4 
 186      F82391
 187 00ff EF13155F 		.ascii	"\357\023\025_\006F\275M\373\016\340\215\030\371h\021"
 187      0646BD4D 
 187      FB0EE08D 
 187      18F96811 
 188 010f C99C0734 		.ascii	"\311\234\0074\035zT\363\312\2155\021D\362Pj?\302<}~"
 188      1D7A54F3 
 188      CA8D3511 
 188      44F2506A 
 188      3FC23C7D 
 189 0124 21A4FEC3 		.ascii	"!\244\376\303\277D`\227\323\227\034\252DXbjO\035\311"
 189      BF446097 
 189      D3971CAA 
 189      4458626A 
 189      4F1DC9
 190 0137 9F810329 		.ascii	"\237\201\003)\356bBY\026a\365\324\"\015\250\303\255"
 190      EE624259 
ARM GAS  C:\Users\RUVIMK~1\AppData\Local\Temp\cch8lCRb.s 			page 14


 190      1661F5D4 
 190      220DA8C3 
 190      AD
 191 0148 99B7DC41 		.ascii	"\231\267\334A\235\255E\36320\337\327=\326\343\216\264"
 191      9DAD45F3 
 191      3230DFD7 
 191      3DD6E38E 
 191      B4
 192 0159 BE4982B0 		.ascii	"\276I\202\260N\310\261\010\316\277\347P\015\362BG\221"
 192      4EC8B108 
 192      CEBFE750 
 192      0DF24247 
 192      91
 193 016a 17876A91 		.ascii	"\027\207j\221/\261\\\205\3749T\001\215G\240\261\220"
 193      2FB15C85 
 193      FC395401 
 193      8D47A0B1 
 193      90
 194 017b 98B3F68D 		.ascii	"\230\263\366\215\372\244'\012\002\217\216!-\252F\230"
 194      FAA4270A 
 194      028F8E21 
 194      2DAA4698 
 195 018b 6260623E 		.ascii	"b`b>Z\346\300\276\374\364\275\216\270\000\021\017\370"
 195      5AE6C0BE 
 195      FCF4BD8E 
 195      B800110F 
 195      F8
 196 019c DADDB74F 		.ascii	"\332\335\267O\363\366l\034\267kc\364\340\374\306\365"
 196      F3F66C1C 
 196      B76B63F4 
 196      E0FCC6F5 
 197 01ac C4461DD8 		.ascii	"\304F\035\330\370A\266\001&\231\221\324\312ko<\360f"
 197      F841B601 
 197      269991D4 
 197      CA6B6F3C 
 197      F066
 198 01be 1A0E7EFD 		.ascii	"\032\016~\375\205\252\373v\215\234\260kd\2429p_\207"
 198      85AAFB76 
 198      8D9CB06B 
 198      64A23970 
 198      5F87
 199 01d0 20CC4356 		.ascii	" \314CV0R/\033\251\243FH+\030:v\242\256\336\245\017"
 199      30522F1B 
 199      A9A34648 
 199      2B183A76 
 199      A2AEDEA5 
 200 01e5 F5224822 		.ascii	"\365\"H\"\232I\203\214\020\373\207;\021\252OH\027b\355"
 200      9A49838C 
 200      10FB873B 
 200      11AA4F48 
 200      1762ED
 201 01f8 D0CAB39B 		.ascii	"\320\312\263\233\010%\2124\004M\266\360\"\007/\361\322"
 201      08258A34 
 201      044DB6F0 
 201      22072FF1 
 201      D2
 202 0209 9F488094 		.ascii	"\237H\200\224\254\254\237\231\223.Vb\354A1\2165\361"
ARM GAS  C:\Users\RUVIMK~1\AppData\Local\Temp\cch8lCRb.s 			page 15


 202      ACAC9F99 
 202      932E5662 
 202      EC41318E 
 202      35F1
 203 021b B231C590 		.ascii	"\2621\305\220i\276r\223\335\223N\311\223DbMu>\332T\352"
 203      69BE7293 
 203      DD934EC9 
 203      9344624D 
 203      753EDA54 
 204 0230 DA8FAE43 		.ascii	"\332\217\256C\357\2379.\315)\232VW\342\341\301>\007"
 204      EF9F392E 
 204      CD299A56 
 204      57E2E1C1 
 204      3E07
 205 0242 6C652579 		.ascii	"le%yzb\324\352\301J\215'U8\324\262\307\205\225\332L"
 205      7A62D4EA 
 205      C14A8D27 
 205      5538D4B2 
 205      C78595DA 
 206 0257 504B364D 		.ascii	"PK6Md8\314\335N\302\236f\021f\362\350\3539\250\021\222"
 206      6438CCDD 
 206      4EC29E66 
 206      1166F2E8 
 206      EB39A811 
 207 026c 711A92C1 		.ascii	"q\032\222\301\2413h.\374\307h\230\261\272\361\216a\367"
 207      A133682E 
 207      FCC76898 
 207      B1BAF18E 
 207      61F7
 208 027e F939424E 		.ascii	"\3719BN?\244\350J\340\335\012A\200R\0204\004\206N\311"
 208      3FA4E84A 
 208      E0DD0A41 
 208      80521034 
 208      04864EC9 
 209 0292 693A456A 		.ascii	"i:Ej\0365\240~\204N\242>p\255\011\315\207\341\226\222"
 209      1E35A07E 
 209      844EA23E 
 209      70AD09CD 
 209      87E19692 
 210 02a6 AB290EF8 		.ascii	"\253)\016\3701\363\252\254\344`\257\223\206g\331$\026"
 210      31F3AAAC 
 210      E460AF93 
 210      8667D924 
 210      16
 211 02b7 A04DD8D8 		.ascii	"\240M\330\330\261\305\303\256/\347\250/\315Ht&?q\363"
 211      B1C5C3AE 
 211      2FE7A82F 
 211      CD487426 
 211      3F71F3
 212 02ca 6D5770A6 		.ascii	"mWp\246\037\234\271\371~\246`]'\220\262\004\024:+\273"
 212      1F9CB9F9 
 212      7EA6605D 
 212      2790B204 
 212      143A2BBB 
 213 02de 7256ED4A 		.ascii	"rV\355J\013u\345\354\330aw\374\232yr\266;\245T+\022"
 213      0B75E5EC 
 213      D86177FC 
ARM GAS  C:\Users\RUVIMK~1\AppData\Local\Temp\cch8lCRb.s 			page 16


 213      9A7972B6 
 213      3BA5542B 
 214 02f3 B5FF7C92 		.ascii	"\265\377|\222\210\314\251U&jU\023\235\247D[\216\214"
 214      88CCA955 
 214      266A5513 
 214      9DA7445B 
 214      8E8C
 215 0305 663BE00D 		.ascii	"f;\340\015\2302uW\3674\315\020\231N\376b\212K\027d\246"
 215      98327557 
 215      F734CD10 
 215      994EFE62 
 215      8A4B1764 
 216 031a 0B6AA636 		.ascii	"\013j\2466\312T\362\254\355\260\033NgLoR7\014\363\312"
 216      CA54F2AC 
 216      EDB01B4E 
 216      674C6F52 
 216      370CF3CA 
 217 032e 489020C9 		.ascii	"H\220 \311\241h\237\222\226\374\206\342N^4\333\230="
 217      A1689F92 
 217      96FC86E2 
 217      4E5E34DB 
 217      983D
 218 0340 27D72214 		.ascii	"'\327\"\024\013d\361\000\012]\224\355^T\333\275D\355"
 218      0B64F100 
 218      0A5D94ED 
 218      5E54DBBD 
 218      44ED
 219 0352 0E6F7A92 		.ascii	"\016oz\222\343\201\263\230\335\211\341\322.\007B\005"
 219      E381B398 
 219      DD89E1D2 
 219      2E074205 
 220 0362 8BF0CCE3 		.ascii	"\213\360\314\343_e\227\335\023\222\264\264\014P\207"
 220      5F6597DD 
 220      1392B4B4 
 220      0C5087
 221 0371 CCD421BE 		.ascii	"\314\324!\276\323P'e\310~3\266\313\3355er\211S\270\264"
 221      D3502765 
 221      C87E33B6 
 221      CBDD3565 
 221      728953B8 
 222 0386 CA39D485 		.ascii	"\3129\324\205\\)\030\356\000\256\276\261\255\336\231"
 222      5C2918EE 
 222      00AEBEB1 
 222      ADDE99
 223 0395 55E31562 		.ascii	"U\343\025b1\263\366Y\263\003\323\235H\367\340\201j7"
 223      31B3F659 
 223      B303D39D 
 223      48F7E081 
 223      6A37
 224 03a7 569D56D2 		.ascii	"V\235V\322}\351Nn\202+\353n#zC\327\231!\015\036`\336"
 224      7DE94E6E 
 224      822BEB6E 
 224      237A43D7 
 224      99210D1E 
 225 03bd EE6C2F5F 		.ascii	"\356l/_\242\205W\213\345\235\336_0\240\245e\254\325"
 225      A285578B 
 225      E59DDE5F 
ARM GAS  C:\Users\RUVIMK~1\AppData\Local\Temp\cch8lCRb.s 			page 17


 225      30A0A565 
 225      ACD5
 226 03cf 013F60A3 		.ascii	"\001?`\2437\236\256l\024_\301MD\3178\326P\353\202\037"
 226      379EAE6C 
 226      145FC14D 
 226      44CF38D6 
 226      50EB821F 
 227 03e3 B3CE5B29 		.ascii	"\263\316[)7\033\034\361\010S$\247<E\247\262\257=oF\370"
 227      371B1CF1 
 227      085324A7 
 227      3C45A7B2 
 227      AF3D6F46 
 228 03f8 05EBACAD 		.ascii	"\005\353\254\255\376\241Q\234@\240byy\262\345Uu\347"
 228      FEA1519C 
 228      40A06279 
 228      79B2E555 
 228      75E7
 229 040a 6CA396CD 		.ascii	"l\243\226\315G@d\011\265\367|\212\307\330\310\223#e"
 229      47406409 
 229      B5F77C8A 
 229      C7D8C893 
 229      2365
 230 041c 45E2DC30 		.ascii	"E\342\3340\250\375i\015\023\036d:\202\030Fh\227\243"
 230      A8FD690D 
 230      131E643A 
 230      82184668 
 230      97A3
 231 042e 788FBCFA 		.ascii	"x\217\274\372P\200\027\272\313\246\362<\255\354w\236"
 231      508017BA 
 231      CBA6F23C 
 231      ADEC779E 
 232 043e 69B44004 		.ascii	"i\264@\004\341S\015}\035\337\006\364\000E\337G\236\322"
 232      E1530D7D 
 232      1DDF06F4 
 232      0045DF47 
 232      9ED2
 233 0450 18028EBF 		.ascii	"\030\002\216\277Qp\335]\211\356\3711ti^\301\016-\236"
 233      5170DD5D 
 233      89EEF931 
 233      74695EC1 
 233      0E2D9E
 234 0463 604EEE7E 		.ascii	"`N\356~\332{_\314\227/\250\205/j-N\330\242\241}[\217"
 234      DA7B5FCC 
 234      972FA885 
 234      2F6A2D4E 
 234      D8A2A17D 
 235 0479 EF699D81 		.ascii	"\357i\235\201\023\231\"ma\236t\013C\353.\177\2067\262"
 235      1399226D 
 235      619E740B 
 235      43EB2E7F 
 235      8637B2
 236 048c 9EFAF42D 		.ascii	"\236\372\364-\275\010\2472e0\341v\277\030\237\271\240"
 236      BD08A732 
 236      6530E176 
 236      BF189FB9 
 236      A0
 237 049d 6E3BF7D0 		.ascii	"n;\367\320\007g\260\256\361\246\006\037\234\311\236"
ARM GAS  C:\Users\RUVIMK~1\AppData\Local\Temp\cch8lCRb.s 			page 18


 237      0767B0AE 
 237      F1A6061F 
 237      9CC99E
 238 04ac 1BAB8A8B 		.ascii	"\033\253\212\213\020\316a\312Hf\343C-\316gJN{\326Q'"
 238      10CE61CA 
 238      4866E343 
 238      2DCE674A 
 238      4E7BD651 
 239 04c1 5CC494C2 		.ascii	"\\\304\224\302\227\333\013]q\011S:j:\223\\p9S\222\312"
 239      97DB0B5D 
 239      7109533A 
 239      6A3A935C 
 239      70395392 
 240 04d6 CB77BAE0 		.ascii	"\313w\272\340J\246\254\253\355N\027_\201\375D\037(\030"
 240      4AA6ACAB 
 240      ED4E175F 
 240      81FD441F 
 240      2818
 241 04e8 C87116B3 		.ascii	"\310q\026\263\342\010zJ{\313(\3025\014\234>4\262\325"
 241      E2087A4A 
 241      7BCB28C2 
 241      350C9C3E 
 241      34B2D5
 242 04fb D16E1EC6 		.ascii	"\321n\036\306\245<\004\3224TW\346=qR\347\241\033\320"
 242      A53C04D2 
 242      345457E6 
 242      3D7152E7 
 242      A11BD0
 243 050e 57287A82 		.ascii	"W(z\202Fv\\\212\354\251Suo\221:\017\366\320s\254\211"
 243      46765C8A 
 243      ECA95375 
 243      6F913A0F 
 243      F6D073AC 
 244 0523 39EB5D90 		.ascii	"9\353]\2207\273fyK\227/\371\333+$X`3N\305\311\345\003"
 244      37BB6679 
 244      4B972FF9 
 244      DB2B2458 
 244      60334EC5 
 245 053a 17E385FC 		.ascii	"\027\343\205\374\271\224\3521\254\321$~\226\274\016"
 245      B994EA31 
 245      ACD1247E 
 245      96BC0E
 246 0549 1E51DE1A 		.ascii	"\036Q\336\032\362\317\261!7\277\207\367R\002\246\360"
 246      F2CFB121 
 246      37BF87F7 
 246      5202A6F0 
 247 0559 676AF808 		.ascii	"gj\370\010\205\007\311\350\223\012\364K5\372\312\024"
 247      8507C9E8 
 247      930AF44B 
 247      35FACA14 
 248 0569 74BC60BD 		.ascii	"t\274`\275\232\204\343)\374\001\362DwD\270Tf\350\326"
 248      9A84E329 
 248      FC01F244 
 248      7744B854 
 248      66E8D6
 249 057c 345F9A15 		.ascii	"4_\232\025\354\243\266\331\225\360v\005\374\205\032"
 249      ECA3B6D9 
ARM GAS  C:\Users\RUVIMK~1\AppData\Local\Temp\cch8lCRb.s 			page 19


 249      95F07605 
 249      FC851A
 250 058b 3EA0767D 		.ascii	">\240v}$\011\313\360>5\374\272\202=]\314\207\000[\013"
 250      2409CBF0 
 250      3E35FCBA 
 250      823D5DCC 
 250      87005B0B 
 251 059f 7A038831 		.ascii	"z\003\2101\332I\360\360\002A[x_\264\211\367F\311 \026"
 251      DA49F0F0 
 251      02415B78 
 251      5FB489F7 
 251      46C92016 
 252 05b3 90F5201B 		.ascii	"\220\365 \033@2@\326\201\244\200\374\013d3\310v\220"
 252      403240D6 
 252      81A480FC 
 252      0B6433C8 
 252      7690
 253 05c5 78906D20 		.ascii	"x\220m \011 i \033A\022A\266\202\244\202\244\363\336"
 253      09206920 
 253      1B411241 
 253      B682A482 
 253      A4F3DE
 254 05d8 F4EDC9DC 		.ascii	"\364\355\311\334|\375O\331\313Wj/\003\324!x\240\010"
 254      7CFD4FD9 
 254      CB576A2F 
 254      03D42178 
 254      A008
 255 05ea C153DBD9 		.ascii	"\301S\333\331\233\002W\306\240\337v\014\224!S\370\362"
 255      9B0257C6 
 255      A0DF760C 
 255      942153F8 
 255      F2
 256 05fb DAA62F0A 		.ascii	"\332\246/\012\360k\205+Cj\360\223i\256\214(\340\303"
 256      F06B852B 
 256      436AF093 
 256      69AE8C28 
 256      E0C3
 257 060d B6E1CABA 		.ascii	"\266\341\312\272KV8~M\015\277:\275\252\225\023\275\251"
 257      4B56387E 
 257      4D0DBF3A 
 257      BDAA9513 
 257      BDA9
 258 061f C6DF988A 		.ascii	"\306\337\230\212\207\032mN\026+U\340=\321[\021/-DtY"
 258      871A6D4E 
 258      162B55E0 
 258      3DD15B11 
 258      2F2D4474 
 259 0634 76879D47 		.ascii	"v\207\235G\007\307=\343\241<\010\212\0237A9\203\343"
 259      07C73DE3 
 259      A13C088A 
 259      13374139 
 259      83E3
 260 0646 49B8064E 		.ascii	"I\270\006NB\311\216\324x\257mg\025s\273\252\210\304"
 260      42C98ED4 
 260      78AF6D67 
 260      1573BBAA 
 260      88C4
ARM GAS  C:\Users\RUVIMK~1\AppData\Local\Temp\cch8lCRb.s 			page 20


 261 0658 73DB653C 		.ascii	"s\333e<\245\352\225S{\250\306\337\232\0269%|\320\366"
 261      A5EA9553 
 261      7BA8C6DF 
 261      9A163925 
 261      7CD0F6
 262 066b FB80C2C9 		.ascii	"\373\200\302\311\247MKW\261;~E_{|eRw\211\007\362\235"
 262      A74D4B57 
 262      B13B7E45 
 262      5F7B7C65 
 262      52778907 
 263 0681 C566DC95 		.ascii	"\305f\334\225\214-d\306\273`\364\016~r\347'\001\260"
 263      8C2D64C6 
 263      BB60F40E 
 263      7E72E727 
 263      01B0
 264 0693 B360D04E 		.ascii	"\263`\320NX'\377\3575C\216\375\365\271\325\032\345i"
 264      5827FFEF 
 264      35438EFD 
 264      F5B9D51A 
 264      E569
 265 06a5 63976282 		.ascii	"c\227b\202\034\312\344\331i\003\356\000\316=\362,\323"
 265      1CCAE4D9 
 265      6903EE00 
 265      CE3DF22C 
 265      D3
 266 06b6 0DAF7760 		.ascii	"\015\257w`\333Ueg\275#\034n\254\375\344p\343}\340\312"
 266      DB556567 
 266      BD231C6E 
 266      ACFDE470 
 266      E37DE0CA 
 267 06ca 3D41009E 		.ascii	"=A\000\236\004\244\241G\264\335\3624\341q\352Q)\213"
 267      04A4A147 
 267      B4DDF234 
 267      E171EA51 
 267      298B
 268 06dc 27079DDD 		.ascii	"'\007\235\335\373{\007=\360N\306\226\367\240\246A\334"
 268      FB7B073D 
 268      F04EC696 
 268      F7A0A641 
 268      DC
 269 06ed F7DD40ED 		.ascii	"\367\335@\355\331\233Q\240a[\312=\322\235\333\372t\273"
 269      D99B51A0 
 269      615BCA3D 
 269      D29DDBFA 
 269      74BB
 270 06ff 161732EC 		.ascii	"\026\0272\354\330\275\214n\304\260\304\253;\3072Ni\355"
 270      D8BD8C6E 
 270      C4B0C4AB 
 270      3BC7324E 
 270      69ED
 271 0711 EE307B79 		.ascii	"\3560{yq\207\311\345\351\026\323\371\262\356\265+>D"
 271      7187C9E5 
 271      E916D3F9 
 271      B2EEB52B 
 271      3E44
 272 0723 99342596 		.ascii	"\2314%\226\375C\032\344\353\205\000\216\264\205\322"
 272      FD431AE4 
ARM GAS  C:\Users\RUVIMK~1\AppData\Local\Temp\cch8lCRb.s 			page 21


 272      EB85008E 
 272      B485D2
 273 0732 8726878A 		.ascii	"\207&\207\212x-\312\343\261\364\341\232)\000\375\320"
 273      782DCAE3 
 273      B1F4E19A 
 273      2900FDD0 
 274 0742 F7A4199E 		.ascii	"\367\244\031\236\235\350\235~\204\011y\002\236\313\241"
 274      9DE89D7E 
 274      84097902 
 274      9ECBA1
 275 0751 10BA81A1 		.ascii	"\020\272\201\241|\310S\021\265W\310{\241\002fP\020\332"
 275      7CC85311 
 275      B557C87B 
 275      A1026650 
 275      10DA
 276 0763 9E38C8BB 		.ascii	"\2368\310\273\024\242\334\331\320\377o\236\370W\314"
 276      14A2DCD9 
 276      D0FF6F9E 
 276      F857CC
 277 0772 7B4A5E12 		.ascii	"{J^\022tyV\323+g\255\310\235\364S\334\023;\262\206g"
 277      747956D3 
 277      2B67ADC8 
 277      9DF453DC 
 277      133BB286 
 278 0787 28B9F7FD 		.ascii	"(\271\367\375\030\367\266\3663\026\217\005yB\233\225"
 278      18F7B6F6 
 278      33168F05 
 278      79429B95 
 279 0797 7C707CB8 		.ascii	"|p|\270\253PH*\203\311\354\207E\233\003\331\202\263"
 279      AB50482A 
 279      83C9EC87 
 279      459B03D9 
 279      82B3
 280 07a9 BC62EC1E 		.ascii	"\274b\354\036h\371\212\347\320\001~\001\014\2756Q\223"
 280      68F98AE7 
 280      D0017E01 
 280      0CBD3651 
 280      93
 281 07ba E3862B58 		.ascii	"\343\206+X\374\013\356\264Z\234'3\377A\211\"\363\344"
 281      FC0BEEB4 
 281      5A9C2733 
 281      FF418922 
 281      F3E4
 282 07cc AC5A2267 		.ascii	"\254Z\"g"
 283 07d0 BE449DF9 		.ascii	"\276D\235\371\2034\363\365\367\36335\270\221\261\335"
 283      8334F3F5 
 283      F7F33335 
 283      B891B1DD 
 284 07e0 BD50BC5A 		.ascii	"\275P\274Z$k\366g\247\374\\v\312/\225\211J\325D\207"
 284      246BF667 
 284      A7FC5C76 
 284      CA2F9589 
 284      4AD54487 
 285 07f4 28D1F39D 		.ascii	"(\321\363\235[{\035\361eFt\271;\241F,\013\027\305\321"
 285      5B7B1DF1 
 285      654674B9 
 285      3BA1462C 
ARM GAS  C:\Users\RUVIMK~1\AppData\Local\Temp\cch8lCRb.s 			page 22


 285      0B17C5D1 
 286 0808 78B67834 		.ascii	"x\266x4~;\324\366V<\037\222\357\335\261\246\015\331"
 286      7E3BD4F6 
 286      563C1F92 
 286      EFDDB1A6 
 286      0DD9
 287 081a C86ED554 		.ascii	"\310n\325THUs\204\005\372\370\271\366nwu\022\017C\260"
 287      48557384 
 287      05FAF8B9 
 287      F66E7775 
 287      120F43B0 
 288 082e CA69B02A 		.ascii	"\312i\260*i\240+\244@w\\\337\244Sg\305.\270\351t\361"
 288      69A02BA4 
 288      40775CDF 
 288      A45367C5 
 288      2EB8E974 
 289 0843 79E7C9AC 		.ascii	"y\347\311\254\370\356\021\263R%f\005>g\024c\313\304"
 289      F8EE11B3 
 289      52256605 
 289      3E671463 
 289      CBC4
 290 0855 AC54D3AC 		.ascii	"\254T\323\254T\355\330\366[|\233\315\376\332\211\354"
 290      54EDD8F6 
 290      5B7C9BCD 
 290      FEDA89EC 
 291 0865 ABBC9C94 		.ascii	"\253\274\234\224C#rR\310\227\313Q9\226G\325\261\254"
 291      43237252 
 291      C897CB51 
 291      399647D5 
 291      B1AC
 292 0877 A1B1ACB0 		.ascii	"\241\261\254\260\236\253\364\300/\030[V\376\006\253"
 292      9EABF4C0 
 292      2F185B56 
 292      FE06AB
 293 0886 46762A5B 		.ascii	"Fv*[\345\324\245)N\035\023\235\252\345\027p\336\376"
 293      E5D4A529 
 293      4E1D139D 
 293      AAE51770 
 293      DEFE
 294 0898 FE01F00B 		.ascii	"\376\001\360\013_\035\271*2\326\024\364ap@\254)`uXT"
 294      5F1DB92A 
 294      32D614F4 
 294      617040AC 
 294      29607558 
 295 08ad 80292E9C 		.ascii	"\200).\234\334\015&\263\177\270\323\322/\3768O\027\024"
 295      DC0D26B3 
 295      7FB8D3D2 
 295      2FFE384F 
 295      1714
 296 08bf C4690D86 		.ascii	"\304i\015\206\265\2211\346\220`\20392\374\343Psll\224"
 296      B59131E6 
 296      90608339 
 296      32FCE350 
 296      736C6C94 
 297 08d3 29D418BD 		.ascii	")\324\030\275\312\030\021a\214\010\3756<\334/,.\332"
 297      CA181161 
 297      8C08FD36 
ARM GAS  C:\Users\RUVIMK~1\AppData\Local\Temp\cch8lCRb.s 			page 23


 297      3CDC2F2C 
 297      2EDA
 298 08e5 2F2636C6 		.ascii	"/&6\306\350g\014[\025\351\267\320/80h\241\337_?\360"
 298      E8670C5B 
 298      15E9B7D0 
 298      2F383068 
 298      A1DF5F3F 
 299 08fa 8B0EFB4B 		.ascii	"\213\016\373Kl\234\337\337#cB\202C\247`B#c\302\243\326"
 299      6C9CDFDF 
 299      23634282 
 299      43A76042 
 299      2363C2A3 
 300 090f 461843A3 		.ascii	"F\030C\243\303\300\211\030c\250!\302\370M\330\332(\263"
 300      C3C08918 
 300      63A821C2 
 300      F84DD8DA 
 300      28B3
 301 0921 C1FCDD1A 		.ascii	"\301\374\335\032\243\311\1775\347$\231\374\352\177m"
 301      A3C97F35 
 301      E72499FC 
 301      EA7F6D
 302 0930 D2F49D29 		.ascii	"\322\364\235)\024&\030\001\374`\307\031Tsd\264\321`"
 302      14261801 
 302      FC60C719 
 302      547364B4 
 302      D160
 303 0942 F6B51594 		.ascii	"\366\265\025\2248s\2008\016:\010\016\2068\232\314\313"
 303      38738038 
 303      0E3A080E 
 303      86389ACC 
 303      CB
 304 0953 6222CD0B 		.ascii	"b\"\315\013\336%\210\234\253\311\274\302\034\026g^\024"
 304      DE25889C 
 304      ABC9BCC2 
 304      1C16675E 
 304      14
 305 0964 05DEB810 		.ascii	"\005\336\270\020%v\015}\326\302\263\321,=.5N\"\014Q"
 305      25760D7D 
 305      D6C2B3D1 
 305      2C3D2E35 
 305      4E220C51 
 306 0978 51118648 		.ascii	"Q\021\206H0\360\211=\003kb\343\314\246\200\025+\227"
 306      30F0893D 
 306      036B62E3 
 306      CCA68015 
 306      2B97
 307 098a 8704077C 		.ascii	"\207\004\007|\376\371\342\200\225\313\226\377-H4IF\203"
 307      FEF9E280 
 307      95CB96FF 
 307      2D483449 
 307      4683
 308 099c 8F0E3ADD 		.ascii	"\217\016:\335r}\010\377\245^\263x\371\"=^\254\323k>"
 308      727D08FF 
 308      A55EB378 
 308      F9223D5E 
 308      ACD36B3E 
 309 09b0 5BBC528F 		.ascii	"[\274R\217u:=\326\203,\322\353\361\037V\350\260\356"
ARM GAS  C:\Users\RUVIMK~1\AppData\Local\Temp\cch8lCRb.s 			page 24


 309      753A3DD6 
 309      832CD2EB 
 309      F11F56E8 
 309      B0EE
 310 09c2 8B951A9D 		.ascii	"\213\225\032\235n\211\236\342\203\351\177\020^\262T"
 310      6E899EE2 
 310      83E97F10 
 310      5EB254
 311 09d1 CFAF8091 		.ascii	"\317\257\200\221\313\226\3505+\226\003Z\247\017\006"
 311      CB96E835 
 311      2B96035A 
 311      A70F06
 312 09e0 0902E49F 		.ascii	"\011\002\344\237\364\037\377w^\231\314\321\264p\242"
 312      F41FFF77 
 312      5E99CCD1 
 312      B470A2
 313 09ef C1299749 		.ascii	"\301)\227I\305`\366\024'j\"\3011\204\221\271\273\031"
 313      C560F614 
 313      276A22C1 
 313      318491B9 
 313      BB19
 314 0a01 0CDFAC8D 		.ascii	"\014\337\254\215\0117\030\374\027\376:\350#'I\323\204"
 314      093718FC 
 314      17FE3AE8 
 314      232749D3 
 314      84
 315 0a12 AF0E8B7B 		.ascii	"\257\016\213{o\022\036\273\206\241gJ-F\033\303\203\177"
 315      6F121EBB 
 315      86A1674A 
 315      2D461BC3 
 315      837F
 316 0a24 23757F6B 		.ascii	"#u\177k\253;$\360?\231\333\036\350"
 316      AB3B24F0 
 316      3F99DB1E 
 316      E8
 317              		.text
 318              		.section	.gnu.lto_.symtab.211d810d,"",%progbits
 319 0000 7374496E 		.ascii	"stInit\000"
 319      697400
 320 0007 00       		.ascii	"\000"
 321 0008 00       		.ascii	"\000"
 322 0009 00       		.ascii	"\000"
 323 000a 00000000 		.ascii	"\000\000\000\000\000\000\000\000"
 323      00000000 
 324 0012 C8000000 		.ascii	"\310\000\000\000"
 325 0016 73745374 		.ascii	"stStartAlarm\000"
 325      61727441 
 325      6C61726D 
 325      00
 326 0023 00       		.ascii	"\000"
 327 0024 00       		.ascii	"\000"
 328 0025 00       		.ascii	"\000"
 329 0026 00000000 		.ascii	"\000\000\000\000\000\000\000\000"
 329      00000000 
 330 002e CC000000 		.ascii	"\314\000\000\000"
 331 0032 73745374 		.ascii	"stStopAlarm\000"
 331      6F70416C 
ARM GAS  C:\Users\RUVIMK~1\AppData\Local\Temp\cch8lCRb.s 			page 25


 331      61726D00 
 332 003e 00       		.ascii	"\000"
 333 003f 00       		.ascii	"\000"
 334 0040 00       		.ascii	"\000"
 335 0041 00000000 		.ascii	"\000\000\000\000\000\000\000\000"
 335      00000000 
 336 0049 CE000000 		.ascii	"\316\000\000\000"
 337 004d 73745365 		.ascii	"stSetAlarm\000"
 337      74416C61 
 337      726D00
 338 0058 00       		.ascii	"\000"
 339 0059 00       		.ascii	"\000"
 340 005a 00       		.ascii	"\000"
 341 005b 00000000 		.ascii	"\000\000\000\000\000\000\000\000"
 341      00000000 
 342 0063 D0000000 		.ascii	"\320\000\000\000"
 343 0067 73744765 		.ascii	"stGetAlarm\000"
 343      74416C61 
 343      726D00
 344 0072 00       		.ascii	"\000"
 345 0073 00       		.ascii	"\000"
 346 0074 00       		.ascii	"\000"
 347 0075 00000000 		.ascii	"\000\000\000\000\000\000\000\000"
 347      00000000 
 348 007d D3000000 		.ascii	"\323\000\000\000"
 349 0081 73745F6C 		.ascii	"st_lld_init\000"
 349      6C645F69 
 349      6E697400 
 350 008d 00       		.ascii	"\000"
 351 008e 02       		.ascii	"\002"
 352 008f 00       		.ascii	"\000"
 353 0090 00000000 		.ascii	"\000\000\000\000\000\000\000\000"
 353      00000000 
 354 0098 D5000000 		.ascii	"\325\000\000\000"
 355              		.text
 356              		.section	.gnu.lto_.opts,"",%progbits
 357 0000 272D666D 		.ascii	"'-fmath-errno' '-fsigned-zeros' '-ftrapping-math' '"
 357      6174682D 
 357      6572726E 
 357      6F272027 
 357      2D667369 
 358 0033 2D666E6F 		.ascii	"-fno-trapv' '-fno-openmp' '-fno-openacc' '-mcpu=cor"
 358      2D747261 
 358      70762720 
 358      272D666E 
 358      6F2D6F70 
 359 0066 7465782D 		.ascii	"tex-m4' '-mno-thumb-interwork' '-mthumb' '-O2' '-fo"
 359      6D342720 
 359      272D6D6E 
 359      6F2D7468 
 359      756D622D 
 360 0099 6D69742D 		.ascii	"mit-frame-pointer' '-falign-functions=16' '-ffuncti"
 360      6672616D 
 360      652D706F 
 360      696E7465 
 360      72272027 
 361 00cc 6F6E2D73 		.ascii	"on-sections' '-fdata-sections' '-fno-common' '-flto"
ARM GAS  C:\Users\RUVIMK~1\AppData\Local\Temp\cch8lCRb.s 			page 26


 361      65637469 
 361      6F6E7327 
 361      20272D66 
 361      64617461 
 362 00ff 2700     		.ascii	"'\000"
 363              		.text
 364              		.comm	__gnu_lto_v1,1,1
 365              		.comm	__gnu_lto_slim,1,1
 366              		.ident	"GCC: (GNU Tools for Arm Embedded Processors 7-2017-q4-major) 7.2.1 20170904 (release) [ARM
ARM GAS  C:\Users\RUVIMK~1\AppData\Local\Temp\cch8lCRb.s 			page 27


DEFINED SYMBOLS
                            *ABS*:00000000 hal_st.c
                            *COM*:00000001 __gnu_lto_v1
                            *COM*:00000001 __gnu_lto_slim

NO UNDEFINED SYMBOLS
