ARM GAS  C:\Users\RUVIMK~1\AppData\Local\Temp\ccRGDwEA.s 			page 1


   1              		.cpu cortex-m4
   2              		.eabi_attribute 20, 1
   3              		.eabi_attribute 21, 1
   4              		.eabi_attribute 23, 3
   5              		.eabi_attribute 24, 1
   6              		.eabi_attribute 25, 1
   7              		.eabi_attribute 26, 1
   8              		.eabi_attribute 30, 2
   9              		.eabi_attribute 34, 1
  10              		.eabi_attribute 18, 4
  11              		.file	"hal_pal.c"
  12              		.section	.gnu.lto_.profile.211d8588,"",%progbits
  13 0000 789C6363 		.ascii	"x\234cc```\001bF\006\015\031\000\000\344\000P"
  13      60606001 
  13      6246060D 
  13      190000E4 
  13      0050
  14              		.text
  15              		.section	.gnu.lto_.icf.211d8588,"",%progbits
  16 0000 789C6363 		.ascii	"x\234cc``\020a@\000f\206y\373\236\335gb\3345\373u\013"
  16      60601061 
  16      40006686 
  16      79FB9EDD 
  16      6762DC35 
  17 0017 07D3EB57 		.ascii	"\007\323\353W[\257\3612\000\000d\021\011}"
  17      5BAFF132 
  17      00006411 
  17      097D
  18              		.text
  19              		.section	.gnu.lto_.jmpfuncs.211d8588,"",%progbits
  20 0000 789C6363 		.ascii	"x\234cc``hf@\000f\006FF\306\3729@\212\211\221\221\031"
  20      60606866 
  20      40006606 
  20      4646C6FA 
  20      39408A89 
  21 0017 C4006246 		.ascii	"\304\000bF&\030\207q\0163\023\033\003\003\343\001\026"
  21      26188771 
  21      0E33131B 
  21      0303E301 
  21      16
  22 0028 460620FE 		.ascii	"F\006 \376\017\004\374\014h|F\306)\314\214\323Z\017"
  22      0F04FC0C 
  22      687C46C6 
  22      29CC8CD3 
  22      5A0F
  23 003a 9D67EF66 		.ascii	"\235g\357f\006\352ed`\334\314(\003\024z\275g\303\015"
  23      06EA6564 
  23      60DCCC28 
  23      03147ABD 
  23      67C30D
  24 004d 56881044 		.ascii	"V\210\020D\335\026F\031\246JF\014\323\000\214y&%"
  24      DD164619 
  24      A64A460C 
  24      D3008C79 
  24      2625
  25              		.text
  26              		.section	.gnu.lto_.inline.211d8588,"",%progbits
ARM GAS  C:\Users\RUVIMK~1\AppData\Local\Temp\ccRGDwEA.s 			page 2


  27 0000 789C6363 		.ascii	"x\234cc``\370\316\200\000\314\014\014\234\034\214\314"
  27      6060F8CE 
  27      8000CC0C 
  27      0C9C1C8C 
  27      CC
  28 0011 0C0A8C20 		.ascii	"\014\012\214 &\210t\000\223\012\034l\037\364\030\330"
  28      26887400 
  28      930A1C6C 
  28      1FF418D8 
  29 0021 16C83331 		.ascii	"\026\310310\276`g\201\220 \202\003\314\344\000\021\002"
  29      30BE6067 
  29      81902082 
  29      03CCE400 
  29      1102
  30 0033 60A600C8 		.ascii	"`\246\000\310\030F\006>^F\026F\240N\210!\012HF1p3]\340"
  30      1846063E 
  30      5E461646 
  30      A04E8821 
  30      0A484631 
  31 004b 87180564 		.ascii	"\207\030\005d\240\030\302\262@\236\007j\022\363\016"
  31      A018C2B2 
  31      409E076A 
  31      12F30E
  32 005a 710106A0 		.ascii	"q\001\006\240\2352 \276\002X^\001d2\023\003\2670\212"
  32      9D3220BE 
  32      02585E01 
  32      64321303 
  32      B7308A
  33 006d FBA04673 		.ascii	"\373\240Fs\002\345\210s\036\320R\011\220I,\274@\357"
  33      02E58873 
  33      1ED05209 
  33      90492CBC 
  33      40EF
  34 007f 4EF00341 		.ascii	"N\360\003A\006\000\373F \246"
  34      0600FB46 
  34      20A6
  35              		.text
  36              		.section	.gnu.lto_.pureconst.211d8588,"",%progbits
  37 0000 789C6363 		.ascii	"x\234cc```\007bf\006)F)&I\000\001\274\000a"
  37      60606007 
  37      62660629 
  37      46292649 
  37      0001BC00 
  38              		.text
  39              		.section	.gnu.lto_palReadBus.211d8588,"",%progbits
  40 0000 789C9591 		.ascii	"x\234\225\221MK[Q\020\206\347\275ssr\323\032\377\200"
  40      4D4B5B51 
  40      1086E7BD 
  40      737372D3 
  40      1AFF80
  41 0013 2EB2904A 		.ascii	".\262\220J\240\344\322\256\372\013\374\033E\263Q\020"
  41      A0E4D2AE 
  41      FA0BFC1B 
  41      45B35110 
  42 0023 1443A13B 		.ascii	"\024C\241;O\342G-Z\020\361\003\302U\262P\012\005Q1m"
  42      4FE2472D 
  42      5A10F103 
ARM GAS  C:\Users\RUVIMK~1\AppData\Local\Temp\ccRGDwEA.s 			page 3


  42      C255B250 
  42      0A055131 
  43 0038 DA54ED6D 		.ascii	"\332T\355m\012\356l\253\013Qp\325\256Z\212\324\322e"
  43      0AEE6CAB 
  43      0B5170D5 
  43      AE5A8AD4 
  43      D265
  44 004a B19D3951 		.ascii	"\261\2359Q\310\242\033\341\33693\347\314<\363\3169\206"
  44      C8A21BE1 
  44      DE3933E7 
  44      CC3CF3CE 
  44      3986
  45 005c 881E7B44 		.ascii	"\210\036{Dwe\355\220\037L\360f?\022\025\003\017P\307"
  45      7765ED90 
  45      1F4CF066 
  45      3F121503 
  45      0F50C7
  46 006f 06A0510F 		.ascii	"\006\240Q\017\243\230\341y\306\341\370f\304\323\034"
  46      A398E179 
  46      C6E1F866 
  46      C4D31C
  47 007e 499A2FE1 		.ascii	"I\232/\341\305A\371k\273\206@F\302\037\347\373\325\266"
  47      C541F96B 
  47      BB864046 
  47      C21FE7FB 
  47      D5B6
  48 0090 EC736B4B 		.ascii	"\354skK6^\2323+\325\3176\025\261G\213\222^E'\266\321"
  48      365E9A33 
  48      2BD5CF36 
  48      15B1478B 
  48      925E4527 
  49 00a6 A93D5E22 		.ascii	"\251=^\"+\311\023\207K\223\314Y\220\370\247?_\234\265"
  49      2BC91387 
  49      4B93CC59 
  49      90F8A73F 
  49      5F9CB5
  50 00b9 77AFB9C2 		.ascii	"w\257\271\302\337\253l\273\"f\274\002\267\026\312\026"
  50      DFAB6CBB 
  50      2266BC02 
  50      B716CA16 
  51 00c9 A1866ECD 		.ascii	"\241\206n\315\377\262u\271\2206~\205I\331\202|\015C"
  51      FFB275B9 
  51      90367E85 
  51      49D9827C 
  51      0D43
  52 00db 1067E328 		.ascii	"\020g\343(\021\333\313\277Ol|\266\206\345\236\224'e"
  52      11DBCBBF 
  52      4F6C7CB6 
  52      86E59E94 
  52      2765
  53 00ed 3E8B49F8 		.ascii	">\213I\370bLB=\243&\011e\005\244\362hJ\0302\253\215"
  53      624C423D 
  53      A3260965 
  53      05A4F268 
  53      4A1832AB 
  54 0102 E9A984E2 		.ascii	"\351\251\204\342\215\305\364\035\245\372\267g\037\214"
  54      8DC5F41D 
ARM GAS  C:\Users\RUVIMK~1\AppData\Local\Temp\ccRGDwEA.s 			page 4


  54      A5FAB767 
  54      1F8C
  55 0110 A2CBEC49 		.ascii	"\242\313\354I\323\305\211\306\247\244\016\313N\363N"
  55      D3C589C6 
  55      A7A40ECB 
  55      4EF34E
  56 011f E360DF54 		.ascii	"\343`\337T\260R\264\326f\"N\2269\2117:\240\336\313\364"
  56      B052B4D6 
  56      66224E96 
  56      3989373A 
  56      A0DECBF4 
  57 0133 DC09C275 		.ascii	"\334\011\302u;\353\216\002\324Q\301\202\012%\274E(\354"
  57      3BEB8E02 
  57      D451C182 
  57      0A25BC45 
  57      28EC
  58 0145 463DD504 		.ascii	"F=\325\004s+8\365?\360-\351\216\235+\360q\255^K\013"
  58      732B38F5 
  58      3FF02DE9 
  58      8E9D2BF0 
  58      71AD5E4B 
  59 015a 78BCA847 		.ascii	"x\274\250G\267\261\353\300:9\366\034\270t\015\366o$"
  59      B7B1EBC0 
  59      3A39F61C 
  59      B8740DF6 
  59      6F24
  60 016c B10DEF1C 		.ascii	"\261\015\357\034\311SR\354Hc\277&\321D%D\246\000[\351"
  60      C95352EC 
  60      4863BF26 
  60      D1442544 
  60      A6005BE9 
  61 0180 E646F434 		.ascii	"\346F\3644\336;\272{\252F\223\376\347\232\036\270\006"
  61      DE3BBA7B 
  61      AA4693FE 
  61      E79A1EB8 
  61      06
  62 0191 86CE51CA 		.ascii	"\206\316Q\312\\\355\350EM\311T\362\022\"\350N.\027\312"
  62      5CEDE845 
  62      4DC954F2 
  62      1222E84E 
  62      2E17CA
  63 01a4 97EF1FE8 		.ascii	"\227\357\037\350\033\030*\334{p?\034*\204\375\275\203"
  63      1B182ADC 
  63      7B703F1C 
  63      2A84FDBD 
  63      83
  64 01b5 616124AF 		.ascii	"aa$\257\353\303\341\336\301\\\236\270\357Q\341\037+"
  64      EBC3E1DE 
  64      C15C9EB8 
  64      EF51E11F 
  64      2B
  65 01c6 F3CF9A   		.ascii	"\363\317\232"
  66              		.text
  67              		.section	.gnu.lto_palWriteBus.211d8588,"",%progbits
  68 0000 789C9553 		.ascii	"x\234\225SKk\023a\024\375\316\334\311\344\325\244.\005"
  68      4B6B1361 
  68      14FDCEDC 
ARM GAS  C:\Users\RUVIMK~1\AppData\Local\Temp\ccRGDwEA.s 			page 5


  68      C9E4D5A4 
  68      2E05
  69 0012 BBE8420C 		.ascii	"\273\350B\014Y\230\241\256\374\005\376\001\177\2004"
  69      5998A1AE 
  69      FC05FE01 
  69      7F8034
  70 0021 D93450A8 		.ascii	"\3314P\250\030]w\2226i\265\012E\232\024\302\264\204"
  70      185D7792 
  70      3669B50A 
  70      459A14C2 
  70      B484
  71 0033 8A510451 		.ascii	"\212Q\004Q\361\021\233\326:F\255\233Vi\021Qp\245\340"
  71      F1119BD6 
  71      3A46AD9B 
  71      56691151 
  71      70A5E0
  72 0046 42505270 		.ascii	"BPRp\341\242$\336\373%\321(n:\314\334\271\317s\317\234"
  72      E1A224DE 
  72      FB25D128 
  72      6E3ACCDC 
  72      B9CF73CF 
  73 005b 99B19452 		.ascii	"\231\261\224R\247I\251\021\276\037\341\013\244`\314"
  73      A749A911 
  73      BE1FE10B 
  73      A460CC
  74 006a BF562A1B 		.ascii	"\277V*\0330\000q\234\000\324\244\201I\\\246\005Bc\346"
  74      3000719C 
  74      00D4A481 
  74      495CA605 
  74      4263E6
  75 007d CBAA11BF 		.ascii	"\313\252\021\277\341\360\341-\376\260\012N\376\260\313"
  75      E1F0E12D 
  75      FEB00A4E 
  75      FEB0CB
  76 008c E325BEE4 		.ascii	"\343%\276\344\300}\304\271kg\372\256Ks\344\022`r\270"
  76      C07DC4B9 
  76      6B67FAAE 
  76      4B73E412 
  76      6072B8
  77 009f B75DFE1C 		.ascii	"\267]\376\034\225\320\3000\207\371\235\305\002Q\034"
  77      95D0C030 
  77      87F99DC5 
  77      02511C
  78 00ae 8AFD0FCD 		.ascii	"\212\375\017\315[\037\243\261\353\216\223s\274\375k"
  78      5B1FA3B1 
  78      EB8E9373 
  78      BCFD6B
  79 00bd E41C7589 		.ascii	"\344\034u\211\360\010\304\200x\210!<\300\220\342\224"
  79      F008C480 
  79      7888213C 
  79      C090E294 
  80 00cd 420D316E 		.ascii	"B\0151n_j\255\274\012\323q=Z\335pS\335\311\255\252\236"
  80      5F6AADBC 
  80      0AD3713D 
  80      5ADD7053 
  80      DDC9ADAA 
  81 00e2 34F1F8DF 		.ascii	"4\361\370\337ISa\0251i\377t\257U\214Xf\245\307\026u"
ARM GAS  C:\Users\RUVIMK~1\AppData\Local\Temp\ccRGDwEA.s 			page 6


  81      49536115 
  81      3169FF74 
  81      AF558C58 
  81      66A5C716 
  82 00f7 580AECDC 		.ascii	"X\012\354\334\331\365yN\253=\303\004\252h\237\032\004"
  82      D9F5794E 
  82      AB3DC304 
  82      AA689F1A 
  82      04
  83 0108 64C4E061 		.ascii	"d\304\340a\037\2111\305\370\330X\226\030\277\204\001"
  83      1F8931C5 
  83      F8D85896 
  83      18BF8401 
  84 0118 31413121 		.ascii	"1A1!6\376\260x\021\010I\245f\031\235\205s<u\221\014"
  84      36FEB078 
  84      110849A5 
  84      66199D85 
  84      733C7591 
  85 012d F1A63CF5 		.ascii	"\361\246<\365\025\271V\341[m@\226\226\311(\023$U\017"
  85      15B956E1 
  85      5B6D4096 
  85      96C92813 
  85      24550F
  86 0140 766211B6 		.ascii	"vb\021\266\224o\274\361\213F\244\037n\275\261\275iU"
  86      946FBCF1 
  86      8B46A41F 
  86      6EBDB1BD 
  86      6955
  87 0152 B09C65A1 		.ascii	"\260\234e\241\207]\012\224)\2025~\"\251\355\315]}\017"
  87      875D0A94 
  87      2982357E 
  87      22A9EDCD 
  87      5D7D0F
  88 0165 FBB633AF 		.ascii	"\373\2663\257KA\254\243\202\242~\001x\002\233\201\247"
  88      4B41ACA3 
  88      82A27E01 
  88      78029B81 
  88      A7
  89 0176 F60BE820 		.ascii	"\366\013\350 \233z\031\365/\363\035\010=\204\015\215"
  89      9B7A19F5 
  89      2FF31D08 
  89      3D840D8D 
  90 0186 2E42E169 		.ascii	".B\341i\007\275\324C\357\242\3556\267\226\302B\335\302"
  90      07BDD443 
  90      EFA2ED36 
  90      B796C242 
  90      DDC2
  91 0198 21780CC3 		.ascii	"!x\014\303=\315^\217_\223\260\376b\305\373\320a\365"
  91      3DCD5E8F 
  91      5F93B0FE 
  91      62C5FBD0 
  91      61F5
  92 01aa A72FA8D3 		.ascii	"\247/\250\323\276~\246\241\0031\015\343\231fj\010\323"
  92      BE7EA6A1 
  92      03310DE3 
  92      99666A08 
  92      D3
ARM GAS  C:\Users\RUVIMK~1\AppData\Local\Temp\ccRGDwEA.s 			page 7


  93 01bb 4687E9CF 		.ascii	"F\207\351\317\036zX\023\011r\256\361\366\222\316\365"
  93      1E7A5813 
  93      0972AEF1 
  93      F692CEF5 
  94 01cb 4B3EF03F 		.ascii	"K>\360?\311#L\000\317\273\253\336\325\352\265\010\257"
  94      C9234C00 
  94      CFBBABDE 
  94      D5EAB508 
  94      AF
  95 01dc 9ACE4A29 		.ascii	"\232\316J)\212\027z\225h\316\305\265\345\225\233\370"
  95      8A177A95 
  95      68CEC5B5 
  95      E5959BF8 
  96 01ec 5D1CC44B 		.ascii	"]\034\304K\330E\376\360\230\306&l\336\255\276#Wi_\321"
  96      D845FEF0 
  96      98C6266C 
  96      DEADBE23 
  96      57695FD1 
  97 0200 6BF55F32 		.ascii	"k\365_2\313r\362w\301L\217%\0226\237\251\261t2=\221"
  97      CB72F277 
  97      C14C8F25 
  97      12369FA9 
  97      B174323D 
  98 0215 193979C2 		.ascii	"\0319y\302\236\310\330c\243\343v\346\\J\356g\316\216"
  98      9EC8D863 
  98      A3E376E6 
  98      5C4AEE67 
  98      CE8E
  99 0227 8E27528A 		.ascii	"\216'R\212\222\0272f2}>\363\013-\257\016\342"
  99      92173266 
  99      327D3EF3 
  99      0B2DAF0E 
  99      E2
 100              		.text
 101              		.section	.gnu.lto_palSetBusMode.211d8588,"",%progbits
 102 0000 789C9592 		.ascii	"x\234\225\222\317O\023A\024\307\337w\336v\267\005\341"
 102      CF4F1341 
 102      14C7DF77 
 102      DE76B705 
 102      E1
 103 0011 4C02871E 		.ascii	"L\002\207\036\214M\017v\203'\377\003\377\014\003\205"
 103      8C4D0F76 
 103      8327FF03 
 103      FF0C0385 
 104 0021 0408A6C6 		.ascii	"\004\010\246\306\306s\207b\013\006\023\210BI\312\206"
 104      C6738762 
 104      0B061388 
 104      4249CA86 
 105 0031 F4403531 		.ascii	"\364@511h\370\241\005\324\265\007N\240\201\223\006\364"
 105      3168F8A1 
 105      05D4B507 
 105      4EA08193 
 105      06F4
 106 0043 200989A6 		.ascii	" \011\211\246\022\210W@\337\014r\220\033\223\235\231"
 106      12885740 
 106      DF0C7290 
 106      1B939D99 
ARM GAS  C:\Users\RUVIMK~1\AppData\Local\Temp\ccRGDwEA.s 			page 8


 107 0053 373BEFFB 		.ascii	"7;\357\373\231\357\274\214KD\003\212\250S\346v\351`"
 107      99EFBC8C 
 107      4B44038A 
 107      A853E676 
 107      E960
 108 0065 829AF848 		.ascii	"\202\232\370H4\024U\200\011t\024\224S\310\341\021O2"
 108      34145580 
 108      09741494 
 108      53C8E111 
 108      4F32
 109 0077 EA23FB35 		.ascii	"\352#\3735\225|\246\245\205\323\333^Q\027\332\002&*"
 109      957CA6A5 
 109      85D3DB5E 
 109      5117DA02 
 109      262A
 110 0089 49370D0B 		.ascii	"I7\015\013HJ\326\326\203\227\001\217q\300\200#\313\243"
 110      484AD6D6 
 110      8397018F 
 110      71C08023 
 110      CBA3
 111 009b CDF25EAB 		.ascii	"\315\362^\253Y*\304eY\330\232.2'A\022\1779|\276\333"
 111      592AC465 
 111      59D89A2E 
 111      32274112 
 111      7F397CBE 
 112 00b0 9AA86A9D 		.ascii	"\232\250j\235\327\341\306\034\353\253\0013\226\301\002"
 112      D7E1C61C 
 112      EBAB0133 
 112      96C102
 113 00bf C4123AB0 		.ascii	"\304\022:\260\210\016\222_\204\327HH\372\357\205\352"
 113      880E925F 
 113      84D74848 
 113      FAEF85EA 
 114 00cf 9366BE6E 		.ascii	"\223f\276n\245\337\016\026g\232\376I\217\253V\352\340"
 114      A5DF0E16 
 114      679AFE49 
 114      8FAB56EA 
 114      E0
 115 00e0 CD45A943 		.ascii	"\315E\251C\250!a\362\277\277:\235jq\235\312\271]\254"
 115      A82161F2 
 115      BFBF3A9D 
 115      6A719DCA 
 115      B95DAC
 116 00f3 C0254830 		.ascii	"\300%H0\277\035\011\365\351\237\021\0356\236\342\353"
 116      BF1D09F5 
 116      E99F111D 
 116      369EE2EB 
 117 0103 AD981259 		.ascii	"\255\230\022Y\204ep\035\031\274\210\211\\\030\007\036"
 117      8465701D 
 117      19BC8889 
 117      5C18071E 
 118 0113 2C8C4645 		.ascii	",\214FE/\265\321!=de\242\341\220~\"\277\362\343W\332"
 118      2FB5D121 
 118      3D6465A2 
 118      E1907E22 
 118      BFF2E357 
 119 0128 50CBACE4 		.ascii	"P\313\254\344\274R\241\376\3113\267fkw\255\276\271\356"
ARM GAS  C:\Users\RUVIMK~1\AppData\Local\Temp\ccRGDwEA.s 			page 9


 119      BC52A1FE 
 119      C933B766 
 119      6B77ADBE 
 119      B9EE
 120 013a 56303B24 		.ascii	"V0;$\245\213\007\034-\263\213U\261h\366\216\306\036"
 120      A58B071C 
 120      2DB38B55 
 120      B168F68E 
 120      C61E
 121 014c 7F86FF42 		.ascii	"\177\206\377BO\330\255\030\326P\301\224-)\336\302\267"
 121      4FD8AD18 
 121      D650C194 
 121      2D29DEC2 
 121      B7
 122 015d E8D81998 		.ascii	"\350\330\031\230/Ej\302;K2\267\304\373\377I\316\245"
 122      2F456AC2 
 122      3B4B32B7 
 122      C4FBFF49 
 122      CEA5
 123 016f 48CD082D 		.ascii	"H\315\010-I\031\322\007K\032>,\342\014\025\021_\002"
 123      4919D207 
 123      4B1A3E2C 
 123      E20C1511 
 123      5F02
 124 0181 A4068A71 		.ascii	"\244\006\212q[U\221\327j\215\035/w\242\243\001_)\031"
 124      5B5591D7 
 124      6A8D1D2F 
 124      77A2A301 
 124      5F2919
 125 0194 03A82347 		.ascii	"\003\250#GR\031\233\356\005\334B\007\310WV\307-\303"
 125      52199BEE 
 125      05DC4207 
 125      C85756C7 
 125      2DC3
 126 01a6 3E9E5149 		.ascii	">\236QI\223Z\312\021\327R)_\276t_\177w\177&\333y\363"
 126      935ACA11 
 126      D752295F 
 126      BE745F7F 
 126      777F26DB 
 127 01bc 869FC9FA 		.ascii	"\206\237\311\372}]\203~\366^\332\314\267\357v\015\246"
 127      7D5D837E 
 127      F65EDACC 
 127      B7EF760D 
 127      A6
 128 01cd D2C4DDF7 		.ascii	"\322\304\335\367\263\316\235LO\357_\3773\315\242"
 128      B3CE9D4C 
 128      4FEF5FFF 
 128      33CDA2
 129              		.text
 130              		.section	.gnu.lto_.symbol_nodes.211d8588,"",%progbits
 131 0000 789C6363 		.ascii	"x\234cc``\010\004b\006\246\235L\365\014\014\023\316"
 131      60600804 
 131      6206A69D 
 131      4CF50C0C 
 131      13CE
 132 0012 313000A9 		.ascii	"10\000\251]\015\216@\221]L\365\214\250\"\273\231\352"
 132      5D0D8E40 
ARM GAS  C:\Users\RUVIMK~1\AppData\Local\Temp\ccRGDwEA.s 			page 10


 132      915D4CF5 
 132      8CA822BB 
 132      99EA
 133 0024 99504418 		.ascii	"\231PD\030\3671\3253\203E\030\030\032\032\034\030\030"
 133      F731D533 
 133      83451818 
 133      1A1A1C18 
 133      18
 134 0035 98999819 		.ascii	"\230\231\230\031\226<\374\307\310\000\000XN\024\207"
 134      963CFCC7 
 134      C8000058 
 134      4E1487
 135              		.text
 136              		.section	.gnu.lto_.refs.211d8588,"",%progbits
 137 0000 789C6363 		.ascii	"x\234cc```\004b\006\000\000D\000\010"
 137      60606004 
 137      62060000 
 137      440008
 138              		.text
 139              		.section	.gnu.lto_.decls.211d8588,"",%progbits
 140 0000 789CAD58 		.ascii	"x\234\255X{P\024G\032\237\236\336\205eX\300\002\357"
 140      7B501447 
 140      1A9F9EDE 
 140      856558C0 
 140      02EF
 141 0012 CABB5096 		.ascii	"\312\273P\226\225\240\331\313\005\020\2743\251\253\344"
 141      95A0D9CB 
 141      0510BC33 
 141      A9ABE4
 142 0021 2AF17149 		.ascii	"*\361qI\356\314aaR)\253\270l\010\254q\357\200\365\330"
 142      EECC6161 
 142      5229ABB8 
 142      6C08AC71 
 142      EF80F5D8 
 143 0035 F5EEF2D7 		.ascii	"\365\356\362\327\015,*\276\022QT\036&\240(\006A4\011"
 143      0D2C2ABE 
 143      1251541E 
 143      26A02806 
 143      413409
 144 0048 228802AE 		.ascii	"\"\210\002\256\017\020D\021\025\305\007\242F0\0049\300"
 144      0F104411 
 144      15C507A2 
 144      46300439 
 144      C0
 145 0059 270FE5BE 		.ascii	"'\017\345\276\356\236\331\031V&\311]e\212\336\236\356"
 145      EE9ED919 
 145      5626C95D 
 145      658ADE9E 
 145      EE
 146 006a F9FAFBFD 		.ascii	"\371\372\373\375\276_\177\335=\203\027\307q=A\034\367"
 146      BE5F7FDD 
 146      3D8317C7 
 146      713D411C 
 146      F7
 147 007b 2EE6B82D 		.ascii	".\346\270-\210\343F\341\322A\337a(\320\305M\200>\027"
 147      88E346E1 
 147      D241DF61 
ARM GAS  C:\Users\RUVIMK~1\AppData\Local\Temp\ccRGDwEA.s 			page 11


 147      28D0C54D 
 147      803E17
 148 008e D4815093 		.ascii	"\324\201P\223\213<\373\005\334O\206\362\034\224_I\375"
 148      8B3CFB05 
 148      DC4F86F2 
 148      1C945F49 
 148      FD
 149 009f EA6B06CF 		.ascii	"\352k\006\317q\376d\014\224\211\034\033O\374\014C\375"
 149      71FE640C 
 149      94891C1B 
 149      4FFC0C43 
 149      FD
 150 00b0 3C948550 		.ascii	"<\224\205P\002\240\375\002\224_C\031\202v\035\224\027"
 150      02A0FD02 
 150      945F4319 
 150      82761D94 
 150      17
 151 00c1 E13E1431 		.ascii	"\341>\0241\014o\250{\241\026\240\366\205\202$\\R\277"
 151      0C6FA87B 
 151      A116A0F6 
 151      8582245C 
 151      52BF
 152 00d3 E281F92A 		.ascii	"\342\201\371*\340M\200\372\003\025\246\314[\306\033"
 152      E04D80FA 
 152      0315A6CC 
 152      5BC61B
 153 00e2 963089FF 		.ascii	"\2260\211\377\027=\260\257K\370z\216a\021L\202\377\020"
 153      173DB0AF 
 153      4BF87A8E 
 153      61114C82 
 153      FF10
 154 00f4 DA573986 		.ascii	"\332W9\2069Y\302~\335\003\373\015)VO\354@\215xe\374"
 154      3959C27E 
 154      DD03FB0D 
 154      29564FEC 
 154      408D7865 
 155 0109 59504C88 		.ascii	"YPL\210i\354\215\024\\p\347\326\225@\375\321\003/\023"
 155      69EC8D14 
 155      5C70E7D6 
 155      9540FDD1 
 155      032F13
 156 011c A333697B 		.ascii	"\2433i{\267\340\325\030\005\012H\007\315\376\246\234"
 156      B7E0D518 
 156      050A4807 
 156      CDFEA69C 
 157 012c 9BFED09C 		.ascii	"\233\376\320\234(\240)\320\314\251\272\327\240gO\015"
 157      28A029D0 
 157      CCA9BAD7 
 157      A0674F0D 
 158 013c D01C2DDC 		.ascii	"\320\034-\334\273\322\200yD\006^\255/*&\003\237\027"
 158      BBD28079 
 158      44065EAD 
 158      2F2A2603 
 158      9F17
 159 014e 1099E600 		.ascii	"\020\231\346\000\350\332\323S9\350\307\272\210\305\300"
 159      E8DAD353 
 159      39E8C7BA 
ARM GAS  C:\Users\RUVIMK~1\AppData\Local\Temp\ccRGDwEA.s 			page 12


 159      88C5C0
 160 015d D6B2F55E 		.ascii	"\326\262\365^\330\233\336\337\350\317:\357\027V\"\262"
 160      D89BDEDF 
 160      E8CF3AEF 
 160      175622B2 
 161 016d CBF0170E 		.ascii	"\313\360\027\016U\",sh\371t`\2737\236I\014\371km\303"
 161      55222C73 
 161      68F97460 
 161      BB379E49 
 161      0CF96B6D 
 162 0182 57FC9160 		.ascii	"W\374\221`J\027\305T1\337)\372\274\311\2412\024\214"
 162      4A17C554 
 162      31DF29FA 
 162      BCC9A132 
 162      148C
 163 0194 BE46C11C 		.ascii	"\276F\301\034:\204L\304\371\001\024\306\241\012\350"
 163      3A844CC4 
 163      F90114C6 
 163      A10AE8
 164 01a3 DC0F9D85 		.ascii	"\334\017\235\205\304a\355\351\254\337g\017\210\342\024"
 164      C461EDE9 
 164      ACDF670F 
 164      88E214
 165 01b2 741009A8 		.ascii	"t\020\011\250\012aj\003A?/0\210\242\355\031\333\274"
 165      0A616A03 
 165      413F2F30 
 165      88A2ED19 
 165      DBBC
 166 01c4 7031A218 		.ascii	"p1\242\030U\271\267\216\361Z\030\265\232\030]\245\317"
 166      55B9B78E 
 166      F15A18B5 
 166      9A185DA5 
 166      CF
 167 01d5 1E5F268A 		.ascii	"\036_&\212<\252\001\214j\005\003 \031H\332\321\007\031"
 167      3CAA018C 
 167      6A050320 
 167      1948DAD1 
 167      0719
 168 01e7 7E7803D5 		.ascii	"~x\003\325\207\357\034L+\363\325\0029\242\011Rw\322"
 168      87EF1C4C 
 168      2BF3D502 
 168      39A20952 
 168      77D2
 169 01f9 54718E04 		.ascii	"Tq\216\004\342\002\220\303\012H\215\014r\276\177`\223"
 169      E20290C3 
 169      0A488D0C 
 169      72BE7F60 
 169      93
 170 020a 3F6E6793 		.ascii	"?ng\223 OW \233\256\275\243\231\035~\370\026{\226\325"
 170      204F5720 
 170      9BAEBDA3 
 170      991D7EF8 
 170      167B96D5 
 171 021e F2E55C01 		.ascii	"\362\345\\\001\320\235?*D\030\320\233v\253\303\2279"
 171      D09D3F2A 
 171      4418D09B 
 171      76ABC397 
ARM GAS  C:\Users\RUVIMK~1\AppData\Local\Temp\ccRGDwEA.s 			page 13


 171      39
 172 022f 9B44A62C 		.ascii	"\233D\246,\265\254\336\017w3gk3].\035\356c\215\202\354"
 172      B5ACDE0F 
 172      7733676B 
 172      335D2E1D 
 172      EE638D82 
 173 0244 8C157A7C 		.ascii	"\214\025z|\2375\212\326\257\333+\340\207\254\321\322"
 173      9F358AD6 
 173      AFDB2BE0 
 173      87ACD1D2 
 174 0254 77F2335F 		.ascii	"w\3623_\226>\023\240yl\364am\000\363\310\023F\273.\014"
 174      963E13A0 
 174      796CF461 
 174      6D00F3C8 
 174      1346BB2E 
 175 0269 F9E04166 		.ascii	"\371\340Af\272ch\270\217\344\3174\222?X\225=\323X\366"
 175      BA6368B8 
 175      8FE4CF34 
 175      923F5895 
 175      3DD358F6 
 176 027d D4349E28 		.ascii	"\3244\236(4\342Q&fi\316\310H\200,\346:\247\2507q\250"
 176      34E25126 
 176      6669CEC8 
 176      48802CE6 
 176      3AA7A837 
 177 0293 09989F22 		.ascii	"\011\230\237\"\341\234\203p\246I\341\234\201\316fUV"
 177      E19C8370 
 177      A649E19C 
 177      81CE6655 
 177      56
 178 02a4 4CDBBC82 		.ascii	"L\333\274\202\314\330Y\020\263E\021s\232\244eu\306\345"
 178      CCD85910 
 178      B3451173 
 178      9AA46575 
 178      C6E5
 179 02b6 4E01AFC2 		.ascii	"N\001\257\302\024#\265y\343]M\214\013\232\030]\245\221"
 179      1423B579 
 179      E35D4D8C 
 179      0B9A185D 
 179      A591
 180 02c8 476956B4 		.ascii	"GiV\264\002\306y\005\343\254<a\251\217\266\0354\340"
 180      02C67905 
 180      E3AC3C61 
 180      A98FB61D 
 180      34E0
 181 02da 0D1444F7 		.ascii	"\015\024D\367\340\213}\255\376(($\304\224AF\257\203"
 181      E08B7DAD 
 181      FE282824 
 181      C4944146 
 181      AF83
 182 02ec 8278656A 		.ascii	"\202xej8\324\206\202\210\007t\005\000/\241\020t\031"
 182      38D48682 
 182      88077405 
 182      002FA110 
 182      7419
 183 02fe 85D065B2 		.ascii	"\205\320e\262\215\260\252\035\355\236\236;\360\215("
 183      8DB0AA1D 
ARM GAS  C:\Users\RUVIMK~1\AppData\Local\Temp\ccRGDwEA.s 			page 14


 183      ED9E9E3B 
 183      F08D28
 184 030d AE3252B8 		.ascii	"\2562R\270\213\000G\006\270i\206\023\027\021\301n\373"
 184      8B004706 
 184      B8698613 
 184      1711C16E 
 184      FB
 185 031e EE67B2C5 		.ascii	"\356g\262\305\332TL\215O\217k\334DP\245P\332s\005X\233"
 185      DA544C8D 
 185      4F8F6BDC 
 185      4450A550 
 185      DA730558 
 186 0333 C48893A2 		.ascii	"\304\210\223\242`\013TW\347\372\256L@!!\023M\314mkn"
 186      600B5457 
 186      E7FAAE4C 
 186      40212113 
 186      4DCC6D6B 
 187 0348 608153AC 		.ascii	"`\201S\254\237NWB#\370\275\206&*\3515\206\004\270}\220"
 187      9F4E5742 
 187      23F8BD86 
 187      262AE935 
 187      8604B87D 
 188 035d EB9F4259 		.ascii	"\353\237BY\020\364\223\332\326\353\2115\344\252\210"
 188      10F493DA 
 188      D6EB8935 
 188      E4AA88
 189 036c 746A4588 		.ascii	"tjE\2105Q\244\003\024\271\012\212\264K\2120\316\247"
 189      3551A403 
 189      14B90A8A 
 189      B44B8A30 
 189      CEA7
 190 037e 7227A5C0 		.ascii	"r'\245\300\010b5\2264j:\260\276\314g\"8M\321v\312\215"
 190      08623596 
 190      346A3AB0 
 190      BECC6722 
 190      384DD176 
 191 0394 F1A84AE0 		.ascii	"\361\250J\340@\226\300iG\316\3573\342st\356\320\255"
 191      4096C069 
 191      47CEEF33 
 191      E27374EE 
 191      D0AD
 192 03a6 C63DA906 		.ascii	"\306=\251\006|\2215>o*m\324\343+\254QU\\\332\302\343"
 192      7C91353E 
 192      6F2A6DD4 
 192      E32BAC51 
 192      555CDAC2 
 193 03bb 1BAC5152 		.ascii	"\033\254QR\331\267\032\341n\326\350_\261\307\201\373"
 193      D9B71AE1 
 193      6ED6E85F 
 193      B1C781FB 
 194 03cb D97DEEDD 		.ascii	"\331}\356\335\253\337\3720\337&h~\332\234w\331\300\326"
 194      ABDFFA30 
 194      DF26687E 
 194      DA9C77D9 
 194      C0D6
 195 03dd 4A2D591D 		.ascii	"J-Y\035\217\266~\263\236\307\017\251\255qM\263\363\264"
 195      8FB67EB3 
ARM GAS  C:\Users\RUVIMK~1\AppData\Local\Temp\ccRGDwEA.s 			page 15


 195      9EC70FA9 
 195      AD714DB3 
 195      F3B4
 196 03ef 1E14872B 		.ascii	"\036\024\207+(\304D\252mb\232S\254\355\314\221\224\257"
 196      28C444AA 
 196      6D629A53 
 196      ACEDCC91 
 196      94AF
 197 0401 03E5BB40 		.ascii	"\003\345\273@\313~\320t\254\226e\210IO\314]\317\344"
 197      CB7ED074 
 197      AC966588 
 197      494FCC5D 
 197      CFE4
 198 0413 88B56998 		.ascii	"\210\265i\230Z\337\364\264\276\201<\315\207~\251\230"
 198      5ADFF4B4 
 198      BE813CCD 
 198      877EA998 
 199 0423 7F33BE79 		.ascii	"\1773\276y\204b=\240\262\276\345i\275\357)\347\256`"
 199      84623DA0 
 199      B2BEE569 
 199      BDEF29E7 
 199      AE60
 200 0435 C5FC84A7 		.ascii	"\305\374\204\247y\275\312\\Y\0310e\335`\361-}\330/\255"
 200      79BDCA5C 
 200      59193065 
 200      DD60F12D 
 200      7DD82FAD 
 201 0449 8CBB9007 		.ascii	"\214\273\220\007\367`\326z\240<\200\362\037(\275P\356"
 201      F760D67A 
 201      A03C80F2 
 201      1F28BD50 
 201      EE
 202 045a 407908A5 		.ascii	"@y\010\245\017\312\000\224\373\356\225C\320\033T\350"
 202      0FCA0094 
 202      FBEE9543 
 202      D01B54E8 
 203 046a C73DD18F 		.ascii	"\307=\321\217)\241IY\225\023H\263\252\177\354R`\256"
 203      29A14959 
 203      951348B3 
 203      AA7FEC52 
 203      60AE
 204 047c DAD57370 		.ascii	"\332\325sp{\3349P\251\324\242\002\376n|`\265J\335*Q"
 204      7BDC3950 
 204      A9D4A202 
 204      FE6E7C60 
 204      B54ADD2A 
 205 0491 3BC71755 		.ascii	";\307\027Uv\016\213\352I\256\300\314\257C>7\214/*5\207"
 205      760E8BEA 
 205      49AEC0CC 
 205      AF433E37 
 205      8C2F2A35 
 206 04a6 FCAA6D7A 		.ascii	"\374\252mzT\246\307#l\263\253.\337q\310\033\231\202"
 206      54A6C723 
 206      6CB3AB2E 
 206      DF71C81B 
 206      9982
 207 04b8 A485BFC5 		.ascii	"\244\205\277\305\213,\374!\030\374H\331\301H\360\032"
ARM GAS  C:\Users\RUVIMK~1\AppData\Local\Temp\ccRGDwEA.s 			page 16


 207      8B2CFC21 
 207      18FC48D9 
 207      C148F01A 
 208 04c8 B3810661 		.ascii	"\263\201\006a\022\376\337\011\001.\237\225\226\366c"
 208      12FEDF09 
 208      012E9F95 
 208      96F663
 209 04d7 E32AF7D1 		.ascii	"\343*\367\321H\241\225\3259\214\214\022\011\260\335"
 209      48A195D5 
 209      398C8C12 
 209      09B0DD
 210 04e6 BF32ABCB 		.ascii	"\2772\253\313\017\257\324Q\336\027oW\337\361FF\223\306"
 210      0FAFD451 
 210      DE176F57 
 210      DFF14646 
 210      93C6
 211 04f8 50F404B8 		.ascii	"P\364\004\270(\243\345#5\244\252\217\034\251\217\341"
 211      28A3E523 
 211      35A4AA8F 
 211      1CA98FE1 
 212 0508 C188121F 		.ascii	"\301\210\022\037\3301\204\341\333\231m\210-L#\331\260"
 212      D83184E1 
 212      DB996D88 
 212      2D4C23D9 
 212      B0
 213 0519 ABDA3202 		.ascii	"\253\3322\002\330\302\354 \217\357m\270t\315\037g\352"
 213      D8C2EC20 
 213      8FEF6DB8 
 213      74CD1F67 
 213      EA
 214 052a C6BCF62C 		.ascii	"\306\274\366,|\372\265g!;\270z\232O\237E8\227\361\275"
 214      7CFAB567 
 214      213BB87A 
 214      9A4F9F45 
 214      3897F1BD 
 215 053e 3470066B 		.ascii	"4p\006k\275\004,\347Md\014\335\206\234|0J\345\335/\001"
 215      BD042CE7 
 215      4D640CDD 
 215      869C7C30 
 215      4AE5DD2F 
 216 0553 6B9FEB79 		.ascii	"k\237\353yB\030/\343\005\224\306\273\031/dG\212~w^\303"
 216      42182FE3 
 216      0594C6BB 
 216      192F6447 
 216      8A7E775E 
 217 0568 72D81D82 		.ascii	"r\330\035\202Ld[ \033\362\205/\360\340\216O\326\212"
 217      4C645B20 
 217      1BF2852F 
 217      F0E08E4F 
 217      D68A
 218 057a F92E44A3 		.ascii	"\371.D\243<\012Q\246\363\343f\345\230\371\024\001v\224"
 218      3C0A51A6 
 218      F3E366E5 
 218      98F91401 
 218      7694
 219 058c 4A4EACC9 		.ascii	"JN\254\311d\256\004R+\370\020\264\032\312*^\275\323"
 219      64AE0452 
ARM GAS  C:\Users\RUVIMK~1\AppData\Local\Temp\ccRGDwEA.s 			page 17


 219      2BF810B4 
 219      1ACA2A5E 
 219      BDD3
 220 059e F696B235 		.ascii	"\366\226\2625\001\226c\327\004!\320^!\255\011\3028\205"
 220      019663D7 
 220      0421D05E 
 220      21AD09C2 
 220      3885
 221 05b0 F7401F93 		.ascii	"\367@\037\223\267\304|(\234\245-y\311)\037\227+[\023"
 221      B7C47C28 
 221      9CA52D79 
 221      C9291F97 
 221      2B5B13
 222 05c3 20E760D1 		.ascii	" \347`\321\335{\030\357\326S9\353\322G\266\011(\310"
 222      DD7B18EF 
 222      D65339EB 
 222      D247B609 
 222      28C8
 223 05d5 346E10E8 		.ascii	"4n\020\350\023\340\376\303qtV\320d_\013\206k\024iIT"
 223      13E0FEC3 
 223      717456D0 
 223      645F0B86 
 223      6B146949 
 224 05ea 146F74F8 		.ascii	"\024ot\370D\005\037$\001\244k\002pOy\207\261\025\267"
 224      44051F24 
 224      01A46B02 
 224      704F7987 
 224      B115B7
 225 05fd 0BFA0CEA 		.ascii	"\013\372\014\352\264\376\224W\247\365:\236$\034\255"
 225      B4FE9457 
 225      A7F53A9E 
 225      241CAD
 226 060c C1785753 		.ascii	"\301xWS\321\210\016\177\315\002{p\264\253\300\240\225"
 226      D1880E7F 
 226      CD027B70 
 226      B4ABC0A0 
 226      95
 227 061d 281B78ED 		.ascii	"(\033x\355\267\305W\330\333\342z\220=\203\367x[$\275"
 227      B7C557D8 
 227      DBE27A90 
 227      3D83F778 
 227      5B24BD
 228 0630 0074E0F0 		.ascii	"\000t\340\360\241\032\337kp\322\301\347\000\232@\271"
 228      A11ADF6B 
 228      70D2C1E7 
 228      009A40B9 
 229 0640 22C47EA1 		.ascii	"\"\304~\241&\205\266G\345\013\261~\350\345Y%\231\222"
 229      2685B647 
 229      E50BB17E 
 229      E8E55925 
 229      9992
 230 0652 863C04B9 		.ascii	"\206<\004\271{x\311\007/\373\245\177\222\003\244\366"
 230      7B78C907 
 230      2FFBA57F 
 230      9203A4F6 
 231 0662 CA9E3338 		.ascii	"\312\23638\371\342\230=\343\243\214c]\274\002\246\032"
 231      F9E2983D 
ARM GAS  C:\Users\RUVIMK~1\AppData\Local\Temp\ccRGDwEA.s 			page 18


 231      E3A38C63 
 231      5DBC02A6 
 231      1A
 232 0673 F21457CE 		.ascii	"\362\024W\316\375\330MJ\011\022ISs\276gM\251\261\003"
 232      FDD84D4A 
 232      09124953 
 232      73BE674D 
 232      A9B103
 233 0686 8E7A5845 		.ascii	"\216zXE\034\267\316\220H\327\352\365\226\203\217\015"
 233      1CB7CE90 
 233      48D7EAF5 
 233      96838F0D 
 234 0696 F8209D03 		.ascii	"\370 \235\003t\252+\257\025\351x6A(IG7\2523E\255\206"
 234      74AA2BAF 
 234      15E97836 
 234      41284947 
 234      37AA3345 
 235 06ac 499B6836 		.ascii	"I\233h68\305\011<\315X\371\015\212CY\374$\370\335\314"
 235      38C5093C 
 235      CD58F90D 
 235      8A4359FC 
 235      24F8DDCC 
 236 06c0 EB184866 		.ascii	"\353\030HfIk\271\376\331|1\277\003^\325*\360\312#+`"
 236      496BB9FE 
 236      D97C31BF 
 236      035ED52A 
 236      F0CA232B 
 237 06d5 49A2D788 		.ascii	"I\242\327\210\031\332\244\314\016\334\302\357F\276\003"
 237      19DAA4CC 
 237      0EDCC2EF 
 237      46BE03
 238 06e4 A14CFE1A 		.ascii	"\241L\376\0320\312\346\237\205\321;\263\234\215\276"
 238      30CAE69F 
 238      85D13BB3 
 238      9C8DBE
 239 06f3 B8979159 		.ascii	"\270\227\221Y^w\326\345M\311\020DF\246\353\322\365c"
 239      5E77D6E5 
 239      4DC91044 
 239      46A6EBD2 
 239      F563
 240 0705 5E6E82B9 		.ascii	"^n\202\271<\355\034)~pN\247f\370\301\317U\004?\243\004"
 240      3CED1C29 
 240      7E704EA7 
 240      66F8C1CF 
 240      55043FA3 
 241 071a B7C804AF 		.ascii	"\267\310\004\257\336z\224'H\004[s\215\260\010SE\362"
 241      DE7A9427 
 241      48045B73 
 241      8DB00853 
 241      45F2
 242 072c EE0A6628 		.ascii	"\356\012f(G!\230\343I\360sJ\360q\373\315\001\036\017"
 242      472198E3 
 242      49F0734A 
 242      F071FBCD 
 242      011E0F
 243 073f 3182FBEB 		.ascii	"1\202\373\353k\322\005J\206\344\036#\270yw~\241\321"
 243      6BD2054A 
ARM GAS  C:\Users\RUVIMK~1\AppData\Local\Temp\ccRGDwEA.s 			page 19


 243      86E41E23 
 243      B879777E 
 243      A1D1
 244 0751 4D309F11 		.ascii	"M0\237\021\034Xvh\300\250Ip\033%\270U&8z\257\375_\022"
 244      1C587668 
 244      C0A84970 
 244      1B25B855 
 244      26387AAF 
 245 0768 BF86C96E 		.ascii	"\277\206\311nz`\204\362\024zy\236\364\012(\275;;\234"
 245      7A6084F2 
 245      147A799E 
 245      F40A28BD 
 245      3B3B9C
 246 077b 1B0270BA 		.ascii	"\033\002p\272\227&\275\321\354O\012\274\334\232\356"
 246      9726BDD1 
 246      EC4F0ABC 
 246      DC9AEE
 247 078a 60F44E5E 		.ascii	"`\364N^:\276\233\031\222\215\263\220u\246\334\036\372"
 247      3ABE9B19 
 247      928DB390 
 247      75A6DC1E 
 247      FA
 248 079b CE4B93F3 		.ascii	"\316K\223\363\027\224\363N\231\363\346\215\203\273\311"
 248      1794F34E 
 248      99F3E68D 
 248      83BBC9
 249 07aa AC77B0B3 		.ascii	"\254w\260\263fd\357m1]\240Vh\273Bz;\317\276wQ\021%{"
 249      6664EF6D 
 249      315DA056 
 249      68BB427A 
 249      3BCFBE77 
 250 07c2 B070E449 		.ascii	"\260p\344I\200\274U\244\177\317\011\210v\321"
 250      80BC55A4 
 250      7FCF0988 
 250      76D1
 251 07d0 DD625F67 		.ascii	"\335b_g\372\021\235\226\275\307\261\207\212\351\220"
 251      FA119D96 
 251      BDC7B187 
 251      8AE990
 252 07df E5CBAA9E 		.ascii	"\345\313\252\236`!\335=\344\007\216\036TBw\213\224\312"
 252      6021DD3D 
 252      E4078E1E 
 252      5442778B 
 252      94CA
 253 07f1 2D9BF4E3 		.ascii	"-\233\364\343\217\032\357\253\025\355\246\243\032\356"
 253      8F1AEFAB 
 253      15EDA6A3 
 253      1AEE
 254 07ff ADDDE583 		.ascii	"\255\335\345\203?g\332_hK\253\224\316S_2\025\3277\326"
 254      3F67DA5F 
 254      684BAB94 
 254      CE535F32 
 254      15D737D6 
 255 0813 F8B0F3F4 		.ascii	"\370\260\363\364\"y\274\265\351\356&\001\2270\333\307"
 255      2279BCB5 
 255      E9EE2601 
 255      9730DBC7 
ARM GAS  C:\Users\RUVIMK~1\AppData\Local\Temp\ccRGDwEA.s 			page 20


 256 0823 7DCD8F8D 		.ascii	"}\315\217\215\314\226\370\031\256_\236\207\010\272("
 256      CC96F819 
 256      AE5F9E87 
 256      08BA28
 257 0832 EDA0D0AF 		.ascii	"\355\240\320\257\250\3625\017\333\032\234\017\350+\236"
 257      A8F2350F 
 257      DB1A9C0F 
 257      E82B9E
 258 0841 7EB19E7F 		.ascii	"~\261\236\177th\310\210\367QO\272\022\347\256>\0352"
 258      7468C888 
 258      F7514FBA 
 258      12E7AE3E 
 258      1D32
 259 0853 05233047 		.ascii	"\005#0GB\241\374\257\006\240\012\011P&\251\017W\016"
 259      42A1FCAF 
 259      06A00A09 
 259      5026A90F 
 259      570E
 260 0865 ECEA62DF 		.ascii	"\354\352b\337\277I7\334\033hM\303\025\013D<\211C3\202"
 260      BF4937DC 
 260      1B684DC3 
 260      150B443C 
 260      89433382 
 261 0879 D1747266 		.ascii	"\321trf\201D\025\024o?\010T\316\000\253\033[\332\374"
 261      81441514 
 261      6F3F0854 
 261      CE00AB1B 
 261      5BDAFC
 262 088c 03D749A7 		.ascii	"\003\327I\247\317k\210\372\336\013\317\367\360\204_"
 262      CF6B88FA 
 262      DE0BCFF7 
 262      F0845F
 263 089b 251F28B3 		.ascii	"%\037(\263$\326_n\251\037\364\021$\337\351?\344\373"
 263      24D65F6E 
 263      A91FF411 
 263      24DFE93F 
 263      E4FB
 264 08ad 5CFB9AD9 		.ascii	"\\\373\232\331j\327\007\276\317u\371\232\306<~j\201"
 264      6AD707BE 
 264      CF75F99A 
 264      C63C7E6A 
 264      81
 265 08be D85C4B77 		.ascii	"\330\\Kw\232\3257\323\304\224\345p8W\361\201\350KH:"
 265      9AD537D3 
 265      C494E570 
 265      3857F181 
 265      E84B483A 
 266 08d2 D8515483 		.ascii	"\330QT\203K\241\347}\370\314<\310O\205\261\335w\212"
 266      4BA1E77D 
 266      F8CC3CC8 
 266      4F85B1DD 
 266      778A
 267 08e4 B375F800 		.ascii	"\263u\370\000\323\337YR]\256\327\024\274Z\026|\017\343"
 267      D3DF5952 
 267      5DAED714 
 267      BC5A167C 
 267      0FE3
ARM GAS  C:\Users\RUVIMK~1\AppData\Local\Temp\ccRGDwEA.s 			page 21


 268 08f6 D8DB5358 		.ascii	"\330\333SX\254\367\214_y\211\250\241$\253\335$\217g"
 268      ACF78C5F 
 268      7989A8A1 
 268      24ABDD24 
 268      8F67
 269 0908 DF173C43 		.ascii	"\337\027<C\322\264\316\313+\350\361\223B\272\361LJ~"
 269      D2B4CECB 
 269      2BE8F193 
 269      42BAF14C 
 269      4A7E
 270 091a 6DCA14F8 		.ascii	"m\312\024\3700b\341\300\376\243\032xH\012\3470\015\247"
 270      3062E1C0 
 270      FEA31A78 
 270      480AE730 
 270      0DA7
 271 092c 6067F959 		.ascii	"`g\371Y^}\350\222\205\247\204\340\222\016]\027]\023"
 271      5E7DE892 
 271      85A784E0 
 271      920E5D17 
 271      5D13
 272 093e F7B3365C 		.ascii	"\367\2636\\\365\302\365R\356]Iy\302\263\334\363'\333"
 272      F5C2F552 
 272      EE5D4979 
 272      C2B3DCF3 
 272      27DB
 273 0950 C3B76D05 		.ascii	"\303\267m\005R\236\366\321\177stW\036\221\376\371\345"
 273      529EF6D1 
 273      7F737457 
 273      1E91FEF9 
 273      E5
 274 0961 07CDAF5C 		.ascii	"\007\315\257\\\333{}4\225\252\223\225:\316\224\022\235"
 274      DB7B7D34 
 274      95AA9395 
 274      3ACE9412 
 274      9D
 275 0972 0F3B8D9E 		.ascii	"\017;\215\236J\035\203\020\216\322\031\251\247\261\327"
 275      4A1D8310 
 275      8ED219A9 
 275      A7B1D7
 276 0981 C9B1EF74 		.ascii	"\311\261\357t\245U=\245\224\246\365\246\235;\333\005"
 276      A5553DA5 
 276      94A6F5A6 
 276      9D3BDB05 
 277 0991 49A94B93 		.ascii	"I\251K\223\231R'$\245`+T\015<\")\325\300O\345t\211\261"
 277      99522724 
 277      A5602B54 
 277      0D3C2229 
 277      D5C04FE5 
 278 09a8 F6BF4D0D 		.ascii	"\366\277M\015\013\013\207\277\270\305\326\017\2556{"
 278      0B0B87BF 
 278      B8C5D60F 
 278      AD367B
 279 09b7 C4CB91E1 		.ascii	"\304\313\221\3416{\370\342\330\204p{r\034\251\315Kb"
 279      367BF8E2 
 279      D884707B 
 279      721CA9CD 
 279      4B62
ARM GAS  C:\Users\RUVIMK~1\AppData\Local\Temp\ccRGDwEA.s 			page 22


 280 09c9 13C2E20C 		.ascii	"\023\302\342\014o\374\371\335)\263#\"8\301l^jMr\314"
 280      6FFCF9DD 
 280      29B32322 
 280      38C16C5E 
 280      6A4D72CC 
 281 09dd 88343BAC 		.ascii	"\2104;\254q\277\213q\330l\011\366\030K\342\207\226\370"
 281      71BF8B71 
 281      D86C09F6 
 281      184BE287 
 281      96F8
 282 09ef 784B7CCC 		.ascii	"xK|\314Gqq\241\261\311\211\241I\266$K\250%\366Ck\350"
 282      477171A1 
 282      B1C989A1 
 282      49B6244B 
 282      A825F643 
 283 0a05 4BA191D3 		.ascii	"K\241\221\323#^\012\375\373oB\023c\377jK\016\375\247"
 283      235E0AFD 
 283      FB6F4213 
 283      63FF6A4B 
 283      0EFDA7
 284 0a18 35694664 		.ascii	"5iFd\314\030\233\030kR\\\302\322xKLb,\260H\262\304\230"
 284      CC189B18 
 284      6B525CC2 
 284      D2784B4C 
 284      622CB048 
 285 0a2f E32D8B62 		.ascii	"\343-\213b\227&8\314\216\217\227X\354a\2139\203\014"
 285      972638CC 
 285      8E8F9758 
 285      EC618B39 
 285      830C
 286 0a41 F9FE4F0D 		.ascii	"\371\376O\015i\377\330\036c\266;\342\301?\340\030\255"
 286      69FFD81E 
 286      63B63BE2 
 286      C13FE018 
 286      AD
 287 0a52 B625B664 		.ascii	"\266%\266d\007\221\305\354xUK\030bb\017_\360\316\333"
 287      0791C5EC 
 287      78554B18 
 287      62620F5F 
 287      F0CEDB
 288 0a65 3322C3E7 		.ascii	"3\"\303\347\315\233\023\376\306\374\267\242\376\021"
 288      CD9B13FE 
 288      C6FCB7A2 
 288      FE11
 289 0a73 296B654E 		.ascii	")keNH\210\007W^\304\312\032\257{\375\017\321\363\364"
 289      48880757 
 289      5EC4CA1A 
 289      AF7BFD0F 
 289      D1F3F4
 290 0a86 F3A266FF 		.ascii	"\363\242f\377)Z7kAt4z\017\275\251\217K\260\304&KBF\314"
 290      295A376B 
 290      4174347A 
 290      0FBDA98F 
 290      4BB0C426 
 291 0a9e 343B0CF2 		.ascii	"4;\014\362\015\266[\034\257\374\217\260vG\"(\363\321"
 291      0DB65B1C 
 291      AFFC8FB0 
ARM GAS  C:\Users\RUVIMK~1\AppData\Local\Temp\ccRGDwEA.s 			page 23


 291      76472228 
 291      F3D1
 292 0ab0 12AB0D50 		.ascii	"\022\253\015Pq\324\234h\374\326\234h\375\374w\347\317"
 292      71D49C68 
 292      FCD69C68 
 292      FDFC77E7 
 292      CF
 293 0ac1 89F68E5A 		.ascii	"\211\366\216Z0\177\356\3349\321^Q\357,\234?7Z\377v\324"
 293      307FEEDC 
 293      39D15E51 
 293      EF2C9C3F 
 293      375AFF76 
 294 0ad6 9CB9D184 		.ascii	"\234\271\321\204\321\233Fe\224\331!\260\250\255\361"
 294      D19B4665 
 294      94D921B0 
 294      A8ADF1
 295 0ae5 6687976D 		.ascii	"f\207\227m\321\"\340`$\204\314\213b\355\216\227\315"
 295      D122E060 
 295      2484CC8B 
 295      62ED8E97 
 295      CD
 296 0af6 8E853FB9 		.ascii	"\216\205?\271\346\262\334/h\205*Y\272\323o1\247\177"
 296      E6B2DC2F 
 296      68852A59 
 296      BAD36F31 
 296      A77F
 297 0b08 2B6AD652 		.ascii	"+j\326R\273\301jK\264\305[\2002\364F[b\343\241o\332"
 297      BBC16A4B 
 297      B4C55B80 
 297      32F4465B 
 297      62E3A16F 
 298 0b1d 8FCA5FCE 		.ascii	"\217\312_\316\027\252\367\222\255\016\013\014\361\203"
 298      17AAF792 
 298      AD0E0B0C 
 298      F183
 299 0b2b FB051607 		.ascii	"\373\005\026\007\334\275\015\336~&\317\232\031\"\377"
 299      DCBD0DDE 
 299      7E26CF9A 
 299      1922FF
 300 0b3a 28D9B674 		.ascii	"(\331\266t\011\301\3603\233\027-M\2123\233\303^\372"
 300      09C1F033 
 300      9B172D4D 
 300      8A339BC3 
 300      5EFA
 301 0b4c 6DC44C83 		.ascii	"m\304L\203\334\322\305-\216MV?\213\214\030\323\232\371"
 301      DCD2C52D 
 301      8E4D563F 
 301      8B8C18D3 
 301      9AF9
 302 0b5e 5FCA1AB3 		.ascii	"_\312\032\263\314"
 302      CC
 303              		.text
 304              		.section	.gnu.lto_.symtab.211d8588,"",%progbits
 305 0000 70616C52 		.ascii	"palReadBus\000"
 305      65616442 
 305      757300
 306 000b 00       		.ascii	"\000"
ARM GAS  C:\Users\RUVIMK~1\AppData\Local\Temp\ccRGDwEA.s 			page 24


 307 000c 00       		.ascii	"\000"
 308 000d 00       		.ascii	"\000"
 309 000e 00000000 		.ascii	"\000\000\000\000\000\000\000\000"
 309      00000000 
 310 0016 19010000 		.ascii	"\031\001\000\000"
 311 001a 70616C57 		.ascii	"palWriteBus\000"
 311      72697465 
 311      42757300 
 312 0026 00       		.ascii	"\000"
 313 0027 00       		.ascii	"\000"
 314 0028 00       		.ascii	"\000"
 315 0029 00000000 		.ascii	"\000\000\000\000\000\000\000\000"
 315      00000000 
 316 0031 1E010000 		.ascii	"\036\001\000\000"
 317 0035 70616C53 		.ascii	"palSetBusMode\000"
 317      65744275 
 317      734D6F64 
 317      6500
 318 0043 00       		.ascii	"\000"
 319 0044 00       		.ascii	"\000"
 320 0045 00       		.ascii	"\000"
 321 0046 00000000 		.ascii	"\000\000\000\000\000\000\000\000"
 321      00000000 
 322 004e 23010000 		.ascii	"#\001\000\000"
 323 0052 5F70616C 		.ascii	"_pal_lld_setgroupmode\000"
 323      5F6C6C64 
 323      5F736574 
 323      67726F75 
 323      706D6F64 
 324 0068 00       		.ascii	"\000"
 325 0069 02       		.ascii	"\002"
 326 006a 00       		.ascii	"\000"
 327 006b 00000000 		.ascii	"\000\000\000\000\000\000\000\000"
 327      00000000 
 328 0073 29010000 		.ascii	")\001\000\000"
 329              		.text
 330              		.section	.gnu.lto_.opts,"",%progbits
 331 0000 272D666D 		.ascii	"'-fmath-errno' '-fsigned-zeros' '-ftrapping-math' '"
 331      6174682D 
 331      6572726E 
 331      6F272027 
 331      2D667369 
 332 0033 2D666E6F 		.ascii	"-fno-trapv' '-fno-openmp' '-fno-openacc' '-mcpu=cor"
 332      2D747261 
 332      70762720 
 332      272D666E 
 332      6F2D6F70 
 333 0066 7465782D 		.ascii	"tex-m4' '-mno-thumb-interwork' '-mthumb' '-O2' '-fo"
 333      6D342720 
 333      272D6D6E 
 333      6F2D7468 
 333      756D622D 
 334 0099 6D69742D 		.ascii	"mit-frame-pointer' '-falign-functions=16' '-ffuncti"
 334      6672616D 
 334      652D706F 
 334      696E7465 
 334      72272027 
ARM GAS  C:\Users\RUVIMK~1\AppData\Local\Temp\ccRGDwEA.s 			page 25


 335 00cc 6F6E2D73 		.ascii	"on-sections' '-fdata-sections' '-fno-common' '-flto"
 335      65637469 
 335      6F6E7327 
 335      20272D66 
 335      64617461 
 336 00ff 2700     		.ascii	"'\000"
 337              		.text
 338              		.comm	__gnu_lto_v1,1,1
 339              		.comm	__gnu_lto_slim,1,1
 340              		.ident	"GCC: (GNU Tools for Arm Embedded Processors 7-2017-q4-major) 7.2.1 20170904 (release) [ARM
ARM GAS  C:\Users\RUVIMK~1\AppData\Local\Temp\ccRGDwEA.s 			page 26


DEFINED SYMBOLS
                            *ABS*:00000000 hal_pal.c
                            *COM*:00000001 __gnu_lto_v1
                            *COM*:00000001 __gnu_lto_slim

NO UNDEFINED SYMBOLS
