ARM GAS  C:\Users\RUVIMK~1\AppData\Local\Temp\ccbPpwv1.s 			page 1


   1              		.cpu cortex-m4
   2              		.eabi_attribute 20, 1
   3              		.eabi_attribute 21, 1
   4              		.eabi_attribute 23, 3
   5              		.eabi_attribute 24, 1
   6              		.eabi_attribute 25, 1
   7              		.eabi_attribute 26, 1
   8              		.eabi_attribute 30, 2
   9              		.eabi_attribute 34, 1
  10              		.eabi_attribute 18, 4
  11              		.file	"hal_lld.c"
  12              		.section	.gnu.lto_.profile.211d8b17,"",%progbits
  13 0000 789C6363 		.ascii	"x\234cc```\001bF\206\322D\000\001\303\000\342"
  13      60606001 
  13      624686D2 
  13      440001C3 
  13      00E2
  14              		.text
  15              		.section	.gnu.lto_.icf.211d8b17,"",%progbits
  16 0000 789C6363 		.ascii	"x\234cc``\020a@\000f\206\313\253/\257gg\234\273s\361"
  16      60601061 
  16      40006686 
  16      CBAB2FAF 
  16      67679CBB 
  17 0016 3646A603 		.ascii	"6F\246\003\267\257M`g\000\000_\317\010\340"
  17      B7AF4D60 
  17      6700005F 
  17      CF08E0
  18              		.text
  19              		.section	.gnu.lto_.jmpfuncs.211d8b17,"",%progbits
  20 0000 789C6363 		.ascii	"x\234cc``\340b@\000&0\311\010\304\000\001\252\000\024"
  20      6060E062 
  20      40002630 
  20      C908C400 
  20      01AA0014 
  21              		.text
  22              		.section	.gnu.lto_.inline.211d8b17,"",%progbits
  23 0000 789C6363 		.ascii	"x\234cc``0c@\000&\006\006USF\006&\207=\257\230\031\330"
  23      60603063 
  23      40002606 
  23      06555346 
  23      0626873D 
  24 0018 16C83381 		.ascii	"\026\3103\201\004\031\271\340\004\303\001\206#\214@"
  24      0419B9E0 
  24      04C30186 
  24      238C40
  25 0027 F9AA65D7 		.ascii	"\371\252e\327\305\341\362\014\000\330?\007\300"
  25      C5E1F20C 
  25      00D83F07 
  25      C0
  26              		.text
  27              		.section	.gnu.lto_.pureconst.211d8b17,"",%progbits
  28 0000 789C6363 		.ascii	"x\234cc```\005b&\006)F)\000\000\374\000C"
  28      60606005 
  28      62260629 
  28      46290000 
  28      FC0043
ARM GAS  C:\Users\RUVIMK~1\AppData\Local\Temp\ccbPpwv1.s 			page 2


  29              		.text
  30              		.section	.gnu.lto_hal_lld_init.211d8b17,"",%progbits
  31 0000 789CA556 		.ascii	"x\234\245V[H\024a\024\376\317\3743\263\263\241F\020"
  31      5B481461 
  31      14FECFFC 
  31      33B3B3A1 
  31      4610
  32 0012 A4A610F4 		.ascii	"\244\246\020\364\344\213C%\022=\364\330C\320S\275G\332"
  32      E48B4325 
  32      123DF4D8 
  32      43D053BD 
  32      47DA
  33 0024 43816064 		.ascii	"C\201`d\017>\004\216\271^\272Q\017\271Bl\265\021\225"
  33      0F3E048E 
  33      B95EBA51 
  33      0FB9426C 
  33      B51195
  34 0037 1615915D 		.ascii	"\026\025\221]\\3W-\3232-/\335LSS3\323n\012]u;\347\377"
  34      5C33572D 
  34      D3322D2F 
  34      DD4C5353 
  34      33D36E0A 
  35 0050 A7669520 		.ascii	"\247f\225 G\207\235\263s9\373}\3379\347\377\317Y\235"
  35      47879DB3 
  35      7339FB7D 
  35      DF39E7FF 
  35      CF599D
  36 0063 3176C7CB 		.ascii	"1v\307\313\330:\374N\303\0234\006\312\321V\306\362\015"
  36      D83AFC4E 
  36      C3133406 
  36      CAD156C6 
  36      F20D
  37 0075 45E1E7D2 		.ascii	"E\341\347\322\231\265H\035]\306\254\030\016\252|\254"
  37      99B5481D 
  37      5DC6AC18 
  37      0EAA7CAC 
  38 0085 02D08565 		.ascii	"\002\320\205e\000\313S\270\012yp\210\037\343P_<\\\245"
  38      00CB53B8 
  38      0A797088 
  38      1FE3505F 
  38      3C5CA5
  39 0098 A49CB7F0 		.ascii	"\244\234\267\360\010\227uz\212\254\302\370\000g\314"
  39      0897757A 
  39      8AACC2F8 
  39      0067CC
  40 00a7 8F271D70 		.ascii	"\217'\035p\015R\030\272\015\\\235.\215\325U\371\034"
  40      0D5218BA 
  40      0D5C9D2E 
  40      8DD555F9 
  40      1C
  41 00b8 2A416780 		.ascii	"*Ag\200\027W\332\265\2605\035)\266\302-g\240c\343J`"
  41      1757DAB5 
  41      B0351D29 
  41      B6C22D67 
  41      A063E34A 
  42 00cd 010E0A19 		.ascii	"\001\016\012\031NF%\243\221\321\311x\310\030db\310,"
  42      4E4625A3 
ARM GAS  C:\Users\RUVIMK~1\AppData\Local\Temp\ccbPpwv1.s 			page 3


  42      91D1C978 
  42      C8186462 
  42      C82C
  43 00df 21134F26 		.ascii	"!\023O&\201L\"\231\345d\222\310$\223a\254\004\371P\266"
  43      814C2299 
  43      E56492C8 
  43      249361AC 
  43      04F950B6 
  44 00f3 1566FBB9 		.ascii	"\025f\373\271BW\005a6\012\365\241w\3372I\305q\016(\316"
  44      42570561 
  44      360AF5A1 
  44      77DF3249 
  44      C5710E28 
  45 0108 5F58DFE6 		.ascii	"_X\337\3469\310\003\\\001\322\352;qo\330+o\255O%\226"
  45      39C8035C 
  45      01D2EA3B 
  45      716FD82B 
  45      6FAD4F25 
  46 011d 8A8FBAAB 		.ascii	"\212\217\272\253\007z\365 \234\314\3070W\0048\207\033"
  46      077AF520 
  46      9CCCC730 
  46      57043887 
  46      1B
  47 012e 9004D791 		.ascii	"\220\004\327\221\211\374\337\0176\327\304\231\227,\037"
  47      89FCDF0F 
  47      36D7C499 
  47      972C1F
  48 013d 04302F37 		.ascii	"\0040/7!\010\245\"z\270\005&\222\025|+\002\311\245H"
  48      2108A522 
  48      7AB80526 
  48      92157C2B 
  48      02C9A548 
  49 0151 BA8EFEBB 		.ascii	"\272\216\376\273~\215\360\001\372\"\221\310b\250B \024"
  49      7E8DF001 
  49      FA2291C8 
  49      62A84220 
  49      14
  50 0162 D57940F8 		.ascii	"\325y@\370\271\243\0139t\325`\"\007!M\032\256\200\362"
  50      B9A30B39 
  50      74D56022 
  50      07214D1A 
  50      AE80F2
  51 0175 E99D0AB7 		.ascii	"\351\235\012\267\035\250\0320\243\363\242\002\203;R"
  51      1DA81A30 
  51      A3F3A202 
  51      833B52
  52 0184 64A8E207 		.ascii	"d\250\342\007\227\321\304\270\023Z+\320\251\352\020"
  52      97D1C4B8 
  52      135A2BD0 
  52      A9EA10
  53 0193 167971AB 		.ascii	"\026yq\253R\240\3249(\365BcOS\305E.\223\031\021\311"
  53      52A0D439 
  53      28F54263 
  53      4F53C545 
  53      2E931911 
  54 01a8 6C903AE7 		.ascii	"l\220:\347\227\202\273\016\374=0\235\230\177\3311sw"
  54      9782BB0E 
ARM GAS  C:\Users\RUVIMK~1\AppData\Local\Temp\ccbPpwv1.s 			page 4


  54      FC3D309D 
  54      987FD931 
  54      7377
  55 01ba 6A1B059C 		.ascii	"j\033\005\234Bp\367g\255\005U\202\035\236z]\027%?\016"
  55      4270F767 
  55      AD055582 
  55      1D9E7A5D 
  55      17253F0E 
  56 01ce 9A16B016 		.ascii	"\232\026\260\026\232\035\272\007\264\026\324\371'\342"
  56      9A1DBA07 
  56      B416D4F9 
  56      27E2
  57 01dc A103D512 		.ascii	"\241\003\325\022\235\210);\021K\334){$\340\304\336o"
  57      9D88293B 
  57      114BDC29 
  57      7B24E0C4 
  57      DE6F
  58 01ee 9D7FF1DB 		.ascii	"\235\177\361\333\034\224\307(jA\225~\342`\265G\007X"
  58      1C94C728 
  58      6A41957E 
  58      E260B547 
  58      0758
  59 0200 A2C90035 		.ascii	"\242\311\0005w\322:\004\234Jp\235\263*m\2035\206~L\304"
  59      77D23A04 
  59      9C4A709D 
  59      B32A6D83 
  59      35867E4C 
  60 0215 C84A53B3 		.ascii	"\310JS\263\004\350Z@\245\237:t\317\250\322\272\020\357"
  60      04E85A40 
  60      A59F3A74 
  60      CFA8D2BA 
  60      10EF
  61 0227 95841E77 		.ascii	"\225\204\036wX\317\005\226FX/fI7\020lA:_:\330\335\244"
  61      58CF0596 
  61      46582F66 
  61      4937106C 
  61      413A5F3A 
  62 023e D390CDF7 		.ascii	"\323\220\315\367{\372\337\221\340\023\223\243\267\\"
  62      7BFADF91 
  62      E01393A3 
  62      B75C
  63 024c 1753C1CF 		.ascii	"\027S\301\317!zZ\300+\320\241\207\206E\017\311\211\217"
  63      217A5AC0 
  63      2BD0A187 
  63      86450FC9 
  63      898F
  64 025e EE499AF0 		.ascii	"\356I\232\360<=\345\273\354\225\267V_\276\350\325\345"
  64      3C3DE5BB 
  64      EC95B756 
  64      5FBEE8D5 
  64      E5
  65 026f 7521CB8B 		.ascii	"u!\313\213\362P\200\016\257QZ\257-\255\246\254\262\030"
  65      F250800E 
  65      AF515AAF 
  65      2DADA6AC 
  65      B218
  66 0281 FE4AEB13 		.ascii	"\376J\353\023\322t\301\301\240\377O\344'>\352\222,A"
ARM GAS  C:\Users\RUVIMK~1\AppData\Local\Temp\ccbPpwv1.s 			page 5


  66      D274C1C1 
  66      A0FF4FE4 
  66      273EEA92 
  66      2C41
  67 0293 F25D1EA9 		.ascii	"\362]\036\251\015,\262\313\246\300\200\223\213\036\221"
  67      0D2CB2CB 
  67      A6C08093 
  67      8B1E91
  68 02a2 8B3992BD 		.ascii	"\2139\222\275\231A6H\251H\220\353m\257dK\214\312+\374"
  68      99413648 
  68      A94890EB 
  68      6DAF644B 
  68      8CCA2BFC 
  69 02b6 6FED0E09 		.ascii	"o\355\016\0114\217\2156,\245\377*\252\320$\326r\011"
  69      348F8D36 
  69      2CA5FF2A 
  69      AAD024D6 
  69      7209
  70 02c8 37787630 		.ascii	"7xv0\350\265\225\353\360\026\261\206\300\327\335\220"
  70      E8B595EB 
  70      F016B186 
  70      C0D7DD90 
  71 02d8 663BA147 		.ascii	"f;\241G\331\370\367D\333A\205\021\"\303c?n\212s\351"
  71      D9F8F744 
  71      DB418511 
  71      22C3633F 
  71      6E8A73E9 
  72 02ec 724C4E8E 		.ascii	"rLN\216L\257\267\003\235\213\270`\006\251{7C\335\250"
  72      4CAFB703 
  72      9D8BB860 
  72      06A97B37 
  72      43DDA8
  73 02ff E8D217BE 		.ascii	"\350\322\027\276\236\232P\345$\261\220\353\275\275s"
  73      9E9A50E5 
  73      24B190EB 
  73      BDBD73
  74 030e 4722EEE1 		.ascii	"G\"\356\341\307f\300\217\333{\227t\253\321\363\275\271"
  74      C766C08F 
  74      DB7B9774 
  74      ABD1F3BD 
  74      B9
  75 031f C023034D 		.ascii	"\300#\003M\232{\225>\010h\303\206\376\370'\257 \201"
  75      9A7B953E 
  75      0868C386 
  75      FEF827AF 
  75      2081
  76 0331 922556E5 		.ascii	"\222%V\345\221\352\256X\273c\377\244\201\363i\236k\342"
  76      91EAAE58 
  76      BB63FFA4 
  76      81F3699E 
  76      6BE2
  77 0343 F30CB62F 		.ascii	"\363\014\266/\264&\222\331\030\024\004k\217\211&K\277"
  77      B42692D9 
  77      1814046B 
  77      8F89264B 
  77      BF
  78 0354 A8AA1AEB 		.ascii	"\250\252\032\353\366\344MYF\200{\374\324\216a\002\362"
ARM GAS  C:\Users\RUVIMK~1\AppData\Local\Temp\ccbPpwv1.s 			page 6


  78      F6E44D59 
  78      46807BFC 
  78      D48E6102 
  78      F2
  79 0365 F09F8D21 		.ascii	"\360\237\215!\034\307\227\376\333\017\273\032L\332~"
  79      1CC797FE 
  79      DB0FBB1A 
  79      4CDA7E
  80 0374 1F605FF0 		.ascii	"\037`_\360|\251\330\272\242\274%\270\3030M\010\2656"
  80      7CA9D8BA 
  80      A2BC25B8 
  80      C3304D08 
  80      B536
  81 0386 35D5C44F 		.ascii	"5\325\304O\346\216\235\031;\263sV\255]mf\347\230;\266"
  81      E68E9D19 
  81      3BB37356 
  81      AD5D6D66 
  81      E7983BB6 
  82 039a 6599BBB2 		.ascii	"e\231\273\262w\357\31117o\331\264f\265\264\033\322r"
  82      77EFC931 
  82      376FD9B4 
  82      66B5B41B 
  82      D272
  83 03ac 73E9CDD6 		.ascii	"s\351\315\326\254\254\355\251\231\3547\276\2125L"
  83      ACACEDA9 
  83      99EC37BE 
  83      8A354C
  84              		.text
  85              		.section	.gnu.lto_stm32_clock_init.211d8b17,"",%progbits
  86 0000 789CA557 		.ascii	"x\234\245WMP\024G\024\3567\263;;;\373\313\262\300\212"
  86      4D501447 
  86      14EE37B3 
  86      3B3B3BFB 
  86      CBB2C08A 
  87 0014 3FE5D58B 		.ascii	"?\345\325\213\233\250\007+7.\271\345\024+\267T*1\007"
  87      9BA8072B 
  87      372EB9E5 
  87      142BB754 
  87      2A3107
  88 0027 4DAC3215 		.ascii	"M\2542\025\255\2247ge\027X!j\252P+d\265HR&\222R\211"
  88      AD943767 
  88      65175821 
  88      6AAA502B 
  88      64B54852 
  89 003f 11A3803F 		.ascii	"\021\243\200?\013J`QQ\214&\"\242FE\001\361'\021\177"
  89      0B4A6051 
  89      518C2622 
  89      A2464501 
  89      F127117F 
  90 0053 4060D3AF 		.ascii	"@`\323\257\273gg\262V*\031\330\242\336\364t\317|\357"
  90      BB6767B2 
  90      562A19D8 
  90      A2DEF474 
  90      CF7CEF
  91 0066 7BDF7BFD 		.ascii	"{\337{\375\246Q\010!Y?!o\320\353\012 \004\346\020\220"
  91      A6510821 
  91      593F216F 
ARM GAS  C:\Users\RUVIMK~1\AppData\Local\Temp\ccbPpwv1.s 			page 7


  91      D0EB0A20 
  91      04E61090 
  92 007a B6F51012 		.ascii	"\266\365\020\022S%\220\371@\226\"M\355\204\350\232\343"
  92      532590F9 
  92      4096224D 
  92      ED84E89A 
  92      E3
  93 008b 9A87E8DE 		.ascii	"\232\207\350\336\010\237/s\200\223\257;\245\022\276"
  93      089F2F73 
  93      8093AF3B 
  93      A512BE
  94 009a AEB0F512 		.ascii	"\256\260\365\022>_\246\200\213\257\273\244b\276\256"
  94      3E5FA680 
  94      8BAFBBA4 
  94      62BEAE
  95 00a9 B2F5623E 		.ascii	"\262\365b>_\246\202\233\257\273\245\"\276\036b\353E"
  95      5FA6829B 
  95      AFBBA522 
  95      BE1E62EB 
  95      45
  96 00ba 7CBE2C04 		.ascii	"|\276,\004\032^A\223\302|\331\303\226\303|\272\314#"
  96      1A5E4193 
  96      C27CD9C3 
  96      96C37CBA 
  96      CC23
  97 00cc 79BB4AE9 		.ascii	"y\273J\351\254\277k)\235\365J>\313\235\017\002\034\332"
  97      ACBF6B29 
  97      9DF54A3E 
  97      CB9D0F02 
  97      1CDA
  98 00de 6F0C0210 		.ascii	"o\014\002\020\344\203\240T\310\321\012\030Z!\237/+\000"
  98      E483A054 
  98      C8D10A18 
  98      5A219F2F 
  98      2B00
  99 00f0 C0ABAE02 		.ascii	"\300\253\256\002\331(\311\021\207\263Dq\025\253\356"
  99      D928C911 
  99      87B34471 
  99      15ABEE
 100 00ff A29016F6 		.ascii	"\242\220\026\366x}\376@\260\260\0006\272d\"~Nc\3402"
 100      787DFE40 
 100      B0B00036 
 100      BA64227E 
 100      4E63E032 
 101 0113 066E63A0 		.ascii	"\006nc\240\031\203\2401\250\221keh\257\274\333,-\372"
 101      1983A031 
 101      A8916B65 
 101      68AFBCDB 
 101      2C2DFA
 102 0126 5EA7BFF4 		.ascii	"^\247\277\364\3161\255BODR\024n\207\200\204C\260\210"
 102      CE31AD42 
 102      4F445214 
 102      6E878084 
 102      43B088
 103 0139 D0C76E1D 		.ascii	"\320\307n\035\234\336\356S\034|\036\232@!4)\244\361"
 103      9CDEEE53 
 103      1C7C1E9A 
ARM GAS  C:\Users\RUVIMK~1\AppData\Local\Temp\ccbPpwv1.s 			page 8


 103      40213429 
 103      A4F1
 104 014b A233AD4F 		.ascii	"\2423\255Og+\365\364\350\267\360\345;\257\001I\311 "
 104      672BF5F4 
 104      E8B7F0E5 
 104      3BAF0149 
 104      C920
 105 015d A191D138 		.ascii	"\241\221\3218\3208\321(h\\hT4n4\032\032\017\032/\032"
 105      D038D128 
 105      685C6854 
 105      346E341A 
 105      1A0F1A2F 
 106 0172 1F1A3F9A 		.ascii	"\037\032?\232\000\232 \232\0024!4\205h\302h\212\320"
 106      009A209A 
 106      02342134 
 106      8568C268 
 106      8AD0
 107 0184 14A32941 		.ascii	"\024\243)A\023A3\007M)\232\271h\346\241\231\217f\001"
 107      13413307 
 107      4D299AB9 
 107      68E6A199 
 107      8F6601
 108 0197 1A42AA28 		.ascii	"\032B\252(\353k\036=M\222\262D\007\345i2\002\355cC\231"
 108      EB6B1E3D 
 108      4D92B244 
 108      07E56932 
 108      02ED6343 
 109 01ac 8486A1D0 		.ascii	"\204\206\241\320\360v$\332\317\273\252\345\224,\001"
 109      F07624DA 
 109      CFBBAAE5 
 109      942C01
 110 01bb 461BDFD5 		.ascii	"F\033\337\325q\327\315o\365\307U\272\203N\365\267\336"
 110      71D7CD6F 
 110      F5C755BA 
 110      834EF5B7 
 110      DE
 111 01cc BAAED4C3 		.ascii	"\272\256\324\303\356\030\025\252\2764%\313\3603\314"
 111      EE1815AA 
 111      BE3425CB 
 111      F033CC
 112 01db 83C3D417 		.ascii	"\203\303\324\027\276p\377N\346\270?\272_\217\307\364"
 112      BE70FF4E 
 112      E6B83FBA 
 112      5F8FC7F4 
 113 01eb 8529D901 		.ascii	"\205)\331\001G\240\036\2663\011\341(D\351\003G.\327"
 113      47A01EB6 
 113      3309E128 
 113      44E90347 
 113      2ED7
 114 01fd 753B11D1 		.ascii	"u;\021\321\001(5@3}\223\221\350\031T\362I8\031\211\257"
 114      01283540 
 114      337D9391 
 114      E81954F2 
 114      49381989 
 115 0212 A7E207DC 		.ascii	"\247\342\007\334\374V\277\031c$\366\266\265\350n\013"
 115      FC56BF19 
 115      6324F6B6 
ARM GAS  C:\Users\RUVIMK~1\AppData\Local\Temp\ccbPpwv1.s 			page 9


 115      B5E86E0B 
 116 0222 09055A29 		.ascii	"\011\005Z)\211\026A\342\370\316\246J\260\2208\306H`"
 116      891641E2 
 116      F8CEA64A 
 116      B09038C6 
 116      4860
 117 0234 9EE03823 		.ascii	"\236\3408#\361\254\341i\253\317 !\301\011N\241ex\200"
 117      F1ACE169 
 117      ABCF2021 
 117      C1094EA1 
 117      657880
 118 0247 53A89321 		.ascii	"S\250\223!/\320\205\377\032' \310I\346@B\007i\210R\254"
 118      2FD085FF 
 118      1A2720C8 
 118      49E64042 
 118      07698852 
 119 025c F21715C0 		.ascii	"\362\027\025\300\221$\016\326t\272\263BE\217@\177m\334"
 119      91240ED6 
 119      74BAB342 
 119      458F407F 
 119      6DDC
 120 026e DFA5CD20 		.ascii	"\337\245\315 \002\266\341\252\335tu\012\242ul\224\224"
 120      02B6E1AA 
 120      DD74750A 
 120      A2756C94 
 120      94
 121 027f 65423707 		.ascii	"eB7\007\317f\313\360\365A\027\367-\377oh!\324i\023\274"
 121      CF66CBF0 
 121      F54117F7 
 121      2DFF6F68 
 121      21D46913 
 122 0294 83C73159 		.ascii	"\203\3071Y\221qr0\007\307\353\310>O\007x \022\374Bq"
 122      91717230 
 122      07C7EBC8 
 122      3E4F0778 
 122      2012FC42 
 123 02a9 06217EF5 		.ascii	"\006!~\365\324Y\021-\346\246q\264y\334\307\237 \320"
 123      D459112D 
 123      E6A671B4 
 123      79DCC79F 
 123      20D0
 124 02bb 899E0816 		.ascii	"\211\236\010\026^\204\320m\015I\331\221\253\273\226"
 124      5E84D06D 
 124      0D49D991 
 124      ABBB96
 125 02ca E1D13D82 		.ascii	"\341\321=\202\251\323\236\010]\214'\333\201\031\203"
 125      A9D39E08 
 125      5D8C27DB 
 125      811983
 126 02d9 A76020C0 		.ascii	"\247` \300N<K|\3069Lf\263\331\000t\317B\3623\246\267"
 126      4E3C4B7C 
 126      C6394C66 
 126      B3D90074 
 126      CF42F233 
 127 02ef B328B9C2 		.ascii	"\263(\271\302$wZ%\177\320!\002q\331\225\374\234\011"
 127      24775A25 
 127      7FD02102 
ARM GAS  C:\Users\RUVIMK~1\AppData\Local\Temp\ccbPpwv1.s 			page 10


 127      71D995FC 
 127      9C09
 128 0301 DE6384D2 		.ascii	"\336c\204\322'$W9\336\313\241\332>\340\301x\341<\227"
 128      27245739 
 128      DECBA1DA 
 128      3EE0C178 
 128      E13C97
 129 0314 BC3F27B9 		.ascii	"\274?'\271j\321\270Dh\254X4\0367j\332m/\352\013f-\364"
 129      6AD1B844 
 129      68AC5834 
 129      1E376ADA 
 129      6D2FEA0B 
 130 032b E669AC71 		.ascii	"\346i\254q\260\306L\242S\360\032\007\2708\013\205\177"
 130      B0C64CA2 
 130      53F01A07 
 130      B8380B85 
 130      7F
 131 033c 357D5D42 		.ascii	"5}]B\2055\336\021&xy\330n:\227MM\177c\373=\327P\034"
 131      8535DE11 
 131      267879D8 
 131      6E3A974D 
 131      4D7F63FB 
 132 0354 B4247F37 		.ascii	"\264$\1777v\373W\225\"i\036{l\2570x\007\302\367\345"
 132      76FB5795 
 132      22691E7B 
 132      6CAF3078 
 132      07C2F7E5 
 133 0368 ED762F05 		.ascii	"\355v/\005\233\325\366\276jb\367\243\022^Vk.k\255\245"
 133      9BD5F6BE 
 133      6A62F7A3 
 133      125E566B 
 133      2E6BADA5 
 134 037c 3A056D9F 		.ascii	":\005m\237\335Z\273f\202\017\344oo?\305{u?\373-\305"
 134      DD5ABB66 
 134      820FE46F 
 134      6F3FC57B 
 134      753FFB2D 
 135 0391 552C8A4B 		.ascii	"U,\212K\265|8~\250\324f\224\241\353\214\011~\244\341"
 135      B57C387E 
 135      A8D46694 
 135      A1EB8C09 
 135      7EA4E1
 136 03a4 06CB50F7 		.ascii	"\006\313P\367\236\201oDG\336\2667\261\034n\032I\332"
 136      9E816F44 
 136      47DEB637 
 136      B11C6E1A 
 136      49DA
 137 03b6 774F946F 		.ascii	"wO\224o\300\236\220\177\230%u+/IA\016\326;8q\336\315"
 137      C09E907F 
 137      9825752B 
 137      2F49410E 
 137      D63B3871 
 138 03cc CB97C2A9 		.ascii	"\313\227\302\251p{\026i\273cz\033\304\264\005Y\332\334"
 138      707B1669 
 138      BB637A1B 
 138      C4B40559 
 138      DADC
ARM GAS  C:\Users\RUVIMK~1\AppData\Local\Temp\ccbPpwv1.s 			page 11


 139 03de D6B41D35 		.ascii	"\326\264\0355\322V\220\367\375Z\370_\237\257\273\014"
 139      D25690F7 
 139      FD5AF85F 
 139      9FAFBB0C 
 140 03ee 1CBB0EDC 		.ascii	"\034\273\016\334\313O[\210\343\365w\037\275\3442b\001"
 140      CB4F5B88 
 140      E3F5771F 
 140      BDE43262 
 140      01
 141 03ff 18CACF63 		.ascii	"\030\312\317c\310\222\307\"\226\307*9D\363H\323\251"
 141      C892C722 
 141      96C72A39 
 141      44F348D3 
 141      A9
 142 0410 59495EB9 		.ascii	"YI^\271'H\026\332\255\255aS\201\221|\222a\216w&[\363"
 142      274816DA 
 142      ADAD6153 
 142      81917C92 
 142      618E7726 
 143 0426 C899133C 		.ascii	"\310\231\023<\010\367\363Y\206-,\303\242\332<\226j\253"
 143      08F7F359 
 143      862D2CC3 
 143      A2DA3C96 
 143      6AAB
 144 0438 6E98593F 		.ascii	"n\230Y?\0305\373\301\003VmM\217v\353\232\370\376\327"
 144      1835FBC1 
 144      03566D4D 
 144      8F76EB9A 
 144      F8FED7
 145 044b D79F96E1 		.ascii	"\327\237\226\341\241Qn72B\200\"k\333p\261s\310\346\362"
 145      A1516E37 
 145      32428022 
 145      6BDB70B1 
 145      73C8E6F2 
 146 045f B69F547E 		.ascii	"\266\237T~\253\247\267\351~:\325\367 ~\320cJ\244\302"
 146      ABA7B7E9 
 146      7E3AD5F7 
 146      207ED063 
 146      4AA4C2
 147 0472 634AE391 		.ascii	"cJ\343\221\240\3212\332pD\261\320\370\223\321\300\003"
 147      A0D132DA 
 147      7044B1D0 
 147      F893D1C0 
 147      03
 148 0483 29FC4525 		.ascii	")\374E%b\241/3\275\365n\351:'\266\300\027]1z,y\"\304"
 148      62A12F33 
 148      BDF56EE9 
 148      3A27B6C0 
 148      175D317A 
 149 049b 48D22E30 		.ascii	"H\322.0-\213\024e\336\345o\024[\371\271\031\277X\363"
 149      2D8B1465 
 149      DEE56F14 
 149      5BF9B919 
 149      BF58F3
 150 04ae B15A27BF 		.ascii	"\261Z'\277\325\257\2263~#\275c\027\234&?\015\236R~c"
 150      D5AF9633 
 150      7E23BD63 
ARM GAS  C:\Users\RUVIMK~1\AppData\Local\Temp\ccbPpwv1.s 			page 12


 150      179C263F 
 150      0D9E527E 
 151 04c3 825FC5D6 		.ascii	"\202_\305\326\232)\231\362\253e\374<\360\214\361S\221"
 151      9A2999F2 
 151      AB65FC3C 
 151      F08CF153 
 151      91
 152 04d4 DF7383DF 		.ascii	"\337s\203\337\230\303t\227\236\332}\330\217\370\264"
 152      98C37497 
 152      9EDA7DD8 
 152      8FF8B4
 153 04e3 C5C54F56 		.ascii	"\305\305OV9\340E\216\240\217\354\007#KC\311W\016\223"
 153      39E0458E 
 153      A08FEC07 
 153      234B43C9 
 153      570E93
 154 04f6 5EC66FE8 		.ascii	"^\306o\350\307\316\011\037\277\325_\360\303\344\305"
 154      C7CE091F 
 154      BFD55FF0 
 154      C3E4C5
 155 0505 EFF6B6A9 		.ascii	"\357\366\266\251F\036?\242gT\037LP\206\343\202a\366"
 155      461E3FA2 
 155      67541F4C 
 155      5086E382 
 155      61F6
 156 0517 F6C421EB 		.ascii	"\366\304!\353Nx\311\030\342I\036&Y\"\017\034\334\267"
 156      4E78C918 
 156      E2491E26 
 156      59220F1C 
 156      DCB7
 157 0529 4BE19A6D 		.ascii	"K\341\232m\222`\212\361I\312~\322\250\031lFrll\372\232"
 157      92608AF1 
 157      49CA7ED2 
 157      A8196C46 
 157      726C6CFA 
 158 053e 367D6599 		.ascii	"6}e\231\257\324\300\223\036Y\370\362\203.q_\001\313"
 158      AFD4C093 
 158      1E59F8F2 
 158      832E715F 
 158      01CB
 159 0550 A7F66583 		.ascii	"\247\366e\203(\236\022{\335#&\345\352s\223\364\317^"
 159      289E127B 
 159      DD2326E5 
 159      EA7393F4 
 159      CF5E
 160 0562 15A160AC 		.ascii	"\025\241`\254-\317\2643\225\233\330q\211v\246\010c\035"
 160      2DCFB433 
 160      959BD871 
 160      8976A608 
 160      631D
 161 0574 B46EFA49 		.ascii	"\264n\372I\243\346\347\330\335\364\011\023\274B\312"
 161      A3E6E7D8 
 161      DDF40913 
 161      BC42CA
 162 0583 3BBC9452 		.ascii	";\274\224R\274WO+\245\024\245\256u\254[\364\001\025"
 162      BC574F2B 
 162      A514A5AE 
ARM GAS  C:\Users\RUVIMK~1\AppData\Local\Temp\ccbPpwv1.s 			page 13


 162      75AC5BF4 
 162      0115
 163 0595 2A2563C7 		.ascii	"*%c\307\027\212\035_`Q\264\372c\376\332\\{AW1^\370\217"
 163      178A1D5F 
 163      6051B4FA 
 163      63FEDA5C 
 163      7B415731 
 164 05ac 1E24F304 		.ascii	"\036$\363\004\235G\301X\177\234\251\240\233M\354j\024"
 164      9D47C158 
 164      7F9CA9A0 
 164      9B4DEC6A 
 164      14
 165 05bd 94370E37 		.ascii	"\2247\0167G\237o\017\253\206ay\020\353\363<\236\013"
 165      479F6F0F 
 165      AB866179 
 165      10EBF33C 
 165      9E0B
 166 05cf 28D8AC78 		.ascii	"(\330\254xn1\261\267\"\317\005\344!l\252?\264\217A\011"
 166      6E31B1B7 
 166      22CF05E4 
 166      216CAA3F 
 166      B48F4109 
 167 05e3 C9814A4D 		.ascii	"\311\201JM[\366\362\305\213\243\364o\345\252\325\037"
 167      5BF6F2C5 
 167      8BA3F46F 
 167      E5AAD51F 
 168 05f3 AC5EBBEE 		.ascii	"\254^\273\356\365\345K\242k\327EW\275\277&\372\311\332"
 168      F5E54BA2 
 168      6BD74557 
 168      BDBF26FA 
 168      C9DA
 169 0605 4FD7AF8B 		.ascii	"O\327\257\213\276\275\342\255\245K\270}s\331\206\015"
 169      BEBDE2AD 
 169      A54BB87D 
 169      73D9860D 
 170 0615 B8F2DE9A 		.ascii	"\270\362\336\2325\037.^I\376\006\003\261\021H"
 170      351F2E5E 
 170      49FE0603 
 170      B11148
 171              		.text
 172              		.section	.gnu.lto_.symbol_nodes.211d8b17,"",%progbits
 173 0000 789C6363 		.ascii	"x\234cc``H\004b\006\246\335L\365\014\014\023\31610\000"
 173      60604804 
 173      6206A6DD 
 173      4CF50C0C 
 173      13CE3130 
 174 0015 A95D0D8E 		.ascii	"\251]\015\216@\221=L\365\214(\"\254;\231\030\032\225"
 174      40913D4C 
 174      F58C2822 
 174      AC3B9918 
 174      1A95
 175 0027 808A19F7 		.ascii	"\200\212\031\3671\3253\201\245\030\030\032\032\034\200"
 175      31D53381 
 175      A518181A 
 175      1A1C80
 176 0036 027B99EA 		.ascii	"\002{\231\352\231\221\005\230\031X\030Z&\275\221g\006"
 176      99910598 
ARM GAS  C:\Users\RUVIMK~1\AppData\Local\Temp\ccbPpwv1.s 			page 14


 176      1958185A 
 176      26BD9167 
 176      06
 177 0047 B2960069 		.ascii	"\262\226\000i\006\000\203\230\027("
 177      06008398 
 177      1728
 178              		.text
 179              		.section	.gnu.lto_.refs.211d8b17,"",%progbits
 180 0000 789C6363 		.ascii	"x\234cc```\004b\006\000\000D\000\010"
 180      60606004 
 180      62060000 
 180      440008
 181              		.text
 182              		.section	.gnu.lto_.decls.211d8b17,"",%progbits
 183 0000 789CCD59 		.ascii	"x\234\315Y}P\024I\226\357\254l\272i@4\320\330\233\270"
 183      7D501449 
 183      96EFAC6C 
 183      BA694034 
 183      D0D89BB8 
 184 0014 202E3CD7 		.ascii	" .<\327\275\341b\003\021tw\214\275\271\213\301F\006"
 184      BDE16203 
 184      1174778C 
 184      BDB98BC1 
 184      4606
 185 0026 6E758768 		.ascii	"nu\207h\234\335\330\015vX\006\230\035v\005f\205\271"
 185      9CDDD80D 
 185      76580698 
 185      1D760566 
 185      85B9
 186 0038 D5B87F9A 		.ascii	"\325\270\177\232o\344CQ\301\017\020A\300\017FT\034\005"
 186      6FE44351 
 186      C10F1041 
 186      C00F4654 
 186      1C05
 187 004a 54401010 		.ascii	"T@\020\020\221Q`\332O\024\344CD\024T\204\001\025P\356"
 187      915160DA 
 187      4F14E443 
 187      44145484 
 187      011550EE 
 188 005e 65665557 		.ascii	"efUWvu3\343n\\\\\\\007\257\252^\345/\337{\371\336\313"
 188      767533E3 
 188      6E5C5C5C 
 188      07AFAA5E 
 188      E52FDF7B 
 189 0075 97998546 		.ascii	"\227\231\205F\245R\271-V\251r\325*\325\373H\245\232"
 189      A552B92D 
 189      56A972D5 
 189      2AD5FB48 
 189      A59A
 190 0087 851F8677 		.ascii	"\205\037\206w\027T\362\017\232T\325@\265@ub\033@Um*"
 190      1754F20F 
 190      9A54D540 
 190      B5407562 
 190      1B40556D 
 191 009c CBDF5FE1 		.ascii	"\313\337_\341\245\016\356\177\000z\027\310\035\370\237"
 191      A50EEE7F 
 191      007A17C8 
ARM GAS  C:\Users\RUVIMK~1\AppData\Local\Temp\ccbPpwv1.s 			page 15


 191      1DF89F
 192 00ab 02DD80E7 		.ascii	"\002\335\200\347\237\301}\005\320\317\201\316\251\030"
 192      9FC17D05 
 192      D0CF81CE 
 192      A918
 193 00b9 CE019EFF 		.ascii	"\316\001\236\377\011h\001\2203\320\277\000\3753\320"
 193      09680190 
 193      33D0BF00 
 193      FD33D0
 194 00c8 32205720 		.ascii	"2 W O$\353^\205\230\336:\225\365\357\277I\377\037\320"
 194      4F24EB5E 
 194      8598DE3A 
 194      95F5EFBF 
 194      49FF1FD0 
 195 00dc EB0BE403 		.ascii	"\353\013\344\003\264\035h\033\320Z\240C@%@N*\246\233"
 195      B41D681B 
 195      D05AA043 
 195      4025404E 
 195      2AA69B
 196 00ef E85D04B4 		.ascii	"\350]\004\264\030\350_\311{\321\206\177\007\332\002"
 196      18E85FC9 
 196      7BD1867F 
 196      07DA02
 197 00fe 5404341F 		.ascii	"T\0044\037\350\307\210\215\277\326\206-\331\030\235"
 197      E8C7888D 
 197      BFD6862D 
 197      D9189D
 198 010d BB505BE7 		.ascii	"\273P[\347\330\203\272\221\000\260\005\364-B\354\012"
 198      D883BA91 
 198      00B005F4 
 198      2D42EC0A 
 199 011d 7742949F 		.ascii	"wB\224\237\225~\210\275\207\267\002\273\211P\302H]\220"
 199      957E88BD 
 199      87B702BB 
 199      8950C248 
 199      5D90
 200 012f F98D20CA 		.ascii	"\371\215 \312\020$\271\364O\024\200x\251\254\235\251"
 200      1024B9F4 
 200      4F148078 
 200      A9AC9DA9 
 201 013f 937E2C72 		.ascii	"\223~,r\354\201\353\307^\011\2622\256\213\225\255*s"
 201      EC81EBC7 
 201      5E09B232 
 201      AE8B95AD 
 201      2A73
 202 0151 B3D92879 		.ascii	"\263\331(y\220Ht\302\215\221\214\343N\275\350\036\264"
 202      904874C2 
 202      8D918CE3 
 202      4EBDE81E 
 202      B4
 203 0162 FE56A5CA 		.ascii	"\376V\245\312\262\217D\344\355\336\375\333\3121\026"
 203      B28F44E4 
 203      EDDEFDDB 
 203      CA3116
 204 0171 E8F3E97D 		.ascii	"\350\363\351}M_i\360|\372\334pe\262]\275\254\314\310"
 204      4D5F69F0 
 204      7CFADC70 
ARM GAS  C:\Users\RUVIMK~1\AppData\Local\Temp\ccbPpwv1.s 			page 16


 204      65B25DBD 
 204      ACCCC8
 205 0184 7EF6DBB0 		.ascii	"~\366\333\260\012U\",9\364\342\354\213\372\371\351\030"
 205      0A55222C 
 205      39F4E2EC 
 205      8BFAF9E9 
 205      18
 206 0195 B9382001 		.ascii	"\2718 \001X\323\350\225|G`\0279\240\005\300\226e\314"
 206      58D3E895 
 206      7C476017 
 206      39A005C0 
 206      9665CC
 207 01a8 66DBBDB3 		.ascii	"f\333\275\263\213t\314J0.\020\320\037~\204\316\"Wt\006"
 207      8B74CC4A 
 207      302E10D0 
 207      1F7E84CE 
 207      22577406 
 208 01bc B98239E7 		.ascii	"\271\2029\347\320;p\215R3I\351\245\035\225\216K\012"
 208      D03B708D 
 208      523349E9 
 208      A51D958E 
 208      4B0A
 209 01ce 8D85BDC6 		.ascii	"\215\205\275\306\372K\271n\373\257$\033;\240\337\007"
 209      FA4BB96E 
 209      FBAF241B 
 209      3BA0DF07 
 210 01de 14872A10 		.ascii	"\024\207*\020FUh\031\031E\005\321\216N\243^\204N\241"
 210      46556819 
 210      194505D1 
 210      8E4EA35E 
 210      844EA1
 211 01f1 1E184435 		.ascii	"\036\030D5Z\002\375\215C\325]\363\361\026D\215N\276"
 211      5A02FD8D 
 211      43D55DF3 
 211      F116448D 
 211      4EBE
 212 0203 F3ECA556 		.ascii	"\363\354\245V\024f\372i\256\261>\036D\011TR\215,\251"
 212      1466FA69 
 212      AEB13E1E 
 212      44095452 
 212      8D2CA9
 213 0216 4629A996 		.ascii	"F)\251\226JJ\037\236\332\206p.\223\024WS\335\244\001"
 213      4A4A1F9E 
 213      DA86702E 
 213      93145753 
 213      DDA401
 214 0229 49BD4663 		.ascii	"I\275Fc\375\255\262\345-\345C\306T\007f\323yY\322y\321"
 214      FDADB2E5 
 214      2DE543C6 
 214      540766D3 
 214      7959D279 
 215 023e 23A88E4A 		.ascii	"#\250\216J\270\374\260\341\036\306\335L\302\321\370"
 215      B8FCB0E1 
 215      1EC6DD4C 
 215      C2D1F8
 216 024d 8C8179A2 		.ascii	"\214\201y\242\204\341\032\267}\215\311\365\001L@\275"
 216      84E11AB7 
ARM GAS  C:\Users\RUVIMK~1\AppData\Local\Temp\ccbPpwv1.s 			page 17


 216      7D8DC9F5 
 216      014C40BD 
 217 025d 2CA05E12 		.ascii	",\240^\022p\201\012\350n)=\212\301\217\357: \022\332"
 217      70810AE8 
 217      6E293D8A 
 217      C18FEF3A 
 217      2012DA
 218 0270 F9F0EAC4 		.ascii	"\371\360\352\304\310\331W\363\330+\"\325\264m\254D\213"
 218      C8D957F3 
 218      D82B22D5 
 218      B46DAC44 
 218      8B
 219 0281 0B59BCBE 		.ascii	"\013Y\274\276M,\337\207Y\024\324\300>\277\232{\337\231"
 219      4D2CDF87 
 219      5914D4C0 
 219      3EBF9A7B 
 219      DF99
 220 0293 45617136 		.ascii	"Eaq6\026z:\247\273\234\221\203[\252\321\030o,L0\352"
 220      167A3AA7 
 220      BB9C9183 
 220      5BAAD118 
 220      6F2C4C30 
 221 02a8 FC54A819 		.ascii	"\374T\250\031\242p\021\242\200Z\220\033\021I\314@\215"
 221      A27011A2 
 221      805A901B 
 221      1149CC40 
 221      8D
 222 02b9 F0B2015E 		.ascii	"\360\262\001^\036\"\001\253\357\271\372\037{\307\214"
 222      1E2201AB 
 222      EFB9FA1F 
 222      7BC78C
 223 02c8 C6C5E812 		.ascii	"\306\305\350\022r@M\262\251\357:\260\200\225\226l/\322"
 223      72404DB2 
 223      A9EF3AB0 
 223      8095966C 
 223      2FD2
 224 02da E01C4C2C 		.ascii	"\340\034L,\020\252\363\036\\\024\346\322\361\315\234"
 224      10AAF31E 
 224      5C14E6D2 
 224      F1CD9C
 225 02e9 3A5E0C2F 		.ascii	":^\014/iN\"\221i\005\035\227e\035\240\222)y\270\363"
 225      694E2291 
 225      69051D97 
 225      651DA092 
 225      2979B8F3 
 226 02fd D51B350C 		.ascii	"\325\0335\014\205\264\033\247\222\335\340Uy\311\203"
 226      85B41BA7 
 226      92DDE055 
 226      79C983
 227 030c 1FE3D754 		.ascii	"\037\343\327T-\332z\244\275K\363\223bca\003I\232\367"
 227      2DDA7AA4 
 227      BD4BF393 
 227      62636103 
 227      499AF7
 228 031f 4B1A938D 		.ascii	"K\032\223\215Y\210\202\2572af#T\364\315\025bN\033\372"
 228      598882AF 
 228      32616623 
ARM GAS  C:\Users\RUVIMK~1\AppData\Local\Temp\ccbPpwv1.s 			page 18


 228      54F4CD15 
 228      624E1BFA 
 229 0333 09C9CDAB 		.ascii	"\011\311\315\253\227\272D\237\245\"\340g\216\014\376"
 229      97BA449F 
 229      A522E067 
 229      8E0CFE
 230 0342 0867AAA9 		.ascii	"\010g\252\251\330\355\243c;5\016\251\304D:\026\002\222"
 230      D8EDA363 
 230      3B350EA9 
 230      C4443A16 
 230      0292
 231 0354 057D4B8C 		.ascii	"\005}K\214C\036\256\360G\300\023%e\201.Y\"\366\0035"
 231      431EAEF0 
 231      47C01325 
 231      65812E59 
 231      22F60335 
 232 0368 D52E834D 		.ascii	"\325.\203M\310E\352B\300\225\203\227\233\035\230V#\321"
 232      C845EA42 
 232      C0958397 
 232      9B1D9856 
 232      23D1
 233 037a 5A72A677 		.ascii	"Zr\246w\006\341\335L\355\036\323\3115Dk\302[y\020:\324"
 233      06E1DD4C 
 233      ED1ED3C9 
 233      35446BC2 
 233      5B79103A 
 234 038f 37673C41 		.ascii	"7g<A\270\210\365N\355K\271&\212~I\370\334\352\357Z\355"
 234      B888F54E 
 234      ED4BB926 
 234      8A7E49F8 
 234      DCEAEF5A 
 235 03a4 186F0F6C 		.ascii	"\030o\017l\325\323\243U\363XR\324\223\346\331\206\027"
 235      D5D3A355 
 235      F35852D4 
 235      93E6D986 
 235      17
 236 03b5 B7E7E123 		.ascii	"\267\347\341#o3\340\273\322\200\227S\255U\025\305\317"
 236      6F33E0BB 
 236      D2809753 
 236      AD5515C5 
 236      CF
 237 03c6 ECD988E1 		.ascii	"\354\331\210\341\"\216\270\023\320\267)\272\213\216"
 237      228EB813 
 237      D0B729BA 
 237      8B8E
 238 03d4 F8AE34E2 		.ascii	"\370\2564\342\331G\235\305:f\306(\341w\237\355\037u"
 238      D9479DC5 
 238      3A66C628 
 238      E1779FED 
 238      1F75
 239 03e6 C65F8B7A 		.ascii	"\306_\213z\033'\306\035q%c\272\212\262\017\252\031r"
 239      1B27C61D 
 239      712563BA 
 239      8AB20FAA 
 239      1972
 240 03f8 88F0F933 		.ascii	"\210\360\37133\211j\\\315\032\343\253;\267\213\205\246"
 240      33896A5C 
ARM GAS  C:\Users\RUVIMK~1\AppData\Local\Temp\ccbPpwv1.s 			page 19


 240      CD1AE3AB 
 240      3BB78B85 
 240      A6
 241 0409 97E67FFC 		.ascii	"\227\346\177\374\316\022\015\276\310\032\247\237\036"
 241      CE120DBE 
 241      C81AA79F 
 241      1E
 242 0416 1ED5E076 		.ascii	"\036\325\340v\306T\365\345\324\211\012o\023\276q|\337"
 242      C654F5E5 
 242      D4890A6F 
 242      13BE717C 
 242      DF
 243 0427 7327DCC9 		.ascii	"s'\334\311\032\223J\256gh\361}\306\\\033<\220\350\304"
 243      1A934AAE 
 243      6768F17D 
 243      C65C1B3C 
 243      90E8C4
 244 043a 901D841F 		.ascii	"\220\035\204\037\277\233\331\354\204\237\260\306\246"
 244      BF9BD9EC 
 244      849FB0C6 
 244      A6
 245 0447 96FBD7EC 		.ascii	"\226\373\327\354\361\013\306\244_\254h\026\223\245\205"
 245      F10BC6A4 
 245      5FAC6816 
 245      93A585
 246 0456 5685A1F2 		.ascii	"V\205\241\362\024\214\343\354\230B\321\263.\242g\237"
 246      148CE3EC 
 246      9842D1B3 
 246      2EA2679F 
 247 0466 7734A6E9 		.ascii	"w4\246\351p:k\274\272eG\216\200w2\346\310\340\276\255"
 247      703A6BBC 
 247      BA65478E 
 247      807732E6 
 247      C8E0BEAD 
 248 047a A2C255C4 		.ascii	"\242\302U\3045y\243\371N8\217\265\325\024'\225\332\343"
 248      3579A3F9 
 248      4E388FB5 
 248      D5142795 
 248      DAE3
 249 048c 838CA9AE 		.ascii	"\203\214\251\256\252i\026c\267\034\330\304\266\314."
 249      AA691663 
 249      B71CD8C4 
 249      B6CC2E
 250 049b 277C8CB5 		.ascii	"'|\214\265\035\037J\251\327\342\012\306\344\215w?\022"
 250      1D1F4AA9 
 250      D7E20AC6 
 250      E48D773F 
 250      12
 251 04ac 074BE646 		.ascii	"\007K\346F\315\325We\316\270\226\265Ie\300\205\226\001"
 251      CDD55765 
 251      CEB896B5 
 251      4965C085 
 251      9601
 252 04be 5473B7C2 		.ascii	"Ts\267\302\003_bM\007\206\316\356\234\217;\030\3634"
 252      035F624D 
 252      0786CEEE 
 252      9C8F3B18 
ARM GAS  C:\Users\RUVIMK~1\AppData\Local\Temp\ccbPpwv1.s 			page 20


 252      F334
 253 04d0 F141AF23 		.ascii	"\361A\257#\303\275\003l_\367\3034g\334\311\332\222\353"
 253      C3BD036C 
 253      5FF7C334 
 253      67DCC9DA 
 253      92EB
 254 04e2 726A75F8 		.ascii	"rju\370>c\244\352\356\302\252{S\357=\204GX\323pZ}\247"
 254      3E63A4EA 
 254      EEC2AA7B 
 254      53EF3D84 
 254      4758D370 
 255 04f9 80271853 		.ascii	"\200'\030Sz6\263\317\016\277a\314\375\252\304I5\216"
 255      7A36B3CF 
 255      0EBF61CC 
 255      FDAAC449 
 255      358E
 256 050b D7B05A38 		.ascii	"\327\260Z8\263\277C\207S\030\323q\256\367\2013\336\306"
 256      B3BF4387 
 256      5318D371 
 256      AEF78133 
 256      DEC6
 257 051d 98F1A623 		.ascii	"\230\361\246#\343b|\263\310\304hM\315[\316\262\325\250"
 257      E3627CB3 
 257      C8C4684D 
 257      CD5BCEB2 
 257      D5A8
 258 052f 03F6D0B5 		.ascii	"\003\366\320\265\334\347\032\274\203b\227\244\365\016"
 258      DCE71ABC 
 258      836297A4 
 258      F50E
 259 053d 9F16D0D2 		.ascii	"\237\026\320\322\245K\027.\265\371s\023\357E\306\304"
 259      A54B172E 
 259      B5F97313 
 259      EF45C6C4 
 260 054d 04A8DADF 		.ascii	"\004\250\332\337\340\227G\3232\241F t\0032\365!\324"
 260      E09747D3 
 260      32A14620 
 260      740332F5 
 260      21D4
 261 055f 817461A1 		.ascii	"\201ta\241<\271\036\320\264\365\204\213\252\210\224"
 261      3CB91ED0 
 261      B4F5848B 
 261      AA8894
 262 056e AFFA3BBF 		.ascii	"\257\372;\277\207\025#\221\025\235\031%z\232\242\233"
 262      87152391 
 262      159D1925 
 262      7A9AA29B 
 263 057e 11831305 		.ascii	"\021\203\023\005\015\"\234\0107\012\012\370\033Y\370"
 263      0D229C08 
 263      370A0AF8 
 263      1B59F8
 264 058d 7671C618 		.ascii	"vq\306\030\221Z\205\222\005W\224$\2206\002'\225\252"
 264      915A8592 
 264      05579424 
 264      90360227 
 264      95AA
 265 059f 487043D9 		.ascii	"HpC\331\302R\224\001T\010\264\033(\015h?\320\036\240"
ARM GAS  C:\Users\RUVIMK~1\AppData\Local\Temp\ccbPpwv1.s 			page 21


 265      C2529401 
 265      5408B41B 
 265      280D683F 
 265      D01EA0
 266 05b2 2D405940 		.ascii	"-@Y@[\201v\001\035\004\332\013\224\007\224\003t\010"
 266      5B817601 
 266      1D04DA0B 
 266      94079403 
 266      7408
 267 05c4 681BD00E 		.ascii	"h\033\320\016\240|\240#@\251@\005@\007\200\212\2012"
 267      A07CA023 
 267      40A94005 
 267      4007808A 
 267      8132
 268 05d6 81F60195 		.ascii	"\201\366\001\225\002\355\004:\014T\002\224\013\264]"
 268      02ED043A 
 268      0C540294 
 268      0BB45D
 269 05e5 584A9720 		.ascii	"XJ\227 6\250\307A\362\240\022\224\203\362\340]@\352"
 269      36A8C741 
 269      F2A01294 
 269      83F2E05D 
 269      40EA
 270 05f7 787F701C 		.ascii	"x\177p\034E\303\334G}\242\307\244\212\000\313+\347_"
 270      45C3DC47 
 270      7DA2C7A4 
 270      8A00CB2B 
 270      E75F
 271 0609 2A9B73D8 		.ascii	"*\233s\330+\245\177_Z\371\267\377\023\031\376T\011\177"
 271      2BA57F5F 
 271      5AF9B7FF 
 271      1319FE54 
 271      097F
 272 061b 620DE7A4 		.ascii	"b\015\347\244O\331\226\316\331r\347s\031\235\242\034"
 272      4FD996CE 
 272      D972E773 
 272      199DA21C 
 273 062b 673B520E 		.ascii	"g;R\016\364\361'\362@G\224\003\035\266H$@Oqn\271\243"
 273      F4F127F2 
 273      40479403 
 273      1DB64824 
 273      404F716E 
 274 0641 44DF529A 		.ascii	"D\337R\232\322\317\271<\321\246\313\271\0345}\"\347"
 274      D2CFB93C 
 274      D1A6CBB9 
 274      1C357D22 
 274      E7
 275 0652 E873E528 		.ascii	"\350s\345(G\255\354\036\373\275l\311\013\245%\223JK"
 275      47ADEC1E 
 275      FBBD6CC9 
 275      0BA52593 
 275      4A4B
 276 0664 A6384BE2 		.ascii	"\2468K\342\224\226\334\266\362\270\211\363\370k\333"
 276      9496DCB6 
 276      F2B889F3 
 276      F86BDB
 277 0673 F38513DE 		.ascii	"\363\205\023\336\300\205\363;%z\334\312r\223\030 XH"
ARM GAS  C:\Users\RUVIMK~1\AppData\Local\Temp\ccbPpwv1.s 			page 22


 277      C085F33B 
 277      257ADCCA 
 277      72931820 
 277      5848
 278 0685 518712DE 		.ascii	"Q\207\022\336\256\024\336\312\011\037\263\355\026>\021"
 278      AE14DECA 
 278      091FB3ED 
 278      163E11
 279 0694 8365748F 		.ascii	"\203et\217\022\335\255D\217q\262\037+\321CV\226pN\231"
 279      12DDAD44 
 279      8F71B21F 
 279      2BD14356 
 279      96704E99 
 280 06a8 55A2DF58 		.ascii	"U\242\337X\016\023\342\331\032,\307s\320v\205\342]>"
 280      0E13E2D9 
 280      1A2CC773 
 280      D07685E2 
 280      5D3E
 281 06ba C64528DE 		.ascii	"\306E(\336v\2048[L\3348\007\224\302\373e4\333\224\335"
 281      7684385B 
 281      4CDC3807 
 281      94C2FB65 
 281      34DB94DD 
 282 06ce EC728983 		.ascii	"\354r\211\203\"EP*qC&\327\205{=.E\011\306\226\345T\326"
 282      2245502A 
 282      714326D7 
 282      857B3D2E 
 282      4509C696 
 283 06e5 7DDBB278 		.ascii	"}\333\262xC[\271\371u]\011\277f\005\237\342\2746a;9"
 283      435BB9F9 
 283      755D09BF 
 283      66059FE2 
 283      BC36613B 
 284 06fa F8C9CB45 		.ascii	"\370\311\313E\344\231\355\312\300'\036g\312M\333\246"
 284      E499EDCA 
 284      C0271E67 
 284      CA4DDBA6 
 285 070a F0738093 		.ascii	"\360s\200\223\375\310v\264-\002\302\271\370\236\355"
 285      FDC876B4 
 285      2D02C2B9 
 285      F89EED
 286 0719 546270B2 		.ascii	"Tbp\262c,+\353v\3047\350b&L\027\324\036\263G\013\335"
 286      632C2BEB 
 286      76C437E8 
 286      62264C17 
 286      D41EB347 
 287 072f 6CAE0EA8 		.ascii	"l\256\016\250\014\026\205\377o\013\004\313\222\301!"
 287      0C1685FF 
 287      6F0B04CB 
 287      92C121
 288 073e 0D1C07D1 		.ascii	"\015\034\007\321Q0\356+\301\274q'9C\3078Y\320Wi\347"
 288      5130EE2B 
 288      C1BC7127 
 288      3943C738 
 288      59D05769 
 289 0753 94663E0E 		.ascii	"\224f>\016P\240\274\245<&8\321\343\016\334\263\261\272"
 289      50A0BCA5 
ARM GAS  C:\Users\RUVIMK~1\AppData\Local\Temp\ccbPpwv1.s 			page 23


 289      3C2638D1 
 289      E30EDCB3 
 289      B1BA
 290 0765 AB2C6558 		.ascii	"\253,eX\203\226.t\023\227\354\233w\271$#\245\360\204"
 290      83962E74 
 290      1397EC9B 
 290      77B92423 
 290      A5F084
 291 0778 ED5268E1 		.ascii	"\355Rh\3413y\007zBtX98\3548\030~\322\302\360\346\273"
 291      3379077A 
 291      42745839 
 291      38EC3818 
 291      7ED2C2F0 
 292 078e 2CBD4FD8 		.ascii	",\275O\330Lo^3\211\243\265fs\030s\277n\252\323\342>"
 292      4C6F5E33 
 292      89A3B566 
 292      731873BF 
 292      6EAAD3E2 
 293 07a3 16C6CCEA 		.ascii	"\026\306\314\352\351r\244\014\243\271\302\236\006K\276"
 293      E972A40C 
 293      A3B9C29E 
 293      064BBE
 294 07b2 DFAAC1BB 		.ascii	"\337\252\301\273\324\235\247\000\364\265\354\316\023"
 294      D49DA700 
 294      F4B5ECCE 
 294      13
 295 07bf 923BBB6E 		.ascii	"\222;\273n\233Z1\357\316S\026\356\254\020\335YA"
 295      9B5A31EF 
 295      CE5316EE 
 295      AC10DD59 
 295      41
 296 07d0 DC890A66 		.ascii	"\334\211\012f\246\367:\363`r\330\224\301\225\"\270\222"
 296      A6F73AF3 
 296      6072D894 
 296      C19522B8 
 296      92
 297 07e1 82F36F17 		.ascii	"\202\363o\027\235\027\360\023\266\013\333\275\375P\232"
 297      9D17F013 
 297      B60BDBBD 
 297      FD509A
 298 07f0 1ACEAAF5 		.ascii	"\032\316\252\365\364\020\276\352f#=\204\027\212\207"
 298      F410BEEA 
 298      66233D84 
 298      178A87
 299 07ff F02AD930 		.ascii	"\360*\3310x\264<:\237\021\310\271\365\225ik\222\035"
 299      78B43C3A 
 299      9F11C8B9 
 299      F595696B 
 299      921D
 300 0811 4ED55261 		.ascii	"N\325Ra\215\335\345\345\366x\033c\244\203\317\"\361"
 300      8DDDE5E5 
 300      F6781B63 
 300      A483CF22 
 300      F1
 301 0822 E0F37AA0 		.ascii	"\340\363z\240\256W\207w\321FM\342\330\216\004-\242["
 301      AE578777 
 301      D1464DE2 
ARM GAS  C:\Users\RUVIMK~1\AppData\Local\Temp\ccbPpwv1.s 			page 24


 301      D88E042D 
 301      A25B
 302 0834 B785E64D 		.ascii	"\267\205\346M[\355an\323v\016T7\314\265\036\322\311"
 302      5BED616E 
 302      D3760E54 
 302      37CCB51E 
 302      D2C9
 303 0846 FDBE3CFF 		.ascii	"\375\276<\377j\224`\353%k\354\337,\327Zk\331\026U\211"
 303      6A9460EB 
 303      256BECDF 
 303      2CD75A6B 
 303      D9165589 
 304 085a 439FB52D 		.ascii	"C\237\265-\234\253\237\367\252Y\2025X&\230EfT\303\004"
 304      9CAB9FF7 
 304      AA598235 
 304      58269845 
 304      6654C304 
 305 086e 678B4083 		.ascii	"g\213@\203\230\026\027 -j!-\352\200\352\201\316\213"
 305      98161720 
 305      2D6A212D 
 305      EA80EA81 
 305      CE8B
 306 0880 E941CE85 		.ascii	"\351A\316\205\003\257{\021\316\247\276\022\216\357i"
 306      03AF7B11 
 306      CEA7BE12 
 306      8EEF69
 307 088f F9CA5199 		.ascii	"\371\312Q\231h\2228t\021\244\374\220Dfe[\215\232$\\"
 307      68923874 
 307      11A4FC90 
 307      4466655B 
 307      8D9A245C 
 308 08a3 13801BE5 		.ascii	"\023\200\033\345\2706H\011W\223?\233\244\343s\250\311"
 308      B8364809 
 308      57933F9B 
 308      A4E373A8 
 308      C9
 309 08b4 22E19AC5 		.ascii	"\"\341\232\305\034j\2469\364|&\277J<\205,\"\261\355"
 309      1C6AA639 
 309      F47C26BF 
 309      4A3C852C 
 309      22B1ED
 310 08c7 C9CAD2B2 		.ascii	"\311\312\322\262X\027\222X\217\354IO\230?\347\351\362"
 310      58179258 
 310      8FEC494F 
 310      983FE7E9 
 310      F2
 311 08d8 B2209E2E 		.ascii	"\262 \236./\262C\355\365\356\007\273\234\224\307\313"
 311      2FB243ED 
 311      F5EE07BB 
 311      9C94C7CB 
 312 08e8 1618E025 		.ascii	"\026\030\340%\272]n\025\\\244N\004]a\2725\251\303e,"
 312      BA5D6E15 
 312      5CA44E04 
 312      5D61BA35 
 312      A9C3652C 
 313 08fc C93A77A5 		.ascii	"\311:w\245\215\330I'\350\324\2679A\227\014\236|\246"
 313      8DD84927 
ARM GAS  C:\Users\RUVIMK~1\AppData\Local\Temp\ccbPpwv1.s 			page 25


 313      E8D4B739 
 313      41970C9E 
 313      7CA6
 314 090e E3955D11 		.ascii	"\343\225]\021\276GYu\263\3512\302'\231\262\206\261\362"
 314      BE475975 
 314      B3E932C2 
 314      2799B286 
 314      B1F2
 315 0920 C3E2610E 		.ascii	"\303\342a\016\003\333\233\3258;\367 ;\244A\266\013\354"
 315      03DB9BD5 
 315      383BF720 
 315      3BA441B6 
 315      0BEC
 316 0932 A34156B9 		.ascii	"\243AV\271\257r\214rN|K\325vHj\367\346?>.(\215\234\023"
 316      AF728C72 
 316      4E7C4BD5 
 316      76486AF7 
 316      E63F3E2E 
 317 094a 3DF8E654 		.ascii	"=\370\346T\253\026W2#w\356x\331j\217\3171f\374\350\350"
 317      AB165732 
 317      2377EE78 
 317      D96A8FCF 
 317      3166FCE8 
 318 095f 410D3ECF 		.ascii	"A\015>\317\230\352\270\222\033X)t\316S\374\236W\007"
 318      98EAB892 
 318      1B582974 
 318      CE53FC9E 
 318      5707
 319 0971 1ECFC30D 		.ascii	"\036\317\303\015\254\353\223\2473'\234\361%\306\034"
 319      ACEB93A7 
 319      33279CF1 
 319      25C61C
 320 0980 2DBBD0E6 		.ascii	"-\273\320\346\210\2570f&\253\340\224\016\233D\007\025"
 320      88AF3066 
 320      26ABE094 
 320      0E9B4407 
 320      15
 321 0991 EFDFA1C3 		.ascii	"\357\337\241\303\267\0303\233\225\272W\213\273\030\223"
 321      B718339B 
 321      95BA578B 
 321      BB1893
 322 09a0 DD965DEC 		.ascii	"\335\226]\354\210\373\0303=\224\335\211\230\037\235"
 322      88FB1833 
 322      3D94DD89 
 322      981F9D
 323 09af B883FE22 		.ascii	"\270\203\376\"\361\240\177|r\353nG\374\220aou&\236\025"
 323      F1A07F7C 
 323      72EB6E47 
 323      FC90616F 
 323      75269E15 
 324 09c3 B18EC026 		.ascii	"\261\216\300&\224\235\257\264\233\323\347\375\222\317"
 324      949DAFB4 
 324      9BD3E7FD 
 324      92CF
 325 09d1 FB98CF4F 		.ascii	"\373\230\317O$\015\224\332CgW\262!\343\276\250\271\262"
 325      240D94DA 
 325      436757B2 
ARM GAS  C:\Users\RUVIMK~1\AppData\Local\Temp\ccbPpwv1.s 			page 26


 325      21E3BEA8 
 325      B9B2
 326 09e3 2F6AA7EB 		.ascii	"/j\247\353\307\217\251\3610\233e'\217\015\374\011\271"
 326      C78FA9F1 
 326      309B6527 
 326      8F0DFC09 
 326      B9
 327 09f4 39485FC2 		.ascii	"9H_\302\226%\245\220\257T\017\301E\017\344\311\342J"
 327      9625A590 
 327      AF540FC1 
 327      450FE4C9 
 327      E24A
 328 0a06 9C43BF78 		.ascii	"\234C\277x\031\213\215\370\035\025ZA?\221\240A\230x"
 328      198B8DF8 
 328      1D155A41 
 328      3F91A041 
 328      9878
 329 0a18 AE62AE0D 		.ascii	"\256b\256\015@\230\3563\375\245\005G\232\346\341\011"
 329      4098EE33 
 329      FDA50547 
 329      9AE6E109 
 330 0a28 A6E0DEB1 		.ascii	"\246\340\336\261gm\330\254\341\305\360\222S\364;\330"
 330      676DD8AC 
 330      E1C5F092 
 330      53F43BD8 
 331 0a38 63D03024 		.ascii	"c\3200$kx(\314\241\342\221m\025\231\307K\3524rP\021"
 331      6B7828CC 
 331      A1E2916D 
 331      1599C74B 
 331      EA347250 
 332 0a4d 95D703ED 		.ascii	"\225\327\003\355\367h:\017\323L\351\2272%\276i\3130"
 332      F7683A0F 
 332      D34CE997 
 332      3225BE69 
 332      CB30
 333 0a5f 62D3E5AD 		.ascii	"b\323\345\255\244\267\015\246\267;\362\322G\276Oz\255"
 333      A4B70DA6 
 333      B73BF2D2 
 333      47BE4F7A 
 333      AD
 334 0a70 A9EB03FC 		.ascii	"\251\353\003\374\232\305m\242\255\013\216\205q\366\224"
 334      9AC56DA2 
 334      AD0B8E85 
 334      71F694
 335 0a7f 49FCE6F2 		.ascii	"I\374\346\362a-Nb\314H\351\325\026\015Ng\314\300\340"
 335      612D4E62 
 335      CC48E9D5 
 335      160D4E67 
 335      CCC0E0
 336 0a92 D4198CB3 		.ascii	"\324\031\214\263\030sh\244(S\207s\304>\003O\333\304"
 336      187368A4 
 336      28538773 
 336      C43E034F 
 336      DBC4
 337 0aa4 4F0F1924 		.ascii	"O\017\031$v\323\243\225\327\245,!_\267\036O<\230\265"
 337      76D3A395 
 337      D7A52C21 
ARM GAS  C:\Users\RUVIMK~1\AppData\Local\Temp\ccbPpwv1.s 			page 27


 337      5FB71E4F 
 337      3C98B5
 338 0ab7 C77914FC 		.ascii	"\307y\024\374\017'MW\012u\312\357\003\362G\201l8\012"
 338      0F274D57 
 338      0A75CAEF 
 338      03F24781 
 338      6C380A
 339 0aca B567D8E5 		.ascii	"\265g\330\345\265\267\032\351\372b\022\\P\033\370|\012"
 339      B5B71AE9 
 339      FA62125C 
 339      501BF87C 
 339      0A
 340 0adb 2A9CB990 		.ascii	"*\234\271\220Z\356\347\241G\303&\270\304A\362\003\272"
 340      5AEEE7A1 
 340      47C326B8 
 340      C441F203 
 340      BA
 341 0aec 57444B63 		.ascii	"WDKc\267<\344d\223\035\367f\266b\220IuMD\233k\3210\267"
 341      B73CE464 
 341      931DF766 
 341      B6629049 
 341      754D449B 
 342 0b04 1C5994F1 		.ascii	"\034Y\224\361\011\220\367\035\365\345\224X\303\223\261"
 342      0990F71D 
 342      F5E59458 
 342      C393B1
 343 0b13 1BDA8297 		.ascii	"\033\332\202\227\242\327P\277S\340\236\0014\013\317"
 343      A2D750BF 
 343      53E09E01 
 343      340BCF
 344 0b22 46B8BF24 		.ascii	"F\270\277$\3737\270\247\001%\000%\001%\002M\303\373"
 344      FB37B8A7 
 344      01250025 
 344      0125024D 
 344      C3FB
 345 0b34 74B86702 		.ascii	"t\270g\002\275\201\347W@/\200f\200\342\341]\034\346"
 345      BD81E757 
 345      402F8066 
 345      80E2E15D 
 345      1CE6
 346 0b46 0FFA639B 		.ascii	"\017\372c\233\344\265\355\266\322R\213\023\023\361["
 346      E4B5EDB6 
 346      D2528B13 
 346      13F15B
 347 0b55 FF66768E 		.ascii	"\377fv\216\274\012^\370FDK\345\222?I\210\373\363h\356"
 347      BC0A5EF8 
 347      46444BE5 
 347      923F4988 
 347      FBF368EE 
 348 0b69 34A6946D 		.ascii	"4\246\224m\261\312\022\237\265r>\273n\333g\374i\214"
 348      B1CA129F 
 348      B5723EBB 
 348      6EDB67FC 
 348      698C
 349 0b7b 93FD4C89 		.ascii	"\223\375L\211~\243DOq\350\247\266\321\026\333\203\315"
 349      7EA3444F 
 349      71E8A7B6 
ARM GAS  C:\Users\RUVIMK~1\AppData\Local\Temp\ccbPpwv1.s 			page 28


 349      D116DB83 
 349      CD
 350 0b8c 327C5209 		.ascii	"2|R\011\2678t\322\217\002\242S`\265\240\337\213,\234"
 350      B73874D2 
 350      8F02A253 
 350      60B5A0DF 
 350      8B2C9C
 351 0b9f D26D25FC 		.ascii	"\322m%\374\016\347\361\273J\341\223V\360\307\034\274"
 351      0EE7F1BB 
 351      4AE19356 
 351      F0C71CBC 
 352 0baf 53091FB7 		.ascii	"S\011\037\267\202\367s\360;\266\341\334^\245\371\031"
 352      82F773F0 
 352      3BB6E1DC 
 352      5EA5F919 
 353 0bbf DBAB4CD9 		.ascii	"\333\253L\331\332\014\017>[$o\206\237+eY\2352[9\315"
 353      DA0C0F3E 
 353      5B246F86 
 353      9F2B6559 
 353      9D325B39 
 354 0bd4 DD4AB4E5 		.ascii	"\335J\264\345g\035:E\242\345p\217\333L\016\376\004\313"
 354      671D3A45 
 354      A2E5708F 
 354      DB4C0EFE 
 354      04CB
 355 0be6 C9EEB2ED 		.ascii	"\311\356\262\3553>\332\034\372\226\355\234\266\3600"
 355      333EDA1C 
 355      FA96ED9C 
 355      B6F030
 356 0bf5 971CA3B6 		.ascii	"\227\034\243\266\207i6\234T\0021\3347!\3347D\270y\247"
 356      8769369C 
 356      540231DC 
 356      3721DC37 
 356      44B879A7 
 357 0c09 CF9D3A49 		.ascii	"\317\235:I\305\354\311iS\343\373\264,\011\335\217N\247"
 357      C5ECC969 
 357      53E3FBB4 
 357      2C09DD8F 
 357      4EA7
 358 0c1b 5BEDDCA4 		.ascii	"[\355\334\244)\217\262`\246\377_\314z\026\3677\257\350"
 358      298FB260 
 358      A6FF5FCC 
 358      7A16F737 
 358      AFE8
 359 0c2d 71631B5E 		.ascii	"qc\033^\210\266b\363r3%\355\376\212\007\373\033\325"
 359      88B662F3 
 359      723325ED 
 359      FE8A07FB 
 359      1BD5
 360 0c3f FCEE8F00 		.ascii	"\374\356\217\000\345\225u;f\273?\270\003\370\346\223"
 360      E595753B 
 360      66BB3FB8 
 360      03F8E693 
 361 0c4f FC1D7678 		.ascii	"\374\035vx\204\025\352\261\334\346a\007<\306\230\274"
 361      8415EAB1 
 361      DCE66107 
 361      3CC698BC 
ARM GAS  C:\Users\RUVIMK~1\AppData\Local\Temp\ccbPpwv1.s 			page 29


 362 0c5f E35F2562 		.ascii	"\343_%b<\301\230\256\232\270&g\374\2321}\005\361\003"
 362      3CC198AE 
 362      9AB82667 
 362      FC9A317D 
 362      05F103
 363 0c72 76385E47 		.ascii	"v8^G\2313\265O\274Xmw\005\356\\\367\363z\361\177\210"
 363      9933B54F 
 363      BC586D77 
 363      05EE5CF7 
 363      F37AF17F 
 364 0c87 BDA4D417 		.ascii	"\275\244\324\027\014\017\365:\342d\012\3255v_\257@R"
 364      0C0FF53A 
 364      E2640AD5 
 364      35765FAF 
 364      4052
 365 0c99 697793BF 		.ascii	"iw\223\277\360\036-\345\016\013;`D\371\370{'\270\351"
 365      F01E2DE5 
 365      0E0B3B60 
 365      44F9F87B 
 365      27B8E9
 366 0cac 3F2DF7FF 		.ascii	"?-\367\3776\340\374\341\202Cg+\205s\363\300\"\262{\260"
 366      36E0FCE1 
 366      8243672B 
 366      8573F3C0 
 366      22B27BB0 
 367 0cc0 2BDA8D49 		.ascii	"+\332\215I\033\201\223\260\036\200\260\026A(\012\201"
 367      1B8193B0 
 367      1E80B016 
 367      41280A81 
 368 0cd0 F601ED07 		.ascii	"\366\001\355\007\312\003\312\005*\260(\312\255\234\302"
 368      CA03CA05 
 368      2AB028CA 
 368      AD9CC2
 369 0cdf 9DB6155A 		.ascii	"\235\266\025Z\314y\016\276W\011\267\372\0007\345/\243"
 369      CC790EBE 
 369      5709B7FA 
 369      0037E52F 
 369      A3
 370 0cf0 739468AE 		.ascii	"s\224h\256*\213\007\323\313\254B\000\312\272BL^\346"
 370      2A8B07D3 
 370      CBAC4200 
 370      CABA424C 
 370      5EE6
 371 0d02 8ECBBB6C 		.ascii	"\216\313\273l\312\222\246Br\247\361\266#\316\244a\024"
 371      CA92A642 
 371      72A7F1B6 
 371      23CEA461 
 371      14
 372 0d13 5ACA536A 		.ascii	"Z\312Sjt\312\251 9\014\035\004?\375->c\206>m\245)]\002"
 372      74CAA920 
 372      390C1D04 
 372      3FFD2D3E 
 372      63863E6D 
 373 0d2b 1D8BE594 		.ascii	"\035\213\345\224&fS\3759\207K:\035\371\224.\261H\351"
 373      266653FD 
 373      39874B3A 
 373      1DF9942E 
ARM GAS  C:\Users\RUVIMK~1\AppData\Local\Temp\ccbPpwv1.s 			page 30


 373      B148E9
 374 0d3e 43624A93 		.ascii	"CbJ\223\273\323\347!\033\2027l\010\013\216\210\212\210"
 374      BBD3E721 
 374      1B82376C 
 374      080B8E88 
 374      8A88
 375 0d50 7D6FD932 		.ascii	"}o\3312\017\370\013\375<\342\323\210\350\030\317U^\036"
 375      0FF80BFD 
 375      3CE2D388 
 375      E818CF55 
 375      5E1E
 376 0d62 D1311E00 		.ascii	"\3211\036\000\360\370\"zcl\214G\340\372u+\274\330\325"
 376      F0F8227A 
 376      636C8C47 
 376      E0FA752B 
 376      BCD8D5
 377 0d75 77E5A64D 		.ascii	"w\345\246M\036b\327e\241\366\037\376\352\343\305zOO"
 377      1E62D765 
 377      A1F61FFE 
 377      EAE3C57A 
 377      4F4F
 378 0d87 D5AABF53 		.ascii	"\325\252\277S\200jALl\344\012\257\340\320\015\321\241"
 378      806A414C 
 378      6CE40AAF 
 378      E0D00DD1 
 378      A1
 379 0d98 7FA6A668 		.ascii	"\177\246\246h#6\376\305\037\356\277\370\333$21\0211"
 379      2336FEC5 
 379      1FEEBFF8 
 379      DB243231 
 379      1131
 380 0daa 1B977DAE 		.ascii	"\033\227}\256\322\206E\206\274\265\210\265k}<|\326y"
 380      D2864586 
 380      BCB588B5 
 380      6B7D3C7C 
 380      D679
 381 0dbc FF979728 		.ascii	"\377\227\227(\002\372\202\010\207\340\340/#\242b\201"
 381      02FA8208 
 381      87E0E02F 
 381      23A26281 
 382 0dcc 8F8D08FD 		.ascii	"\217\215\010\375EPlt\364\206\230\240\360\310O\303\303"
 382      45506C74 
 382      F48698A0 
 382      F0C84FC3 
 382      C3
 383 0ddd C2C2C382 		.ascii	"\302\302\303\202\376\030\032\352\036\2621\322=*:*\334"
 383      FE181AEA 
 383      1EB231D2 
 383      3D2A3A2A 
 383      DC
 384 0dee 3D3CE4D3 		.ascii	"=<\344\323\010\367\367\334\275\226{\276\347\376\227"
 384      08F7F7DC 
 384      BD967BBE 
 384      E7FE97
 385 0dfd 95EE9121 		.ascii	"\225\356\221!\177\212\336\350\376\327\210\250\025^A"
 385      7F8ADEE8 
 385      FED788A8 
ARM GAS  C:\Users\RUVIMK~1\AppData\Local\Temp\ccbPpwv1.s 			page 31


 385      155E41
 386 0e0c 1698A088 		.ascii	"\026\230\240\210\250\320\015_\206\205\007E\206\200E"
 386      A8D00D5F 
 386      86850745 
 386      868045
 387 0e1b 51E141C1 		.ascii	"Q\341A\301a\341\237\205|\271!68v\363\027\3411\240\324"
 387      61E19F85 
 387      7CB92136 
 387      3876F317 
 387      E131A0D4 
 388 0e2f 5E52F9C9 		.ascii	"^R\371\311\377\266\312\230\3151A\3011\261a \037\364"
 388      FFB6CA98 
 388      CD3141C1 
 388      31B16120 
 388      1FF4
 389 0e41 CC0FDC1C 		.ascii	"\314\017\334\034\023\033\036\251\217\336\030\256'~\327"
 389      131B1EA9 
 389      8FDE18AE 
 389      277ED7
 390 0e50 19D604AE 		.ascii	"\031\326\004\2561\374z\215\317{\016\001k\327\372{\005"
 390      31FC7A8D 
 390      CF7B0E01 
 390      6BD7FA7B 
 390      05
 391 0e61 EA7D3F34 		.ascii	"\352}?4\330\005\006\352?4\230\233~\216\365\201\006\365"
 391      D80506EA 
 391      3F34989B 
 391      7E8EF581 
 391      06F5
 392 0e73 6A1FBDFC 		.ascii	"j\037\275\374\352g:\357\200\325^k\003\326\374\312@\236"
 392      EA673AEF 
 392      80D55E6B 
 392      03D6FCCA 
 392      409E
 393 0e85 3CD993D4 		.ascii	"<\331\223\324\272R\347\355\267z\205\330\352g\306\371"
 393      BA52E7ED 
 393      B77A85D8 
 393      EA67C6F9 
 394 0e95 29712BB4 		.ascii	")q+\264D\012\274!wO\276\305KK$\320\026?\021\341g\211"
 394      440ABC21 
 394      774FBEC5 
 394      4B4B24D0 
 394      163F11E1 
 395 0eab F0B4277D 		.ascii	"\360\264'}\015\201\353\015\344\301\223<\230\333\226"
 395      0D81EB0D 
 395      E4C1933C 
 395      98DB96
 396 0eba DB93DEAC 		.ascii	"\333\223\336\254\315O\002\3711\020\326\373\033\324d"
 396      CD4F02F9 
 396      3110D6FB 
 396      1BD464
 397 0ec9 905A182F 		.ascii	"\220Z\030/\271\013z\203\326G\377K\362h3iB\243##\243"
 397      B90B7A83 
 397      D647FF4B 
 397      F2683369 
 397      42A32323 
 398 0ede A33CC237 		.ascii	"\243<\3027\305B\326(\263\356\263\225\313=7\205\203_"
ARM GAS  C:\Users\RUVIMK~1\AppData\Local\Temp\ccbPpwv1.s 			page 32


 398      C542D628 
 398      B3EEB395 
 398      CB3D3785 
 398      835F
 399 0ef0 1D0D7A7D 		.ascii	"\035\015z}\360z\010\246O\370g\216\001\2771H\317\377"
 399      F07A08A6 
 399      4FF8678E 
 399      01BF3148 
 399      CFFF
 400 0f02 284DB54F 		.ascii	"(M\265OCB\377\374\345\027\301a\321\221!\021Q4\3335\304"
 400      4342FFFC 
 400      E517C161 
 400      D1912111 
 400      5134DB35 
 401 0f17 6EDFDF69 		.ascii	"n\337\337i\374}\364\037\371\254!\234\227\357\357\234"
 401      FC7DF41F 
 401      F9AC219C 
 401      97EFEF9C 
 402 0f27 7D567FB8 		.ascii	"}V\177\270N\377\261\324]\355\037\350mP\257[\347k\300"
 402      4EFFB1D4 
 402      5DED1FE8 
 402      6D50AF5B 
 402      E76BC0
 403 0f3a DE3E06EC 		.ascii	"\336>\006\354\003\367\000_\203\332\333\227\004\304\327"
 403      03F7005F 
 403      83DADB97 
 403      04C4D7
 404 0f49 DB60074D 		.ascii	"\333`\007M\000\360!\274\037\271\350\341b\027\350\007"
 404      00F021BC 
 404      1FB9E8E1 
 404      6217E807 
 405 0f59 01C3817E 		.ascii	"\001\303\201~\001:\226\312\253\202c\265\342\035\353"
 405      013A96CA 
 405      AB8263B5 
 405      E21DEB
 406 0f68 F5D0A237 		.ascii	"\365\320\2427\330y\373\033\364\006\365\257\327\177d"
 406      D879FB1B 
 406      F406F5AF 
 406      D77F64
 407 0f77 50FB03DA 		.ascii	"P\373\003\332N\037\360\261\277\017\\\275\365\006\357"
 407      4E1FF0B1 
 407      BF0F5CBD 
 407      F506EF
 408 0f86 1F7083B7 		.ascii	"\037p\203\267a\235\207~]\240\177\240\007I#\017\177\226"
 408      619D877E 
 408      5DA07FA0 
 408      0749230F 
 408      7F96
 409 0f98 6880D818 		.ascii	"h\200\330\030\036\034\032\271"
 409      1E1C1AB9 
 410 0fa0 926473A0 		.ascii	"\222ds\240~5\035\202\335G\001\353\365\006!\320\240\205"
 410      7E351D82 
 410      DD4701EB 
 410      F50621D0 
 410      A085
 411 0fb2 875FAEF9 		.ascii	"\207_\256\371\255AM.\030\224hh\213\347<\337\265\336"
 411      AD414D2E 
ARM GAS  C:\Users\RUVIMK~1\AppData\Local\Temp\ccbPpwv1.s 			page 33


 411      18946868 
 411      8BE73CDF 
 411      B5DE
 412 0fc4 817ED270 		.ascii	"\201~\322p\377\007@\336i\212"
 412      FF0740DE 
 412      698A
 413              		.text
 414              		.section	.gnu.lto_.symtab.211d8b17,"",%progbits
 415 0000 68616C5F 		.ascii	"hal_lld_init\000"
 415      6C6C645F 
 415      696E6974 
 415      00
 416 000d 00       		.ascii	"\000"
 417 000e 00       		.ascii	"\000"
 418 000f 00       		.ascii	"\000"
 419 0010 00000000 		.ascii	"\000\000\000\000\000\000\000\000"
 419      00000000 
 420 0018 BB000000 		.ascii	"\273\000\000\000"
 421 001c 73746D33 		.ascii	"stm32_clock_init\000"
 421      325F636C 
 421      6F636B5F 
 421      696E6974 
 421      00
 422 002d 00       		.ascii	"\000"
 423 002e 00       		.ascii	"\000"
 424 002f 00       		.ascii	"\000"
 425 0030 00000000 		.ascii	"\000\000\000\000\000\000\000\000"
 425      00000000 
 426 0038 BD000000 		.ascii	"\275\000\000\000"
 427 003c 53797374 		.ascii	"SystemCoreClock\000"
 427      656D436F 
 427      7265436C 
 427      6F636B00 
 428 004c 00       		.ascii	"\000"
 429 004d 00       		.ascii	"\000"
 430 004e 00       		.ascii	"\000"
 431 004f 00000000 		.ascii	"\000\000\000\000\000\000\000\000"
 431      00000000 
 432 0057 CE000000 		.ascii	"\316\000\000\000"
 433 005b 69727149 		.ascii	"irqInit\000"
 433      6E697400 
 434 0063 00       		.ascii	"\000"
 435 0064 02       		.ascii	"\002"
 436 0065 00       		.ascii	"\000"
 437 0066 00000000 		.ascii	"\000\000\000\000\000\000\000\000"
 437      00000000 
 438 006e BF000000 		.ascii	"\277\000\000\000"
 439 0072 646D6149 		.ascii	"dmaInit\000"
 439      6E697400 
 440 007a 00       		.ascii	"\000"
 441 007b 02       		.ascii	"\002"
 442 007c 00       		.ascii	"\000"
 443 007d 00000000 		.ascii	"\000\000\000\000\000\000\000\000"
 443      00000000 
 444 0085 C1000000 		.ascii	"\301\000\000\000"
 445              		.text
 446              		.section	.gnu.lto_.opts,"",%progbits
ARM GAS  C:\Users\RUVIMK~1\AppData\Local\Temp\ccbPpwv1.s 			page 34


 447 0000 272D666D 		.ascii	"'-fmath-errno' '-fsigned-zeros' '-ftrapping-math' '"
 447      6174682D 
 447      6572726E 
 447      6F272027 
 447      2D667369 
 448 0033 2D666E6F 		.ascii	"-fno-trapv' '-fno-openmp' '-fno-openacc' '-mcpu=cor"
 448      2D747261 
 448      70762720 
 448      272D666E 
 448      6F2D6F70 
 449 0066 7465782D 		.ascii	"tex-m4' '-mno-thumb-interwork' '-mthumb' '-O2' '-fo"
 449      6D342720 
 449      272D6D6E 
 449      6F2D7468 
 449      756D622D 
 450 0099 6D69742D 		.ascii	"mit-frame-pointer' '-falign-functions=16' '-ffuncti"
 450      6672616D 
 450      652D706F 
 450      696E7465 
 450      72272027 
 451 00cc 6F6E2D73 		.ascii	"on-sections' '-fdata-sections' '-fno-common' '-flto"
 451      65637469 
 451      6F6E7327 
 451      20272D66 
 451      64617461 
 452 00ff 2700     		.ascii	"'\000"
 453              		.text
 454              		.comm	__gnu_lto_v1,1,1
 455              		.comm	__gnu_lto_slim,1,1
 456              		.ident	"GCC: (GNU Tools for Arm Embedded Processors 7-2017-q4-major) 7.2.1 20170904 (release) [ARM
ARM GAS  C:\Users\RUVIMK~1\AppData\Local\Temp\ccbPpwv1.s 			page 35


DEFINED SYMBOLS
                            *ABS*:00000000 hal_lld.c
                            *COM*:00000001 __gnu_lto_v1
                            *COM*:00000001 __gnu_lto_slim

NO UNDEFINED SYMBOLS
