ARM GAS  C:\Users\RUVIMK~1\AppData\Local\Temp\ccbxN2jb.s 			page 1


   1              		.cpu cortex-m4
   2              		.eabi_attribute 20, 1
   3              		.eabi_attribute 21, 1
   4              		.eabi_attribute 23, 3
   5              		.eabi_attribute 24, 1
   6              		.eabi_attribute 25, 1
   7              		.eabi_attribute 26, 1
   8              		.eabi_attribute 30, 2
   9              		.eabi_attribute 34, 1
  10              		.eabi_attribute 18, 4
  11              		.file	"hal_pal_lld.c"
  12              		.section	.gnu.lto_.profile.211dac0c,"",%progbits
  13 0000 789C6363 		.ascii	"x\234cc```\001bF\006\177_\000\001c\000\250"
  13      60606001 
  13      6246067F 
  13      5F000163 
  13      00A8
  14              		.text
  15              		.section	.gnu.lto_.icf.211dac0c,"",%progbits
  16 0000 789C6363 		.ascii	"x\234cc``\020a@\000f\206\246\206\326M|\214\027\346\\"
  16      60601061 
  16      40006686 
  16      A686D64D 
  16      7C8C17E6 
  17 0015 DEC0CBF4 		.ascii	"\336\300\313\364\373\305\326\345L\014\000Wz\010\245"
  17      FBC5D6E5 
  17      4C0C0057 
  17      7A08A5
  18              		.text
  19              		.section	.gnu.lto_.jmpfuncs.211dac0c,"",%progbits
  20 0000 789C6363 		.ascii	"x\234cc``\020g@\000& fdfddd\257\237\303\314\000\304"
  20      60601067 
  20      40002620 
  20      66646664 
  20      6464AF9F 
  21 0018 8C40CCC4 		.ascii	"\214@\314\304\000\000!\215\003\213"
  21      0000218D 
  21      038B
  22              		.text
  23              		.section	.gnu.lto_.inline.211dac0c,"",%progbits
  24 0000 789C6363 		.ascii	"x\234cc``0c@\000&\006\006f&F\020\305\300\266@\036D1"
  24      60603063 
  24      40002606 
  24      06662646 
  24      10C5C0B6 
  25 0018 30329C63 		.ascii	"02\234c8\310\310\310\310\244\300\010\224\314\273\264"
  25      38C8C8C8 
  25      C8A4C008 
  25      94CCBBB4 
  26 0028 529841E2 		.ascii	"R\230A\342\302b&&\006\261'_\030Y\300\272\000\267I\010"
  26      C2622626 
  26      06B1275F 
  26      1859C0BA 
  26      00B74908 
  27 003c 45       		.ascii	"E"
  28              		.text
  29              		.section	.gnu.lto_.pureconst.211dac0c,"",%progbits
ARM GAS  C:\Users\RUVIMK~1\AppData\Local\Temp\ccbxN2jb.s 			page 2


  30 0000 789C6363 		.ascii	"x\234cc```\005b&\006\006F)\000\000\256\000)"
  30      60606005 
  30      62260606 
  30      46290000 
  30      AE0029
  31              		.text
  32              		.section	.gnu.lto__pal_lld_init.211dac0c,"",%progbits
  33 0000 789C6363 		.ascii	"x\234cc``\250\003b{ \226\006bFf\006F\246\011\347\030"
  33      6060A803 
  33      627B2096 
  33      06624666 
  33      0646A609 
  34 0016 181A3998 		.ascii	"\030\0329\230\030\031A\214\006\016F\206z&\306z\306\036"
  34      1819418C 
  34      060E4686 
  34      7A26C67A 
  34      C61E
  35 0028 E629CC8C 		.ascii	"\346)\314\214\207\332\237\355d\322\\\336\000\004\007"
  35      87DA9FED 
  35      64D25CDE 
  35      000407
  36 0037 A6FF936C 		.ascii	"\246\377\223lXq\200q\0163\003\3034 \006\001\306\315"
  36      58718071 
  36      0E3303C3 
  36      34200601 
  36      C6CD
  37 0049 8C9A0C40 		.ascii	"\214\232\014@e\2176\376\233\312\313\306\002\021g\334"
  37      658F36FE 
  37      9BCACBC6 
  37      021167DC 
  38 0059 C2C8C6C0 		.ascii	"\302\310\306\300\010d\254\277\304z\240\341\337\377\366"
  38      0864ACBF 
  38      C47AA0E1 
  38      DFFFF6
  39 0068 86035716 		.ascii	"\206\003W\0263ntcb`\350\000\312\003-i8\300\320\311\314"
  39      336E7463 
  39      6260E800 
  39      CA032D69 
  39      38C0D0C9 
  40 007d 0462351F 		.ascii	"\004b5\037`x\307\330\244\000\326\002\002\035\314\214"
  40      6078C7D8 
  40      A400D602 
  40      021DCC8C 
  41 008d 2061A052 		.ascii	" a\240R[==} J\316\310L\312\314/6\2640\322\317/\326\317"
  41      5B3D3D7D 
  41      204ACEC8 
  41      4CCACC2F 
  41      36B430D2 
  42 00a5 48CCD12F 		.ascii	"H\314\321/\310/*)\326\017\016\36156\322\367\361q\321"
  42      C82F2A29 
  42      D60F0EF1 
  42      3536D2F7 
  42      F171D1
  43 00b8 770FF0F4 		.ascii	"w\017\360\364/3\002I\305\027\000qNN\212^2\003\000\207"
  43      2F330249 
  43      C5170071 
  43      4E4E8A5E 
ARM GAS  C:\Users\RUVIMK~1\AppData\Local\Temp\ccbxN2jb.s 			page 3


  43      32030087 
  44 00cc 833F2F   		.ascii	"\203?/"
  45              		.text
  46              		.section	.gnu.lto__pal_lld_setgroupmode.211dac0c,"",%progbits
  47 0000 789CA557 		.ascii	"x\234\245WkPU\327\025\336\353\354\373\342> Ac\024\211"
  47      6B5055D7 
  47      15DEEBEC 
  47      FBE23E20 
  47      41631489 
  48 0014 A211D1A8 		.ascii	"\242\021\321\250\\!\231\210\232\372\310\264\323\264"
  48      5C219988 
  48      9AFAC8B4 
  48      D3B4
  49 0022 03024D7F 		.ascii	"\003\002M\177\364W[\023\355\350\024\012\003\326if\234"
  49      F4575B13 
  49      EDE8140A 
  49      03D66966 
  49      9C
  50 0033 F6227851 		.ascii	"\366\"xQ\223T\333D\235^I\203\202E\3331\321\011\011B"
  50      9354DB44 
  50      9D5E4983 
  50      8245DB31 
  50      D1090942 
  51 0047 62445002 		.ascii	"bDP\002TP\254y\200\217\250\211\0304(\022\342\003yt\255"
  51      5450AC79 
  51      808FA889 
  51      18342812 
  51      E2037974 
  52 005c B5CFE13E 		.ascii	"\265\317\341>\244u\030\030\317r\237u\276o\355\375\255"
  52      A4751818 
  52      CF729F75 
  52      BE6FEDFD 
  52      AD
  53 006d B5F639FB 		.ascii	"\265\3669\373Z\204\020\333\"\205(\300\377?\300\013\""
  53      5A8410DB 
  53      228528C0 
  53      FF3FC00B 
  53      22
  54 007e 04685B9B 		.ascii	"\004h[\233\205\310\263i \325@j\246\215q\302cw\222u\232"
  54      85C8B369 
  54      20D5406A 
  54      A68D71C2 
  54      63779275 
  55 0093 34737D14 		.ascii	"4s}\024\336\205\325?\215wf\315\302\317\254\374\314\002"
  55      DE85D53F 
  55      8D7766CD 
  55      C2CFACFC 
  55      CC02
  56 00a5 3645B11A 		.ascii	"6E\261\032\003\0338\325 L\2633\320\301@\273\341v\030"
  56      031B38D5 
  56      204CB333 
  56      D0C140BB 
  56      E17618
  57 00b8 03A7167E 		.ascii	"\003\247\026~\316\201\317]\3455\002\001.5\371Q[8\000"
  57      CE81CF5D 
  57      E5350201 
  57      2E35F951 
ARM GAS  C:\Users\RUVIMK~1\AppData\Local\Temp\ccbxN2jb.s 			page 4


  57      5B3800
  58 00cb 0D3C3610 		.ascii	"\015<6\020\177\322\244\311l\261\332\302\354\016\247"
  58      7FD2A4C9 
  58      6CB1DAC2 
  58      EC0EA7
  59 00da 2B1CF056 		.ascii	"+\034\360V\350\177\257\3117%\324\024\266Wj3\313<\370"
  59      E87FAFC9 
  59      3725D414 
  59      B6576A33 
  59      CB3CF8
  60 00ed 57BDE382 		.ascii	"W\275\343\202\305\353\3310\276\010\021\333u\024\274"
  60      C5EBD930 
  60      BE0811DB 
  60      7514BC
  61 00fc 073311D5 		.ascii	"\0073\021\325Rp\240H\276*\213$\200\011oo5\371\276\012"
  61      5270A048 
  61      BE2A8B24 
  61      80096F6F 
  61      35F9BE0A 
  62 0110 A75B0D62 		.ascii	"\247[\015b\360\266\266y\360\220].\001\201\343\376\272"
  62      F0B6B679 
  62      F0905D2E 
  62      0181E3FE 
  62      BA
  63 0121 DBEDB6B8 		.ascii	"\333\355\266\270=\036\317zOu_\251\364L+\222\022>\000"
  63      3D1ECF7A 
  63      4F755FA9 
  63      F44C2B92 
  63      123E00
  64 0134 8901E17D 		.ascii	"\211\001\341}\210\206r\210\026\350\022P\001q\010\037"
  64      88867288 
  64      16E81250 
  64      0171081F 
  65 0144 FCC7814D 		.ascii	"\374\307\201M6\371#\246~^V\350\263\353\324\272\235\221"
  65      36F923A6 
  65      7E5E56E8 
  65      B3EBD4BA 
  65      9D91
  66 0156 7BF23D2F 		.ascii	"{\362=/\024I\023\034\012%\233\004T2\371\273\367\366"
  66      1449131C 
  66      0A259B04 
  66      5432F9BB 
  66      F7F6
  67 0168 BCE1903F 		.ascii	"\274\341\220?e\362\205\033\345;\015r\363\316\250R&\233"
  67      65F2851B 
  67      E53B0D72 
  67      F3CEA852 
  67      269B
  68 017a A12A946C 		.ascii	"\241*\224l\026\360!\304\021\343\265\274}\027\245Le\366"
  68      16F021C4 
  68      11E3B5BC 
  68      7D17A54C 
  68      65F6
  69 018c A5AEAE43 		.ascii	"\245\256\256C\366\330\0225u\321\370]\371\236z\217\251"
  69      F6D81235 
  69      75D1F85D 
  69      F99E7A8F 
ARM GAS  C:\Users\RUVIMK~1\AppData\Local\Temp\ccbxN2jb.s 			page 5


  69      A9
  70 019d 485AE0A3 		.ascii	"HZ\340\243`>\375!|\337\340\311\277\332\344\213L\375"
  70      603EFD21 
  70      7CDFE0C9 
  70      BFDAE48B 
  70      4CFD
  71 01af F396BF14 		.ascii	"\363\226\277\024G\350\324\336\211>OuA\014\021?\036\226"
  71      47E8D4DE 
  71      893E4F75 
  71      410C113F 
  71      1E96
  72 01c1 78F38DE3 		.ascii	"x\363\215\343M\232\374\005\023wt\356\275\345\320\211"
  72      4D9AFC05 
  72      137774EE 
  72      BDE5D089 
  73 01d1 DD7E62F5 		.ascii	"\335~b\365\260\304\366/\362\377f\221\277db[\375\336"
  73      B0C4F62F 
  73      F2FF6691 
  73      BF64625B 
  73      FDDE
  74 01e3 ABE13AF1 		.ascii	"\253\341:\361\232\237X3,qk\177\253\307\"\177\303\304"
  74      9A9F5833 
  74      2C716B7F 
  74      ABC7227F 
  74      C3C4
  75 01f5 E62FDB8B 		.ascii	"\346/\333\213@'^\366\023\217\015K|\375\346\335]&\231"
  75      40275EF6 
  75      138F0D4B 
  75      7CFDE6DD 
  75      5D2699
  76 0208 C9C47D5B 		.ascii	"\311\304}[7\337\017\323\211m~b\335\260\304\313\007\007"
  76      37DF0FD3 
  76      896D7E62 
  76      DDB0C4CB 
  76      0707
  77 021a B6B92C26 		.ascii	"\266\271,&\370\004b\3418^\265x\035\305\353\010^\207"
  77      F80462E1 
  77      385EB578 
  77      1DC5EB08 
  77      5E87
  78 022c 2156B516 		.ascii	"!V\265\026\324\203\005\250\010\227\212\313\302d.\317"
  78      D48305A8 
  78      08978ACB 
  78      C2642ECF 
  79 023c 52F4F19E 		.ascii	"R\364\361\2363\232>\313\205\242\261\245CEh\030~\201"
  79      339A3ECB 
  79      85A2B1A5 
  79      43456818 
  79      7E81
  80 024e D7B7BC0A 		.ascii	"\327\267\274\012r-S\257\334\377~\253Q\277\236\022\351"
  80      722D53AF 
  80      DCFF7EAB 
  80      51BF9E12 
  80      E9
  81 025f 29F56844 		.ascii	")\365hD\374\367\260\304m\035\355\007M\362\025&n\251"
  81      FCF7B0C4 
  81      6D1DED07 
ARM GAS  C:\Users\RUVIMK~1\AppData\Local\Temp\ccbxN2jb.s 			page 6


  81      4DF21526 
  81      6EA9
  82 0271 F75E358A 		.ascii	"\367^5\212p\306Ol\032\226\330\337q\360_v\271\216\211"
  82      70C64F6C 
  82      1A96D8DF 
  82      71F05F76 
  82      B98E89
  83 0284 871B7B0A 		.ascii	"\207\033{\012\215\305\036\333=D<\371\177Sr\012S\320"
  83      8DC51EDB 
  83      3D443CF9 
  83      7F53720A 
  83      53D0
  84 0296 8CD709BC 		.ascii	"\214\327\011\274\0321\025\224\005\314E\013\346B\010"
  84      1A311594 
  84      05CC450B 
  84      E64208
  85 02a5 FBFFCA58 		.ascii	"\373\377\312X(\355\335\323\346j\317\300`!6\372\304\263"
  85      28EDDDD3 
  85      E66ACFC0 
  85      602136FA 
  85      C4B3
  86 02b7 E527227F 		.ascii	"\345'\"\177\006\330\327V\215\214$c\"c&c!c%cCc\013\243"
  86      06D8D756 
  86      8D8C2463 
  86      22632663 
  86      21632563 
  87 02cf 919D460E 		.ascii	"\221\235F\0162N\272u\221\011'\023A\346\0212\217\222"
  87      324EBA75 
  87      91092713 
  87      41E61132 
  87      8F92
  88 02e1 89243386 		.ascii	"\211$3\206\314X2\217\221\031G\346q2\343\311L \023Ef"
  88      CC58328F 
  88      911947E6 
  88      7132E3C9 
  88      4C201345 
  89 02f6 2219DA5E 		.ascii	"\"\031\332^\326'\310L\"3\231L\014\231)d\246\222y\222"
  89      D627C84C 
  89      2233994C 
  89      0C992964 
  89      A6927992 
  90 030a CC3432B1 		.ascii	"\31442\261d\246\223\211#3\203\314L2O\221\231Ef6\231"
  90      64A69389 
  90      233383CC 
  90      4C324F91 
  90      99456636 
  91 031f 39BCD9E3 		.ascii	"9\274\331\343\005%\307-(=s\005%(AP\212\022\005%\350"
  91      0525C72D 
  91      283D7305 
  91      25284150 
  91      8A120525 
  92 0334 59A03D3D 		.ascii	"Y\240==\2171I\214\231\317\230\005\214Y((\221\317\001"
  92      8F31498C 
  92      99CF9805 
  92      8C592828 
  92      91CF01
  93 0347 C5592428 		.ascii	"\305Y$(\231\213\005\245s\211\240\204.\025\224\322\347"
ARM GAS  C:\Users\RUVIMK~1\AppData\Local\Temp\ccbxN2jb.s 			page 7


  93      998B05A5 
  93      7389A084 
  93      2E1594D2 
  93      E7
  94 0358 81DE47C9 		.ascii	"\201\336G\311<W\012GX\306\021R9B\032GN\347\271\204\330"
  94      3C570A47 
  94      58C61152 
  94      39421A47 
  94      4EE7B984 
  95 036d 88FD7BCE 		.ascii	"\210\375{\316\341\251\026\233\244\206\203\374jq\015"
  95      E1A9169B 
  95      A48683FC 
  95      6A710D
  96 037c F2FBBC87 		.ascii	"\362\373\274\207+\262\251\234>9\317'\237\245\027k\367"
  96      2BB2A99C 
  96      3E39CF27 
  96      9FA5176B 
  96      F7
  97 038d 813227BD 		.ascii	"\2012'\275#\255 \3414\366B;\254\217\341\266\307X\210"
  97      23AD20E1 
  97      34F6423B 
  97      AC8FE1B6 
  97      C75888
  98 03a0 2256B7B7 		.ascii	"\"V\267\267\251\342\200T4P\264\343\203w\252#\210f\003"
  98      A9E28054 
  98      3450B4E3 
  98      8377AA23 
  98      886603
  99 03b3 0DFE8334 		.ascii	"\015\376\2034\016\336\240\203\222\020\207\240\362c\237"
  99      0EDEA083 
  99      921087A0 
  99      F2639F
 100 03c2 786D2A36 		.ascii	"xm*6\300\231\300\330\307)v\222\212}\276\242\\\247i\030"
 100      C099C0D8 
 100      C7297692 
 100      8A7DBEA2 
 100      5CA76918 
 101 03d6 1B6687C4 		.ascii	"\033f\207\304\232\217\376\340\205\325\022y\276\"w\016"
 101      9A8FFEE0 
 101      85D51279 
 101      BE22770E 
 102 03e6 2D4CAA85 		.ascii	"-L\252\2055\224V\3659\325\302\314\360i\350\302\026 "
 102      359456F5 
 102      39D5C2CC 
 102      F069E8C2 
 102      1620
 103 03f8 2E38D851 		.ascii	".8\330Q\012\266@\005\353\257\270\250\343L*X\317\346"
 103      0AB64005 
 103      EBAFB8A8 
 103      E34C2A58 
 103      CFE6
 104 040a 0D77A40A 		.ascii	"\015w\244\012f\205\317B\203-D\034\202\336\351\356y\307"
 104      6685CF42 
 104      832D441C 
 104      82DEE9EE 
 104      79C7
 105 041c A25446C0 		.ascii	"\242TF\300\347\201\261\217P\354\205t_\274+\234=X\031"
ARM GAS  C:\Users\RUVIMK~1\AppData\Local\Temp\ccbxN2jb.s 			page 8


 105      E781B18F 
 105      50EC8574 
 105      5FBC2B9C 
 105      3D5819
 106 042f 646CDF50 		.ascii	"dl\337Ps\322J\014\334O\360\005\357\277M\370\255\301"
 106      73D24A0C 
 106      DC4FF005 
 106      EFBF4DF8 
 106      ADC1
 107 0441 4F2156A9 		.ascii	"O!V\251\0354\256\240O&\2521\2570A\215Y\372\\5\346\034"
 107      1D34AEA0 
 107      4F26AA31 
 107      AF30418D 
 107      59FA5C35 
 108 0457 BAD5986B 		.ascii	"\272\325\230k\025\257\306\330\033>9G-u\177\345:\265"
 108      15AFC6D8 
 108      1B3E3947 
 108      2D757FE5 
 108      3AB5
 109 0469 5633BAB8 		.ascii	"V3\272\270\004W\240\340l\3551\320\275\270\230w\277\255"
 109      0457A0E0 
 109      6CED31D0 
 109      BDB89877 
 109      BFAD
 110 047b BCE752CB 		.ascii	"\274\347R\313\027\320\252^\006\267a\216O>\247\011\237"
 110      17D0AA5E 
 110      06B7618E 
 110      4F3EA709 
 110      9F
 111 048c 4C76F50E 		.ascii	"Lv\365\016\236\202\333\020\217\255\240\365\336\270\210"
 111      9E82DB10 
 111      8FADA0F5 
 111      DEB888
 112 049b E54F7355 		.ascii	"\345OsU\225\264\242\313\215\025\324|7\311\225\342j\334"
 112      95B4A2CB 
 112      8D15D47C 
 112      37C995E2 
 112      6ADC
 113 04ad 8D9EB958 		.ascii	"\215\236\271X\026\355\237Y>\271\314\325\273\273\003"
 113      16ED9F59 
 113      3EB9CCD5 
 113      BBBB03
 114 04bc 1D09985A 		.ascii	"\035\011\230Z\255\215!\251.\037\263\022I\260\346\353"
 114      AD8D21A9 
 114      2E1FB312 
 114      49B0E6EB 
 115 04cc 265FBAAB 		.ascii	"&_\272\253\255\344(\240v\223\330\030g4\350\371\312b"
 115      ADE428A0 
 115      7693D818 
 115      6734E8F9 
 115      CA62
 116 04de 8D5E353E 		.ascii	"\215^5>\211\377\022\003\213`\305\"\264\251\"\370\274"
 116      89FF1203 
 116      8B60C522 
 116      B4A922F8 
 116      BC
 117 04ef AD610A64 		.ascii	"\255a\012dE\\\340\227\337\012&8\253@]\336Mf\005Z\304"
ARM GAS  C:\Users\RUVIMK~1\AppData\Local\Temp\ccbxN2jb.s 			page 9


 117      455CE097 
 117      DF0A2638 
 117      AB405DDE 
 117      4D66055A 
 118 0504 C5B2AACA 		.ascii	"\305\262\252\312\320k\354\024\345k\221\002uV\376A\241"
 118      D06BEC14 
 118      E56B9102 
 118      7556FE41 
 118      A1
 119 0515 6C302B9A 		.ascii	"l0+\232\262~\015\326w\027\356\223\312\271\030\375~^"
 119      B27E0DD6 
 119      7717EE93 
 119      CAB918FD 
 119      7E5E
 120 0527 33F116AB 		.ascii	"3\361\026\253\025\364W\036\002\205\011S\013\035\332"
 120      15F4571E 
 120      02850953 
 120      0B1DDA
 121 0536 1356DC13 		.ascii	"\023V\334\023\347\2145t\350\201\354\330\331\010\015"
 121      E78C3574 
 121      E881ECD8 
 121      D9080D
 122 0545 8EBE04FD 		.ascii	"\216\276\004\375\376\350'(\372\022E{\375\303u\012\342"
 122      FEE82728 
 122      FA12457B 
 122      FDC3750A 
 122      E2
 123 0556 086C311B 		.ascii	"\010l1\033\266\330y\210&-Aq\226\"\316\037\247\221\342"
 123      B6D87988 
 123      262D4171 
 123      9622CE1F 
 123      A791E2
 124 0569 2C45444D 		.ascii	",EDMUGk~\204\2028\003\033O\362\307\341\243\232\246:"
 124      55476B7E 
 124      84823803 
 124      1B4FF2C7 
 124      E1A39AA6 
 125 057e 4B31FC3D 		.ascii	"K1\374=\017OU\370\245D\031\317\303\005\352\000|\366"
 125      0F4F55F8 
 125      A54419CF 
 125      C305EA00 
 125      7CF6
 126 0590 59455585 		.ascii	"YEU\205\313\275\337S\220G\217\354\360%\024\3036>m\301"
 126      CBBDDF53 
 126      90478FEC 
 126      F02514C3 
 126      363E6DC1 
 127 05a4 4570D3EC 		.ascii	"Ep\323\354\003\336{z\015\\zN\372\206\252\022\216\363"
 127      03DE7B7A 
 127      0D5C7A4E 
 127      FA86AA12 
 127      8EF3
 128 05b6 A19F9C77 		.ascii	"\241\237\234w\275\015\016\345\214`?qk\316ln\345\322"
 128      BD0D0EE5 
 128      8C603F71 
 128      6BCE6C6E 
 128      E5D2
ARM GAS  C:\Users\RUVIMK~1\AppData\Local\Temp\ccbxN2jb.s 			page 10


 129 05c8 842CA2F8 		.ascii	"\204,\242\370w\342!\313\270\344_\306e\352\300\010\245"
 129      77E221CB 
 129      B8E45FC6 
 129      65EAC008 
 129      A5
 130 05d9 B2CD50F9 		.ascii	"\262\315P\371\310\010e}\305\361\200\342}m\310\332\244"
 130      C808657D 
 130      C5F180E2 
 130      7D6DC8DA 
 130      A4
 131 05ea AFF751BD 		.ascii	"\257\367Q\275\030}\336\016]V$N\200~%\253U\207\215a\377"
 131      187DDE0E 
 131      5D56244E 
 131      807E25AB 
 131      55878D61 
 132 05ff DC51C9BA 		.ascii	"\334Q\311\272\342_F;\311\032\243d\2355d\215\035\241"
 132      E25F463B 
 132      C91AA364 
 132      9D35648D 
 132      1DA1
 133 0611 ACAB1C4F 		.ascii	"\254\253\034O\243x\337\260,zm\351\"\036cec\225\210J"
 133      A378DFB0 
 133      2C7A6DE9 
 133      221E6365 
 133      6395884A 
 134 0625 5DC438F6 		.ascii	"]\3048\366'\214JD\207\177\322k$b\034\275l\332j\333\337"
 134      278C4A44 
 134      877FD26B 
 134      24621CBD 
 134      6CDA6ADB 
 135 063a 7A46CD31 		.ascii	"zF\3151\2177\205\340\267\235Y\224\272p\307#\340d\355"
 135      8F3785E0 
 135      B79D5994 
 135      BA70C723 
 135      E064ED
 136 064d C05B490A 		.ascii	"\300[I\012@\233\250\241q\307^\247z7Z\341\372\020\336"
 136      409BA8A1 
 136      71C75EA7 
 136      7A375AE1 
 136      FA10DE
 137 0660 224E5BF8 		.ascii	"\"N[\370\015\201Y\371\246D\317\312\343#\314\312\267"
 137      0D8159F9 
 137      A644CFCA 
 137      E323CCCA 
 137      B7
 138 0671 BC403ED7 		.ascii	"\274@>\327u\032\3056J;^\355\230\200<M\300\011\320\037"
 138      751AC536 
 138      4A3B5EED 
 138      98803C4D 
 138      C009D01F 
 139 0685 9CA728F6 		.ascii	"\234\247(\366/Ry\352\0306O\177|X\236n\370\227q\223\362"
 139      2F5279EA 
 139      18364F7F 
 139      7C589E6E 
 139      F8977193 
 140 069a 14C50AAD 		.ascii	"\024\305\012\255\001\012\257\031\012'\216Pa\027\207"
 140      010AAF19 
ARM GAS  C:\Users\RUVIMK~1\AppData\Local\Temp\ccbxN2jb.s 			page 11


 140      0A278E50 
 140      611787
 141 06a9 3651E85B 		.ascii	"6Q\350[\241\012\243\037P\370\004N\200\376`\205\223\330"
 141      A10AA31F 
 141      50F8044E 
 141      80FE6085 
 141      93D8
 142 06bb 3F3A85DD 		.ascii	"?:\205\335\376e|G\012'\261B\233\2529+\274^\253+\234"
 142      FE657C47 
 142      0A27B142 
 142      9BAA392B 
 142      BC5EAB2B 
 143 06d0 3C42853D 		.ascii	"<B\205=\034\332L\241\2777:\333P\030\303\235=9x{Na\177"
 143      1CDA4CA1 
 143      BF373ADB 
 143      5018C39D 
 143      3D39787B 
 144 06e7 BCD2736F 		.ascii	"\274\322soX=k\037\246\347\266\177\322;\244g\012\353"
 144      583D6B1F 
 144      A6E7B67F 
 144      D23BA467 
 144      0AEB
 145 06f9 09135F4F 		.ascii	"\011\023_O0\364\3345\364L\035\241\236\273\376\320\367"
 145      30F4DC35 
 145      F44C1DA1 
 145      9EBBFED0 
 145      F7
 146 070a 42F53CC9 		.ascii	"B\365<\311z\246\006\353\231\306\376\321\351\351\365"
 146      7AA606EB 
 146      99C6FED1 
 146      E9E9F5
 147 0719 4F7A9FF4 		.ascii	"Oz\237\364LS\033\261\371mc#\006\354<\273\350v\032*{"
 147      4C531BB1 
 147      F96D6323 
 147      06EC3CBB 
 147      E8761A2A 
 148 072e 8DBE8C1D 		.ascii	"\215\276\214\035\241\312>\177\313\367\207\366\345\364"
 148      A1CA3E7F 
 148      CBF787F6 
 148      E5F4
 149 073c 07FA12CF 		.ascii	"\007\372\022\317/\370\001\233\036\334\2273\330?\272"
 149      2FF8019B 
 149      1EDC9733 
 149      D83FBA
 150 074b BE1CF02F 		.ascii	"\276\034\360/c\220t\317`\205\216\000\205}\206\302\231"
 150      639074CF 
 150      60858E00 
 150      857D86C2 
 150      99
 151 075c 2354E8D1 		.ascii	"#T\350\321\206Z>O\013Q\370\324\003\012g\341\004\350"
 151      865A3E4F 
 151      0B51F8D4 
 151      030A67E1 
 151      04E8
 152 076e 0F56389B 		.ascii	"\017V8\233\375\243S\270\336\277\214|\015\025\316f\205"
 152      FDA353B8 
 152      DEBF8C7C 
ARM GAS  C:\Users\RUVIMK~1\AppData\Local\Temp\ccbxN2jb.s 			page 12


 152      0D15CE66 
 152      85
 153 077f 4EFD6CA9 		.ascii	"N\375l\251N\271GV\251\323_2\235\011g\005\234W\371\344"
 153      4EB94756 
 153      A9D35F32 
 153      9D096705 
 153      9C57F9E4 
 154 0793 98ACDEDA 		.ascii	"\230\254\336\332u{\347\352\250\300s\203\011\317\210"
 154      757BE7EA 
 154      A8C07383 
 154      09CF88
 155 07a2 059AD11A 		.ascii	"\005\232\321\032.Q^\243\207\355\362\356o\321\177X\244"
 155      2E515EA3 
 155      87EDF2EE 
 155      6FD17F58 
 155      A4
 156 07b3 E0373E28 		.ascii	"\3407>(,\037TS\024\352p\313\032\205Z\206\237L\376\341"
 156      2C1F5453 
 156      14EA70CB 
 156      1A855A86 
 156      9F4CFEE1 
 157 07c7 107CAC5F 		.ascii	"\020|\254_\246`M-\031"
 157      A6604D2D 
 157      19
 158 07d0 0A968A1F 		.ascii	"\012\226\212\037\245`\030\037\207S\025\354\323t\205"
 158      A560181F 
 158      875315EC 
 158      D37485
 159 07df 4AC30D11 		.ascii	"J\303\015\021\214\342\003q\032\241\266{;[~\255`\351"
 159      8CE20371 
 159      1AA1B67B 
 159      3B5B7EAD 
 159      60E9
 160 07f1 EA13F37E 		.ascii	"\352\023\363~\341\211\203v\365\211\001\330\240\005\260"
 160      E1898376 
 160      F58901D8 
 160      A005B0
 161 0800 F8D89DCE 		.ascii	"\370\330\235\316\332\302\325o\246\033xv/{\323\252~\001"
 161      DAC2D56F 
 161      A61B7876 
 161      2F7BD3AA 
 161      7E01
 162 0812 0BFA5505 		.ascii	"\013\372U\005\370\000\277q?\210\217w\343\277\227W\255"
 162      F800BF71 
 162      3F888F77 
 162      E3BF9757 
 162      AD
 163 0823 7E697556 		.ascii	"~iuVnBR\242;+\327\275jy\206;;+gM\256\373\305\237\247"
 163      6E4252A2 
 163      3B2BD7BD 
 163      6A79863B 
 163      3B2B674D 
 164 083c 3C9DE84E 		.ascii	"<\235\350NN\376\241\373\307i?I]\233H\217~\225\215WF"
 164      4EFEA1FB 
 164      C7693F49 
 164      5D9B488F 
 164      7E958D57 
ARM GAS  C:\Users\RUVIMK~1\AppData\Local\Temp\ccbxN2jb.s 			page 13


 165 0851 C68AF897 		.ascii	"\306\212\370\227\205\211P\246\314\345\271\2775ef\255"
 165      858950A6 
 165      CCE5B9BF 
 165      356566AD 
 166 0861 58295F5A 		.ascii	"X)_Z\275\306\264<cM\2169\373\367\331+r\254Y\271\331"
 166      BDC6B43C 
 166      634D8E39 
 166      FBF7D92B 
 166      72AC59B9 
 167 0876 2B57AEC8 		.ascii	"+W\256\310\261d\255y%{e\216\231 9Z\3463Zf\242\226\231"
 167      B164AD79 
 167      257B658E 
 167      9920395A 
 167      E6335A66 
 168 088d 60232051 		.ascii	"`# Q\377\013V\306\027\212"
 168      FF0B56C6 
 168      178A
 169              		.text
 170              		.section	.gnu.lto_.symbol_nodes.211dac0c,"",%progbits
 171 0000 789C6363 		.ascii	"x\234cc``\320\007b\006\246]L\365\014\014\023\31610\000"
 171      6060D007 
 171      6206A65D 
 171      4CF50C0C 
 171      13CE3130 
 172 0015 A95D0D8E 		.ascii	"\251]\015\216@\221\335L\365\214(\"\254;\231\030\032"
 172      4091DD4C 
 172      F58C2822 
 172      AC3B9918 
 172      1A
 173 0026 9540AA01 		.ascii	"\225@\252\001\037\275\012\305"
 173      1FBD0AC5 
 174              		.text
 175              		.section	.gnu.lto_.refs.211dac0c,"",%progbits
 176 0000 789C6363 		.ascii	"x\234cc```\004b\006\000\000D\000\010"
 176      60606004 
 176      62060000 
 176      440008
 177              		.text
 178              		.section	.gnu.lto_.decls.211dac0c,"",%progbits
 179 0000 789CAD56 		.ascii	"x\234\255V}PSW\026\177\367\335$\206G\"N\240;\316\326"
 179      7D505357 
 179      167FF7DD 
 179      24864722 
 179      4EA03BCE 
 180 0015 3F1C8762 		.ascii	"?\034\207bfg\000\301\235mgg\267\323\335\302\326\316"
 180      666700C1 
 180      9D6D6767 
 180      B7D3DDC2 
 180      D6CE
 181 0027 6A61623B 		.ascii	"jab;;\335a6E\222\325\354B\302\222\330N\377\332G\202"
 181      3BDD6136 
 181      4592D5EC 
 181      42C292D8 
 181      4EFFDA47 
 182 003c 824A1528 		.ascii	"\202J\025(m\205\330\226\205\332Qj\221\316\242\210\240"
 182      6D85D896 
 182      85DA516A 
ARM GAS  C:\Users\RUVIMK~1\AppData\Local\Temp\ccbxN2jb.s 			page 14


 182      91CEA288 
 182      A0
 183 004d 04AAF2DD 		.ascii	"\004\252\362\335R\\\251\325\"\254\025\260\212- ED4{"
 183      525CA9D5 
 183      22AC15B0 
 183      8A2D2045 
 183      44347B
 184 0060 EEBD2F79 		.ascii	"\356\275/y\217Hf\266\037or\362\336=\357w\316\357\334"
 184      8F4866B6 
 184      1F6F72F2 
 184      DE3DEF77 
 184      CEEFDC
 185 0073 73CEBDF7 		.ascii	"s\316\275\367i8\216\273\257\343\270\036\236\343z\341"
 185      69388EBB 
 185      AFE3B81E 
 185      9EE37AE1 
 186 0083 D90F1786 		.ascii	"\331\017\027\206{\033\010\271\317\201\334\003y\300\261"
 186      7B1B08B9 
 186      CF81DC03 
 186      79C0B1
 187 0092 0B609C0A 		.ascii	"\013`\234\012q\234\000\002?.\006q\213\256\010\236\351"
 187      719C0002 
 187      3F2E0671 
 187      8BAE089E 
 187      E9
 188 00a3 5F92C648 		.ascii	"_\222\306H\302\207^\217\000.R\302\031\210\237\020\256"
 188      C2875E8F 
 188      002E52C2 
 188      19889F10 
 188      AE
 189 00b4 5690B520 		.ascii	"V\220\265 \177\006\371N\212G\0032\0162\005r\003\344"
 189      7F06F94E 
 189      8A470332 
 189      0E320572 
 189      03E4
 190 00c6 16C824C8 		.ascii	"\026\310$\310\267\022\217\260\004O9F\263Eg\337Rc\036"
 190      B7128FB0 
 190      044F3946 
 190      B34567DF 
 190      52631E
 191 00d9 91E7C2B1 		.ascii	"\221\347\302\261\342\005\224pDd\227\366\237\034\372"
 191      E2059470 
 191      446497F6 
 191      9F1CFA
 192 00e8 37C201E0 		.ascii	"7\302\001\340g\005\365\007\360\036\214\014\002R\301"
 192      6705F507 
 192      F01E8C0C 
 192      0252C1
 193 00f7 70AAAFF2 		.ascii	"p\252\257\362\253\3450\214\021\320j\305\320\300\206"
 193      ABE5308C 
 193      11D06AC5 
 193      D0C086
 194 0106 F5FEF211 		.ascii	"\365\376\362\021=\336@\275\016u\036\376\200\030\256"
 194      3DDE40BD 
 194      0E751EFE 
 194      8018AE
 195 0115 1510C95F 		.ascii	"\025\020\311_\024\250\216N4\335\3253\025A\014\354\233"
ARM GAS  C:\Users\RUVIMK~1\AppData\Local\Temp\ccbxN2jb.s 			page 15


 195      14A88E4E 
 195      34DDD533 
 195      15410CEC 
 195      9B
 196 0126 7E6F19DE 		.ascii	"~o\031\336D\236\371\341/\356}\271\034\011\306\"Qt\213"
 196      449EF9E1 
 196      2FEE7DB9 
 196      1C09C622 
 196      51748B
 197 0139 551E3162 		.ascii	"U\0361b\003\207\216\243U\350\030Z\305\241S\310Hl\032"
 197      03878EA3 
 197      55E8185A 
 197      C5A153C8 
 197      486C1A
 198 014c 5002874E 		.ascii	"P\002\207N\202\262\011\224\357\223X}\035\336'+\246E"
 198      82B20994 
 198      EF93587D 
 198      1DDE272B 
 198      A645
 199 015e 71356A41 		.ascii	"q5jA\002jF\230b`\342k\005\026\375\341\367J\2535\270"
 199      026A4698 
 199      6260E26B 
 199      0516FDE1 
 199      F74AAB35 
 200 0173 1D518E66 		.ascii	"\035Q\216f\357\350Y>\034\207/,\307p\323\232s;D\221G"
 200      EFE8593E 
 200      1C872F2C 
 200      C770D39A 
 200      733B4491 
 201 0188 ADC0715A 		.ascii	"\255\300qZ\346\000JF\262\177\340\243T\001\234z\376/"
 201      E6004A46 
 201      B27FE0A3 
 201      54019C7A 
 201      FE2F
 202 019a A760F04D 		.ascii	"\247`\360M\301\350H$\313\332J\030^u7t\352q-+\306k\345"
 202      C1E84824 
 202      CBDA4A18 
 202      5E753774 
 202      EA712D2B 
 203 01b1 EDED2A5C 		.ascii	"\355\355*\\\317\0065\025\245\205j|\214\015\016\227\225"
 203      CF063515 
 203      A5856A7C 
 203      8C0D0E97 
 203      95
 204 01c2 D40BB891 		.ascii	"\324\013\270\221\015\006&{\337\216duX\001\303\263\376"
 204      0D06267B 
 204      DF8E6475 
 204      5801C3B3 
 204      FE
 205 01d3 3BBE28E6 		.ascii	";\276(\346\221'\021\325~>\037\201\233\030\364\340\374"
 205      912711D5 
 205      7E3E1F81 
 205      9B18F4E0 
 205      FC
 206 01e4 BD495288 		.ascii	"\275IR\2108R\010\254(C\034+CkO\327\373:\334J\301|]\345"
 206      385208AC 
 206      28431C2B 
ARM GAS  C:\Users\RUVIMK~1\AppData\Local\Temp\ccbxN2jb.s 			page 16


 206      436B4FD7 
 206      FB3ADC4A 
 207 01fc C2425420 		.ascii	"\302BT G%\036Qm\344P\007D\336I\246\363\011L'N\232N\017"
 207      47251E51 
 207      6DE45007 
 207      44DE49A6 
 207      F3094C27 
 208 0214 28BB1575 		.ascii	"(\273\025u\210{\253\220\344\250\017r\324+\347(NJ\321"
 208      887BAB90 
 208      E4A80F72 
 208      D42BE728 
 208      4E4AD1
 209 0227 E9D2CB63 		.ascii	"\351\322\313c\002\356f\034\356\3767n\207\345\370,,\307"
 209      02EE661C 
 209      EEFE376E 
 209      87E5F82C 
 209      2CC7
 210 0239 7053F219 		.ascii	"pS\362\031Z\207~\340\370T\346\350\013\324\301=W\335"
 210      5A877EE0 
 210      F854E6E8 
 210      0BD4C13D 
 210      57DD
 211 024b A2C5E729 		.ascii	"\242\305\347)\211j\366\320\261\301\345(:6\326XJ\254"
 211      896AF6D0 
 211      B1C1E528 
 211      3A36D658 
 211      4AAC
 212 025d 4B40102F 		.ascii	"K@\020/\227\206C\347Q4\361\200\006\201\360?(\026]@\261"
 212      978643E7 
 212      5134F180 
 212      0681F03F 
 212      28165D40 
 213 0272 B4E7AB49 		.ascii	"\264\347\253IT>\377\245u\336\351k\242\270[G\351\006"
 213      543EFFA5 
 213      75DEE96B 
 213      A2B85B47 
 213      E906
 214 0284 808E1804 		.ascii	"\200\216\030\004\303L$.\222V\005\3617\036\255\020}n"
 214      C34C242E 
 214      925605F1 
 214      371EAD10 
 214      7D6E
 215 0296 4CC15D4B 		.ascii	"L\301]K\202;\010\2534\225+^\001\026\032\001q\322,\330"
 215      823B08AB 
 215      34952B5E 
 215      01161A01 
 215      71D22CD8 
 216 02aa 6A5375B4 		.ascii	"jSu\264\337l\020Pll\214\221\271\035\364\032j<b\347:"
 216      DF6C1050 
 216      6C6C8C91 
 216      B91DF41A 
 216      6A3C62E7 
 217 02bf DA7B67C1 		.ascii	"\332{g\301\357\027(Fn\257EA\200\333Y\357\362|\032\005"
 217      EF172846 
 217      6EAF4541 
 217      80DB59EF 
 217      F27C1A05 
ARM GAS  C:\Users\RUVIMK~1\AppData\Local\Temp\ccbxN2jb.s 			page 17


 218 02d3 613F171E 		.ascii	"a?\027\036]F\320\320\253\"R)3B\320$#\227 #\237CF.J\031"
 218      5D46D0D0 
 218      AB225229 
 218      3342D024 
 218      23972023 
 219 02ed 61317FE2 		.ascii	"a1\177\342]\231\017\026\004\2658h\324w\262\254!\"\006"
 219      5D990F16 
 219      04B53868 
 219      D477B2AC 
 219      212206
 220 0300 9CE68777 		.ascii	"\234\346\207w\312-\362\250h`\003k\340\202\217/\034\323"
 220      CA2DF2A8 
 220      6860036B 
 220      E0828F2F 
 220      1CD3
 221 0312 91E624EF 		.ascii	"\221\346$\357F{\216\272\265x?\033T6\317t\253\031P\013"
 221      467B8EBA 
 221      B5783F1B 
 221      5436CF74 
 221      AB19500B 
 222 0326 C377FAEA 		.ascii	"\303w\372\352z\324\370\000{\327\374A\335\000\217\253"
 222      7AD4F800 
 222      7BD7FC41 
 222      DD008FAB 
 223 0336 D9E048D3 		.ascii	"\331\340H\323\344\036\204k\331`\252\360\250\013\177"
 223      E41E846B 
 223      D960AAF0 
 223      A80B7F
 224 0345 C49EBDB7 		.ascii	"\304\236\275\267\207\276\216`\036\2140\334\327\377\356"
 224      87BE8E60 
 224      1E8C30DC 
 224      D7FFEE
 225 0354 652D5B3A 		.ascii	"e-[:>\262X\346\376u\255\214\307\215\024\253+\356\367"
 225      3EB258E6 
 225      FE75AD8C 
 225      C78D14AB 
 225      2BEEF7
 226 0367 7CAA8602 		.ascii	"|\252\206\002\300\025\035k$\267j\261\300#\372\306*\245"
 226      C0151D6B 
 226      24B76AB1 
 226      C023FAC6 
 226      2AA5
 227 0379 42B44121 		.ascii	"B\264A!\256Bj' \305\213S{\034\261J\020x\373\243\225"
 227      AE426A27 
 227      20C58B53 
 227      7B1CB14A 
 227      1078FBA3 
 228 038e A2AF0053 		.ascii	"\242\257\000S\364P(\372K\024\012\237\377\271\014\277"
 228      F45028FA 
 228      4B140A9F 
 228      FFB90CBF 
 229 039e B2343C49 		.ascii	"\2624<IFO+\320#\241\350\341\207\234\267\257\222\341"
 229      464F2BD0 
 229      23A1E8E1 
 229      879CB7AF 
 229      92E1
 230 03b0 1F87C2DB 		.ascii	"\037\207\302\333\025py\241@\005G\001q\215\276\234\220"
ARM GAS  C:\Users\RUVIMK~1\AppData\Local\Temp\ccbxN2jb.s 			page 18


 230      157079A1 
 230      40054701 
 230      718DBE9C 
 230      90
 231 03c1 16CA37D0 		.ascii	"\026\3127\320\026\337B\021\307A\246@n\200|\015r\035"
 231      16DF4211 
 231      C741A640 
 231      6E807C0D 
 231      721D
 232 03d3 641AE426 		.ascii	"d\032\344&\310-\220\311\340B\"\354\335\012\366\023\241"
 232      C82D90C9 
 232      E04222EC 
 232      DD0AF613 
 232      A1
 233 03e4 EC8DF2D4 		.ascii	"\354\215\362\324\244&\2534\320&\233X\2742\230\253+\312"
 233      A426AB34 
 233      D0269B58 
 233      BC3298AB 
 233      2BCA
 234 03f6 1A7CB564 		.ascii	"\032|\265d\015\024Y\032P\020\217-M\254\314\322\015E"
 234      0D14591A 
 234      50108F2D 
 234      4DACCCD2 
 234      0D45
 235 0408 52FFBB74 		.ascii	"R\377\273tR\003\316a\215=\360\012\014~\031\332\373\314"
 235      5203CE61 
 235      8D3DF00A 
 235      0C7E19DA 
 235      FBCC
 236 041a D249A570 		.ascii	"\322I\245p\350/_\337\\\203\032\267\320\376\342O\037"
 236      E82F5FDF 
 236      5C831AB7 
 236      D0FEE24F 
 236      1F
 237 042b 3F786A19 		.ascii	"?xj\0312FK\373\300\001\015\331\007\276\003\343\333\362"
 237      32464BFB 
 237      C0010DD9 
 237      07BE03E3 
 237      DBF2
 238 043d 8646261F 		.ascii	"\206F&\037\246\032h\006\212\360C\013\002\261\274]W7"
 238      A61A6806 
 238      8AF0430B 
 238      02B1BC5D 
 238      5737
 239 044f 8575BB83 		.ascii	"\205u\273\203\007 \245\226\027\353,\322IA\000\266q\327"
 239      0720A596 
 239      17EB2CD2 
 239      494100B6 
 239      71D7
 240 0461 FE713DEE 		.ascii	"\376q=\356bq_\274~\372\3262\2443\2061Ew!\026\331\232"
 240      62715FBC 
 240      7EFAD632 
 240      A4338631 
 240      45772116 
 241 0477 CD6E7C3E 		.ascii	"\315n|>\266y\222\034\316s\360\342\216<?\300\221\033"
 241      B679921C 
 241      CE73F0E2 
ARM GAS  C:\Users\RUVIMK~1\AppData\Local\Temp\ccbxN2jb.s 			page 19


 241      8E3C3FC0 
 241      911B
 242 0489 68C9C23F 		.ascii	"h\311\302?3[\252\307e*\3122v\267\240!2\334\011\275\020"
 242      335BAAC7 
 242      652ACA32 
 242      76B7A021 
 242      32DC09BD 
 243 049e F6841E3C 		.ascii	"\366\204\036<\021\343&]s\017j7/\363\264\322\203\201"
 243      11E3265D 
 243      730F6A37 
 243      2FF3B4D2 
 243      8381
 244 04b0 6881A7B6 		.ascii	"h\201\247\266\357\360\202\012\277\313xf\317\214\327"
 244      EFF0820A 
 244      BFCB7866 
 244      CF8CD7
 245 04bf 68C3F1F8 		.ascii	"h\303\361\370\303\362\314?A\252\365\000X\356?\304\362"
 245      C3F2CC3F 
 245      41AAF500 
 245      58EE3FC4 
 245      F2
 246 04d0 80B29C6C 		.ascii	"\200\262\234l;\325\0329\014K\236|\361\255`\037{\210"
 246      3BD51A39 
 246      0C4B9E7C 
 246      F1AD601F 
 246      7B88
 247 04e2 FDC39D08 		.ascii	"\375\303\235\010\035\373\003\027bz\320\362\354&A\311"
 247      1DFB0317 
 247      627AD0F2 
 247      EC2641C9 
 248 04f2 20608282 		.ascii	" `\202\202\032^\362\301\007\374\322\237\344\000)\275"
 248      1A5EF2C1 
 248      07FCD29F 
 248      E40029BD 
 249 0502 B2F78C2E 		.ascii	"\262\367\214.p\261\017B\366\240\260c*^&S\230<\024+\027"
 249      70B10F42 
 249      F6A0B063 
 249      2A5E2653 
 249      983C142B 
 250 0517 7C1D0C4A 		.ascii	"|\035\014J\236$\222\232\354\302Dq\235n\00462\016\275"
 250      9E24929A 
 250      ECC24471 
 250      9D6E0436 
 250      320EBD
 251 052a C87125DA 		.ascii	"\310q%\332\034\272\013\327\036\251\030\215\300\207T"
 251      1CBA0BD7 
 251      1EA9188D 
 251      C08754
 252 0539 6CAF2EF6 		.ascii	"l\257.\366\227\253W\276I[\334#\256\340\321K?\013\036"
 252      97AB57BE 
 252      495BDC23 
 252      AEE0D14B 
 252      3F0B1E
 253 054c 971CF2F0 		.ascii	"\227\034\362\360+\341\337\256b\356:n\273/i\326T\211"
 253      2BE1DFAE 
 253      62EE3A6E 
 253      BB2F69D6 
ARM GAS  C:\Users\RUVIMK~1\AppData\Local\Temp\ccbxN2jb.s 			page 20


 253      5489
 254 055e F523A2EF 		.ascii	"\365#\242\357\316^\354\357\335)\366\203\335S\024\207"
 254      CE5EECEF 
 254      DD29F683 
 254      DD531487 
 255 056e DC7CB012 		.ascii	"\334|\260\022\360\010\377\371\374\010B\"?\014\354\005"
 255      F008FFF9 
 255      FC084222 
 255      3F0CEC05 
 256 057e FC1AB0BF 		.ascii	"\374\032\260\277u\320\363z\024\236a\304\215\235\255"
 256      75D0F37A 
 256      149E61C4 
 256      8D9DAD
 257 058d 45828A67 		.ascii	"E\202\212g\005#\024\240\363W\354\255\321P\035i\240\235"
 257      052314A0 
 257      F357ECAD 
 257      D1501D69 
 257      A09D
 258 059f 3C55F65E 		.ascii	"<U\366^:\367!\003\222\356-d\312\374\353\36375a\303\336"
 258      3AF72103 
 258      92EE2D64 
 258      CAFCEBF3 
 258      373561C3 
 259 05b4 45C32EE2 		.ascii	"E\303.\342\245\270'v\235\367FA\334U#\322\006\017=\012"
 259      A5B82776 
 259      9DF74641 
 259      DC5523D2 
 259      060F3D0A 
 260 05c8 5F2F8042 		.ascii	"_/\200B;\344\240w\204\006\275\233\006]ua\350\232\016"
 260      3BE4A077 
 260      8406BD9B 
 260      065D7561 
 260      E89A0E
 261 05db EF56D3A0 		.ascii	"\357V\323\240\353\246g\3524\354\000#\237\321\245Cm\363"
 261      EBA667EA 
 261      34EC0023 
 261      9FD1A543 
 261      6DF3
 262 05ed 7AF2C129 		.ascii	"z\362\301)J+\021\364\362\032~\215\207~\204\335\020\025"
 262      4A2B11F4 
 262      F21A7E8D 
 262      877E84DD 
 262      1015
 263 05ff F3E46393 		.ascii	"\363\344c\223?uhjZ\217\242\025\237A\210\354Ml\277\334"
 263      3F75686A 
 263      5A8FA215 
 263      9F4188EC 
 263      4D6CBFDC 
 264 0613 CBB3AD64 		.ascii	"\313\263\255d\037oT\034\365wjq\323\301\235\242\250\""
 264      1F6F541C 
 264      F5776A71 
 264      D3C19DA2 
 264      A822
 265 0625 EF430EFB 		.ascii	"\357C\016\373\226\362\253\205\221\270\215\006\306\267"
 265      96F2AB85 
 265      91B88D06 
 265      C6B7
ARM GAS  C:\Users\RUVIMK~1\AppData\Local\Temp\ccbxN2jb.s 			page 21


 266 0633 CC740DEB 		.ascii	"\314t\015\353\203\273\331\340\207t7+\003\237%\362\004"
 266      83BBD9E0 
 266      8774372B 
 266      039F25F2 
 266      04
 267 0644 890BE56E 		.ascii	"\211\013\345n\026dG\245\274\361\241\000\310\227\301"
 267      166447A5 
 267      BCF1A100 
 267      C897C1
 268 0653 FDA239BD 		.ascii	"\375\2429\275\241D2x\012Q\207\201\200_\347\015\2019"
 268      A1443278 
 268      0A518781 
 268      805FE70D 
 268      8139
 269 0665 12EC647D 		.ascii	"\022\354d}wW\324c5b\225\217\366\306\305\023\005\242"
 269      7757D463 
 269      3562958F 
 269      F6C6C513 
 269      05A2
 270 0677 682020B4 		.ascii	"h  \264\207E\0204\334C\363\\\316?\306\375&!!\021~Y\333"
 270      87451034 
 270      DC43F35C 
 270      CE3FC6FD 
 270      26212111 
 271 068e 6C5B6C0E 		.ascii	"l[l\016g\322\023\311\211\016g\342\266\314\354\304\\"
 271      67D213C9 
 271      890E67E2 
 271      B6CCECC4 
 271      5C
 272 069f 479ECB99 		.ascii	"G\236\313\231\270\371\371M\353\223\0237nLI|&\375\331"
 272      B8F9F94D 
 272      EB931337 
 272      6E4C497C 
 272      26FDD9
 273 06b2 B49793C9 		.ascii	"\264\227\223\311+s.Hv\266%!K\373\314s/\254~:)\211S\375"
 273      2B732E48 
 273      76B62521 
 273      4BFBCC73 
 273      2FAC7E3A 
 274 06ca EE0FA68D 		.ascii	"\356\017\246\215\202\331\274\335fw\255O6\273lY\277\316"
 274      82D9BCDD 
 274      6677AD4F 
 274      36BB6C59 
 274      BFCE
 275 06dc 70391CD9 		.ascii	"p9\034\331\316\014k\316\026\253\305b\265dl\315\312\212"
 275      CE0C6BCE 
 275      16ABC562 
 275      B5646CCD 
 275      CA8A
 276 06ee CFCCCB89 		.ascii	"\317\314\313\211\267;\354\326xk\346\026[\374\343\361"
 276      B73BECD6 
 276      786BE616 
 276      5BFCE3F1 
 277 06fe C9EB921E 		.ascii	"\311\353\222\036\217\377\307/\343s2\377\346\310\213"
 277      8FFFC72F 
 277      E37332FF 
 277      E6C88B
ARM GAS  C:\Users\RUVIMK~1\AppData\Local\Temp\ccbxN2jb.s 			page 22


 278 070d 7FC5665F 		.ascii	"\177\305f_\237\234\261\010\223a\263geo\267X3r2!B\273"
 278      9F9CB108 
 278      9361B367 
 278      656FB758 
 278      33723221 
 279 0723 35C36CB1 		.ascii	"5\303l\261\3765s{\266\313\354z5\327\352L\330\306i\003"
 279      FE35737B 
 279      B6CBEC7A 
 279      35D7EA4C 
 279      D8C66903 
 280 0737 947FF9A9 		.ascii	"\224\177\371\251)\235\257:3\314N\227\005\374\003\217"
 280      299DAF3A 
 280      33CC4E97 
 280      05FC038F 
 281 0747 7A63DAD3 		.ascii	"zc\332\323\1774\251~\277\331dB\177B\033\324Y\331\326"
 281      7F34A97E 
 281      BFD96442 
 281      7F421BD4 
 281      59D9D6
 282 075a CC3C69C6 		.ascii	"\314<i\306I\2772\273\264\201\007\354\264\272\276oR\235"
 282      49BF32BB 
 282      B48107EC 
 282      B4BABE6F 
 282      529D
 283 076c AE1C98C2 		.ascii	"\256\034\230\302\326\\\233\003\230pZ\212\011?\233bR"
 283      D65C9B03 
 283      98705A8A 
 283      093F9B62 
 283      52
 284 077d A7BF909E 		.ascii	"\247\277\220\236bZ\226\2669=55\305\244I{\376\305\364"
 284      625A96B6 
 284      393D3535 
 284      C5A4497B 
 284      FEC5F4
 285 0790 54937A53 		.ascii	"T\223zSZJ\252\211\244{\203N\2662\273\004\233\203\370"
 285      5A4AAA89 
 285      A47B834E 
 285      B632BB04 
 285      9B83F8
 286 07a3 B659CCAE 		.ascii	"\266Y\314\256\337\376\210\212n\343t\314QN\246\363\357"
 286      DFFE888A 
 286      6EE374CC 
 286      514EA6F3 
 286      EF
 287 07b4 30299B23 		.ascii	"0)\233#\307a\261\232]\372\000\302l\263\333~\024C\026"
 287      C761B19A 
 287      5DFA00C2 
 287      6CB3DB7E 
 287      144316
 288 07c7 F748D017 		.ascii	"\367H\320\027djk\236c"
 288      646A6B9E 
 288      63
 289 07d0 7B2EE188 		.ascii	"{.\341\210\244Z\353\313V\273\313\371\213p\376\245\322"
 289      A45AEBCB 
 289      56BBCBF9 
 289      8B70FEA5 
 289      D2
ARM GAS  C:\Users\RUVIMK~1\AppData\Local\Temp\ccbxN2jb.s 			page 23


 290 07e1 041C42B8 		.ascii	"\004\034B\270\002\334\250\221\331\365?-V\212-"
 290      02DCA891 
 290      D9F53F2D 
 290      568A2D
 291              		.text
 292              		.section	.gnu.lto_.symtab.211dac0c,"",%progbits
 293 0000 5F70616C 		.ascii	"_pal_lld_init\000"
 293      5F6C6C64 
 293      5F696E69 
 293      7400
 294 000e 00       		.ascii	"\000"
 295 000f 00       		.ascii	"\000"
 296 0010 00       		.ascii	"\000"
 297 0011 00000000 		.ascii	"\000\000\000\000\000\000\000\000"
 297      00000000 
 298 0019 04010000 		.ascii	"\004\001\000\000"
 299 001d 5F70616C 		.ascii	"_pal_lld_setgroupmode\000"
 299      5F6C6C64 
 299      5F736574 
 299      67726F75 
 299      706D6F64 
 300 0033 00       		.ascii	"\000"
 301 0034 00       		.ascii	"\000"
 302 0035 00       		.ascii	"\000"
 303 0036 00000000 		.ascii	"\000\000\000\000\000\000\000\000"
 303      00000000 
 304 003e 0A010000 		.ascii	"\012\001\000\000"
 305 0042 5F70616C 		.ascii	"_pal_events\000"
 305      5F657665 
 305      6E747300 
 306 004e 00       		.ascii	"\000"
 307 004f 00       		.ascii	"\000"
 308 0050 00       		.ascii	"\000"
 309 0051 00000000 		.ascii	"\000\000\000\000\000\000\000\000"
 309      00000000 
 310 0059 14010000 		.ascii	"\024\001\000\000"
 311              		.text
 312              		.section	.gnu.lto_.opts,"",%progbits
 313 0000 272D666D 		.ascii	"'-fmath-errno' '-fsigned-zeros' '-ftrapping-math' '"
 313      6174682D 
 313      6572726E 
 313      6F272027 
 313      2D667369 
 314 0033 2D666E6F 		.ascii	"-fno-trapv' '-fno-openmp' '-fno-openacc' '-mcpu=cor"
 314      2D747261 
 314      70762720 
 314      272D666E 
 314      6F2D6F70 
 315 0066 7465782D 		.ascii	"tex-m4' '-mno-thumb-interwork' '-mthumb' '-O2' '-fo"
 315      6D342720 
 315      272D6D6E 
 315      6F2D7468 
 315      756D622D 
 316 0099 6D69742D 		.ascii	"mit-frame-pointer' '-falign-functions=16' '-ffuncti"
 316      6672616D 
 316      652D706F 
 316      696E7465 
ARM GAS  C:\Users\RUVIMK~1\AppData\Local\Temp\ccbxN2jb.s 			page 24


 316      72272027 
 317 00cc 6F6E2D73 		.ascii	"on-sections' '-fdata-sections' '-fno-common' '-flto"
 317      65637469 
 317      6F6E7327 
 317      20272D66 
 317      64617461 
 318 00ff 2700     		.ascii	"'\000"
 319              		.text
 320              		.comm	__gnu_lto_v1,1,1
 321              		.comm	__gnu_lto_slim,1,1
 322              		.ident	"GCC: (GNU Tools for Arm Embedded Processors 7-2017-q4-major) 7.2.1 20170904 (release) [ARM
ARM GAS  C:\Users\RUVIMK~1\AppData\Local\Temp\ccbxN2jb.s 			page 25


DEFINED SYMBOLS
                            *ABS*:00000000 hal_pal_lld.c
                            *COM*:00000001 __gnu_lto_v1
                            *COM*:00000001 __gnu_lto_slim

NO UNDEFINED SYMBOLS
