ARM GAS  C:\Users\RUVIMK~1\AppData\Local\Temp\cchEStxg.s 			page 1


   1              		.cpu cortex-m4
   2              		.eabi_attribute 20, 1
   3              		.eabi_attribute 21, 1
   4              		.eabi_attribute 23, 3
   5              		.eabi_attribute 24, 1
   6              		.eabi_attribute 25, 1
   7              		.eabi_attribute 26, 1
   8              		.eabi_attribute 30, 2
   9              		.eabi_attribute 34, 1
  10              		.eabi_attribute 18, 4
  11              		.file	"hal_st_lld.c"
  12              		.section	.gnu.lto_.profile.211d8de6,"",%progbits
  13 0000 789C6363 		.ascii	"x\234cc```\001bF\006\033y\000\001\017\000g"
  13      60606001 
  13      6246061B 
  13      7900010F 
  13      0067
  14              		.text
  15              		.section	.gnu.lto_.icf.211d8de6,"",%progbits
  16 0000 789C6363 		.ascii	"x\234cc``\340c@\000&\206\2757\226o\341d\2741\353\323"
  16      6060E063 
  16      40002686 
  16      BD37966F 
  16      E164BC31 
  17 0016 252E0600 		.ascii	"%.\006\0000\013\006Q"
  17      300B0651 
  18              		.text
  19              		.section	.gnu.lto_.jmpfuncs.211d8de6,"",%progbits
  20 0000 789C6363 		.ascii	"x\234cc``\360d@\000&0\311\310\300\300\3028\205\231\361"
  20      6060F064 
  20      40002630 
  20      C9C8C0C0 
  20      C2388599 
  21 0015 E9C9C96D 		.ascii	"\351\311\311m<\335\314s\230\031\030e\03073\31200\036"
  21      3CDDCC73 
  21      98191865 
  21      183733CA 
  21      30301E
  22 0028 60619401 		.ascii	"`a\224\001b\240\022\240t\327\257\353}\034\020i\016\306"
  22      62A012A0 
  22      74D7AFEB 
  22      7D1C1069 
  22      0EC6
  23 003a 2D50690E 		.ascii	"-Pi\016\2604\003\000!Q\016\252"
  23      B0340300 
  23      21510EAA 
  24              		.text
  25              		.section	.gnu.lto_.inline.211d8de6,"",%progbits
  26 0000 789C6363 		.ascii	"x\234cc``\260b@\000&\006\006\036QF\006&\276+\376\014"
  26      6060B062 
  26      40002606 
  26      061E5146 
  26      0626BE2B 
  27 0016 6C0BE499 		.ascii	"l\013\344\231@b\214\\p\202A\\\036(\251t\241\223\011"
  27      40628C5C 
  27      7082415C 
  27      1E28A974 
ARM GAS  C:\Users\RUVIMK~1\AppData\Local\Temp\cchEStxg.s 			page 2


  27      A19309
  28 0029 2ECBCC03 		.ascii	".\313\314\003\326\305\000\000\251\000\005\004"
  28      D6C50000 
  28      A9000504 
  29              		.text
  30              		.section	.gnu.lto_.pureconst.211d8de6,"",%progbits
  31 0000 789C6363 		.ascii	"x\234cc```\003b&\206]\214\214R\000\003\261\000\345"
  31      60606003 
  31      6226865D 
  31      8C8C5200 
  31      03B100E5 
  32              		.text
  33              		.section	.gnu.lto_VectorB0.211d8de6,"",%progbits
  34 0000 789C8554 		.ascii	"x\234\205T[LTW\024\335\373\236;\017f\360\221~\365\203"
  34      5B4C5457 
  34      14DDFB9E 
  34      3B0F66F0 
  34      917EF583 
  35 0014 8F219158 		.ascii	"\217!\221X\033\302\025K\243\211I\223\212?$N\322\200"
  35      1BC2154B 
  35      A3894993 
  35      8A3F244E 
  35      D280
  36 0026 FF44AFA3 		.ascii	"\377D\257\243L2\343\230\271\324\350\027\207\001\213"
  36      4C32E398 
  36      B9D4E817 
  36      87018B
  37 0035 28463F14 		.ascii	"(F?\024\221\0162\226>\354\007\242\370\034Q\274Bm\253"
  37      910E3296 
  37      3EEC07A2 
  37      F81C51BC 
  37      426DAB
  38 0048 56C4A9CF 		.ascii	"V\304\251\317\362\341+\322j\211\361\025\321V\301\275"
  38      F2E12BD2 
  38      6A89F115 
  38      D156C1BD 
  39 0058 EF0C23CE 		.ascii	"\357\014#\316Tz2s\346\236\275\366c\355\275\316\\;\000"
  39      547A3273 
  39      E69EBDF6 
  39      63EDBDCE 
  39      5C3B00
  40 006b E4DB003E 		.ascii	"\344\333\000>F\200\022zF\033\240\262m\000\240\326\251"
  40      4680127A 
  40      461BA0B2 
  40      6D00A0D6 
  40      A9
  41 007c 2862300F 		.ascii	"(b0\017\244K5\213A\346\012T\223f\025\221\037\244\023"
  41      A44B358B 
  41      41E60A54 
  41      93661591 
  41      1FA413
  42 008f A146112A 		.ascii	"\241F\021*\326`\223\330.\260\257a8\256\314\371A\322"
  42      D66093D8 
  42      2EB0AF61 
  42      38AECCF9 
  42      41D2
  43 00a1 3277FE33 		.ascii	"2w\3763\243Vn\3700*\000\232\351\313\013\017\342\034"
ARM GAS  C:\Users\RUVIMK~1\AppData\Local\Temp\cchEStxg.s 			page 3


  43      A3566EF8 
  43      302A009A 
  43      E9CB0B0F 
  43      E21C
  44 00b3 20B73B07 		.ascii	" \267;\007\306vL\263\253I;\036B;Pa\350J\330L96\336 "
  44      C6764CB3 
  44      AB493B1E 
  44      423B5061 
  44      E84AD84C 
  45 00cb CD671DD8 		.ascii	"\315g\035\330S\356B\210\012Tx\003\330H\236TP\232\320"
  45      53EE4288 
  45      0A547803 
  45      D8489E54 
  45      509AD0
  46 00de 28147EAA 		.ascii	"(\024~\2523\341\001\366\035\277\337\324\350\346\004"
  46      33E101F6 
  46      1DBFDFD4 
  46      E8E604
  47 00ed AD02296F 		.ascii	"\255\002)o\363\206\276\213\216\315\"*\024\3442\003\235"
  47      F386BE8B 
  47      8ECD222A 
  47      14E43203 
  47      9D
  48 00fe A38F5CC9 		.ascii	"\243\217\\\311#3R\311\024k\3733'\206\273k\351\350\211"
  48      233352C9 
  48      146BFB33 
  48      2786BB6B 
  48      E9E889
  49 0111 0A814730 		.ascii	"\012\201G0\017\017c\036\260{\303\360\371\301\351Z\247"
  49      0F0F631E 
  49      B07BC3F0 
  49      F9C1E95A 
  49      A7
  50 0122 ACAF654C 		.ascii	"\254\257eL\305\243\030\303\035\026s<\206\032\225\253"
  50      C5A318C3 
  50      1D16733C 
  50      861A95AB 
  51 0132 7BF5D52E 		.ascii	"{\365\325.G\262\232\222,xf|\324\234\301\025\020\025"
  51      47B29A92 
  51      2C78667C 
  51      D49CC115 
  51      1015
  52 0144 8C539E7B 		.ascii	"\214S\236{X?\324_\222\362!\207\256\221\370\313iI\007"
  52      583FD45F 
  52      92F22187 
  52      AE91F8CB 
  52      694907
  53 0157 C0E35C88 		.ascii	"\300\343\\\210V\243\0200\230\227\354\340\331_[\316Z"
  53      56A31030 
  53      9897ECE0 
  53      D95F5BCE 
  53      5A
  54 0168 1DBC4B2E 		.ascii	"\035\274K.\366=w?5\277\236\267\374N\2406\271}\225\212"
  54      F63D773F 
  54      35BF9EB7 
  54      FC4EA036 
  54      B97D958A 
ARM GAS  C:\Users\RUVIMK~1\AppData\Local\Temp\cchEStxg.s 			page 4


  55 017c 9DA4A861 		.ascii	"\235\244\250a\032\037\331/\325\357\217\012\266\333\220"
  55      1A1FD92F 
  55      D5EF8F0A 
  55      B6DB90
  56 018b 67F0F842 		.ascii	"g\360\370B\353\335\351|\264\243\207\216\337\235K\234"
  56      EBDDE97C 
  56      B4A3878E 
  56      DF9D4B9C 
  57 019b 728BCFAC 		.ascii	"r\213\317\254\211\375\270oOKnA\207\224\021i\216\266"
  57      89FDB86F 
  57      4F4B6E41 
  57      87941169 
  57      8EB6
  58 01ad 7CD45AB7 		.ascii	"|\324Z\267y\213\214EfF\205\003M\024$\027\236\"B\275"
  58      798B8C45 
  58      66468503 
  58      4D142417 
  58      9E2242BD 
  59 01c1 A93EF034 		.ascii	"\251>\3604\0260\257\373\362\244\312\371\034\350\301"
  59      1630AFFB 
  59      F2A4CAF9 
  59      1CE8C1
  60 01d0 3EC2FEC6 		.ascii	">\302\376\306\310\235\247[\017\335\304\264\324\365\311"
  60      C89DA75B 
  60      0FDDC4B4 
  60      D4F5C9
  61 01df 1BB1FB03 		.ascii	"\033\261\373\003\233%w\263@\310\300\306\273J6\351\200"
  61      9B2577B3 
  61      40C8C0C6 
  61      BB4A36E9 
  61      80
  62 01f0 FD0C2A99 		.ascii	"\375\014*\231\340\277'\012\375\200?1&2\261\247-\205"
  62      E0BF270A 
  62      FD803F31 
  62      2632B1A7 
  62      2D85
  63 0202 EDC4EB0C 		.ascii	"\355\304\353\014\203j&\230\370Z0I\300\237\031\266M\276"
  63      836A2698 
  63      F85A3049 
  63      C09F19B6 
  63      4DBE
  64 0214 7BF80BDA 		.ascii	"{\370\013\332\361W\276z\264\321\274`+\353\365M{\367"
  64      F157BE7A 
  64      B4D1BC60 
  64      2BEBF54D 
  64      7BF7
  65 0226 0B577E4C 		.ascii	"\013W~Li\227-4c'\007t\336\355\221NU\241v\317b\276%\304"
  65      69972D34 
  65      63270774 
  65      DEED914E 
  65      55A176CF 
  66 023e A391CB43 		.ascii	"\243\221\313C\012Y\360\034\252V\303\200\347\255\311"
  66      0A59F01C 
  66      AA56C380 
  66      E7ADC9
  67 024d EEEDEDBF 		.ascii	"\356\355\355\277\227\233\337\221\212\316a\337'\373\272"
  67      979BDF91 
ARM GAS  C:\Users\RUVIMK~1\AppData\Local\Temp\cchEStxg.s 			page 5


  67      8ACE61DF 
  67      27FBBA
  68 025c AFB8ADE8 		.ascii	"\257\270\255\350\3378\032/\240J\262D<\326\360\000F\260"
  68      DF381A2F 
  68      A04AB244 
  68      3CD6F000 
  68      46B0
  69 026e EED6EB9D 		.ascii	"\356\326\353\235\317WfNj\177zR\366wH\017\020\327\213"
  69      CF57664E 
  69      6A7F7A52 
  69      F677480F 
  69      10D78B
  70 0281 4C9A3702 		.ascii	"L\2327\002\342\361\221!G\315k\351\214\012W3\0110\300"
  70      E2F19121 
  70      47CD6BE9 
  70      8C0A5733 
  70      0930C0
  71 0294 D820D6D0 		.ascii	"\330 \326\320\345qO\310\237!j\333\377\210z\311\0225"
  71      E5714FC8 
  71      9F216ADB 
  71      FF887AC9 
  71      1235
  72 02a6 7D971C34 		.ascii	"}\227\0344\233\304T\242v\247\251:\263E\3654\221\250"
  72      9BC454A2 
  72      76A7A93A 
  72      B345F534 
  72      91A8
  73 02b8 BF339893 		.ascii	"\2773\230\223-\352\254\000\340e\306\\\331\242.\330K"
  73      2DEAAC00 
  73      E065C65C 
  73      D9A22ED8 
  73      4B
  74 02c9 BCAE30E8 		.ascii	"\274\2560\350\316\004\037\264\011&\011x5[\324k4\237"
  74      CE041FB4 
  74      09260978 
  74      355BD46B 
  74      349F
  75 02db EB3C83EB 		.ascii	"\353<\203\353\223D\035k\277\335\353\236\320+a\351u\303"
  75      93441D6B 
  75      BFDDEB9E 
  75      D02B61E9 
  75      75C3
  76 02ed D22B539C 		.ascii	"\322+S\234?\322\342p~\353\237\252\246^6,Tc4\307zYe\315"
  76      3FD2E270 
  76      7EEB9FAA 
  76      A65E362C 
  76      546334C7 
  77 0305 3D976287 		.ascii	"=\227b\207RC\177\210\221\330\350\267h9\362\332Hw\235"
  77      52437F88 
  77      91D8E8B7 
  77      6839F2DA 
  77      48779D
  78 0318 52509185 		.ascii	"RP\221\205EE\032}\364*\377r\177\310(^0O\013\031Z\325"
  78      45451A7D 
  78      F42AFF72 
  78      7FC8285E 
  78      304F0B19 
ARM GAS  C:\Users\RUVIMK~1\AppData\Local\Temp\cchEStxg.s 			page 6


  79 032e B280B626 		.ascii	"\262\200\266&\024\2566\264\212\245\336O\346iK\226,\326"
  79      14AE36B4 
  79      8AA5DE4F 
  79      E6694B96 
  79      2CD6
  80 0340 969679D7 		.ascii	"\226\226y\327\0263RiTW\006\002+\212tp,_f\370\276\010"
  80      16335269 
  80      54570602 
  80      2B8A7470 
  80      2C5F66F8 
  81 0356 FB3FFDAF 		.ascii	"\373?\375\257\034z(\030\014\255N\245\371\274\334[\352"
  81      1C7A2818 
  81      0CAD4EA5 
  81      F9BCDC5B 
  81      EA
  82 0367 5D471E7A 		.ascii	"]G\036z(\354\253\\;?XT\005\213\246\210\362\255\253\346"
  82      28ECAB5C 
  82      3B3F5854 
  82      058BA688 
  82      F2ADABE6 
  83 037b 18ADD45B 		.ascii	"\030\255\324[QV\241\225R\220V\266Z\017|\271\302\247"
  83      5156A195 
  83      529056B6 
  83      5A0F7CB9 
  83      C2A7
  84 038d E941C36F 		.ascii	"\351A\303oT\256\322uJ1\373}\344C\006m\341j\353\367}"
  84      54AED275 
  84      4A31FB7D 
  84      E443066D 
  84      E16AEBF7 
  85 03a2 7E04FB27 		.ascii	"~\004\373'rV\031\353\015\362\233\351\255(\367pSk\302"
  85      725619EB 
  85      0DF29BE9 
  85      AD28F770 
  85      536BC2
  86 03b5 FE424FC1 		.ascii	"\376BO\301\\P\302\340\010\372\202\241\360zx\003\272"
  86      5C50C2E0 
  86      08FA82A1 
  86      F07A7803 
  86      BA
  87 03c6 C30E35   		.ascii	"\303\0165"
  88              		.text
  89              		.section	.gnu.lto_st_lld_init.211d8de6,"",%progbits
  90 0000 789CA595 		.ascii	"x\234\245\225KL\023A\030\200\347\337\331\266\333\005"
  90      4B4C1341 
  90      1880E7DF 
  90      D9B6DB05 
  91 0010 31311E4C 		.ascii	"11\036L\354\301+\036\330\024/&\306\304\203\027\0238"
  91      ECC12B1E 
  91      D8142F26 
  91      C6C48317 
  91      1338
  92 0022 C19D281E 		.ascii	"\301\235(\036 !\301X\342\321.\257\026\220\030\022\005"
  92      2021C158 
  92      E2D12EAF 
  92      16901812 
  92      05
ARM GAS  C:\Users\RUVIMK~1\AppData\Local\Temp\cchEStxg.s 			page 7


  93 0033 1353CC26 		.ascii	"\023S\314&&\022\016\004A\020\313C\226\012\"\257\026"
  93      26120E04 
  93      4110CB43 
  93      960A22AF 
  93      16
  94 0044 11E551C4 		.ascii	"\021\345Q\304\204(\362\322\020C\242\321\000\376\377"
  94      8428F2D2 
  94      1043A2D1 
  94      00FEFF
  95 0053 6C69099E 		.ascii	"li\011\236Z'\335\351\356\314\354\367\375\377\314\316"
  95      5A27DDE9 
  95      EECCECF7 
  95      FDFFCCCE 
  96 0063 AE9D3176 		.ascii	"\256\2351v\311\316\330E\374?\215\007p\006RC\230\261"
  96      C9CED845 
  96      FC3F8D07 
  96      70065243 
  96      98B1
  97 0075 724502A0 		.ascii	"rE\002\240\023]\001\346\225\300\013\365\374>\207\220"
  97      135D01E6 
  97      95C00BF5 
  97      FC3E8790 
  98 0085 7F352865 		.ascii	"\1775(e\266\350X\314\007?N\370\364\352S\001\316X\023"
  98      B6E858CC 
  98      073F4EF8 
  98      F4EA5301 
  98      CE5813
  99 0098 1E54E019 		.ascii	"\036T\340\031d2\034\266\322\261\327x\314.[\355\320\005"
  99      64321CB6 
  99      D2B1D778 
  99      CC2E5BED 
  99      D005
 100 00aa 760678D2 		.ascii	"v\006x\322>c3\365\275}\277n\016?\206\335\274\223\300"
 100      3E6333F5 
 100      BD7DBF6E 
 100      0E3F86DD 
 100      BC93C0
 101 00bd 021C24AA 		.ascii	"\002\034$\2528U2UN\252T\252\030\253\301\2731\004\335"
 101      38553255 
 101      4EAA54AA 
 101      18ABC1BB 
 101      3104DD
 102 00d0 64B55CA2 		.ascii	"d\265\\\242\263J\223m@\250w}\260\230\230\0179\240\252"
 102      B34A936D 
 102      40A8777D 
 102      B098980F 
 102      39A0AA
 103 00e3 A93A1471 		.ascii	"\251:\024q\334\341\001.\001\231\253\232GV\235\326\245"
 103      DCE1012E 
 103      0199AB9A 
 103      47569DD6 
 103      A5
 104 00f4 BE5DA3CB 		.ascii	"\276]\243\313\330\024\355[Y\266\033\360\250\034\203"
 104      D814ED5B 
 104      59B61BF0 
 104      A81C83
 105 0103 3E13E01C 		.ascii	">\023\340\034\236\203\013\272\301\305h\374\346\347\261"
ARM GAS  C:\Users\RUVIMK~1\AppData\Local\Temp\cchEStxg.s 			page 8


 105      9E830BBA 
 105      C1C568FC 
 105      E6E7B1
 106 0112 810CAD4D 		.ascii	"\201\014\255M\257\202\000\227\241\007\014h\024\271\300"
 106      AF820097 
 106      A1070C68 
 106      14B9C0
 107 0121 0BD05056 		.ascii	"\013\320PV\371\313\007\226K\262t]\303\243>\205\370\200"
 107      F9CB0796 
 107      4BB2745D 
 107      C3A33E85 
 107      F880
 108 0133 2588100C 		.ascii	"%\210\020\014h\266N\214IN\325\233P\365\201\206|\221"
 108      68B64E8C 
 108      494ED59B 
 108      50F58186 
 108      7C91
 109 0145 9AD392F1 		.ascii	"\232\323\222\361\344X\375\202ES\014\003G\302\226\021"
 109      E458FD82 
 109      45530C03 
 109      47C29611 
 110 0155 F65F71BE 		.ascii	"\366_q\276L\260\007)NY\304\331:\036\213\324yx\011lb"
 110      4CB00729 
 110      4E59C4D9 
 110      3A1E8BD4 
 110      7978096C 
 111 016a 09EA2A87 		.ascii	"\011\352*\207:\025\353R7\033\364\014lZ\370V\325\221"
 111      3A15EB52 
 111      371BF40C 
 111      6C5AF856 
 111      D591
 112 017c 96F0D961 		.ascii	"\226\360\331a\010}f\314\327\273\325\332c\217\373B\302"
 112      087D66CC 
 112      D7BBD5DA 
 112      638FFB42 
 112      C2
 113 018d 2791EFD5 		.ascii	"'\221\357\325\221\\T\324\375\233K\022\354\341\004{\204"
 113      915C54D4 
 113      FD9B4B12 
 113      ECE1047B 
 113      84
 114 019e 725189B4 		.ascii	"rQ\211\264\2636U\233\021c\3053q\210L\302m?\267U\353"
 114      B336559B 
 114      1163C533 
 114      71884CC2 
 114      6D3FB755 
 115 01b3 929E787A 		.ascii	"\222\236xz\230\214\346\257\316\230\314\270\215\217\251"
 115      988CE6AF 
 115      CE98CCB8 
 115      8D8FA9
 116 01c2 02A3A87B 		.ascii	"\002\243\250{\035\323\371W'\246\305\324\225S(2\274\021"
 116      1DD3F957 
 116      27A6C5D4 
 116      95532832 
 116      BC11
 117 01d4 42B109C6 		.ascii	"B\261\011\306@\303\001\033\341\365f172D\206\030\214"
 117      40C3011B 
ARM GAS  C:\Users\RUVIMK~1\AppData\Local\Temp\cchEStxg.s 			page 9


 117      E1F56631 
 117      37324486 
 117      188C
 118 01e6 5BC9ECAC 		.ascii	"[\311\354\254\205\343!$'\230\020\002\231\004\223B\260"
 118      85E32124 
 118      27981002 
 118      99049342 
 118      B0
 119 01f7 D9FF74DE 		.ascii	"\331\377t\336f\011\366\261\034\207\251\003E$EEX(l\244"
 119      6609F6B1 
 119      1C87A903 
 119      45244545 
 119      58286CA4 
 120 020b 8808457C 		.ascii	"\210\010E|\222d`0}\200\237O\011\357\204\267\002\217"
 120      92646030 
 120      7D809F4F 
 120      09EF84B7 
 120      028F
 121 021d AF20EA34 		.ascii	"\257 \3524\353+Z\035\356v\3524:\305\222\315\200\006"
 121      EB2B5A1D 
 121      EE76EA34 
 121      3AC592CD 
 121      8006
 122 022f 675D629B 		.ascii	"g]b\233\274\003wB\267\220b6\263B\347 \336{D\307y\213"
 122      BC037742 
 122      B7906236 
 122      B342E720 
 122      DE7B44C7 
 123 0245 29F23E08 		.ascii	")\362>\010\236B\274\271\303\274h\212\274y\301s\022o"
 123      9E42BCB9 
 123      C3BC688A 
 123      BC79C173 
 123      126F
 124 0257 41CC76B7 		.ascii	"A\314v\267\177\262C\265f\033`\361\000\277\224\">*\360"
 124      7FB243B5 
 124      661B60F1 
 124      00BF9422 
 124      3E2AF0
 125 026a 2AE19730 		.ascii	"*\341\2270\\\342mA\265\261\377\204\213\2674\336\021"
 125      5CE26D41 
 125      B5B1FF84 
 125      8BB734DE 
 125      11
 126 027b 0C6E451D 		.ascii	"\014nE\035\336]]\011p\265\211\366=|\004/u|\031\273\347"
 126      DE5D5D09 
 126      70B589F6 
 126      3D7C042F 
 126      757C19BB 
 127 0290 4BA740D2 		.ascii	"K\247@\322\220\277\014.\332\351\277\347\356*V\223\002"
 127      90BF0C2E 
 127      DAE9BFE7 
 127      EE2A5693 
 127      02
 128 02a1 9FC015E0 		.ascii	"\237\300\025\340\351\354;T\030\177Z\304\346\024\237"
 128      E9EC3B54 
 128      187F5AC4 
 128      E6149F
ARM GAS  C:\Users\RUVIMK~1\AppData\Local\Temp\cchEStxg.s 			page 10


 129 02b0 841A64E0 		.ascii	"\204\032d\340\253\0337\335\205\254,\015\177\205E\305"
 129      AB1B37DD 
 129      85AC2C0D 
 129      7F8545C5 
 130 02c0 D78A4B3D 		.ascii	"\327\212K=\356\363\331Z\251G+\272Z\242\335(\275Y\346"
 130      EEF3D95A 
 130      A9472BBA 
 130      5AA2DD28 
 130      BD59E6
 131 02d3 D1F2F273 		.ascii	"\321\362\362s\317ek99\227\265\374+\271\267\334\324S"
 131      CF656B39 
 131      3997B5FC 
 131      2BB9B7DC 
 131      D453
 132 02e5 E0292B28 		.ascii	"\340)+()\271\236U\310\376\002\356\373\031\360"
 132      29B99E55 
 132      C8FE02EE 
 132      FB19F0
 133              		.text
 134              		.section	.gnu.lto_.symbol_nodes.211d8de6,"",%progbits
 135 0000 789C6363 		.ascii	"x\234cc``(\004b\006\246\235L\365\014\014\023\31610\000"
 135      60602804 
 135      6206A69D 
 135      4CF50C0C 
 135      13CE3130 
 136 0015 A95D0D8E 		.ascii	"\251]\015\216@\221]L\365\214(\"\214\273\231\352\231"
 136      40915D4C 
 136      F58C2822 
 136      8CBB99EA 
 136      99
 137 0026 C0220C0C 		.ascii	"\300\"\014\014\015\015\016@\201=L\365\314(\002{\231"
 137      0D0D0E40 
 137      813D4CF5 
 137      CC28027B 
 137      99
 138 0037 EA599005 		.ascii	"\352Y\220\005\230\201\260\245\355=+3\003\023CK\373\033"
 138      9881B0A5 
 138      ED3D2B33 
 138      0313434B 
 138      FB1B
 139 0049 79664616 		.ascii	"yfF\026\206#]o\344\031\000C$\033\277"
 139      86235D6F 
 139      E4190043 
 139      241BBF
 140              		.text
 141              		.section	.gnu.lto_.refs.211d8de6,"",%progbits
 142 0000 789C6363 		.ascii	"x\234cc```\004b\006\000\000D\000\010"
 142      60606004 
 142      62060000 
 142      440008
 143              		.text
 144              		.section	.gnu.lto_.decls.211d8de6,"",%progbits
 145 0000 789CCD58 		.ascii	"x\234\315XkPTI\226\256\274Y\024\024/\0154:\214\0157"
 145      6B505449 
 145      96AEBC59 
 145      14142F0D 
 145      343A8C0D 
ARM GAS  C:\Users\RUVIMK~1\AppData\Local\Temp\cchEStxg.s 			page 11


 146 0015 B6C32056 		.ascii	"\266\303 V\376(\017\235\351\216\231\211\215\326\002"
 146      FE280F9D 
 146      E98E9989 
 146      8DD602
 147 0024 8558E936 		.ascii	"\205X\3516\252\354\211\335\011\272kh\250\036\331\345"
 147      AAEC89DD 
 147      09BA6B68 
 147      A81ED9E5 
 148 0034 D103D863 		.ascii	"\321\003\330cG\354n\027/\005|\242h+\276PPQP\241\025"
 148      47EC6E17 
 148      2F057CA2 
 148      682BBE50 
 148      505150A1 
 149 0049 1101414A 		.ascii	"\021\001AJ\001y(\226h\213\002\026\017\021\037-/\025"
 149      01792896 
 149      688B0216 
 149      0F111F2D 
 149      2F15
 150 005b 04943D99 		.ascii	"\004\224=\231y\253n\326\245\350\235\335\330\215\330"
 150      79AB6ED6 
 150      A5E89DDD 
 150      D88DD8
 151 006a 1B1CF29E 		.ascii	"\033\034\362\236\314/\277{\362\234s\363\236,\225B\241"
 151      CC2FBF7B 
 151      F29C73F3 
 151      9E2C9542 
 151      A1
 152 007b A8FB5B85 		.ascii	"\250\373[\205\342{'\205b\015R(\246\341\302\320w\025"
 152      E27B2785 
 152      620D5228 
 152      A6E1C2D0 
 152      7715
 153 008d 04544595 		.ascii	"\004TE\225\202]0\254\270\016R\017r\003\244\011\244U"
 153      825D30AC 
 153      B80E520F 
 153      7203A409 
 153      A455
 154 009f 31F3DA02 		.ascii	"1\363\332\002\223\334\241\375#\310b\220\371\240\317"
 154      93DCA1FD 
 154      23C86290 
 154      F9A0CF
 155 00ae 03B907F7 		.ascii	"\003\271\007\367^D\0279\377\006\372\376\016\344C\220"
 155      5E441739 
 155      FF06FAFE 
 155      0EE44390 
 156 00be 6BE2B3C8 		.ascii	"k\342\263\310?\017\3619\213\340\336\033\344\357A|@\226"
 156      3F0FF139 
 156      8BE0DE1B 
 156      E4EF417C 
 156      4096
 157 00d0 82F821F6 		.ascii	"\202\370!\366\334\000h\227\203\374\032\344c\304\354"
 157      DC006897 
 157      83FC1AE4 
 157      63C4EC
 158 00df 915F3B44 		.ascii	"\221_;D.\253\035\351\240o\022\355\330\003\355n$\331"
 158      2EAB1DE9 
 158      A06F12ED 
ARM GAS  C:\Users\RUVIMK~1\AppData\Local\Temp\cchEStxg.s 			page 12


 158      D803ED6E 
 158      24D9
 159 00f1 D6077D7B 		.ascii	"\326\007}{\021\263\353\026\210\033H\022\350\377\206"
 159      11B3EB16 
 159      881B4812 
 159      E8FF86
 160 0100 18CF5C90 		.ascii	"\030\317\\\220I\350\233\002y\0172\015\202\241\317\023"
 160      49E89B02 
 160      790F320D 
 160      82A1CF13 
 161 0110 44052288 		.ascii	"D\005\"\210~q\344\217l\214:\033N\025\342-\030-vE\304"
 161      7E71E48F 
 161      6C8C3A1B 
 161      4E15E22D 
 161      182D7645 
 162 0125 BB73A0EB 		.ascii	"\273s\240\353\334\213\362\267\036\254\213 \312\367\265"
 162      DC8BF2B7 
 162      1EAC8B20 
 162      CAF7B5
 163 0134 6EC658A0 		.ascii	"n\306X\240\367\271y\023'\234\227\026\031\331\345\362"
 163      F7B97913 
 163      279C9716 
 163      19D9E5F2 
 164 0144 EF0A548A 		.ascii	"\357\012T\212\260\225\312\274c$\337\031\257\242\300"
 164      B095CABC 
 164      6324DF19 
 164      AFA2C0
 165 0153 DBA9C507 		.ascii	"\333\251\305\007\011\255\227+R\202:\334\222\323\353"
 165      09AD972B 
 165      52823ADC 
 165      92D3EB
 166 0162 09EA7C57 		.ascii	"\011\352|W\364a6\026\036\265Ovx\"W\237t\2431\331\230"
 166      F4613616 
 166      1EB54F76 
 166      7822579F 
 166      74A331D9 
 167 0177 9B625407 		.ascii	"\233bT\007+P9Z\210.\241\205\012T\201|\310\243/\242\245"
 167      2B50395A 
 167      882EA185 
 167      0A54817C 
 167      C8A32FA2 
 168 018c 0A74013A 		.ascii	"\012t\001:\317C\347\011\362\270\232[9\377\260\177\304"
 168      CF43E709 
 168      F2B89A5B 
 168      39FFB07F 
 168      C4
 169 019d 68FC105D 		.ascii	"h\374\020]F\256\250\014a\212\201\300,ve\006\234\312"
 169      46AEA80C 
 169      618A81C0 
 169      2C766506 
 169      9CCA
 170 01af CF3AA6C2 		.ascii	"\317:\246\302\025\210X T\034x|]\230\355\031Wf}\306\223"
 170      15885820 
 170      541C787C 
 170      5D98ED19 
 170      57667DC6 
 171 01c4 4B8BEAD2 		.ascii	"K\213\352\322\214F\001U\3013*\245g\300#I\003\275\360"
ARM GAS  C:\Users\RUVIMK~1\AppData\Local\Temp\cchEStxg.s 			page 13


 171      8C460155 
 171      C1332AA5 
 171      67C02349 
 171      03BDF0
 172 01d7 A0CB57AB 		.ascii	"\240\313W\253\252\335\036\241N\004\316Es\351\372\021"
 172      AADD1EA1 
 172      4E04CE45 
 172      73E9FA11 
 173 01e7 CB11B8C8 		.ascii	"\313\021\270\310?\246O[/\304\372\241W`\215\010%\212"
 173      3FA64F5B 
 173      2FC4FAA1 
 173      57608D08 
 173      258A
 174 01f9 750AB2F5 		.ascii	"u\012\262\365\010\"\207`\345\245\177\"\001\342Y\331"
 174      08228760 
 174      E5A57F22 
 174      01E259D9 
 175 0209 387B9CF5 		.ascii	"8{\234\365b\231\312n\270y\254K\220\036\306M\231a\253"
 175      6299CA6E 
 175      B879AC4B 
 175      901EC64D 
 175      9961AB
 176 021c C2366C33 		.ascii	"\3026l3JZ$\022\303}\367\305\326\263\356\026\324\005"
 176      4A5A2412 
 176      C37DF7C5 
 176      D6B3EE16 
 176      D405
 177 022e A3FFAC50 		.ascii	"\243\377\254P\354t\211\241\201\377y\360\305IO\234\307"
 177      EC7489A1 
 177      81FF79F0 
 177      C5494F9C 
 177      C7
 178 023f D2E5FAF4 		.ascii	"\322\345\372\364X\315\034\226\005\002I\220\241\346C"
 178      58CD1C96 
 178      05024990 
 178      A1E643
 179 024e 6E2C0BE6 		.ascii	"n,\013\346\202Z\264u:\333i\301^\342\366\235)\306\271"
 179      825AB475 
 179      3ADB69C1 
 179      5EE2F69D 
 179      29C6B9
 180 0261 02FAE307 		.ascii	"\002\372\343\007\310\004\301\250\205`(\3205\264\000"
 180      C804C1A8 
 180      856028D0 
 180      35B400
 181 0270 FEC72AD9 		.ascii	"\376\307*\331\3036\017\276\315R-\3125\346Z D-\313\253"
 181      C3360FBE 
 181      CD522DCA 
 181      35E65A20 
 181      442DCBAB 
 182 0284 6B37195B 		.ascii	"k7\031[a\336'\024\207\256Jq\272J\362\021\325 \013B\325"
 182      61DE2714 
 182      87AE4A71 
 182      BA4AF211 
 182      D5200B42 
 183 0299 E811D876 		.ascii	"\350\021\330v\035-\"\011\270u0w\016\036`f\335i\274;"
 183      1D2D2209 
ARM GAS  C:\Users\RUVIMK~1\AppData\Local\Temp\cchEStxg.s 			page 14


 183      B8753077 
 183      0E1E6066 
 183      DD69BC3B 
 184 02ad EE2492DD 		.ascii	"\356$\222\335lr\3171\326$\033I\310\011U\235DU'\247\252"
 184      6C72CF31 
 184      D6241B49 
 184      C809559D 
 184      445527A7 
 185 02c2 A7548F86 		.ascii	"\247T\217\206F\353\335\360+Fe\256\254\355\365\000*\013"
 185      46EBDDF0 
 185      2B4665AE 
 185      ACEDF500 
 185      2A0B
 186 02d4 A4CEF480 		.ascii	"\244\316\364\200\317\273\342\001c\272+3\252Abj\020_"
 186      CFBBE201 
 186      63BA2B33 
 186      AA41626A 
 186      105F
 187 02e6 12748332 		.ascii	"\022t\2032d\224\231\266a\\\205)Cc\351h3\022\031L\023"
 187      649499B6 
 187      615C8529 
 187      4363E968 
 187      3312194C 
 188 02fb BF6BBA60 		.ascii	"\277k\272`Lu\242\363\033\245\371\215\326\371Mt\376\201"
 188      4C75A2F3 
 188      1BA5F98D 
 188      D6F94D74 
 188      FE81
 189 030d B69E3C01 		.ascii	"\266\236<\001\217\263\371\365\005\245W\221R`\271I\374"
 189      8FB3F9F5 
 189      05A55791 
 189      5260B949 
 189      FC
 190 031e 057D4D63 		.ascii	"\005}Mc'\253\225\266\276\026D;\207\257t\355\025fu\367"
 190      27AB95B6 
 190      BE16443B 
 190      87AF74ED 
 190      156675F7 
 191 0332 2DEAEE9B 		.ascii	"-\352\356\233H\364w\376\217\007\013\335E\253\2322\360"
 191      48F477FE 
 191      8F070BDD 
 191      45AB9A32 
 191      F0
 192 0343 61D3A69A 		.ascii	"a\323\246\232\265\024\204\232%\263\232\255f\265R\263"
 192      B514849A 
 192      25B39AAD 
 192      66B552B3 
 193 0353 CABAF754 		.ascii	"\312\272\367T\253Y\264\357\023\216\234\212W\215NLw!"
 193      AB59B4EF 
 193      138E9C8A 
 193      578D4E4C 
 193      7721
 194 0365 C32F0BCB 		.ascii	"\303/\013\313<X\364kh\024\372\217\246\272\263\341V\242"
 194      3C58F46B 
 194      6814FA8F 
 194      A6BAB3E1 
 194      56A2
ARM GAS  C:\Users\RUVIMK~1\AppData\Local\Temp\cchEStxg.s 			page 15


 195 0377 9BEED50F 		.ascii	"\233\356\325\017)q\225\222\256j\237\271$\310\025^\335"
 195      29719592 
 195      AE6A9FB9 
 195      24C8155E 
 195      DD
 196 0388 94BFEAD5 		.ascii	"\224\277\352\325\205\011\315\315\223-N\330\304fo\271"
 196      8509CDCD 
 196      932D4ED8 
 196      C4666FB9 
 197 0398 5E5A27EE 		.ascii	"^Z'\356>\015D\317\276l\252p\303ul\2607\263\307\244\302"
 197      3E0D44CF 
 197      BE6CAA70 
 197      C3756CB0 
 197      37B3C7A4 
 198 03ad 4D4CB11A 		.ascii	"ML\261\032\345%\032u\344\341kp\366-6XQVY'.\300\217K"
 198      E5251A75 
 198      E4E16B70 
 198      F62D3658 
 198      51565927 
 199 03c5 5F2F96BE 		.ascii	"_/\226\276\027\373o\324\271\262\365\030\021\350U\346"
 199      17FB6FD4 
 199      B9B2F518 
 199      11E855E6 
 200 03d5 8E4F701B 		.ascii	"\216Op\033\233Y;R|R\\\033\006\325\262\3234=\207,\307"
 200      9B593B52 
 200      7C525C1B 
 200      06D5B2D3 
 200      343D872C 
 201 03ea C89643FA 		.ascii	"\310\226C\372\255\013R\240\036\262\265 \337\205\250"
 201      AD0B52A0 
 201      1EB2B520 
 201      DF85A8
 202 03f9 9B2DE5F5 		.ascii	"\233-\345\365\316\342U^;i\234 \303\2254\206\217\000"
 202      CEE2555E 
 202      3B699C20 
 202      C3953486 
 202      8F00
 203 040b DD45D1BD 		.ascii	"\335E\321\275\310\313:\207\200\223\272\217wy\362\350"
 203      C8CB3A87 
 203      8093BA8F 
 203      7779F2E8 
 204 041b 7BBF843E 		.ascii	"{\277\204>\233w\374\007W|\237\031y`\264\363\251\030"
 204      9B77FC07 
 204      577C9F19 
 204      7960B4F3 
 204      A918
 205 042d 2F1F504F 		.ascii	"/\037PO\274\251Hq\301\035ll\367\225C-\316\330\302\024"
 205      BCA94871 
 205      C11D6C6C 
 205      F795432D 
 205      CED8C214 
 206 0441 EBEEED45 		.ascii	"\353\356\355Ewo\224\374\323J\334\307F\252\263vu\"<\300"
 206      776F94FC 
 206      D34ADCC7 
 206      46AAB376 
 206      75223CC0 
 207 0455 9497A98F 		.ascii	"\224\227\251\217-\242\177\026\200\272\247\351\371b\374"
ARM GAS  C:\Users\RUVIMK~1\AppData\Local\Temp\cchEStxg.s 			page 16


 207      2DA27F16 
 207      80BAA7E9 
 207      F962FC
 208 0464 331B7ADF 		.ascii	"3\033z\337`Z\214G\331}\335\305\202\223\010\277e\312"
 208      605A8C47 
 208      D97DDDC5 
 208      829308BF 
 208      65CA
 209 0476 484EDD73 		.ascii	"HN\335sW\374\216)\271\346\203\227\\\260\321\211*'\306"
 209      57FC8E29 
 209      B9E68397 
 209      5CB0D189 
 209      2A27C6
 210 0489 F79E70C7 		.ascii	"\367\236p\307iLi+\277\233\356\2063\231\222^R\262\317"
 210      694C692B 
 210      BF9BEE86 
 210      3399925E 
 210      52B2CF
 211 049c 0D6F674A 		.ascii	"\015ogJrE{\226\270\305X\210\336w\274/W-FE\005z\246\271"
 211      72457B96 
 211      B8C55888 
 211      DE77BC2F 
 211      572D4645 
 212 04b4 790CE15D 		.ascii	"y\014\341]\014\23454\262[5k\034\306\255q\360\243a(+"
 212      0C9C3534 
 212      B25B356B 
 212      1CC6AD71 
 212      F0A36128 
 213 04c9 CD1B7491 		.ascii	"\315\033t\221\307\341\016\240\315\024\375\226zv\334"
 213      C7E10EA0 
 213      CD14FD96 
 213      7A76DC
 214 04d8 EAD96BD7 		.ascii	"\352\331k\327\252\336!y\034fC\177P\26397\315\015y\263"
 214      AADE2179 
 214      1C66437F 
 214      50B33937 
 214      CD0D79B3 
 215 04ec 6B9EB7F5 		.ascii	"k\236\267\365\362!\377\216\031SS`39\2153J\372n'\031"
 215      F221FF8E 
 215      19535360 
 215      33398D33 
 215      4AFA6E27 
 216 0501 F31750AA 		.ascii	"\363\027P\252'\360\332%\013\363\244\367\240\237\362"
 216      27F0DA25 
 216      0BF3A4F7 
 216      A09FF2
 217 0510 9693FF0A 		.ascii	"\226\223\377\0126\245\347{\330\311R1\205\277\224\303"
 217      36A5E77B 
 217      D8C95231 
 217      85BF94C3 
 218 0520 5F50B8BF 		.ascii	"_P\270\277\204\256\345\320#r\264\331\016\235d\254y\220"
 218      84AEE5D0 
 218      2372B4D9 
 218      0E9D64AC 
 218      7990
 219 0532 8E9328BC 		.ascii	"\216\223(\274\017y\301\206\310\340\3264\203\017\241"
 219      0F79C186 
ARM GAS  C:\Users\RUVIMK~1\AppData\Local\Temp\cchEStxg.s 			page 17


 219      C8E0D634 
 219      830FA1
 220 0541 DC96468E 		.ascii	"\334\226F\216}\3301;\0177s\360!9\274Kn\372H:\226\340"
 220      7DD8313B 
 220      0F3773F0 
 220      2139BC4B 
 220      6EFA483A 
 221 0557 ED72F87D 		.ascii	"\355r\370}\216=K\214\207\021\3665\364\006\020\257\351"
 221      8E3D4B8C 
 221      8711F635 
 221      F40610AF 
 221      E9
 222 0568 20C1C306 		.ascii	" \301\303\006\202\266\012>h\223\340\215R@\336!o4\015"
 222      82B60A3E 
 222      6893E08D 
 222      5240DE21 
 222      6F340D
 223 057b 6284FBED 		.ascii	"b\204\373\355 Sp\237\012m:\310f\220\235 \223\320\267"
 223      2053709F 
 223      0A6D3AC8 
 223      66909D20 
 223      93D0B7
 224 058e 03DAF7D0 		.ascii	"\003\332\367\320fB\233\006\222\004\262\015$\003d\213"
 224      66429B06 
 224      9204B20D 
 224      2403648B 
 225 059e E04D3744 		.ascii	"\340M7Df\346\304\177HV\216\312\255\364\225\273\340\031"
 225      66E6C47F 
 225      48568ECA 
 225      ADF495BB 
 225      E019
 226 05b0 E7829F1D 		.ascii	"\347\202\237\035G\317\016\316\373\340\201c\037\360."
 226      47CF0ECE 
 226      FBE08163 
 226      1FF02E
 227 05bf E36C79E5 		.ascii	"\343ly\345\320\026\016<\301\231\362L\016~:\303\224\021"
 227      D0160E3C 
 227      C199F24C 
 227      0E7E3AC3 
 227      9411
 228 05d1 0EFEDC31 		.ascii	"\016\376\3341\234\317\273\014\316\360\273rx\333\314"
 228      9CCFBB0C 
 228      CEF0BB72 
 228      78DBCC
 229 05e0 ACE617DA 		.ascii	"\254\346\027\332!\307?\264\307C\2166f\210\231:\001\231"
 229      21C73FB4 
 229      C7438E36 
 229      6688993A 
 229      0199
 230 05f2 3A26E2AD 		.ascii	":&\342\255/\"\272-\231\303\352\275\227\357\275\222 "
 230      2F22BA2D 
 230      99C3EABD 
 230      97EFBD92 
 230      20
 231 0603 3D084A21 		.ascii	"=\010J!~\327\244\010\276O\307\345\027\214\306\014\025"
 231      7ED7A408 
 231      BE4FC7E5 
ARM GAS  C:\Users\RUVIMK~1\AppData\Local\Temp\cchEStxg.s 			page 18


 231      178CC60C 
 231      15
 232 0614 7DF84F8E 		.ascii	"}\370O\216\215\345\326\366\200\363\304\240\3434\266"
 232      8DE5D6F6 
 232      80F3C4A0 
 232      E334B6
 233 0623 CB7A7E69 		.ascii	"\313z~i\217\345\370\316\031\236\343\341\003\216\367"
 233      8FE5F8CE 
 233      199EE3E1 
 233      038EF7
 234 0632 030A2765 		.ascii	"\003\012'e}\363\275\002Ol\246\333\236P\232\336^4\007"
 234      7DF3BD02 
 234      4F6CA6DB 
 234      9E509ADE 
 234      5E3407
 235 0645 F9CC632B 		.ascii	"\371\314c+\276\227\201S\310\212w\303\354,\301\3661'"
 235      BE978153 
 235      C88A77C3 
 235      EC2CC1F6 
 235      3127
 236 0657 0E98E585 		.ascii	"\016\230\345\205A\273\340=\371\277~gHY]}\264L\351\236"
 236      41BBE03D 
 236      F9BF7E67 
 236      48595D7D 
 236      B44CE99E 
 237 066b 692BD8A9 		.ascii	"i+\330\251\211\322\376\234-\270\323j\003ZR~\216WM\270"
 237      89D2FE9C 
 237      2DB8D36A 
 237      035A527E 
 237      8E574DB8 
 238 067f E32EBA42 		.ascii	"\343.\272BeQ\312\351!%\362Y\210\000\214\\OX\317'\012"
 238      6551CAE9 
 238      2125F259 
 238      88008C5C 
 238      4F58CF27 
 239 0694 B45F7045 		.ascii	"\264_pE{\004l=\360\344\030a\363\037\372\236t\303\275"
 239      7B046C3D 
 239      F0E41861 
 239      F31FFA9E 
 239      74C3BD
 240 06a7 0B6DE901 		.ascii	"\013m\351\001\301\230g\304\013\024h\031\335\374\321"
 240      C19867C4 
 240      0B146819 
 240      DDFCD1
 241 06b6 5E582319 		.ascii	"^X#\031R\240}\302B\364\203\260\220}i^N*\245\035\036"
 241      52A07DC2 
 241      42F483B0 
 241      907D695E 
 241      4E2AA51D 
 242 06cb 516EA980 		.ascii	"Qn\251\200\312\021\244\035\236(\344[4y\346\262\370\335"
 242      CA11A41D 
 242      9E28E45B 
 242      3479E6B2 
 242      F8DD
 243 06dd 249FA2EA 		.ascii	"$\237\242\352\346\324J\267Y\277>\007\005\361\353s\200"
 243      E6D44AB7 
 243      59BF3E07 
ARM GAS  C:\Users\RUVIMK~1\AppData\Local\Temp\cchEStxg.s 			page 19


 243      05F1EB73 
 243      80
 244 06ee 3DEE5566 		.ascii	"=\356Uf\332\230X\3038\203Z\320\177p\273;\373\256}\014"
 244      DA9858C3 
 244      38835AD0 
 244      7F70BB3B 
 244      FBAE7D0C 
 245 0702 6A614F76 		.ascii	"jaOv\023\222\033s\030\214=$\020\262#\324\030JI\025R"
 245      13921B73 
 245      188C3D24 
 245      10B223D4 
 245      184A4915 
 246 0717 D94C4DEE 		.ascii	"\331LM\356\367\344\235KjL\351\361\271\242ss\251s\237"
 246      F7E49D4B 
 246      6A4CE9F1 
 246      B9A27373 
 246      A9739F
 247 072a 9C348E79 		.ascii	"\2344\216y\342^\366\325<7nIq\205Z\260\006\312\345\261"
 247      E25EF6D5 
 247      3C376E49 
 247      71855AB0 
 247      06CAE5B1 
 248 073e 2BB8B0A4 		.ascii	"+\270\260\244\030>K\363S\325\224\341\250\224AG\005Y"
 248      183E4BF3 
 248      53D594E1 
 248      A8944147 
 248      0559
 249 0750 BD7C4C20 		.ascii	"\275|L e\341\320\233\246,\214\017\253(W\177\367\331"
 249      65E1D09B 
 249      A62C8C0F 
 249      AB28577F 
 249      F7D9
 250 0762 734A91CB 		.ascii	"sJ\221\3134\341\375\024\336.8m\325*)W\236\304\225'\347"
 250      34E1FD14 
 250      DE2E386D 
 250      D52A2957 
 250      9EC49527 
 251 0777 CAA75CA6 		.ascii	"\312\247\\\2467\367\3168\343s\214\253\275\245\302I\244"
 251      37F7CE38 
 251      E3738CAB 
 251      BDA5C249 
 251      A4
 252 0788 9A1CF03E 		.ascii	"\232\034\360>b\242G\202\334`V}\037\227\270\216\313\271"
 252      62A24782 
 252      DC60567D 
 252      1F97B88E 
 252      CBB9
 253 079a 4E50AE13 		.ascii	"NP\256\023c\343[<q-\343\032\036\373Q-r\231s0;\021\034"
 253      63E35B3C 
 253      712DE31A 
 253      1EFB512D 
 253      72997330 
 254 07b1 65278293 		.ascii	"e'\202\223\022\323I9S\001e\372\251\2776\02273\242\323"
 254      12D34939 
 254      530165FA 
 254      A9BF3612 
 254      3733A2D3 
ARM GAS  C:\Users\RUVIMK~1\AppData\Local\Temp\cchEStxg.s 			page 20


 255 07c5 670E177B 		.ascii	"g\016\027{\342\007L\331Rk:"
 255      E2074CD9 
 255      526B3A
 256 07d0 A8823A1C 		.ascii	"\250\202:\034\235\246)8K\265\376\303\235c\227=f-\314"
 256      9DA62938 
 256      4BB5FEC3 
 256      9D63973D 
 256      662DCC
 257 07e3 CF08A430 		.ascii	"\317\010\2440/\022\304\302\374\300p\365~\253\245\365"
 257      2F12C4C2 
 257      FCC070F5 
 257      7EABA5F5 
 258 07f3 9DF8FEB9 		.ascii	"\235\370\376\271\003\333\214\271I\306O\032\004\202D"
 258      03DB8CB9 
 258      49C64F1A 
 258      048244
 259 0802 A7ACC6A2 		.ascii	"\247\254\306\242BAI4{{\317R{\307__\275\352\202\013\235"
 259      42414934 
 259      7B7BCF52 
 259      7BC75F5F 
 259      BDEA820B 
 260 0817 A98D95A5 		.ascii	"\251\215\225\245\367w\250\245\350\226\237\347\243{N"
 260      F777A8A5 
 260      E8969FE7 
 260      A37B4E
 261 0826 5AFB3939 		.ascii	"Z\37399W1\345:v\277\375G\025\256f\\CG\237\017Z\271F"
 261      5731E53A 
 261      76BFFD47 
 261      15AE665C 
 261      43479F0F 
 262 083d B6D8BBB1 		.ascii	"\266\330\273\261D\242*\221S\375H\251\262\217\327g(q"
 262      44A22A91 
 262      53FD48A9 
 262      B28FD767 
 262      2871
 263 084f 1BA3B29C 		.ascii	"\033\243\262\234\037\274\353nK\224\345\317\355\022\345"
 263      1FBCEB6E 
 263      4B94E5CF 
 263      ED12E5
 264 085e BCC4755E 		.ascii	"\274\304u^\316u\201r\335\350;S\353\211\2370\256\263"
 264      CE758172 
 264      DDE83B53 
 264      EB899F30 
 264      AEB3
 265 0870 3D7B46A4 		.ascii	"={F\244L\361+\260\317\224R\211\254TNv\221\222Y\216<"
 265      4CF12BB0 
 265      CF945289 
 265      AC544E76 
 265      9192598E 
 266 0885 D9ED81A7 		.ascii	"\331\355\201\247\030\331\376\033\317J\254o\203\371\220"
 266      18D9FE1B 
 266      CF4AAC6F 
 266      83F990
 267 0894 FD1ACB24 		.ascii	"\375\032\313$\25229\325%JU\324R\337!\276\325\351\344"
 267      AA3239D5 
 267      254A55D4 
 267      52DF21BE 
ARM GAS  C:\Users\RUVIMK~1\AppData\Local\Temp\cchEStxg.s 			page 21


 267      D5E9E4
 268 08a7 D03055D0 		.ascii	"\3200U\320\377\001Nw\371+\252\323\012\353\376\340\313"
 268      FF014E77 
 268      F92BAAD3 
 268      0AEBFEE0 
 268      CB
 269 08b8 0E09F945 		.ascii	"\016\011\371E:\366\376\003V,N%p%}\377\351\024\005wT"
 269      3AF6FE03 
 269      562C4E25 
 269      70257DFF 
 269      E9140577 
 270 08cd F1128F2A 		.ascii	"\361\022\217*\371\227,SP\024\263\307\326\324m\205z\343"
 270      F9972C53 
 270      5014B3C7 
 270      D6D46D85 
 270      7AE3
 271 08df 1053D2BB 		.ascii	"\020S\322\2737\337\021\221\343D\237\256\035\273\357"
 271      37DF1191 
 271      E3449FAE 
 271      1DBBEF
 272 08ee 81F3D8E0 		.ascii	"\201\363\330\340\364\323\366<\361\3000D\023\267\274"
 272      F4D3F63C 
 272      F1C03044 
 272      13B7BC
 273 08fd 67C8139F 		.ascii	"g\310\023\237\021\2557\275\036u\303%L\3518\226}\\\311"
 273      11AD37BD 
 273      1E75C325 
 273      4CE93896 
 273      7D5CC9
 274 0910 9003443F 		.ascii	"\220\003D?45\225\252\304\027\331\2409yw\276\012\327"
 274      343595AA 
 274      C417D9A0 
 274      397977BE 
 274      0AD7
 275 0922 3065F2E5 		.ascii	"0e\362\345\311!\025nd\212i\364\340\260;ncJZ~\333Vg\334"
 275      C921156E 
 275      648A69F4 
 275      E0B03B6E 
 275      634A5A7E 
 276 093a C594D187 		.ascii	"\305\224\321\207\333\352\334\361\000S\2565\364\336q"
 276      DBEADCF1 
 276      0053AE35 
 276      F4DE71
 277 0949 C1234C49 		.ascii	"\301#LI\032(\336\214\361\024S\206[M\231j\274IM\225\226"
 277      1A28DE8C 
 277      F1145386 
 277      5B4D996A 
 277      BC494D95 
 278 095e 8C5DB0F5 		.ascii	"\214]\260\365og\212u\377\364b\373\347\364\201\241C\356"
 278      6F678A75 
 278      FFF462FB 
 278      E7F481A1 
 278      43EE
 279 0970 782F1BAB 		.ascii	"x/\033\253\314K;\345\202s\231\222zs[\207;.`\312\331"
 279      CC4B3BE5 
 279      82739992 
 279      7A735B87 
ARM GAS  C:\Users\RUVIMK~1\AppData\Local\Temp\cchEStxg.s 			page 22


 279      3B2E60CA 
 280 0985 81CD35CE 		.ascii	"\201\3155\316\270X\204\265\274-\362\304\227D\345a\251"
 280      B85884B5 
 280      BC2DF2C4 
 280      9744E561 
 280      A9
 281 0996 2FAE65F7 		.ascii	"/\256e\367G\007\312w\317\301ML\351\356|\222\351\211"
 281      4707CA77 
 281      CFC14D4C 
 281      E9EE7C92 
 281      E989
 282 09a8 DB98B2A9 		.ascii	"\333\230\262\251zO\225\032w1\345\232\245\013\341'\354"
 282      7A4F951A 
 282      7731E59A 
 282      A50BE127 
 282      EC
 283 09b9 FE79664D 		.ascii	"\376yfM\273\200\207\230r\252|[\267\023~\313\224\336"
 283      BB808798 
 283      72AA7C5B 
 283      B7137ECB 
 283      94DE
 284 09cb B2D4374A 		.ascii	"\262\3247J\374\216)\205S\207[\3258\231\375\020\327z"
 284      FC8E2985 
 284      53875BD5 
 284      3899FD10 
 284      D77A
 285 09dd D9F2D813 		.ascii	"\331\362\330\023g2e\364Z\301\250x\356\331IB\332\230"
 285      673265F4 
 285      5AC1A878 
 285      EED94942 
 285      DA98
 286 09ef 7EC04F3C 		.ascii	"~\300O<\366\250\311\346v'gX\205\267Q\354\242L\313\363"
 286      F6A8C9E6 
 286      76276758 
 286      85B751EC 
 286      A24CCBF3 
 287 0a03 0B02B23B 		.ascii	"\013\002\262;i\330]>b\313\312\214\301F\247\361\302L"
 287      69D85D3E 
 287      62CBCA8C 
 287      C146A7F1 
 287      C24C
 288 0a15 D8556A11 		.ascii	"\330Uj\021\2554\032!\251\373\371J\3436_\230\300\347"
 288      AD341A21 
 288      A9FBF94A 
 288      E3365F98 
 288      C0E7
 289 0a27 A4E6C117 		.ascii	"\244\346\301\027\254.!9x_\216\236Y\272\326~!\2251\017"
 289      AC2E2139 
 289      785F8E9E 
 289      59BAD67E 
 289      2195310F 
 290 0a3b E570AED8 		.ascii	"\345p\256\330\267\253E\272\341\333f\241\337\266~\261"
 290      B7AB45BA 
 290      E1DB66A1 
 290      DFB67EB1 
 291 0a4b 1079071F 		.ascii	"\020y\007\037\351A( \236\220\"\003d\004\3441\310[\220"
 291      E9412820 
ARM GAS  C:\Users\RUVIMK~1\AppData\Local\Temp\cchEStxg.s 			page 23


 291      9E902203 
 291      6404E431 
 291      C85B90
 292 0a5e 51903E90 		.ascii	"Q\220>\220\347 OA\206A\214\330\033\275\202\366\015\310"
 292      E7204F41 
 292      86418CD8 
 292      1BBD82F6 
 292      0DC8
 293 0a70 10294240 		.ascii	"\020)B@\177\006\355\317 \343\244\240\001\275\027\332"
 293      7F06EDCF 
 293      20E3A4A0 
 293      01BD17DA 
 294 0a80 0952C890 		.ascii	"\011R\310\220\202\005d\000d\014$\025\306^B\233\014\355"
 294      82056400 
 294      640C2415 
 294      C65E429B 
 294      0CED
 295 0a92 34B4AF41 		.ascii	"4\264\257A^\330\025\373\317\302\244Eu\311\027eW\354"
 295      5ED815FB 
 295      CFC2A445 
 295      75C91765 
 295      57EC
 296 0aa4 931AAC47 		.ascii	"\223\032\254G\317jT8\026\242:\021m\253Q\257\013\262"
 296      CF6A5438 
 296      16A23A11 
 296      6DAB51AF 
 296      0BB2
 297 0ab6 C2EF19E7 		.ascii	"\302\357\031\347\260{r\356\231\365x\317\227\022\374"
 297      B07B72EE 
 297      99F578CF 
 297      9712FC
 298 0ac5 A61CFE70 		.ascii	"\246\034\376p&\234c\377\3111;_\342\256\227\320=rt\271"
 298      269C63FF 
 298      C9313B5F 
 298      E2AE97D0 
 298      3D7274B9 
 299 0ad9 205FE8B3 		.ascii	" _\350\263/\245\205\266\310\027jwJ!\350\011\316-W\345"
 299      2FA585B6 
 299      C8176A77 
 299      4A21E809 
 299      CE2D57E5 
 300 0aed E81AB95B 		.ascii	"\350\032\271[z8\227?r\350r.G\315_J9z[\016n\235a\367"
 300      7A38973F 
 300      72E8722E 
 300      47CD5F4A 
 300      397A5B0E 
 301 0b05 C8179225 		.ascii	"\310\027\222%w\345\226\364\313\2352\301Y\322!'wp\332"
 301      77E596F4 
 301      CB9D32C1 
 301      59D22127 
 301      7770DA
 302 0b18 E53CDEEE 		.ascii	"\345<\336\356\370}\341\313~.\234w\344h\373\2237\261"
 302      F87DE1CB 
 302      7E2E9C77 
 302      E468FB93 
 302      37B1
 303 0b2a DC2C0608 		.ascii	"\334,\006\010>\001\350\262\343\000q\344\215\034\271"
ARM GAS  C:\Users\RUVIMK~1\AppData\Local\Temp\cchEStxg.s 			page 24


 303      3E01E8B2 
 303      E30071E4 
 303      8D1CB9
 304 0b39 D9B15BF8 		.ascii	"\331\261[\370D\324K\350krt\255\034=\302q7\313\3213\316"
 304      44D44BE8 
 304      6B7274AD 
 304      1C3DC271 
 304      37CBD133 
 305 0b4e 4E8D9C53 		.ascii	"N\215\234S\0368\336\025l\313\204x6\352\245x\336p\274"
 305      1E38DE15 
 305      6CCB8478 
 305      36EAA578 
 305      DE70BC
 306 0b61 43D99D51 		.ascii	"C\331\235Q\271\010u:\216\020g\213\231[g\203\034\375"
 306      B908753A 
 306      8E10678B 
 306      995B6783 
 306      1CFD
 307 0b73 5A7E84BC 		.ascii	"Z~\204\274\327\301\216\220\375\216\216\220]\217\274"
 307      D7C18E90 
 307      FD8E8E90 
 307      5D8FBC
 308 0b82 8EA5181B 		.ascii	"\216\245\030\033\374(W\275c.\273\037N\270\367\353\212"
 308      FC2857BD 
 308      632EBB1F 
 308      4EB8F7EB 
 308      8A
 309 0b93 1C5E25C8 		.ascii	"\034^%\310\341\023\234\327\332\034'\007\377\362r\021"
 309      E1139CD7 
 309      DA1C2707 
 309      FFF27211 
 310 0ba3 B9E57867 		.ascii	"\271\345xg\340\023\2173\245\332\261)\374;\300q79\216"
 310      E0138F33 
 310      A5DAB129 
 310      FC3BC071 
 310      37398E
 311 0bb6 B65D4038 		.ascii	"\266]@8\027\233\034\247\022\203\223Z\247\250\250\323"
 311      179B1CA7 
 311      1283935A 
 311      A7A8A8D3 
 312 0bc6 0DB7D28F 		.ascii	"\015\267\322\217\2310y\244\012*\216y>\016\277\016h3"
 312      993079A4 
 312      0A2A8E79 
 312      3E0EBF0E 
 312      6833
 313 0bd8 F6F97FF7 		.ascii	"\366\371\177\367\201`Y\322?\240\202\023)\332\204\347"
 313      816059D2 
 313      3FA08213 
 313      29DA84E7 
 314 0be8 A1346C2B 		.ascii	"\2414l+\023\373\351\251\033\326\370\346H\367E'\376x"
 314      13FBE9A9 
 314      1BD6F8E6 
 314      48F74527 
 314      FE78
 315 0bfa 46805241 		.ascii	"F\200RA\227\216\331\361\014Z\000\2775oOs\302\035\254"
 315      978ED9F1 
 315      0C5A00BF 
ARM GAS  C:\Users\RUVIMK~1\AppData\Local\Temp\cchEStxg.s 			page 25


 315      356F4F73 
 315      C21DAC
 316 0c0d 12307516 		.ascii	"\0220u\026\027\273\340^\246\274\353\253\266\250\361"
 316      17BBE05E 
 316      A6BCEBAB 
 316      B6A8F1
 317 0c1c 33AAA852 		.ascii	"3\252\250RGv\2458\323_\031}\3461\257\277\254\340\262"
 317      4776A538 
 317      D35F197D 
 317      E631AFBF 
 317      ACE0B2
 318 0c2f 3113CCC8 		.ascii	"1\023\314\310\302\263\354\2314\001~'\305h\213\034<s"
 318      C2B3EC99 
 318      34017E27 
 318      C5688B1C 
 318      3C73
 319 0c41 5B1BF9AD 		.ascii	"[\033\371\255\375~<\223\333.s9t\206cr\356\035\353\252"
 319      FD7E3C93 
 319      DB2E7339 
 319      74866372 
 319      EE1DEBAA 
 320 0c55 60EF18A0 		.ascii	"`\357\030\240\370w\314.\011\244_\275\011\027\311\200"
 320      F877CC2E 
 320      09A45FBD 
 320      0917C980 
 321 0c65 9D900D5B 		.ascii	"\235\220\015[!\"\333Av\200l\303\266\337\032\366\365"
 321      2122DB41 
 321      76806CC3 
 321      B6DF1AF6 
 321      F5
 322 0c76 BDB3203C 		.ascii	"\275\263 <\314r\352\354\276\206\323n\362\234\262\375"
 322      CC72EAEC 
 322      BE86D36E 
 322      F29CB2FD 
 323 0c86 BA990D2C 		.ascii	"\272\231\015,\377\025#\263\362f\245\222\304x7\200wI"
 323      FF1523B3 
 323      F266A592 
 323      C4783780 
 323      7749
 324 0c98 312636D3 		.ascii	"1&6\323gV\036\232NS\333\375\276a\027\343=b\214\367\320"
 324      67561E9A 
 324      4E53DBFD 
 324      BE6117E3 
 324      3D628CF7 
 325 0cad 18E72417 		.ascii	"\030\347$\027\367\250x\360-\273\363\372^\021L\332\337"
 325      F7A878F0 
 325      2DBBF3FA 
 325      5E114CDA 
 325      DF
 326 0cbe 2C5DEA0B 		.ascii	",]\352\013\177\021\353\243\276\212\212K\360\3778\300"
 326      7F11EBA3 
 326      BE8A8A4B 
 326      F0FF38C0 
 327 0cce 372EC177 		.ascii	"7.\301w}x\264\3577q\361\211\011\276\272u\241\313\002"
 327      7D78B4EF 
 327      3771F189 
 327      09BEBA75 
ARM GAS  C:\Users\RUVIMK~1\AppData\Local\Temp\cchEStxg.s 			page 26


 327      A1CB02
 328 0ce1 7CD7AC09 		.ascii	"|\327\254\011\364]\027\022\372\255?\031\321'$\352\243"
 328      F45D1712 
 328      FAAD3F19 
 328      D12724EA 
 328      A3
 329 0cf2 A3239746 		.ascii	"\243#\227F\270\254\376\364\363\0175\376\376\012W\275"
 329      B8ACFEF4 
 329      F30F35FE 
 329      FE0A57BD 
 330 0d02 7E43546C 		.ascii	"~CTl\342\262\000}bT\304o\302\022\343\342\242\023\302"
 330      E2B2007D 
 330      6254C46F 
 330      C212E3E2 
 330      A213C2
 331 0d15 0C315F19 		.ascii	"\0141_\031\"#\015\221a\177\212\210X\022\036\037\263"
 331      22230D91 
 331      617F8A88 
 331      58121E1F 
 331      B3
 332 0d26 24362ED6 		.ascii	"$6.\326\260\304\020\376U\324\222\217\226\004\370\371"
 332      B0C410FE 
 332      55D4928F 
 332      9604F8F9 
 333 0d36 7FB4E4CF 		.ascii	"\177\264\344\317\313\227\304\204\377K\\\374\222\277"
 333      CB97C484 
 333      FF4B5CFC 
 333      92BF
 334 0d44 44C52E0B 		.ascii	"D\305.\013\010\263\303\204E\305FDo\2104\204\305\204"
 334      08B3C384 
 334      45C54644 
 334      6F883484 
 334      C584
 335 0d56 8369B186 		.ascii	"\203i\261\2060}\244\341\353\360\015\321\211\372\304"
 335      307DA4E1 
 335      EBF00DD1 
 335      89FAC4
 336 0d65 EFBE3124 		.ascii	"\357\2761$,]\257p\261>\362\313\377\355G&|\227\020\006"
 336      2C5DAF70 
 336      B13EF2CB 
 336      FFED4726 
 336      7C971006 
 337 0d79 8B8C047E 		.ascii	"\213\214\004~\362\234\337\033\"\022\343\342W\372\375"
 337      F29CDF1B 
 337      2212E3E2 
 337      57FAFD
 338 0d88 F67FEE29 		.ascii	"\366\177\356)\205\033\273\323G\305F%z\351\311\004}T"
 338      851BBBD3 
 338      47C54625 
 338      7AE9C904 
 338      7D54
 339 0d9a FC9FF586 		.ascii	"\374\237\365\206o\242\242\343\376\264\301\360+G\324"
 339      6FA2A2E3 
 339      FEB4C1F0 
 339      2B47D4
 340 0da9 11713131 		.ascii	"\021q11q\261\"\373\012m\250&t# \"\342\342\015\372o?"
 340      71B122FB 
ARM GAS  C:\Users\RUVIMK~1\AppData\Local\Temp\cchEStxg.s 			page 27


 340      0A6DA826 
 340      74232022 
 340      E2E20DFA 
 341 0dbf 8A01CBBC 		.ascii	"\212\001\313\274\"\326\353\276KX\027\025c\210\017\016"
 341      22D6EBBE 
 341      4B581715 
 341      63880F0E 
 342 0dcf 8F8D8C36 		.ascii	"\217\215\2146\304\207,vD\024\237\350+.\015\006`q0un"
 342      C4872C76 
 342      44149FE8 
 342      2B2E0D06 
 342      60713075 
 343 0de4 ECB75111 		.ascii	"\354\267Q\021A\261\341_E\033\330\362\226\375\362\342"
 343      41B1E15F 
 343      451BD8F2 
 343      96FDF2E2 
 344 0df4 445B442B 		.ascii	"D[D+\310d q\322hB\265\313\204\317\264\312\300\320\025"
 344      C8642071 
 344      D26842B5 
 344      CB84CFB4 
 344      CAC0D015 
 345 0e08 5A1CA8D1 		.ascii	"Z\034\250\321*W\006\256\323b\215F\213\265 +\264Z\274"
 345      2A5706AE 
 345      D3628D46 
 345      8BB5202B 
 345      B45ABC
 346 0e1b 56A7C19A 		.ascii	"V\247\301\232O\327)5\232 -\305\007\320\377\3768h\265"
 346      4FD72935 
 346      9A202DC5 
 346      07D0FFFE 
 346      3868B5
 347 0e2e 56D0C1CC 		.ascii	"V\320\301\314\220 \255R\027\012h\2156\000\304\037\220"
 347      9020AD52 
 347      170A688D 
 347      3600C41F 
 347      90
 348 0e3f FFA4FD6F 		.ascii	"\377\244\375o&eBb\014\315=\342\0247\233\242OTF\254\017"
 348      26654262 
 348      0CCD3DE2 
 348      14379BA2 
 348      4F5446AC 
 349 0e54 8FF78A4B 		.ascii	"\217\367\212K\010\217\006?\255\211\213\370\327U\361"
 349      088F063F 
 349      AD898BF8 
 349      D755F1
 350 0e63 7131213A 		.ascii	"q1!:\255C/\021z\002%\356\"-\361\022u07\321\213F.\032"
 350      AD432F11 
 350      7A0225EE 
 350      222DF112 
 350      753037D1 
 351 0e7b 3AF45F43 		.ascii	":\364_C\217>*!^m\353\362\320\353\023\014\211\372\225"
 351      8F3E2A21 
 351      5E6DEBF2 
 351      D0EB130C 
 351      89FA95
 352 0e8e 2B74416B 		.ascii	"+tAk\265!\036\341\321\177\011\377.\001\"\036\015\351"
 352      B5211EE1 
ARM GAS  C:\Users\RUVIMK~1\AppData\Local\Temp\cchEStxg.s 			page 28


 352      D17F09FF 
 352      2E01221E 
 352      0DE9
 353 0ea0 BBF21702 		.ascii	"\273\362\027\002l\330\230H\034\353\253\011\325\205\350"
 353      6CD89848 
 353      1CEBAB09 
 353      D585E8
 354 0eaf 7C35105F 		.ascii	"|5\020_\337\020k\270b\022\242\022\364\220\315`\314<"
 354      DF106BB8 
 354      6212A212 
 354      F490CD60 
 354      CC3C
 355 0ec1 62D467F6 		.ascii	"b\324g\366\341\236/\256\355\363\330h\316Hj\265]\327"
 355      E19E2FAE 
 355      EDF3D868 
 355      CE486AB5 
 355      5DD7
 356 0ed3 7C6AE486 		.ascii	"|j\344\206X;\313\335\270N\2656H\027\244\375}P\340G\256"
 356      583BCBDD 
 356      B84EB536 
 356      4817A4FD 
 356      7D50E047 
 357 0ee8 6BD7AC09 		.ascii	"k\327\254\011\011\320iV\255\326:\351t\232\325Z\333\320"
 357      09D06956 
 357      ADD63AE9 
 357      749AD55A 
 357      DBD0
 358 0efa AFB14647 		.ascii	"\257\261FG\"\254\221\272~\245^\261ve\300\232\265A\237"
 358      22AC91BA 
 358      7EA55EB1 
 358      7665C09A 
 358      B5419F
 359 0f0d 6AC99D3F 		.ascii	"j\311\235?\273\263\216.W\257\010^\271L\034\015\266\341"
 359      BBB38E2E 
 359      57AF085E 
 359      B94C1C0D 
 359      B6E1
 360 0f1f 82E5B865 		.ascii	"\202\345\270e\316\204\005zH\353\317\217\0048\023\006"
 360      CE84057A 
 360      48EBCF8F 
 360      04381306 
 361 0f2f 3A122C22 		.ascii	":\022,\"\202\355\021\376.d\256V\267NKn\374\311\215m"
 361      82ED11FE 
 361      2E64AE56 
 361      B74E4B6E 
 361      FCC98D6D 
 362 0f43 CCCF85CC 		.ascii	"\314\317\205\314fc\301VP0\003aM\210VI\026\351\014\353"
 362      6663C156 
 362      50300361 
 362      4D885649 
 362      16E90CEB 
 363 0f57 25ADA0D1 		.ascii	"%\255\240\321:\007j\376\221\334:\314>.X\272u,\003W-"
 363      3A076AFE 
 363      91DC3ACC 
 363      3E2E58BA 
 363      752C0357 
 364 0f6c DFB891E5 		.ascii	"\337\270\221\345\336\327\313\375\3747\032H\366i5\032"
ARM GAS  C:\Users\RUVIMK~1\AppData\Local\Temp\cchEStxg.s 			page 29


 364      DED7CBFD 
 364      FC371A48 
 364      F669351A 
 365 0f7c FD3AD8A1 		.ascii	"\375:\330\241\002\015_\253\210A\253\376\240\012\011"
 365      020D5FAB 
 365      8841ABFE 
 365      A00A09
 366 0f8b D47C1618 		.ascii	"\324|\026\030D\264\200U\177\360\014\\\271:T\363\271"
 366      44B48055 
 366      7FF00C5C 
 366      B93A54F3 
 366      B9
 367 0f9c 15F39FC7 		.ascii	"\025\363\237\307"
 368 0fa0 2B4604   		.ascii	"+F\004"
 369              		.text
 370              		.section	.gnu.lto_.symtab.211d8de6,"",%progbits
 371 0000 56656374 		.ascii	"VectorB0\000"
 371      6F724230 
 371      00
 372 0009 00       		.ascii	"\000"
 373 000a 00       		.ascii	"\000"
 374 000b 00       		.ascii	"\000"
 375 000c 00000000 		.ascii	"\000\000\000\000\000\000\000\000"
 375      00000000 
 376 0014 C5000000 		.ascii	"\305\000\000\000"
 377 0018 73745F6C 		.ascii	"st_lld_init\000"
 377      6C645F69 
 377      6E697400 
 378 0024 00       		.ascii	"\000"
 379 0025 00       		.ascii	"\000"
 380 0026 00       		.ascii	"\000"
 381 0027 00000000 		.ascii	"\000\000\000\000\000\000\000\000"
 381      00000000 
 382 002f C7000000 		.ascii	"\307\000\000\000"
 383 0033 5F706F72 		.ascii	"_port_irq_epilogue\000"
 383      745F6972 
 383      715F6570 
 383      696C6F67 
 383      756500
 384 0046 00       		.ascii	"\000"
 385 0047 02       		.ascii	"\002"
 386 0048 00       		.ascii	"\000"
 387 0049 00000000 		.ascii	"\000\000\000\000\000\000\000\000"
 387      00000000 
 388 0051 C9000000 		.ascii	"\311\000\000\000"
 389 0055 63685379 		.ascii	"chSysTimerHandlerI\000"
 389      7354696D 
 389      65724861 
 389      6E646C65 
 389      724900
 390 0068 00       		.ascii	"\000"
 391 0069 02       		.ascii	"\002"
 392 006a 00       		.ascii	"\000"
 393 006b 00000000 		.ascii	"\000\000\000\000\000\000\000\000"
 393      00000000 
 394 0073 CB000000 		.ascii	"\313\000\000\000"
 395 0077 6E766963 		.ascii	"nvicEnableVector\000"
ARM GAS  C:\Users\RUVIMK~1\AppData\Local\Temp\cchEStxg.s 			page 30


 395      456E6162 
 395      6C655665 
 395      63746F72 
 395      00
 396 0088 00       		.ascii	"\000"
 397 0089 02       		.ascii	"\002"
 398 008a 00       		.ascii	"\000"
 399 008b 00000000 		.ascii	"\000\000\000\000\000\000\000\000"
 399      00000000 
 400 0093 D0000000 		.ascii	"\320\000\000\000"
 401              		.text
 402              		.section	.gnu.lto_.opts,"",%progbits
 403 0000 272D666D 		.ascii	"'-fmath-errno' '-fsigned-zeros' '-ftrapping-math' '"
 403      6174682D 
 403      6572726E 
 403      6F272027 
 403      2D667369 
 404 0033 2D666E6F 		.ascii	"-fno-trapv' '-fno-openmp' '-fno-openacc' '-mcpu=cor"
 404      2D747261 
 404      70762720 
 404      272D666E 
 404      6F2D6F70 
 405 0066 7465782D 		.ascii	"tex-m4' '-mno-thumb-interwork' '-mthumb' '-O2' '-fo"
 405      6D342720 
 405      272D6D6E 
 405      6F2D7468 
 405      756D622D 
 406 0099 6D69742D 		.ascii	"mit-frame-pointer' '-falign-functions=16' '-ffuncti"
 406      6672616D 
 406      652D706F 
 406      696E7465 
 406      72272027 
 407 00cc 6F6E2D73 		.ascii	"on-sections' '-fdata-sections' '-fno-common' '-flto"
 407      65637469 
 407      6F6E7327 
 407      20272D66 
 407      64617461 
 408 00ff 2700     		.ascii	"'\000"
 409              		.text
 410              		.comm	__gnu_lto_v1,1,1
 411              		.comm	__gnu_lto_slim,1,1
 412              		.ident	"GCC: (GNU Tools for Arm Embedded Processors 7-2017-q4-major) 7.2.1 20170904 (release) [ARM
ARM GAS  C:\Users\RUVIMK~1\AppData\Local\Temp\cchEStxg.s 			page 31


DEFINED SYMBOLS
                            *ABS*:00000000 hal_st_lld.c
                            *COM*:00000001 __gnu_lto_v1
                            *COM*:00000001 __gnu_lto_slim

NO UNDEFINED SYMBOLS
