ARM GAS  C:\Users\RUVIMK~1\AppData\Local\Temp\cchkYrvQ.s 			page 1


   1              		.cpu cortex-m4
   2              		.eabi_attribute 20, 1
   3              		.eabi_attribute 21, 1
   4              		.eabi_attribute 23, 3
   5              		.eabi_attribute 24, 1
   6              		.eabi_attribute 25, 1
   7              		.eabi_attribute 26, 1
   8              		.eabi_attribute 30, 2
   9              		.eabi_attribute 34, 1
  10              		.eabi_attribute 18, 4
  11              		.file	"nvic.c"
  12              		.section	.gnu.lto_.profile.211db812,"",%progbits
  13 0000 789C6363 		.ascii	"x\234cc```\001bF\006)1\000\000\302\000<"
  13      60606001 
  13      62460629 
  13      310000C2 
  13      003C
  14              		.text
  15              		.section	.gnu.lto_.icf.211db812,"",%progbits
  16 0000 789C6363 		.ascii	"x\234cc``\220b@\000\026\206\035[N\235bc\234\266c\346"
  16      60609062 
  16      40001686 
  16      1D5B4E9D 
  16      62639CB6 
  17 0016 036EA647 		.ascii	"\003n\246G\007g\357\341g^\364z\357\013f\006\000\245"
  17      0767EFE1 
  17      675EF47A 
  17      EF0B6606 
  17      00A5
  18 0028 A60C41   		.ascii	"\246\014A"
  19              		.text
  20              		.section	.gnu.lto_.jmpfuncs.211db812,"",%progbits
  21 0000 789C6363 		.ascii	"x\234cc``\320a@\000\026\006&FF\346\3729\314\014 \314"
  21      6060D061 
  21      40001606 
  21      264646E6 
  21      FA39CC0C 
  22 0016 0804209A 		.ascii	"\010\004 \232\011Y\220\031*\310\000\000\237-\007\005"
  22      09599019 
  22      2AC80000 
  22      9F2D0705 
  23              		.text
  24              		.section	.gnu.lto_.inline.211db812,"",%progbits
  25 0000 789C4D8C 		.ascii	"x\234M\214\321\021\2000\014B!\215i\364\307\021\352\004"
  25      D1118030 
  25      0C42218D 
  25      69F4C711 
  25      EA04
  26 0012 2ED9453A 		.ascii	".\331E:\222\2438\202\261\236U>\270\343\036`\000*>)\260"
  26      92A33882 
  26      B19E553E 
  26      B8E31E60 
  26      002A3E29 
  27 0027 CC146E8C 		.ascii	"\314\024n\214p\233\332\271\303Z\021\310\261*\"y\020"
  27      709BDAB9 
  27      C35A11C8 
  27      B12A2279 
ARM GAS  C:\Users\RUVIMK~1\AppData\Local\Temp\cchkYrvQ.s 			page 2


  27      10
  28 0038 07E199EC 		.ascii	"\007\341\231\354\225\244\255<\225\240\332O\004\223\222"
  28      95A4AD3C 
  28      95A0DA4F 
  28      049392
  29 0047 FD25C5EE 		.ascii	"\375%\305\356w\020J\310\366N\007\034S\\\2260\015\244"
  29      77104AC8 
  29      F64E071C 
  29      535C9630 
  29      0DA4
  30              		.text
  31              		.section	.gnu.lto_.pureconst.211db812,"",%progbits
  32 0000 789C6363 		.ascii	"x\234cc``\340\004b\026\006)F)&)f)\000\002\304\000\202"
  32      6060E004 
  32      62160629 
  32      46292629 
  32      66290002 
  33              		.text
  34              		.section	.gnu.lto_nvicEnableVector.211db812,"",%progbits
  35 0000 789C9D53 		.ascii	"x\234\235SAO\023A\024\236o\337\356\266b\351\335\330"
  35      414F1341 
  35      149E6FDF 
  35      EEB662E9 
  35      DDD8
  36 0012 280713C2 		.ascii	"(\007\023\302\205M51\034\274\030\023\017&\\\374\007"
  36      854D3531 
  36      1CBC1813 
  36      0F265CFC 
  36      07
  37 0023 DA0B4DA4 		.ascii	"\332\013M\244%`\2107\246-\266\240=\220PJ\322\254\246"
  37      25608837 
  37      A62DB6A0 
  37      3D90504A 
  37      D2ACA6
  38 0036 44501283 		.ascii	"DP\022\203\225\024T\020u\255 4F\215\204xW\210&\030\011"
  38      95145410 
  38      75AD2034 
  38      468D8478 
  38      57882618 
  39 004b F6A409A0 		.ascii	"\366\244\011\240ov\233h\242\036t\262\363v\346\275\357"
  39      6F769B68 
  39      A21E74B2 
  39      F376E6BD 
  39      EF
  40 005c BDF77D33 		.ascii	"\275\367}3\273\246\020\342\014\011q\202\337\007y\202"
  40      BBA610E2 
  40      0C097182 
  40      DF077982 
  41 006c 04B4A157 		.ascii	"\004\264\241WB$\374\032\240\026\322\017\321\247\241"
  41      4224FC1A 
  41      A016D20F 
  41      D1A7A1
  42 007b 0F59CA11 		.ascii	"\017Y\312\021*\231\017sZ\313-\311\303\031\255\035\220"
  42      2A990F73 
  42      5ACB2DC9 
  42      C319AD1D 
  42      90
ARM GAS  C:\Users\RUVIMK~1\AppData\Local\Temp\cchkYrvQ.s 			page 3


  43 008c 930E6C4E 		.ascii	"\223\016lN\317\363T\003e\2640\352M\377]\233\256\222"
  43      CFF35403 
  43      65B430EA 
  43      4DFF5D9B 
  43      AE92
  44 009e 4D80CEDB 		.ascii	"M\200\316\333//\013\353A\265\325\320\304\333]\231\313"
  44      2F2F0BEB 
  44      41B5D5D0 
  44      C4DB5D99 
  44      CB
  45 00af 07E93804 		.ascii	"\007\3518\004\2577^\334\030\3625OH\231\224\316\3428"
  45      AF375EDC 
  45      18F2354F 
  45      489994CE 
  45      E238
  46 00c1 C9233611 		.ascii	"\311#6\021\356\201\270 f\021\302\014B\202]\002\367\321"
  46      EE81B820 
  46      6611C20C 
  46      42825D02 
  46      F7D1
  47 00d3 CCF0DBC9 		.ascii	"\314\360\333\311\217\237\211\332\334\324\367+\357rF"
  47      8F9F89DA 
  47      DCD4F72B 
  47      EF7246
  48 00e2 3D7563A2 		.ascii	"=uc\242\236\372\340\017\251shv\361\323{#\215\246\356"
  48      9EFAE00F 
  48      A9736876 
  48      F1D37B23 
  48      8DA6EE
  49 00f5 71C53C4C 		.ascii	"q\305<L\001^\224V\015G\356}\317Hg\355&FO\007\3009\272"
  49      015E9456 
  49      0D47EE7D 
  49      CF4867ED 
  49      26464F07 
  50 010c A60CB131 		.ascii	"\246\014\2611te\0146\246\011U\310\017\305D\210\001."
  50      74650C36 
  50      A60955C8 
  50      0FC54488 
  50      012E
  51 011e C2A7231D 		.ascii	"\302\247#\0351H\232Z\245\034\261\211d-\263[jP\265\013"
  51      31489A5A 
  51      A51CB189 
  51      642DB35B 
  51      6A50B50B 
  52 0132 840299EC 		.ascii	"\204\002\231\354Jm\247\34194\366\375z6&t<d\216\233\250"
  52      4A6DA7E1 
  52      3934F6FD 
  52      7A362674 
  52      3C648E9B 
  53 0147 AC5DF946 		.ascii	"\254]\371F\012\304\341\374\345\312k\237\012\373\\\221"
  53      0AC4E1FC 
  53      E5CA6B9F 
  53      0AFB5C91 
  54 0157 33635B5F 		.ascii	"3c[_\003\336VVR2\310\256\362\247\341u_\021\327\023|"
  54      03DE5656 
  54      5232C8AE 
  54      F2A7E175 
ARM GAS  C:\Users\RUVIMK~1\AppData\Local\Temp\cchkYrvQ.s 			page 4


  54      5F11D713 
  55 016c 07C54336 		.ascii	"\007\305C6\371\361\210\325.p%\225\260\224M\2145XS\262"
  55      F9F188D5 
  55      2E702595 
  55      B0944D8C 
  55      355853B2 
  56 0180 3F219B6C 		.ascii	"?!\233l\332\207\307(b\304\275\035\016\276]\235-\007"
  56      DA87C728 
  56      62C4BD1D 
  56      0EBE5D9D 
  56      2D07
  57 0192 C325152C 		.ascii	"\303%\025,\306lj\300\023X\005\362\2737\347 \314\034"
  57      C66C6AC0 
  57      135805F2 
  57      BB37E720 
  57      CC1C
  58 01a4 15E39DF4 		.ascii	"\025\343\235\364\265\351I\315#M\034\346\304\341\361"
  58      B5E949CD 
  58      234D1CE6 
  58      C4E1F1
  59 01b3 3B738D8A 		.ascii	";s\215\212\206\201\303x\352\222N\325\322\203\206\007"
  59      8681C378 
  59      EA924ED5 
  59      D2838607 
  60 01c3 D23D5075 		.ascii	"\322=Pu|~'\340)3P\361@\333\351\252\317\003\031J\315"
  60      7C7E27E0 
  60      293350F1 
  60      40DBE9AA 
  60      CF03194A 
  61 01d8 E272DAEF 		.ascii	"\342r\332\357!\200g\010q\375\272|\243.\377_\304\355"
  61      21806708 
  61      71FDBA7C 
  61      A32EFF5F 
  61      C4ED
  62 01ea C7A22B0E 		.ascii	"\307\242+\016\277\213\353\265)\200%%Nw\305=W\342\014"
  62      BF8BEBB5 
  62      29802525 
  62      4E77C53D 
  62      57E20C
  63 01fd AFD7D4F4 		.ascii	"\257\327\324\364\002\376\253\333\262\333M\373K\267\225"
  63      02FEABDB 
  63      B2DB4DFB 
  63      4BB795
  64 020c 9FDDAA5E 		.ascii	"\237\335\252^\267-$\213\245\254\333\313\3759\006\230"
  64      B72D248B 
  64      A5ACDBCB 
  64      FD390698 
  65 021c 297F295C 		.ascii	")\177)\\\340Xk\253\305O\244#z>\032\357\011\267\035\265"
  65      E0586BAB 
  65      C54FA423 
  65      7A3E1AEF 
  65      09B71DB5 
  66 0230 E23D56C7 		.ascii	"\342=V\307\271\013VW\274\373b\217\025\211wv\306c\326"
  66      B90B5657 
  66      BCFB628F 
  66      15897776 
  66      C663D6
ARM GAS  C:\Users\RUVIMK~1\AppData\Local\Temp\cchkYrvQ.s 			page 5


  67 0243 C9B3EDA7 		.ascii	"\311\263\355\247\332/Y\261\336h\2445\"\020\323\273\272"
  67      DA2F59B1 
  67      DE68A435 
  67      2210D3BB 
  67      BA
  68 0254 A3F11F33 		.ascii	"\243\361\0373\227\035a"
  68      971D61
  69              		.text
  70              		.section	.gnu.lto_nvicDisableVector.211db812,"",%progbits
  71 0000 789C9551 		.ascii	"x\234\225QMk\023Q\024}\347\335\371\210\375\310\272`"
  71      4D6B1351 
  71      147DE7DD 
  71      F988FDC8 
  71      BA60
  72 0012 D02E84D2 		.ascii	"\320.\204\322M\206(\250[\021\334u\343?\320l\032\264"
  72      4D8628A8 
  72      5B11DC75 
  72      E33FD06C 
  72      1AB4
  73 0024 193152DC 		.ascii	"\0311R\334\365\245i\323V[(\264\215\020\006\231b\304"
  73      F5A569D3 
  73      565B28B4 
  73      8D100699 
  73      62C4
  74 0036 826895A4 		.ascii	"\202h\225\244j\352\3278V\244h\025\213\372\003L\021Q"
  74      6AEAD738 
  74      56A46815 
  74      8BFA034C 
  74      1151
  75 0048 282A2E14 		.ascii	"(*.\024j\365\276\031\027\202+/\363\336\334\373\336\271"
  75      6AF5BE19 
  75      17822B2F 
  75      F3DEDCFB 
  75      DEB9
  76 005a F79C77AF 		.ascii	"\367\234w\257%\2048!\2058\300\377\235\274@\002r\372"
  76      25843821 
  76      8538C0FF 
  76      9DBC4002 
  76      72FA
  77 006c 8510C584 		.ascii	"\205\020\305\204\004\264\243\022\020C\022C\230\244Y"
  77      04B4A312 
  77      10431243 
  77      98A459
  78 007b 4238F6BE 		.ascii	"B8\366\276){\257(\266\340B\303*\253\321.\217\204\250"
  78      297BAF28 
  78      B6E042C3 
  78      2AABD12E 
  78      8F84A8
  79 008e F0D2863A 		.ascii	"\360\322\206:z\031\365j\344\206G\347\311#\300\340\360"
  79      7A19F56A 
  79      E48647E7 
  79      C923C0E0 
  79      F0
  80 009f CB5AB595 		.ascii	"\313Z\265\225\324\241D7\207?\325l%I\373!\330\337xvi"
  80      D4A14437 
  80      873FD56C 
  80      2549FB21 
ARM GAS  C:\Users\RUVIMK~1\AppData\Local\Temp\cchkYrvQ.s 			page 6


  80      D8DF7876 
  81 00b4 DAEEB9AC 		.ascii	"\332\356\271\254\324\260\012\236\327H\355\361\210p\013"
  81      D4B00A9E 
  81      D748EDF1 
  81      88700B
  82 00c3 C405B184 		.ascii	"\304\005\261\204\024\032H\011>\022\270\215\036\215\177"
  82      141A4809 
  82      3E12B88D 
  82      1E8D7F
  83 00d2 77737BAE 		.ascii	"ws{\256\3232bB\334\201%\300\316\342\272\031\250\355"
  83      D3326242 
  83      DC8125C0 
  83      CEE2BA19 
  83      A8ED
  84 00e4 5F632AD8 		.ascii	"_c*\330\250\341\315\021V\354\221!\365F\274\231\006\242"
  84      A8E1CD11 
  84      56EC9121 
  84      F546BC99 
  84      06A2
  85 00f6 7431CE49 		.ascii	"t1\316I\374$\025\210\011\222\332+\005\342#J[\345\265"
  85      FC241588 
  85      0992DA2B 
  85      05E2234A 
  85      5BE5B5
  86 0109 FA82D4C5 		.ascii	"\372\202\324\305\252\204*i\3053\265\353\315N\255\330"
  86      AA842A69 
  86      C533B5EB 
  86      CD4EADD8 
  87 0119 C06E3459 		.ascii	"\300n4Y\003\303\276\226'\314\030$c\320jmy\253C\203L"
  87      03C3BE96 
  87      27CC1824 
  87      63D06A6D 
  87      79AB4383 
  88 012e 98588E41 		.ascii	"\230X\216A\237\313\253v\014\322\335j\254<-'b\004p\027"
  88      9FCBAB76 
  88      0CD2DD6A 
  88      AC3C2D27 
  88      62047017 
  89 0142 29AECFA0 		.ascii	")\256\317\240\360\365\271\037Q%FTF\303\227\266FXQ;\032"
  89      F0F5B91F 
  89      51254654 
  89      46C397B6 
  89      4658513B 
  90 0157 F39BDF3B 		.ascii	"\363\233\337;\342P\205%\225\344\243\372\247\231\226"
  90      E2508525 
  90      95E4A3FA 
  90      A79996
  91 0166 EDE36291 		.ascii	"\355\343b\221[\356\357\362\310\306}\356\313=\246\323"
  91      5BEEEFF2 
  91      C8C67DEE 
  91      CB3DA6D3 
  92 0176 094F268B 		.ascii	"\011O&\213\363m\31655RT\335\036%\360\000>\346\242a\360"
  92      F36DCE35 
  92      355254DD 
  92      1E25F000 
  92      3EE6A261 
  93 018b E5DBF5A5 		.ascii	"\345\333\365\245z2\263\250/\375A\217v\340!\034V\037"
ARM GAS  C:\Users\RUVIMK~1\AppData\Local\Temp\cchkYrvQ.s 			page 7


  93      7A32B3A8 
  93      2FFD418F 
  93      76E0211C 
  93      561F
  94 019d 0D2A4086 		.ascii	"\015*@\2065j5\337>,\264\354?r\376\207\254\015\217\""
  94      356A35DF 
  94      3E2CB4EC 
  94      3F72FE87 
  94      AC0D8F22 
  95 01b1 32FC4B96 		.ascii	"2\374K\226\367\250\035\241&3\"\262\307\310\374\375\326"
  95      F7A81DA1 
  95      263322B2 
  95      C7C8FCFD 
  95      D6
  96 01c2 7608AC70 		.ascii	"v\010\254p\315M\014\373W\247\020\215Q\3338\327\342\251"
  96      CD4D0CFB 
  96      57A7108D 
  96      51DB38D7 
  96      E2A9
  97 01d4 B0C07DE9 		.ascii	"\260\300}\351\264\303_\266?w<\347\0262\007\367:n\301"
  97      B4C35FB6 
  97      3F773CE7 
  97      163207F7 
  97      3A6EC1
  98 01e7 E93F76D2 		.ascii	"\351?v\3229\345\236>Sp\262\356\300\200\233w\016\035"
  98      39E59E3E 
  98      5370B2EE 
  98      C0809B77 
  98      0E1D
  99 01f9 ED3BDC77 		.ascii	"\355;\334w\326\311\017\346\262\351\254@\3767\004\012"
  99      D6C90FE6 
  99      B2E9AC40 
  99      FE37040A 
 100 0209 D751     		.ascii	"\327Q"
 101              		.text
 102              		.section	.gnu.lto_nvicSetSystemHandlerPriority.211db812,"",%progbits
 103 0000 789C6D51 		.ascii	"x\234mQKk\023Q\024>\337\234\231\311(X\267\245v\321\205"
 103      4B6B1351 
 103      143EDF9C 
 103      99C92858 
 103      B7A576D1 
 104 0015 10BAC925 		.ascii	"\020\272\311%\012\342JP7n\272\361\037\324($\320fJ\""
 104      0AE24A50 
 104      376EBAF1 
 104      1FD42824 
 104      D0664A22 
 105 0029 E2AE3749 		.ascii	"\342\2567I\333\324*E4m%\0142\233R\213H\225\372\212\215"
 105      DBD42A45 
 105      346D250C 
 105      329B528B 
 105      4895FA8A 
 106 003e 75C8CA4D 		.ascii	"u\310\312M\325\026\021\354\316\007\012\001Em\026\256"
 106      D51611EC 
 106      CE070A01 
 106      456D16AE 
 107 004e AAE78E11 		.ascii	"\252\347\216\021\\x\271\217\363\372\316\375\3169.\021"
 107      5C78B98F 
ARM GAS  C:\Users\RUVIMK~1\AppData\Local\Temp\cchkYrvQ.s 			page 8


 107      F3FACEFD 
 107      CE392E11 
 108 005e ED80E884 		.ascii	"\355\200\350\204\274\007\344\200\011\326\325\027D%\317"
 108      BC07E480 
 108      09D6D517 
 108      4425CF
 109 006d 028CA03D 		.ascii	"\002\214\240=\320\270\205q\\\341\032\243U\375\324\260"
 109      D0B88571 
 109      5CE11AA3 
 109      55FDD4B0 
 110 007d 0697B4AC 		.ascii	"\006\227\264\254h\241\343N\351\311\336\200\211\346\345"
 110      68A1E34E 
 110      E9C9DE80 
 110      89E6E5
 111 008c 9885550C 		.ascii	"\230\205U\014J\324\346\304\335\200/s\300\200-\352\367"
 111      4AD4E6C4 
 111      DD802F73 
 111      C0802DEA 
 111      F7
 112 009d 8DFA871E 		.ascii	"\215\372\207\036\243Z\030\020\265r}\275\351\361\021"
 112      A35A1810 
 112      B5727DBD 
 112      E9F111
 113 00ac 90C85BAB 		.ascii	"\220\310[\2537N%\027\265.\353\350\343\"\353\203\001"
 113      374E2517 
 113      B52EEBE8 
 113      E322EB83 
 113      01
 114 00bd 331E8225 		.ascii	"3\036\202%\037\036\240\037\367\321Ob\"<BR\242o\227?"
 114      1F1EA01F 
 114      F7D14F62 
 114      223C4252 
 114      A26F973F 
 115 00d1 7F613E16 		.ascii	"\177a>\026#\337?\177Ws\272\320\316R\027\372\370?\320"
 115      23DF3F7F 
 115      5773BAD0 
 115      CE5217FA 
 115      F83FD0
 116 00e4 069271FC 		.ascii	"\006\222q\374\275\335\271}\256\035\376e\213'pI*\247"
 116      BDDDB97D 
 116      AE1DFE65 
 116      8B277049 
 116      2AA7
 117 00f6 952D27D2 		.ascii	"\225-'\322\273\277\252\302\240w{\307K@`\266e.\241/`"
 117      BBBFAAC2 
 117      A0777BC7 
 117      4B4060B6 
 117      652EA12F 
 118 010b 07E677A2 		.ascii	"\007\346w\242iAICtD\227\3302R%\2426\312?\252\033\215"
 118      69414943 
 118      744497D8 
 118      325225A2 
 118      36CA3FAA 
 119 0121 264CB63A 		.ascii	"&L\266:\243.\037\266Q\3716\3255Xb\373\267\037\016l\254"
 119      A32E1FB6 
 119      51F936D5 
 119      355862FB 
ARM GAS  C:\Users\RUVIMK~1\AppData\Local\Temp\cchkYrvQ.s 			page 9


 119      B71F0E6C 
 120 0136 09B1365A 		.ascii	"\011\2616Z\257g\336:&H\334\363\223\255\227\011\343v"
 120      AF67DE3A 
 120      2648DCF3 
 120      93AD9709 
 120      E376
 121 0148 E3CA4A8D 		.ascii	"\343\312J\215f\315\371\243\352\355\212\356\021S{\263"
 121      66CDF9A3 
 121      EAED8AEE 
 121      11537BB3 
 122 0158 F3CA0971 		.ascii	"\363\312\011q\263$}\017\373\002N\340\251\224\330\224"
 122      B3247D0F 
 122      FB024EE0 
 122      A994D894 
 123 0168 4C06706D 		.ascii	"L\006pmfyy\257\272\243'Jz `\017\353\0101\027OD\234o"
 123      667979AF 
 123      BAA3274A 
 123      7A20600F 
 123      EB083117 
 124 0180 6EFD5CD8 		.ascii	"n\375\\\330\237^1\3160\037\360\036<\203\252\263\023"
 124      9F5E31CE 
 124      301FF01E 
 124      3C83AAB3 
 124      13
 125 0191 4F2B425A 		.ascii	"O+BZ8\322W\224\303\265\331\230r<\305i\206\251\317\""
 125      38D25794 
 125      C3B5D998 
 125      723CC569 
 125      86A9CF22 
 126 01a5 3A9C4A29 		.ascii	":\234J)\331\231l\356L\316/\246\217\036R~Qe\207G\324"
 126      D9996CEE 
 126      4CCE2FA6 
 126      8F1E527E 
 126      51658747 
 127 01ba 985F385F 		.ascii	"\230_8_T\031\177t\324\317\253\343\247\207N\016]T\371"
 127      54197F74 
 127      D4CFABE3 
 127      A7874E0E 
 127      5D54F9
 128 01cd 0BB94C2A 		.ascii	"\013\271L*C\211\354p\376\354\310\271\202=V\310\371\277"
 128      4389EC70 
 128      FEECC8B9 
 128      823D56C8 
 128      F9BF
 129 01df 014953B4 		.ascii	"\001IS\264\230"
 129      98
 130              		.text
 131              		.section	.gnu.lto_nvicClearPending.211db812,"",%progbits
 132 0000 789C3551 		.ascii	"x\2345Q\317k\023Q\020\236\357\315n6J\233\263`\250=\010"
 132      CF6B1351 
 132      109EEFCD 
 132      6E364A9B 
 132      B360A83D 
 133 0015 A50859A2 		.ascii	"\245\010Y\242\240^\305\203\247^\374\017\332\\\032\260"
 133      A05EC583 
 133      A75EFC0F 
 133      DA5C1AB0 
ARM GAS  C:\Users\RUVIMK~1\AppData\Local\Temp\cchkYrvQ.s 			page 10


 134 0025 593152BC 		.ascii	"Y1R\274\365%i\223V\013\026\332F\010K\331\322\210x\320"
 134      F5256993 
 134      560B16DA 
 134      46084BD9 
 134      D28878D0 
 135 0039 2A69D5A4 		.ascii	"*i\325\244\376X\202\036DTZ\304\223'+\202\012E\013\202"
 135      FE58821E 
 135      44545AC4 
 135      93272B82 
 135      0A450B82 
 136 004d 87B63A6F 		.ascii	"\207\266:o\027\207\367cf\336|\363\276\367\275\004\021"
 136      1787F763 
 136      66DE7CF3 
 136      BEF7BD04 
 136      11
 137 005e FD06D119 		.ascii	"\375\006\321\031\331\217\312\004\023\324\334;\242RR"
 137      D98FCA04 
 137      13D4DC3B 
 137      A25252
 138 006d 01C6D149 		.ascii	"\001\306\321I\320\204\302\004fy\201\321\255}m\253\301"
 138      D084C204 
 138      667981D1 
 138      AD7D6DAB 
 138      C1
 139 007e 3B5A2CBC 		.ascii	";Z,\274\325q\252z\352\210\317Du\231\306\320\302\240"
 139      D571AA7A 
 139      EA88CF44 
 139      7599C6D0 
 139      C2A0
 140 0090 546D4E3E 		.ascii	"TmN>\360\371\006\373\014X\022\376z\333\330N\231P\241"
 140      F0F906FB 
 140      0C5812FE 
 140      7ADBD84E 
 140      9950A1
 141 00a3 5FC27DBD 		.ascii	"_\302}\275PO\361i\220\370_\336\254\3149\003\267\265"
 141      504FF169 
 141      90F85FDE 
 141      ACCC3903 
 141      B7B5
 142 00b5 2EEBF065 		.ascii	".\353\360e\223\365q\237\031\217\300\322\020\353Hc\015"
 142      93F5719F 
 142      198FC0D2 
 142      10EB4863 
 142      0D
 143 00c6 699214E1 		.ascii	"i\222\024\3411\006L\375\347\207\007\213\275\011+\276"
 143      31064CFD 
 143      E787078B 
 143      BD092BBE 
 144 00d6 104F9020 		.ascii	"\020O\220 !O\253[v\250\017\376\326t\370\251\211\315"
 144      214FAB5B 
 144      76A80FFE 
 144      D674F8A9 
 144      89CD
 145 00e8 0BC2D867 		.ascii	"\013\302\330gK\311b\263\361,\263\330\210z\320\264 \345"
 145      4BC962B3 
 145      F12CB3D8 
 145      887AD0B4 
ARM GAS  C:\Users\RUVIMK~1\AppData\Local\Temp\cchkYrvQ.s 			page 11


 145      20E5
 146 00fa 5D3AA419 		.ascii	"]:\244\031V\306\253\204\364\035\225\275\352\376F\240"
 146      56C6AB84 
 146      F41D95BD 
 146      EAFE46A0 
 147 010a 4CC706A3 		.ascii	"L\307\006\243\301\266\3345\337\274\337\3565\264-\034"
 147      C1B6DC35 
 147      DFBCDFEE 
 147      35B42D1C 
 148 011a 435B8848 		.ascii	"C[\210H\331\317\352]'.R8\221\226R\223\334\255\316\330"
 148      D9CFEA5D 
 148      272E5238 
 148      91965293 
 148      DCADCED8 
 149 012e 719263E4 		.ascii	"q\222c\344\353fg\257\307 m\330\350D\310\362n\355?\322"
 149      EB6667AF 
 149      C7206DD8 
 149      E844C8F2 
 149      6EED3FD2 
 150 0142 12B064BA 		.ascii	"\022\260d\272\037\256\177\213`\002\250Ou\337;\006\220"
 150      1FAE7F8B 
 150      6002A84F 
 150      75DF3B06 
 150      90
 151 0153 8854595B 		.ascii	"\210TY[\336\371\323\023\207\272[\321)I\265~\314o;\001"
 151      DEF9D313 
 151      87BA5BD1 
 151      2949B57E 
 151      CC6F3B01 
 152 0167 964AA27C 		.ascii	"\226J\242|\320\347\263\203\247\"\317\206\3646\200W\263"
 152      D0E7B383 
 152      A722CF86 
 152      F4368057 
 152      B3
 153 0178 A5E5C3EE 		.ascii	"\245\345\303\356==Y\322\375>'\361\014\001\026\243?\221"
 153      3D3D59D2 
 153      FD3E27F1 
 153      0C0116A3 
 153      3F91
 154 018a C38F5BEB 		.ascii	"\303\217[\353\255Tv\325\034\006\343>\037\302s\270B5"
 154      AD5476D5 
 154      1C06E33E 
 154      1FC273B8 
 154      4235
 155 019c FAAF17C8 		.ascii	"\372\257\027\310\012!\332A9X\271\211HPc\323\3620\221"
 155      0A21DA41 
 155      3958B989 
 155      485063D3 
 155      F23091
 156 01af 46119DCA 		.ascii	"F\021\235\312d\\\031\271\321\374H\336+f\317\236t\275"
 156      645C19B9 
 156      D1FC48DE 
 156      2B66CF9E 
 156      74BD
 157 01c1 A23B3A7C 		.ascii	"\242;:|\311\275\354]\271Zts\336\330\230Wp\317]\034:"
 157      C9BDEC5D 
 157      B95A7473 
ARM GAS  C:\Users\RUVIMK~1\AppData\Local\Temp\cchkYrvQ.s 			page 12


 157      DED89857 
 157      70CF5D1C 
 158 01d6 3F74CD2D 		.ascii	"?t\315-\214\347s\231\034\241\360\017\230\012\257\365"
 158      8CE77399 
 158      1CA1F00F 
 158      980AAFF5 
 159              		.text
 160              		.section	.gnu.lto_.symbol_nodes.211db812,"",%progbits
 161 0000 789C6363 		.ascii	"x\234cc``\360\002b\006\246\235L\365\014\014\023\316"
 161      6060F002 
 161      6206A69D 
 161      4CF50C0C 
 161      13CE
 162 0012 313000A9 		.ascii	"10\000\251]\015\216@\221]L\365\214\250\"\273\231\352"
 162      5D0D8E40 
 162      915D4CF5 
 162      8CA822BB 
 162      99EA
 163 0024 995045F6 		.ascii	"\231PE\3660\3253\243\2100\000\000\322\322\022\255"
 163      30D533A3 
 163      88300000 
 163      D2D212AD 
 164              		.text
 165              		.section	.gnu.lto_.refs.211db812,"",%progbits
 166 0000 789C6363 		.ascii	"x\234cc```\004b\006\000\000D\000\010"
 166      60606004 
 166      62060000 
 166      440008
 167              		.text
 168              		.section	.gnu.lto_.decls.211db812,"",%progbits
 169 0000 789CBD59 		.ascii	"x\234\275YkPTG\026\236\276=\300\360v\221\332\230\335"
 169      6B505447 
 169      169EBE3D 
 169      C0F07691 
 169      DA98DD
 170 0013 496DD632 		.ascii	"Im\3262\025~,\240h\312\324\376\310\206\214\272\362\303"
 170      157E2CA0 
 170      68CAD4FE 
 170      C8868CBA 
 170      F2C3
 171 0025 2C3524D6 		.ascii	",5$\326f\213\012A\234D\022\036Y\300]\375\265\027\301"
 171      668B0A41 
 171      9C44121E 
 171      59C05DFD 
 171      B517C1
 172 0038 08621414 		.ascii	"\010b\024\024A\001\003\002\006\025|\020\025TD\001\025"
 172      41010302 
 172      06157C10 
 172      15544401 
 172      15
 173 0049 10040D8A 		.ascii	"\020\004\015\212\212<\006\221\227\210<E\004Q\366\364"
 173      8A3C0691 
 173      97883C45 
 173      0451F6F4 
 174 0059 E3CE5C2E 		.ascii	"\343\316\\.\214\233\255\332\332[\236\271s\272\277>\347"
 174      8C9BADDA 
 174      DA5B9EB9 
ARM GAS  C:\Users\RUVIMK~1\AppData\Local\Temp\cchkYrvQ.s 			page 13


 174      73BABF3E 
 174      E7
 175 006a EB73BA4F 		.ascii	"\353s\272O\367\240\265J\245Z\367\246J\365@P\2512\220"
 175      F7A0B54A 
 175      A55AF7A6 
 175      4AF54050 
 175      A93290
 176 007d 4A350D8F 		.ascii	"J5\015\217\025\264\225\203\200\252*U\261G\015R\005R"
 176      15B49583 
 176      80AA2A55 
 176      B1470D52 
 176      0552
 177 008f 0B520772 		.ascii	"\013R\007rC5\373\331\005\003\034\341\375\005\210\013"
 177      4335FBD9 
 177      05031CE1 
 177      FD05880B 
 178 009f 882B1FAF 		.ascii	"\210+\037\257\005y\027\3443\220\337\003\346w \275\360"
 178      057917E4 
 178      3390DF03 
 178      E67720BD 
 178      F0
 179 00b0 BD07E439 		.ascii	"\275\007\3449\3108\010\006\231\007\355Z\020g\304|W\315"
 179      C8380806 
 179      9907ED5A 
 179      1067C47C 
 179      57CD
 180 00c2 E123153A 		.ascii	"\341#\025:\034\346\360\241\264/\331\225\374\300\364"
 180      1CE6F0A1 
 180      B42FD995 
 180      FCC0F4
 181 00d1 54F311F3 		.ascii	"T\363\021\363\201\370<\224O:t\330Y\340OlG@\377\267 "
 181      81F83C94 
 181      4F3A74D8 
 181      59E04F6C 
 181      4740FFB7 
 182 00e6 1F236693 		.ascii	"\037#f\223\330\371\214\333\253\343z4\232i3\323\202M"
 182      D8F98CDB 
 182      ABE37A34 
 182      9A6933D3 
 182      824D
 183 00f8 C2F76F73 		.ascii	"\302\367os\360%\303\265\334\346\\1N\306\250\265\372"
 183      F025C3B5 
 183      DCE65C31 
 183      4EC6A8B5 
 183      FA
 184 0109 483E4EC0 		.ascii	"H>N\300\350];D\262\345\014M'\372\317M8\262&\20284\334"
 184      E85D3B44 
 184      B2E50C4D 
 184      27FACF4D 
 184      38B22682 
 185 0120 93A3C602 		.ascii	"\223\243\306\002\375\336^\332\227\340\350Q \262G\023"
 185      FDDE5EDA 
 185      97E0E851 
 185      20B24713 
 186 0130 AA426710 		.ascii	"\252Bg\020\226L5\354\032\311\265\301\037P\340\317\261"
 186      964C35EC 
 186      1AC9B5C1 
ARM GAS  C:\Users\RUVIMK~1\AppData\Local\Temp\cchkYrvQ.s 			page 14


 186      1F50E0CF 
 186      B1
 187 0141 27338859 		.ascii	"'3\210Y\027;\244\006u\270.\355\241\023\250\256v\350"
 187      173BA406 
 187      75B82EED 
 187      A113A8AE 
 187      76E8
 188 0153 ED642C18 		.ascii	"\355d,\030\233^\2648!;\2678Q\334\"f\305\210\266\253"
 188      9B5EB438 
 188      213BB738 
 188      51DC2266 
 188      C588B6AB 
 189 0167 55E81CD2 		.ascii	"U\350\034\322\242\263H\253B%\310\215\270.B\036*t\032"
 189      A2B348AB 
 189      4225C88D 
 189      B82E421E 
 189      2A741A
 190 017a 1A4F41E3 		.ascii	"\032OA\343\217\304]\331\215\375\037\354\037\021\305"
 190      8FC45DD9 
 190      8DFD1FEC 
 190      1F11C5
 191 0189 B7D17964 		.ascii	"\267\321yd\207\212\021\246\030\230\335\273v\214\300"
 191      878A11A6 
 191      1898DDBB 
 191      768CC0
 192 0198 91DCA46C 		.ascii	"\221\334\244lk|\012\021\006BIz\327U\301\222\217\213"
 192      6B7C0A11 
 192      0642497A 
 192      D755C192 
 192      8F8B
 193 01aa 167DF49C 		.ascii	"\026}\364\234XX\271U\024\005T\012>.\230}\200K\362\202"
 193      5858B955 
 193      1405540A 
 193      3E2E987D 
 193      804BF282 
 194 01be 567074BE 		.ascii	"Vpt\276\274\364\222\275\021\265\"X\010h\036\235?B\354"
 194      BCF492BD 
 194      11B52258 
 194      08681E9D 
 194      3F42EC
 195 01d1 13DE44A8 		.ascii	"\023\336D\250>-=\210\265C\253\300^\034J\024i\0102\265"
 195      3E2D3D88 
 195      B543ABC0 
 195      5E1C4A14 
 195      690832B5 
 196 01e5 08DC8620 		.ascii	"\010\334\206 \331\245\377\270\001$\267\312\372\231;"
 196      D9A5FFB8 
 196      0124B7CA 
 196      FA993B
 197 01f4 E9616967 		.ascii	"\351aig_d\343X\223`v&\0332\213\253\312\324m\"e\236$"
 197      5F64E358 
 197      93607626 
 197      1B328BAB 
 197      CAD46D22 
 198 020b E2E96EEC 		.ascii	"\342\351n\354\337q\334\241\035\265A/\254\347DM(M|\372"
 198      DF71DCA1 
 198      1DB5412F 
ARM GAS  C:\Users\RUVIMK~1\AppData\Local\Temp\cchkYrvQ.s 			page 15


 198      ACE7444D 
 198      284D7CFA 
 199 021f ED8E1C01 		.ascii	"\355\216\034\001\247\263\345Ru\370L9R\013,n(LM\332j"
 199      A7B3E552 
 199      75F84C39 
 199      520B2C6E 
 199      284C4DDA 
 200 0234 C7F32EA9 		.ascii	"\307\363.\251Mm\025\2106^\235\036/sf\313E +i\350\372"
 200      4D6D1588 
 200      365E9D1E 
 200      2F7366CB 
 200      45202B69 
 201 024a 017BB65C 		.ascii	"\001{\266\\\346\221\325s\261-EX\220B\362\223\030#\316"
 201      E691D573 
 201      B12D4558 
 201      9042F293 
 201      1823CE
 202 025d 13D017BF 		.ascii	"\023\320\027\277FW!kW k*T\211\026\300\347e\244f\264"
 202      4657216B 
 202      57206B2A 
 202      548916C0 
 202      E765A466 
 203 0272 0A135E6E 		.ascii	"\012\023^n\323,\314\022\263\332!\231u\213zN\213\"\344"
 203      D32CCC12 
 203      B3DA2199 
 203      758B7A4E 
 203      8B22E4
 204 0285 5354131C 		.ascii	"ST\023\034*7'\264\234,\\T\206\332\021\272\204\2140\211"
 204      2A3727B4 
 204      9C2C5C54 
 204      86DA11BA 
 204      848C3089 
 205 0299 2AB490CC 		.ascii	"*\264\220\314\252\255t\010\343v\313\374Soe\237w\264"
 205      AAAD7408 
 205      E376CBFC 
 205      536F659F 
 205      77B4
 206 02ab 48A68692 		.ascii	"H\246\206\222\271&\221\231n*\357u\342d\032\336L\023"
 206      B9269199 
 206      6E2AEF75 
 206      E2641ADE 
 206      4C13
 207 02bd CBB68864 		.ascii	"\313\266\210dm\001\012U\233\251T+\251\324R*\205\317"
 207      6D010A55 
 207      9BA9542B 
 207      A9D4522A 
 207      85CF
 208 02cf 1FC7603C 		.ascii	"\037\307`<\302\250\354\211MJ\266\225,\375\326d\211L"
 208      C2A8EC89 
 208      4D4AB695 
 208      2CFDD664 
 208      894C
 209 02e1 EABAD9D2 		.ascii	"\352\272\331\322u\245\245:j\2514/\325\007\357\302\324"
 209      75A5A53A 
 209      6AA9342F 
 209      D507EFC2 
 209      D4
ARM GAS  C:\Users\RUVIMK~1\AppData\Local\Temp\cchkYrvQ.s 			page 16


 210 02f2 D0F085E8 		.ascii	"\320\360\205\350\277r;}o\315`To\266S\257\264s\203\332"
 210      BF723B7D 
 210      6FCD6054 
 210      6FB653AF 
 210      B47383DA 
 211 0306 2968CC2C 		.ascii	")h\314,q`i\022\265\304V\371\266\323\\\037\262\001=\371"
 211      71606912 
 211      B5C456F9 
 211      B6D35C1F 
 211      B2013DF9 
 212 031a D8C362C4 		.ascii	"\330\303b\304\364DW\320{\033\363\322\034Y\036\305\203"
 212      F44457D0 
 212      7B1BF3D2 
 212      1C591EC5 
 212      83
 213 032b 081A0E4C 		.ascii	"\010\032\016LM\305\252q\026c\362\340\316\253Z^#b\254"
 213      4DC5AA71 
 213      1663F2E0 
 213      CEAB5A5E 
 213      2362AC
 214 033e C8CAE86A 		.ascii	"\310\312\350j\331\353h\027G\"K\367+\351\220v\254\012"
 214      D9EB6817 
 214      47224BF7 
 214      2BE99076 
 214      AC0A
 215 0350 DD211B10 		.ascii	"\335!\033\020yjQ#\250\200\316O\311>\203]\022i\036D\361"
 215      796A5123 
 215      A880CE4F 
 215      C93E835D 
 215      12691E44 
 216 0365 43354DD1 		.ascii	"C5M\321-\2007P\370]\344\"\015\"\350\316C\235Y\266\234"
 216      2D803750 
 216      F85DE422 
 216      0D22E8CE 
 216      439D59B6 
 217 037a B935E8DF 		.ascii	"\2715\350\337%u\3448q\346\204\330\315\244\035{\324\234"
 217      2575E438 
 217      71E684D8 
 217      CDA41D7B 
 217      D49C
 218 038c 29A9813B 		.ascii	")\251\201;\357&\375\011\037e<\357\025\3569i\305\260"
 218      EF26FD09 
 218      1F653CEF 
 218      15EE3969 
 218      C5B0
 219 039e 83047B3E 		.ascii	"\203\004{>\355N\232\275E\236\255\022\317\026\306\363"
 219      ED4E9ABD 
 219      459EAD12 
 219      CF16C6F3 
 220 03ae C4D6CE23 		.ascii	"\304\326\316#\032\030\255\205\002\213d\325U\313\252"
 220      1A18AD85 
 220      028B64D5 
 220      55CBAA
 221 03bd EBE9B2D1 		.ascii	"\353\351\262\321cj|\214z\022\012\217u~\215\334\354\244"
 221      636A7C8C 
 221      7A120A8F 
 221      757E8DDC 
ARM GAS  C:\Users\RUVIMK~1\AppData\Local\Temp\cchkYrvQ.s 			page 17


 221      ECA4
 222 03cf 6AE7B175 		.ascii	"j\347\261u\033\311M\007L\254\335\234\033-\231\022\255"
 222      1BC94D07 
 222      4CACDD9C 
 222      1B2D9912 
 222      AD
 223 03e0 6A628E88 		.ascii	"jb\216\210\027\250\320R-Z\0145\355\001\3244-\257iF\240"
 223      17A8D052 
 223      2D5A0C35 
 223      ED01D434 
 223      2DAF6946 
 224 03f5 D3C6FC1F 		.ascii	"\323\306\374\037\311<|\305\021\0273\007m\307\006\353"
 224      C93C7CC5 
 224      11173307 
 224      6DC706EB 
 225 0405 B1C903D4 		.ascii	"\261\311\003\324\272S\264\326u\201\207\207f\017\035"
 225      BA53B4D6 
 225      75818787 
 225      660F1D
 226 0414 C8828BCE 		.ascii	"\310\202\213\316\271]4\032S\232\355\315\251@\324\336"
 226      B95D341A 
 226      539AEDCD 
 226      A940D4DE 
 227 0424 7DE86FA2 		.ascii	"}\350o\242\021\351\246\251h\225R\261\345J\374cD\302"
 227      11E9A6A9 
 227      689552B1 
 227      E54AFC63 
 227      44C2
 228 0436 17F3CBAC 		.ascii	"\027\363\313\254\357\273:1\250\226[\357y\235\365\"c"
 228      EFBB3A31 
 228      A8965BEF 
 228      799DF522 
 228      63
 229 0447 723C5F92 		.ascii	"r<_\222Y\344\3449\337:\\f\317\364v\022\376\211\376}"
 229      59E4E439 
 229      DF3A5C66 
 229      CFF47612 
 229      FE89FE7D 
 230 045b 8D1A9E68 		.ascii	"\215\032\236h'\320/\217f\014;\340K,\323\025\315\245"
 230      27D02F8F 
 230      660C3BE0 
 230      4B2CD315 
 230      CDA5
 231 046d 713CD3CB 		.ascii	"q<\323\313A\275\276\363\\\227\345\0059 %\372\011\343"
 231      41BDBEF3 
 231      5C97E505 
 231      392025FA 
 231      09E3
 232 047f F92A2BE3 		.ascii	"\371*+\343\216\240\\\220\217\001\336G\341\203\224\347"
 232      8EA05C90 
 232      8F01DE47 
 232      E18394E7 
 233 048f 80C433F5 		.ascii	"\200\3043\365\311\304o\370z\224\037\220.\364\200D\307"
 233      C9C46FF8 
 233      7A941F90 
 233      2EF48044 
 233      C7
ARM GAS  C:\Users\RUVIMK~1\AppData\Local\Temp\cchkYrvQ.s 			page 18


 234 04a0 7B2F65D8 		.ascii	"{/e\330q\226\244 ^\276\225\236o\203\2571\226O\267o\035"
 234      7196A420 
 234      5EBE959E 
 234      6F83AF31 
 234      964FB76F 
 235 04b5 E7FB866C 		.ascii	"\347\373\206l\272\316\232\221\237\234,\262\034\223X"
 235      BACE9A91 
 235      9F9C2CB2 
 235      1C9358
 236 04c4 3E652C33 		.ascii	">e,3\372F\247\235\224,G\000>L\341\317(\3131\211\345"
 236      FA46A79D 
 236      942C4700 
 236      3E4CE1CF 
 236      28CB3189 
 237 04d9 BE86C295 		.ascii	"\276\206\302\225,U\277\344\004\205\001\267.N\336p\226"
 237      2C55BFE4 
 237      048501B7 
 237      2E4EDE70 
 237      96
 238 04ea 9B1F7F9D 		.ascii	"\233\037\177\235\371\361\242\027\315|\326Y\230,\215"
 238      F9F1A217 
 238      CD7CD659 
 238      982C8D
 239 04f9 92A6247E 		.ascii	"\222\246$~\014\264\313w\255+\337\265\321\275'\267a\\"
 239      0CB4CB77 
 239      AD2BDFB5 
 239      D1BD27B7 
 239      615C
 240 050b CFC2309A 		.ascii	"\317\3020\232\2725^\303\300o\200z\360\304@\277\306b"
 240      BA355EC3 
 240      C06F807A 
 240      F0C440BF 
 240      C662
 241 051d 185E4961 		.ascii	"\030^Iax\311x\276\2540f;+\303\360\002\340\223\024>M"
 241      78C978BE 
 241      AC30663B 
 241      2BC3F002 
 241      E093143E 
 242 0532 79BE9278 		.ascii	"y\276\222x\236.\035>$U\017\302\263+\277#\307\016\337"
 242      9E2E1D3E 
 242      24550FC2 
 242      B32BBF23 
 242      C70EDF
 243 0545 633C8E96 		.ascii	"c<\216\226%T\363td\221\\M\247\017\035p\300\255\254S"
 243      2554F374 
 243      64915C4D 
 243      A70F1D70 
 243      C0ADAC53 
 244 0559 4AA40B4F 		.ascii	"J\244\013O\344\215GE\205\002\356a\235/\215\211\2116"
 244      E48D4745 
 244      8502EE61 
 244      9D2F8D89 
 244      8936
 245 056b 7C24599B 		.ascii	"|$Y\233\306\246\306B\007\334\317:\213\272\257UJ#Ig\374"
 245      C6A6C642 
 245      07DCCF3A 
 245      8BBAAF55 
ARM GAS  C:\Users\RUVIMK~1\AppData\Local\Temp\cchkYrvQ.s 			page 19


 245      4A234967 
 246 0580 898E042B 		.ascii	"\211\216\004+<\306Kgk\317v'<\311\224\252\312-_\343X"
 246      3CC64B67 
 246      6BCF7627 
 246      3CC994AA 
 246      CA2D5FE3 
 247 0595 35FD5EFB 		.ascii	"5\375^\3730\366\017lP,)\320Ws\01331\013`\026]\376\247"
 247      30F60F6C 
 247      502C29D0 
 247      57730B33 
 247      310B6016 
 248 05ac CAB7C738 		.ascii	"\312\267\3078\343x\012v6N\306\030\035\320\"\366\314"
 248      E3780A76 
 248      364EC618 
 248      1DD022F6 
 248      CC
 249 05bd 5FE446DF 		.ascii	"_\344F\337\331bl\264X6\036\217\317\326\325@(+\020z\216"
 249      D9626CB4 
 249      58361E8F 
 249      CFD6D540 
 249      282B107A 
 250 05d2 5C508280 		.ascii	"\\P\202\200Q\2120\337\224J\010%\004h\011\271\314\262"
 250      518A30DF 
 250      944A0825 
 250      046809B9 
 250      CCB2
 251 05e4 010D21F0 		.ascii	"\001\015!\360\021\015%\037\300\315\210\201\245M\212"
 251      110D251F 
 251      C0CD8881 
 251      A54D8A
 252 05f3 EE21199A 		.ascii	"\356!\031\232T\236\311o\000\035\213I\234\321\024GK\321"
 252      549EC96F 
 252      001D8B49 
 252      9CD11447 
 252      4BD1
 253 0605 47134861 		.ascii	"G\023Ha\273\"\204\241\011\221Q\244 2\244D7|cF\307+i"
 253      BB2284A1 
 253      099151A4 
 253      2032A444 
 253      377C6346 
 254 061c C7090A26 		.ascii	"\307\011\012&}2&1\202\202\311\0269:6F,\353\010I\243"
 254      7D322631 
 254      8282C916 
 254      393A3646 
 254      2CEB0849 
 255 0631 68B2AA77 		.ascii	"h\262\252wr\264iK\33443I\342\013K\204\213\000\372^\320"
 255      72B4694B 
 255      DC343349 
 255      E20B4B84 
 255      8B00FA5E 
 256 0646 A21DD412 		.ascii	"\242\035\324\022\201\303\216A\373\0047\264KX\204\322"
 256      81C38E41 
 256      FB0437B4 
 256      4B5884D2 
 257 0656 40F680A4 		.ascii	"@\366\200\244\202\034\000I\006\311\000I\002\331\015"
 257      821C0049 
 257      06C90049 
ARM GAS  C:\Users\RUVIMK~1\AppData\Local\Temp\cchkYrvQ.s 			page 20


 257      02D90D
 258 0665 920E9208 		.ascii	"\222\016\222\010\262\037d\257\260\210\336\301\030\355"
 258      B21F64AF 
 258      B088DEC1 
 258      18ED
 259 0673 FB32DADB 		.ascii	"\3732\332\333\224\264\2773\323f\205\376Y\237K4p!(\025"
 259      94B4BF33 
 259      D36685FE 
 259      599F4B34 
 259      70212815 
 260 0687 2FF26653 		.ascii	"/\362fSm\375\256\273E\261z192\321m\036^\351 E?+SW#\363"
 260      6DFDAEBB 
 260      45B17A31 
 260      3932D16D 
 260      1E5EE920 
 261 06a2 BC5DE979 		.ascii	"\274]\351yx\026\232\247\016\252\037\352\347\266\245"
 261      78169AA7 
 261      0EAA1FEA 
 261      E7B6A5
 262 06b1 9A881E29 		.ascii	"\232\210\036)S7\"K]\2642u\242\240@w\310\320[\225\350"
 262      5337224B 
 262      5DB43275 
 262      A2A04077 
 262      C8D05B95 
 263 06c6 58339AD4 		.ascii	"X3\232\324\346;\306+\010\337\244\313^\3302YXd\205\346"
 263      E63BC62B 
 263      08DFA4CB 
 263      5ED83259 
 263      586485E6 
 264 06da BBCD9924 		.ascii	"\273\315\231$\330\303n\377\223<\261\310CM\202\337I("
 264      D8C36EFF 
 264      933CB1C8 
 264      434D82DF 
 264      4928
 265 06ec 130CFE20 		.ascii	"\023\014\376 \230\016X\222\007\312+\276g\262\026;l7"
 265      980E5892 
 265      07CA2BBE 
 265      67B2163B 
 265      6C37
 266 06fe FD44A140 		.ascii	"\375D\241@s\325:(8\320k7\274\311\355\253\256\252\205"
 266      73D53A28 
 266      38D06B37 
 266      BCC9EDAB 
 266      AEAA85
 267 0711 179A38B2 		.ascii	"\027\2328\262\227\247\0375\345\360\2524DovS\007\212"
 267      97A71F35 
 267      E5F0AA34 
 267      446F7653 
 267      078A
 268 0723 B9EE2AAB 		.ascii	"\271\356*\253.\256\274\272\364\357K\210q\266X \177\024"
 268      2EAEBCBA 
 268      F4EF4B88 
 268      71B65820 
 268      7F14
 269 0735 78813CCB 		.ascii	"x\201<\313\012\344\355\326\256\024\007e\201<\004A\312"
 269      0AE4EDD6 
 269      AE140765 
ARM GAS  C:\Users\RUVIMK~1\AppData\Local\Temp\cchkYrvQ.s 			page 21


 269      813C0441 
 269      CA
 270 0746 A581CD13 		.ascii	"\245\201\315\023\\\244A\004}\246\341\3563[|\237\325"
 270      5CA44104 
 270      7DA6E1EE 
 270      335B7C9F 
 270      D5
 271 0757 A0A694ED 		.ascii	"\240\246\224\355\375V\322\251\021\367KN\215\334\356"
 271      FD56D2A9 
 271      11F74B4E 
 271      8DDCEE
 272 0766 C2415BB9 		.ascii	"\302A[\271\263#\302k\234\335\352>\030\313\217\370\233"
 272      B323C26B 
 272      9CDDEA3E 
 272      18CB8FF8 
 272      9B
 273 0777 2AD9AF05 		.ascii	"*\331\257\005\027\366kA*\234\256\274p\226T6\\C\330\310"
 273      17F66B41 
 273      2A9CAEBC 
 273      70965436 
 273      5C43D8C8 
 274 078b B8558C9C 		.ascii	"\270U\214\234\314\343cI!oO\274<m9&'\245\230\234\020"
 274      CCE36349 
 274      216F4FBC 
 274      3C6D3926 
 274      27A5989C 
 275 07a0 28CDB1C4 		.ascii	"(\315\261\304\223\253\224!9\006,\013(\313B\312\362\244"
 275      93AB9421 
 275      39062C0B 
 275      28CB42CA 
 275      F2A4
 276 07b2 C472FF81 		.ascii	"\304r\377\201\276\343\202rN\026\321\011W\317T\362\334"
 276      BEE38272 
 276      4E16D109 
 276      57CF54F2 
 276      DC
 277 07c3 5613BDFB 		.ascii	"V\023\275\373\325\251\032\033\334\311H\357\331"
 277      D5A91A1B 
 277      DCC948EF 
 277      D9
 278 07d0 FDBC4683 		.ascii	"\375\274F\203{\231R<\220_\354\310\220eDO+yZ\303\357"
 278      7B99523C 
 278      905FECC8 
 278      9065444F 
 278      2B795AC3 
 279 07e5 2C1A59B7 		.ascii	",\032Y\267+\357\036\315\037:d\215\373\331\330\244\241"
 279      2BEF1ECD 
 279      1F3A648D 
 279      FBD9D8A4 
 279      A1
 280 07f6 913DD616 		.ascii	"\221=\326\026\247{^\232\356b:\333\34239\203\032\345"
 280      A77B5E9A 
 280      EE623ADB 
 280      E2333983 
 280      1AE5
 281 0808 74CFC204 		.ascii	"t\317\302\004\212\351\004J\350\004\316K\023(\211\316"
 281      8AE9044A 
ARM GAS  C:\Users\RUVIMK~1\AppData\Local\Temp\cchkYrvQ.s 			page 22


 281      E804CE4B 
 281      132889CE 
 282 0818 6DC4CAE9 		.ascii	"m\304\312\351ZD\037\356\316\330\311\323\360>\271fL\034"
 282      5A441FEE 
 282      CED8C9D3 
 282      F03EB966 
 282      4C1C
 283 082a EC73C443 		.ascii	"\354s\304C\214\344\223\201\251\023Nx\214)%\305\027*"
 283      8CE49381 
 283      A9134E78 
 283      8C2925C5 
 283      172A
 284 083c F9EC1693 		.ascii	"\371\354\026\223K\177Ay\275=\236d}S\211\231\247l\261"
 284      4B7F4179 
 284      BD3D9E64 
 284      7D538999 
 284      A76CB1
 285 084f 68C57E77 		.ascii	"h\305~w\216\266>\342\213\337\215\3449\347\207\335\266"
 285      8EB63EE2 
 285      8BDF8DE4 
 285      39E787DD 
 285      B6
 286 0860 782BEB9B 		.ascii	"x+\353\233N\214\333o\203\2673%\271>9\307\036\357b\312"
 286      4E8CDB6F 
 286      83B73325 
 286      B93E39C7 
 286      1EEF62CA 
 287 0874 406C573B 		.ascii	"@lW;_:\013@}\321\233\334\304\177\2778\310\256#\256\374"
 287      5F3A0B40 
 287      7DD19BDC 
 287      C47FBF38 
 287      C8AE23AE 
 288 0889 3A72FCD9 		.ascii	":r\374\331\316T{\274\227\015\275\333\024{\216c\355A"
 288      CE547BBC 
 288      970DBDDB 
 288      147B8E63 
 288      ED41
 289 089b 8D29B858 		.ascii	"\215)\270Xde1\264\327\245\320\326\262\225\364\375\361"
 289      646531B4 
 289      D7A5D0D6 
 289      B295F4FD 
 289      F1
 290 08ac DC4BD6CA 		.ascii	"\334K\326\312\033\3635\210V5\215V\035\215\326u)Z\365"
 290      1BF33588 
 290      56358D56 
 290      1D8DD675 
 290      295AF5
 291 08bf DD0937EC 		.ascii	"\335\0117\354\2257`\213\350\322\206\226\017\361~Fr\254"
 291      9537608B 
 291      E8D28696 
 291      0FF17E46 
 291      72AC
 292 08d1 BEE501C2 		.ascii	"\276\345\001\302\007\230\022[{-\317\006\037dJ\377\221"
 292      0798125B 
 292      7B2DCF06 
 292      1F644AFF 
 292      91
ARM GAS  C:\Users\RUVIMK~1\AppData\Local\Temp\cchkYrvQ.s 			page 23


 293 08e2 BA6A6B9C 		.ascii	"\272jk\234\307\224\316\356\311\263\030\0270\345\307"
 293      C794CEEE 
 293      C9B31817 
 293      30E5C7
 294 08f1 FEECEF6D 		.ascii	"\376\354\357mq!\037\3239P\317\003\264\203l\246\027C"
 294      71211FD3 
 294      3950CF03 
 294      B4836CA6 
 294      1743
 295 0903 45B7A590 		.ascii	"E\267\245\220\220\345\3267\3265\255\301\305\024\374"
 295      90E5D637 
 295      D635ADC1 
 295      C514FC
 296 0912 4661C3F5 		.ascii	"Fa\303\365,[D\357\022\346\307\215\277\263\305d(\327"
 296      2C5B44EF 
 296      12E6C78D 
 296      BFB3C564 
 296      28D7
 297 0924 6D13FCB0 		.ascii	"m\023\374\260\371IpA\307\241\"6C\301\223v\005\312W\226"
 297      F9497041 
 297      C7A12236 
 297      43C19376 
 297      05CA5796 
 298 0938 F88A4DEC 		.ascii	"\370\212M\354VQ\017\350\032\216\226&\216\252\344\350"
 298      56510FE8 
 298      1A8E9626 
 298      8EAAE4E8 
 299 0948 64389D1B 		.ascii	"d8\235\0336\263\323\231,\275\323\034m*=\247(\372\034"
 299      36B3D399 
 299      2CBDD31C 
 299      6D2A3DA7 
 299      28FA1C
 300 095b 9A753CDF 		.ascii	"\232u<\337\001{\215\264\263\231\227\375\036(\373}P\312"
 300      017B8DB4 
 300      B39997FD 
 300      1E28FB7D 
 300      50CA
 301 096d DB407A41 		.ascii	"\333@zA\236\200\264\203<\000i\002y\004\362\030\244\023"
 301      9E80B483 
 301      3C006902 
 301      7904F218 
 301      A413
 302 097f A41BA40B 		.ascii	"\244\033\244\013\244\005\244\037d\000\304\010r\037\344"
 302      A405A41F 
 302      6400C408 
 302      721FE4
 303 098e 1E482BC8 		.ascii	"\036H+\310C\220\016\323\361M\356\021#\233\314\367\210"
 303      43900ED3 
 303      F14DEE11 
 303      239BCCF7 
 303      88
 304 099f 4B4AA6A5 		.ascii	"KJ\246\2453\346E\016\272\315\354\240;\012Q8\314\321"
 304      33E6450E 
 304      BACDECA0 
 304      3B0A5138 
 304      CCD1
 305 09b1 5275E417 		.ascii	"Ru\344\027V\331\035\345~\270\331\366-\245mOs\020X\314"
ARM GAS  C:\Users\RUVIMK~1\AppData\Local\Temp\cchkYrvQ.s 			page 24


 305      56D91DE5 
 305      7EB8D9F6 
 305      2DA56D4F 
 305      731058CC 
 306 09c5 6A64313B 		.ascii	"jd1;3w\314d\266Gd\266o*\321\005J\364\244\014}cn\264"
 306      3377CC64 
 306      B64764B6 
 306      6F2AD105 
 306      4AF4A40C 
 307 09dd 44851ADF 		.ascii	"D\205\032\337l\206\337U\302\263g]\334xP\340p\240\367"
 307      6C86DF55 
 307      C2B3675D 
 307      DC7850E0 
 307      70A0F7
 308 09f0 901941C9 		.ascii	"\220\031A\311\231e\374\276,\342W\224\306/\317\202\367"
 308      9965FCBE 
 308      2CE25794 
 308      C62FCF82 
 308      F7
 309 0a01 C9E0E54A 		.ascii	"\311\340\345Jx\331,x\207\014^17\\v\035\253\034d\327"
 309      78D92C78 
 309      870C5E31 
 309      375C761D 
 309      AB1C64D7 
 310 0a15 B166E575 		.ascii	"\261f\345u\214\230\352\036t\315\216!;\204\330jP\332"
 310      8C98EA1E 
 310      74CD8E21 
 310      3B84D86A 
 310      50DA
 311 0a27 2A56C6B8 		.ascii	"*V\306\270F\346\271R\211f\3271y\272\033\302\315\351"
 311      46E6B952 
 311      8966D731 
 311      79BA1BC2 
 311      CDE9
 312 0a39 BE3DE7E2 		.ascii	"\276=\347\342\220\331n\220\331\276:w\314\344\331\226"
 312      90D96E90 
 312      D9BE3A77 
 312      CCE4D996 
 313 0a49 A12FCEBD 		.ascii	"\241/\316\275\246gDX\2668~\236{\232&\342\244\022\360"
 313      A6674458 
 313      B6387E9E 
 313      7B9A26E2 
 313      A412F0
 314 0a5c 745F8074 		.ascii	"t_\200t\237\343p\351xAE3.{\365\306\275\365j\\Jk\222"
 314      9FE370E9 
 314      78414533 
 314      2E7BF5C6 
 314      BDF56A5C 
 315 0a73 D0FAE874 		.ascii	"\320\372\350t\202\275\362\262'my4\014;\375\377\261\353"
 315      82BDF2B2 
 315      276D7934 
 315      0C3BFDFF 
 315      B1EB
 316 0a85 59DE5F4D 		.ascii	"Y\336_MX\223\313\340\0208\0344_\006\233\245\313`Nw\307"
 316      5893CBE0 
 316      10381C34 
 316      5F069BA5 
ARM GAS  C:\Users\RUVIMK~1\AppData\Local\Temp\cchkYrvQ.s 			page 25


 316      CB604E77 
 317 0a9a 65B5FC32 		.ascii	"e\265\374284\34328\302/\203#\3642\2303\325\274\333\032"
 317      3834E332 
 317      38C22F83 
 317      23F43298 
 317      33D5BCDB 
 318 0aaf 57B22A9D 		.ascii	"W\262*\235\335[w\215\237\222o\221\277\307\354\351\337"
 318      DD5B778D 
 318      9F926F91 
 318      BFC7ECE9 
 318      DF
 319 0ac0 895891EE 		.ascii	"\211X\221\356%E\373`\335h\212\035\276\315\260gK\237"
 319      2545FB60 
 319      DD688A1D 
 319      BECDB067 
 319      4B9F
 320 0ad2 783128F9 		.ascii	"x1(\371\201\330\232\320\322\214,\036[\317\245ck\234"
 320      81D89AD0 
 320      D28C2C1E 
 320      5BCFA563 
 320      6B9C
 321 0ae4 1D5B8DCF 		.ascii	"\035[\215\317K'\341\247-5\244.\2109\012'\266\233\026"
 321      4B27E1A7 
 321      2D35A42E 
 321      88390A27 
 321      B69B16
 322 0af7 011CB1BF 		.ascii	"\001\034\261\277(\221\377\023P\241\227\260\266&\004"
 322      2891FF13 
 322      50A197B0 
 322      B62604
 323 0b06 2CFD2743 		.ascii	",\375'C\232\010\346\207\376E\232\341\273\206\276\347"
 323      9A08E687 
 323      FE459AE1 
 323      BB86BEE7 
 324 0b16 F8DBD224 		.ascii	"\370\333\322$\204\377%\3657\005\331y\301\034ff^\274"
 324      84FF25F5 
 324      3705D979 
 324      C11C6666 
 324      5EBC
 325 0b28 83E4271F 		.ascii	"\203\344'\037\261=\006\375Oi\306_\321\223\357\271t\362"
 325      B13D06FD 
 325      4F69C65F 
 325      D193EFB9 
 325      74F2
 326 0b3a 1566544F 		.ascii	"\025fTO\330\332q\333q\377\311v\376H\356\324\214Su\372"
 326      D8DA71DB 
 326      71FFC976 
 326      FE48EED4 
 326      8C5375FA 
 327 0b4e 75B6E3F3 		.ascii	"u\266\343\363\252\022\035\337\311\021o\226\211e\017"
 327      AA121DDF 
 327      C9116F96 
 327      89650F
 328 0b5d EB16A76F 		.ascii	"\353\026\247o)\023c>D\"vA\317 \225uh\241l\350(\264|"
 328      2913633E 
 328      44227641 
 328      CF209575 
ARM GAS  C:\Users\RUVIMK~1\AppData\Local\Temp\cchkYrvQ.s 			page 26


 328      68A16CE8 
 329 0b74 2EA85034 		.ascii	".\250P4~G\345\345\341\341\011\377\2026\004\257\013\016"
 329      7E47E5E5 
 329      E1E109FF 
 329      823604AF 
 329      0B0E
 330 0b86 8F5CF2BE 		.ascii	"\217\\\362\276\227gx\244\347\206\300\020\317o\303#\242"
 330      976778A4 
 330      E786C010 
 330      CF6FC323 
 330      A2
 331 0b97 223D83C2 		.ascii	"\"=\203\302CC\303\303<\275\365ktk6y\206\375#8\310#H"
 331      4343C3C3 
 331      3CBDF56B 
 331      746B3679 
 331      86FD2338 
 332 0bae F3E78F3F 		.ascii	"\363\347\217?}[\267d\211\312. `cpX\324R\257\200\250"
 332      7D5BB764 
 332      89CA2E20 
 332      60637058 
 332      D452AF80 
 333 0bc3 E0A03FFA 		.ascii	"\340\240?\372G\205\207\207D\372\033B\327\031\326\257"
 333      47858787 
 333      44FA1B42 
 333      D719D6AF 
 334 0bd3 37ACF7FF 		.ascii	"7\254\367\377*(\310=0\"\324=,<\314\340n\010\\\027\354"
 334      2A28C83D 
 334      3022D43D 
 334      2C3CCCE0 
 334      6E085C17 
 335 0be8 BEDCDD6B 		.ascii	"\276\334\335k\361\222\345\356\177_\346\036\032\370u"
 335      F192E5EE 
 335      7F5FE61E 
 335      1AF875
 336 0bf7 7884FB3F 		.ascii	"x\204\373?\203\303\226z\371\317\300\370\007\207\005"
 336      83C3967A 
 336      F9CFC0F8 
 336      078705
 337 0c06 856C5C6F 		.ascii	"\205l\\o\360\017\015\004Ja\006\377\200\365\206/\003"
 337      F00F0D04 
 337      4A6106FF 
 337      80F5862F 
 337      03
 338 0c17 37864405 		.ascii	"7\206D\005Dm\376\326\020\351\261A\245\221\\~\376\277"
 338      446DFED6 
 338      10E9B141 
 338      A5915C7E 
 338      FEBF
 339 0c29 7619B939 		.ascii	"v\031\2719\322? 2j=\330\007?\363\310dW\206\005\256\013"
 339      D23F2032 
 339      6A3DD807 
 339      3FF3C864 
 339      578605AE 
 340 0c3e 31AC3504 		.ascii	"1\2545\004E\205G,\375\357#\245\372\025y\257\010\216"
 340      4585472C 
 340      FDEF23A5 
 340      FA1579AF 
ARM GAS  C:\Users\RUVIMK~1\AppData\Local\Temp\cchkYrvQ.s 			page 27


 340      088E
 341 0c50 345BD192 		.ascii	"4[\321\222\026?C\224\337\346\310(C\350\352\300\260\365"
 341      163F4394 
 341      DFE6C828 
 341      43E8EAC0 
 341      B0F5
 342 0c62 218608DF 		.ascii	"!\206\010\337\210\340\360\210\340\250\315\324\247.\304"
 342      88E0F088 
 342      E0A8CDD4 
 342      A72EC4
 343 0c71 1018E16B 		.ascii	"\020\030\341k\010\003\036_\331\352W\372\255\324\257"
 343      08031E5F 
 343      D9EA57FA 
 343      ADD4AF
 344 0c80 5DB9E23D 		.ascii	"]\271\342=\301\307\327\226\205\373\375\200(\033\376"
 344      C1C7D796 
 344      85FBFD80 
 344      281BFE
 345 0c8f 36752F53 		.ascii	"6u/S\373x\177\2447\251K\325>:_\263\352\245\366\361\363"
 345      FB787FA4 
 345      37A94BD5 
 345      3E3A5FB3 
 345      EAA5F6F1 
 346 0ca4 D56BF44C 		.ascii	"\325k\364L[\002\235+\315\235\213\241s\245^\355\367\211"
 346      5B029D2B 
 346      CD9D8BA1 
 346      73A55EED 
 346      F789
 347 0cb6 8FDE7BAE 		.ascii	"\217\336{\256\031\362y\0316E\221\271y\352\326\370\371"
 347      19F27919 
 347      364591B9 
 347      79EAD6F8 
 347      F9
 348 0cc7 F879EAC2 		.ascii	"\370y\352\302#\014\236>,n\200\2100\004\004\205.\203"
 348      230C9E3E 
 348      2C6E8088 
 348      30040485 
 348      2E83
 349 0cd9 A0D97EBC 		.ascii	"\240\331~\274\326G\027\360\011\244\012\254z\353\325"
 349      D64717F0 
 349      09A40AAC 
 349      7AEBD5
 350 0ce8 6BD6ACD2 		.ascii	"k\326\254\322c\357\025z\274\002\336\276\253\364j\357"
 350      63EF157A 
 350      BC02DEBE 
 350      ABF46AEF 
 351 0cf8 557E7AF5 		.ascii	"U~z\365G\253\274\365V\320\005\200\025D_M>t\360a\345"
 351      47ABBCF5 
 351      56D00580 
 351      15445F4D 
 351      3E74F061 
 352 0d0d B75AE7A7 		.ascii	"\267Z\347\247\307~\253}\261N\007o\235\336\312\333G\257"
 352      C77EAB7D 
 352      B14E076F 
 352      9DDECADB 
 352      47AF
 353 0d1f D3ABD77E 		.ascii	"\323\253\327~\362\027=\320\006\204\316\367S\237\025"
ARM GAS  C:\Users\RUVIMK~1\AppData\Local\Temp\cchkYrvQ.s 			page 28


 353      F2173DD0 
 353      0684CEF7 
 353      539F15
 354 0d2e F0E9ADD3 		.ascii	"\360\351\255\323k\374t\037Q_\216\001\001_n\014\013\012"
 354      6BFC741F 
 354      515F8E01 
 354      015F6E0C 
 354      0B0A
 355 0d40 08F058FE 		.ascii	"\010\360X\376\236\3272\215\244\251\2036\004F\374\033"
 355      9ED7328D 
 355      A4A98336 
 355      0446FC1B 
 356 0d50 104A23B5 		.ascii	"\020J#\265"
 357              		.text
 358              		.section	.gnu.lto_.symtab.211db812,"",%progbits
 359 0000 6E766963 		.ascii	"nvicEnableVector\000"
 359      456E6162 
 359      6C655665 
 359      63746F72 
 359      00
 360 0011 00       		.ascii	"\000"
 361 0012 00       		.ascii	"\000"
 362 0013 00       		.ascii	"\000"
 363 0014 00000000 		.ascii	"\000\000\000\000\000\000\000\000"
 363      00000000 
 364 001c C7000000 		.ascii	"\307\000\000\000"
 365 0020 6E766963 		.ascii	"nvicDisableVector\000"
 365      44697361 
 365      626C6556 
 365      6563746F 
 365      7200
 366 0032 00       		.ascii	"\000"
 367 0033 00       		.ascii	"\000"
 368 0034 00       		.ascii	"\000"
 369 0035 00000000 		.ascii	"\000\000\000\000\000\000\000\000"
 369      00000000 
 370 003d CB000000 		.ascii	"\313\000\000\000"
 371 0041 6E766963 		.ascii	"nvicSetSystemHandlerPriority\000"
 371      53657453 
 371      79737465 
 371      6D48616E 
 371      646C6572 
 372 005e 00       		.ascii	"\000"
 373 005f 00       		.ascii	"\000"
 374 0060 00       		.ascii	"\000"
 375 0061 00000000 		.ascii	"\000\000\000\000\000\000\000\000"
 375      00000000 
 376 0069 CD000000 		.ascii	"\315\000\000\000"
 377 006d 6E766963 		.ascii	"nvicClearPending\000"
 377      436C6561 
 377      7250656E 
 377      64696E67 
 377      00
 378 007e 00       		.ascii	"\000"
 379 007f 00       		.ascii	"\000"
 380 0080 00       		.ascii	"\000"
 381 0081 00000000 		.ascii	"\000\000\000\000\000\000\000\000"
ARM GAS  C:\Users\RUVIMK~1\AppData\Local\Temp\cchkYrvQ.s 			page 29


 381      00000000 
 382 0089 CF000000 		.ascii	"\317\000\000\000"
 383              		.text
 384              		.section	.gnu.lto_.opts,"",%progbits
 385 0000 272D666D 		.ascii	"'-fmath-errno' '-fsigned-zeros' '-ftrapping-math' '"
 385      6174682D 
 385      6572726E 
 385      6F272027 
 385      2D667369 
 386 0033 2D666E6F 		.ascii	"-fno-trapv' '-fno-openmp' '-fno-openacc' '-mcpu=cor"
 386      2D747261 
 386      70762720 
 386      272D666E 
 386      6F2D6F70 
 387 0066 7465782D 		.ascii	"tex-m4' '-mno-thumb-interwork' '-mthumb' '-O2' '-fo"
 387      6D342720 
 387      272D6D6E 
 387      6F2D7468 
 387      756D622D 
 388 0099 6D69742D 		.ascii	"mit-frame-pointer' '-falign-functions=16' '-ffuncti"
 388      6672616D 
 388      652D706F 
 388      696E7465 
 388      72272027 
 389 00cc 6F6E2D73 		.ascii	"on-sections' '-fdata-sections' '-fno-common' '-flto"
 389      65637469 
 389      6F6E7327 
 389      20272D66 
 389      64617461 
 390 00ff 2700     		.ascii	"'\000"
 391              		.text
 392              		.comm	__gnu_lto_v1,1,1
 393              		.comm	__gnu_lto_slim,1,1
 394              		.ident	"GCC: (GNU Tools for Arm Embedded Processors 7-2017-q4-major) 7.2.1 20170904 (release) [ARM
ARM GAS  C:\Users\RUVIMK~1\AppData\Local\Temp\cchkYrvQ.s 			page 30


DEFINED SYMBOLS
                            *ABS*:00000000 nvic.c
                            *COM*:00000001 __gnu_lto_v1
                            *COM*:00000001 __gnu_lto_slim

NO UNDEFINED SYMBOLS
