ARM GAS  C:\Users\RUVIMK~1\AppData\Local\Temp\cc3qHv6S.s 			page 1


   1              		.cpu cortex-m4
   2              		.eabi_attribute 20, 1
   3              		.eabi_attribute 21, 1
   4              		.eabi_attribute 23, 3
   5              		.eabi_attribute 24, 1
   6              		.eabi_attribute 25, 1
   7              		.eabi_attribute 26, 1
   8              		.eabi_attribute 30, 2
   9              		.eabi_attribute 34, 1
  10              		.eabi_attribute 18, 4
  11              		.file	"stm32_isr.c"
  12              		.section	.gnu.lto_.profile.211db6b6,"",%progbits
  13 0000 789C6363 		.ascii	"x\234cc```\005bF\206\245\214\252\000\002\243\000\330"
  13      60606005 
  13      624686A5 
  13      8CAA0002 
  13      A300D8
  14              		.text
  15              		.section	.gnu.lto_.icf.211db6b6,"",%progbits
  16 0000 789C6363 		.ascii	"x\234cc``\340c@\000&\206\376%\347W\2603\256\274pt!#"
  16      6060E063 
  16      40002686 
  16      FE25E757 
  16      B033AEBC 
  17 0018 03002B56 		.ascii	"\003\000+V\005\251"
  17      05A9
  18              		.text
  19              		.section	.gnu.lto_.jmpfuncs.211db6b6,"",%progbits
  20 0000 789C6363 		.ascii	"x\234cc``8\317\310\000\007L@\314\3028\205\231q\353\351"
  20      606038CF 
  20      C800074C 
  20      40CCC238 
  20      859971EB 
  21 0015 03B7D8BB 		.ascii	"\003\267\330\273\231\347030j0nf\224a`<\300\302\250\001"
  21      99E73033 
  21      306A306E 
  21      66946160 
  21      3CC0C2A8 
  22 002a C40C0C20 		.ascii	"\304\014\014 \351\247+\016?\346\202H\2631n\201J\263"
  22      E9A72B0E 
  22      3FE68248 
  22      B3316E81 
  22      4AB3
  23 003c 81A5C1DA 		.ascii	"\201\245\301\332\037\317|\272\213\033\"/\316\270\025"
  23      1FCF7CBA 
  23      8B1B222F 
  23      CEB815
  24 004b 2A2F0ED1 		.ascii	"*/\016\321\216M\375\331\205k\316\261A\324s1n\203\312"
  24      8E4DFDD9 
  24      856BCEB1 
  24      41D47331 
  24      6E83CA
  25 005e 73E1563F 		.ascii	"s\341V?\355\354\304]P\365\234\214\333\241\362\234\270"
  25      EDECC45D 
  25      50F59C8C 
  25      DBA1F29C 
  25      B8
ARM GAS  C:\Users\RUVIMK~1\AppData\Local\Temp\cc3qHv6S.s 			page 2


  26 006f D577FDBA 		.ascii	"\325w\375\272\336\307\001Q\317\301\270\003*\317\201"
  26      DEC70151 
  26      CFC1B803 
  26      2ACF81
  27 007e 5BFDC953 		.ascii	"[\375\311S\323W\360@\324\2633\356\204\312\263\343P\217"
  27      D357F040 
  27      D4B333EE 
  27      84CAB3E3 
  27      508F
  28 0090 2680C107 		.ascii	"&\200\301\007\006+#Z\030\002\005PC\005(\200\352m\240"
  28      062B235A 
  28      18020550 
  28      43052880 
  28      EA6DA0
  29 00a3 00AABF80 		.ascii	"\000\252\277\200\002\250\016\007\012\240\272\214\011"
  29      02A80E07 
  29      0AA0BA8C 
  29      09
  30 00b0 DD660600 		.ascii	"\335f\006\000M\273U\224"
  30      4DBB5594 
  31              		.text
  32              		.section	.gnu.lto_.inline.211db6b6,"",%progbits
  33 0000 789C6363 		.ascii	"x\234cc``hf@\000&\006\006\211k\014\214 \232\201m\201"
  33      60606866 
  33      40002606 
  33      06896B0C 
  33      8C209A81 
  34 0016 3C886260 		.ascii	"<\210b`\346\001\213\023O12\010\236G3\203\211\033$L\014"
  34      E6018B13 
  34      4F313208 
  34      9E473383 
  34      891B244C 
  35 002b C90000AF 		.ascii	"\311\000\000\257K\004\310"
  35      4B04C8
  36              		.text
  37              		.section	.gnu.lto_.pureconst.211db6b6,"",%progbits
  38 0000 789C6363 		.ascii	"x\234cc```\005b&\006\011F\011\000\000\364\000?"
  38      60606005 
  38      62260609 
  38      46090000 
  38      F4003F
  39              		.text
  40              		.section	.gnu.lto_irqInit.211db6b6,"",%progbits
  41 0000 789C7DD2 		.ascii	"x\234}\322?HBA\030\000\360\357{W\317\247\025\215\005"
  41      3F484241 
  41      1800F0EF 
  41      7B57CFA7 
  41      158D05
  42 0013 45732E3E 		.ascii	"Es.>\322\206\250\346\266h\250=\312E\2410|\016n\357U"
  42      D286A8E6 
  42      B668A83D 
  42      CA45A130 
  42      7C0E6EEF 
  43 0028 98F68730 		.ascii	"\230\366\2070(%\020\261\226\034\002\2212{\226\365\262"
  43      282510B1 
  43      961C0291 
  43      327B96F5 
ARM GAS  C:\Users\RUVIMK~1\AppData\Local\Temp\cc3qHv6S.s 			page 3


  43      B2
  44 0039 A9428796 		.ascii	"\251B\207\226\240\2462\233\244\366 \353\236\027\304"
  44      A0A6329B 
  44      A4F620EB 
  44      9E17C4
  45 0048 1B7A1FF7 		.ascii	"\033z\037\367\335}\334\335\357n\270\343\001`\204\003"
  45      DD7DDCDD 
  45      EF6EB8E3 
  45      01608403 
  46 0058 18A5630F 		.ascii	"\030\245c\017M$\200\\\264\002\260(p\210z\241\010\010"
  46      4D24805C 
  46      B402B028 
  46      70887AA1 
  46      0808
  47 006a 3287326E 		.ascii	"2\2072n\220m\202\245\360\233\312\331\017\024\032Z<\332"
  47      906D82A5 
  47      F09BCAD9 
  47      0F141A5A 
  47      3CDA
  48 007c B9A284BA 		.ascii	"\271\242\204\272\023\004 FS\017<B;\320m/\331\306N\007"
  48      13042046 
  48      530F3C42 
  48      3BD06D2F 
  48      D9C64E07 
  49 0090 DFC2E6F1 		.ascii	"\337\302\346\361\030y@Zd\356[5\245\361\035V\264\327"
  49      1879405A 
  49      64EE5B35 
  49      A5F11D56 
  49      B4D7
  50 00a2 7DCC4F58 		.ascii	"}\314OX\001\"t\235^\242h\260J8\275Z\326\240\216\241"
  50      0122749D 
  50      5EA268B0 
  50      4A38BD5A 
  50      D6A08EA1 
  51 00b6 5426499A 		.ascii	"T&I\232\212\036\245\252\365'\213\374\245\010\011\202"
  51      8A1EA5AA 
  51      F5278BFC 
  51      A5080982 
  52 00c6 31428FC1 		.ascii	"1B\217\301\034\312\372B-}]\265\255\223\004\341\220\307"
  52      1CCAFA42 
  52      2D7D5DB5 
  52      AD9304E1 
  52      90C7
  53 00d8 13ECD533 		.ascii	"\023\354\3253AH\323g\373\376\347y\306on\343\351v\306"
  53      4148D367 
  53      FBFEE779 
  53      C66F6EE3 
  53      E976C6
  54 00eb 2D786AE4 		.ascii	"-xj\3449\023\2562\276\366\371\260)0.`\301\310U\023~"
  54      3913AE32 
  54      BEF6F9B0 
  54      29302E60 
  54      C1C85513 
  55 0100 C678ACBC 		.ascii	"\306x\254\274U\340\031\267\342\271\221\027Mx\221\361"
  55      55E019B7 
  55      E2B99117 
  55      4D7891F1 
ARM GAS  C:\Users\RUVIMK~1\AppData\Local\Temp\cc3qHv6S.s 			page 4


  56 0110 F2DE61E5 		.ascii	"\362\336a\345\227\333\360\302\310\237M\370%\343\325"
  56      97DBF0C2 
  56      C89F4DF8 
  56      25E3D5
  57 011f DD5AA18D 		.ascii	"\335Z\241\215\361.\324\214\274f\302\257\030\317\335"
  57      F12ED48C 
  57      BC66C2AF 
  57      18CFDD
  58 012e 698F16C6 		.ascii	"i\217\026\306\373\261\364\307\337q)\365\221\304\246"
  58      FBB1F4C7 
  58      DF7129F5 
  58      91C4A6
  59 013d D7234211 		.ascii	"\327#B\021}S\372\275\206\035\016\2216\267\307;\353\365"
  59      7D53FABD 
  59      861D0E91 
  59      36B7C73B 
  59      EBF5
  60 014f 4903434E 		.ascii	"I\003CN\321'\211\236\2319q\301\347\017H\342\344\324"
  60      D127899E 
  60      993971C1 
  60      E70F48E2 
  60      E4D4
  61 0161 B8CBC9FA 		.ascii	"\270\313\311\372\261\301`P\224\002\363.\347\264W\362"
  61      B1C16050 
  61      9402F32E 
  61      E7B457F2 
  62 0171 3BDCF003 		.ascii	";\334\360\003\036\212\305\302"
  62      1E8AC5C2 
  63              		.text
  64              		.section	.gnu.lto_irqDeinit.211db6b6,"",%progbits
  65 0000 789C7DD2 		.ascii	"x\234}\322MH\002A\024\000\340\367vj]\255\350XP\3405"
  65      4D480241 
  65      1400E0F7 
  65      766A5DAD 
  65      E85850E0 
  66 0015 2F2E6987 		.ascii	"/.i\207\210\316\335\242C\335\243\274(\024\206\353\301"
  66      88CEDDA2 
  66      43DDA3BC 
  66      281486EB 
  66      C1
  67 0026 9BDBAFF6 		.ascii	"\233\333\257\366C\024\224\022,h]\362\020D\224\331Z\326"
  67      43149412 
  67      2C685DF2 
  67      104494D9 
  67      5AD6
  68 0038 66A70A3D 		.ascii	"f\247\012=D\020\324\251\304 \260NAPd\315:\301\236\332"
  68      4410D4A9 
  68      C420B04E 
  68      415064CD 
  68      3AC19EDA 
  69 004c C7FC3CE6 		.ascii	"\307\374<\346\3157s\230\341\001\300\316\001\364\322"
  69      CD377398 
  69      E101C0CE 
  69      01F4D2
  70 005b B98D7624 		.ascii	"\271\215v$\200\334J\021`R\340\020\365D\026\020\302\034"
  70      80DC4A11 
  70      6052E010 
ARM GAS  C:\Users\RUVIMK~1\AppData\Local\Temp\cc3qHv6S.s 			page 5


  70      F5441610 
  70      C21C
  71 006d 867189AC 		.ascii	"\206q\211\254\021\314G\236U\316\261-\323\320\342\267"
  71      11CC479E 
  71      55CEB12D 
  71      D3D0E2B7 
  72 007d CD73F26C 		.ascii	"\315s\362l\253B\000b\264\353\201\373\350\000\272\355"
  72      AB420062 
  72      B4EB81FB 
  72      E800BAED 
  73 008d 69AFBADE 		.ascii	"i\257\272\336\304\327\261u<@\036\220&\2737\365\232\\"
  73      C4D7B175 
  73      3C401E90 
  73      26BB37F5 
  73      9A5C
  74 009f FD89C8DA 		.ascii	"\375\211\310\332\373\026~\015X\001\242\264N/\2215\230"
  74      FB167E0D 
  74      5801A2B4 
  74      4E2F9135 
  74      98
  75 00b0 279C9E4D 		.ascii	"'\234\236MkP\301\231d&Aj\212\036\245\252\225\007K\370"
  75      6B50C199 
  75      6426416A 
  75      8A1EA5AA 
  75      95074BF8 
  76 00c4 5B161482 		.ascii	"[\026\024\2021B\217\3014\206\365B9uQ\262-\022\205p\310"
  76      31428FC1 
  76      3486F542 
  76      397551B2 
  76      2D128570 
  77 00d9 E321B62B 		.ascii	"\343!\266+\204\324\254j\377\237f\030\275\274\212\247"
  77      84D4AC6A 
  77      FF9F6618 
  77      BDBC8AA7 
  78 00e9 1A19B5E0 		.ascii	"\032\031\265\340\221As&Tet\341\363nY`T\300\254A\037"
  78      91417326 
  78      546574E1 
  78      F36E5960 
  78      54C0AC41 
  79 00fe 4DE831A3 		.ascii	"M\3501\243\261\302j\226g\324\212'\006-\233\320\034\243"
  79      B1C26A96 
  79      67D48A27 
  79      062D9BD0 
  79      1CA3
  80 0110 85CD9DE2 		.ascii	"\205\315\235\342\037\265\341\251A_L\350\031\243\245"
  80      1FB5E1A9 
  80      415F4CE8 
  80      19A3A5
  81 011f 8D72B681 		.ascii	"\215r\266\201\321\026\324\014\372jB\317\031M_k\367\026"
  81      D116D40C 
  81      FA6A42CF 
  81      194D5F6B 
  81      F716
  82 0131 463B30CF 		.ascii	"F;0\317\350\033N%?\022X\263zD)\240\357F\277P\217\323"
  82      E81B4E25 
  82      3F1258B3 
  82      7A4429A0 
ARM GAS  C:\Users\RUVIMK~1\AppData\Local\Temp\cc3qHv6S.s 			page 6


  82      EF46BF50 
  83 0147 29D2E6F1 		.ascii	")\322\346\361\372F}~\251\263\333%\372%\321;2&N\370\003"
  83      FA467D7E 
  83      A9B3DB25 
  83      FA25D13B 
  83      32264EF8 
  84 015c 41491C1C 		.ascii	"AI\034\034\352w\273\330\330\327\025\012\211Rp\334\355"
  84      EA77BBD8 
  84      D8D7150A 
  84      895270DC 
  84      ED
  85 016d 1AF64901 		.ascii	"\032\366I\001\247\007~\001!\232\300\363"
  85      A7077E01 
  85      219AC0F3 
  86              		.text
  87              		.section	.gnu.lto_.symbol_nodes.211db6b6,"",%progbits
  88 0000 789C55CB 		.ascii	"x\234U\313\315\011\2000\014\206\341\257)8\227N\226\036"
  88      CD098030 
  88      0C86E1AF 
  88      2938974E 
  88      961E
  89 0012 3A804374 		.ascii	":\200Ct\010\377\216=;\203B\347\020\323\372\011z\010"
  89      08FF8E3D 
  89      3B8342E7 
  89      10D3FA09 
  89      7A08
  90 0024 4F78433A 		.ascii	"OxC:\000\223\015d\026\005\306\0350\2260XYD\335\257\270"
  90      00930D64 
  90      1605C61D 
  90      30963058 
  90      5944DDAF 
  91 0039 55545A01 		.ascii	"UTZ\001B\350-l\242\376\033<\004\351\270\\5\323B\343"
  91      42E82D6C 
  91      A2FE1B3C 
  91      04E9B85C 
  91      35D342E3 
  92 004d F99868A6 		.ascii	"\371\230h\246\245j[\37333-4\276w\232i\375\303\015v\210"
  92      A56A5BFB 
  92      33332D34 
  92      BE779A69 
  92      FDC30D76 
  93 0062 366B     		.ascii	"6k"
  94              		.text
  95              		.section	.gnu.lto_.refs.211db6b6,"",%progbits
  96 0000 789C6363 		.ascii	"x\234cc```\004b\006\000\000D\000\010"
  96      60606004 
  96      62060000 
  96      440008
  97              		.text
  98              		.section	.gnu.lto_.decls.211db6b6,"",%progbits
  99 0000 789CAD53 		.ascii	"x\234\255S]l\024U\024\276gf)e\272@5\306@\302C\323\027"
  99      5D6C1455 
  99      14BE6766 
  99      2965BA40 
  99      35C640C2 
 100 0017 78D95DBA 		.ascii	"x\331]\272%\001y \032\376\364\241>\370\227\230l\\\266"
 100      25017920 
ARM GAS  C:\Users\RUVIMK~1\AppData\Local\Temp\cc3qHv6S.s 			page 7


 100      1AFEF4A1 
 100      3EF89798 
 100      6C5CB6
 101 002a B3A31DB2 		.ascii	"\263\243\035\262;\003;S-\211\017\327V\011\241$\305\244"
 101      3B033B53 
 101      2D890FD7 
 101      5609A124 
 101      C5A4
 102 003c 822C186B 		.ascii	"\202,\030ki\024\002\321\212\374\026Jw\221\355V\273\265"
 102      691402D1 
 102      8AFC164A 
 102      7791ED56 
 102      BBB5
 103 004e 3F4A0889 		.ascii	"?J\010\211\264\015H\322D\022\201\240\215\225d9\367\336"
 103      B40D48D2 
 103      441281A0 
 103      8D956439 
 103      F7DE
 104 0060 99DD455C 		.ascii	"\231\335E\\\037\2147s\347\316=\367;\337\367\335{\317"
 104      1F8C3773 
 104      E7CE3DF7 
 104      3BDFF7DD 
 104      7BCF
 105 0072 5410423E 		.ascii	"T\020B>\363\020\222\001B\216\340w\036\233\214c\032;"
 105      F3109201 
 105      428EE077 
 105      1E9B8C63 
 105      1A3B
 106 0084 86483F11 		.ascii	"\206H?\021\015!$\203=\213=\207}\214<\336\332A\340\266"
 106      0D212483 
 106      3D8B3D87 
 106      7D8C3CDE 
 106      DA41E0B6 
 107 0098 601F7772 		.ascii	"`\037wr\207\2355\311\311\317\375C^GI\336\204\2237Z\222"
 107      879D35C9 
 107      C9CFFD43 
 107      5E4749DE 
 107      8493375A 
 108 00ad 972DA3D7 		.ascii	"\227-\243\327)\303\365\241\243\307\344v\031\226+\300"
 108      29C3F5A1 
 108      A3C7E476 
 108      19962BC0 
 109 00bd 9C2FC6D0 		.ascii	"\234/\306\320W\267\317\375\271P\204\030\342kz\377L\225"
 109      57B7CFFD 
 109      B9508418 
 109      E26B7AFF 
 109      4C95
 110 00cf 2CF1EFB6 		.ascii	",\361\357\266\007\207\347\274\376\343T\264\312w\011"
 110      0787E7BC 
 110      FEE354B4 
 110      CA7709
 111 00de 9C02D9A5 		.ascii	"\234\002\331\245\232\350\270\3273_\336\310\201\343\357"
 111      9AE8B8D7 
 111      335FDEC8 
 111      81E3EF
 112 00ed F71E62B4 		.ascii	"\367\036b\264O*\340\301\351\335\221\344\315E8}J\201"
 112      4F2AE0C1 
ARM GAS  C:\Users\RUVIMK~1\AppData\Local\Temp\cc3qHv6S.s 			page 8


 112      E9DD91E4 
 112      CD45387D 
 112      4A81
 113 00ff 9A4E599A 		.ascii	"\232NY\232\272\366\327\317\213@Y\261\213\322V\332\325"
 113      BAF6D7CF 
 113      8B4059B1 
 113      8BD256DA 
 113      D5
 114 0110 46173C4F 		.ascii	"F\027<O\340\034,\203\263\260\214\300yX\301\244O\203"
 114      E01C2C83 
 114      B3B08CC0 
 114      7958C1A4 
 114      4F83
 115 0122 9FC0490C 		.ascii	"\237\300I\014~\203\301\317\231\\*\233\\w\340\036\245"
 115      7E83C1CF 
 115      995C2A9B 
 115      5C77E01E 
 115      A5
 116 0133 35D0070A 		.ascii	"5\320\007\012\234\001\231c\360\224\227+\302\300\321"
 116      9C019963 
 116      F094972B 
 116      C2C0D1
 117 0142 9E0FBB2B 		.ascii	"\236\017\273+\344>`\016\244\363\007oe\244r\032\027\313"
 117      E43E600E 
 117      A4F3076F 
 117      65A4721A 
 117      17CB
 118 0154 6A4C9DAD 		.ascii	"jL\235\255\035\374\200R\011\372Q\343BQ\003%\331\200"
 118      1DFC8052 
 118      09FA51E3 
 118      42510325 
 118      D980
 119 0166 5114EA4B 		.ascii	"Q\024\352K\367\017TM\301u\300\303\205j\276\177\000\361"
 119      F70F544D 
 119      C175C0C3 
 119      856ABE7F 
 119      00F1
 120 0178 C691753E 		.ascii	"\306\221u>\317\273\015D\034\243\222\030\034(\233\270"
 120      CFBB0D44 
 120      1CA39218 
 120      1C289BB8 
 121 0188 29508848 		.ascii	")P\210H\016\207\344\362\362\307!\200RV\261.\344\334"
 121      0E87E4F2 
 121      F2C72180 
 121      5256B12E 
 121      E4DC
 122 019a 26CA4E7C 		.ascii	"&\312N|\224\344\211\220T\024+Iy\314+),\027L\0257\011"
 122      94E48990 
 122      54142B49 
 122      79CC2B29 
 122      2C174C15 
 123 01b0 CE755FB9 		.ascii	"\316u_\271\275\347K\3574L\342\352\353\204\354\255\214"
 123      BDE74BEF 
 123      344CE2EA 
 123      EB84ECAD 
 123      8C
 124 01c1 F38B6FFF 		.ascii	"\363\213o\377u\256\003\344nQ.\231\374lj\261\250\002"
ARM GAS  C:\Users\RUVIMK~1\AppData\Local\Temp\cc3qHv6S.s 			page 9


 124      75AE03E4 
 124      6E512E99 
 124      FC6C6AB1 
 124      A802
 125 01d3 8915C89D 		.ascii	"\211\025\310\235\334'U\242\012\252qz|O\276s\336\222"
 125      DC2755A2 
 125      0AAA717A 
 125      7C4FBE73 
 125      DE92
 126 01e5 7DECD8F7 		.ascii	"}\354\330\367\266\321j\011\266<\015\337\342e\\\302\313"
 126      B6D16A09 
 126      B63C0DDF 
 126      E2655CC2 
 126      CB
 127 01f6 20701996 		.ascii	" p\031\226\340\333\360\010\261\367v~\272\277\252\266"
 127      E0DBF008 
 127      B1F7767E 
 127      BABFAAB6 
 128 0206 8B764DD3 		.ascii	"\213vM\323\324\325\221\232\013\271\235t\014\363\236"
 128      D4D5919A 
 128      0BB99D74 
 128      0CF39E
 129 0215 E5384817 		.ascii	"\3458H\027\357)\315\352\021R0\0150\000S\350-\003\265"
 129      EF29CDEA 
 129      1152300D 
 129      300053E8 
 129      2D03B5
 130 0228 983FF3CB 		.ascii	"\230?\363\313\037\367\025\371\226\260\325sz\360c\331"
 130      1FF715F9 
 130      96B0D573 
 130      7AF063D9 
 131 0238 219B5897 		.ascii	"!\233X\227\244\251V\312n\2341\015\026\231\006\377\316"
 131      A4A956CA 
 131      6E9C310D 
 131      169906FF 
 131      CE
 132 0249 94E54C07 		.ascii	"\224\345L\007\177\272qX\222\177\023L\331#\247\322\340"
 132      7FBA7158 
 132      927F134C 
 132      D923A7D2 
 132      E0
 133 025a 91446130 		.ascii	"\221Da0\263\030\033\236\375b\300S\210}\007<x\367\342"
 133      B3181B9E 
 133      FD62C053 
 133      887D073C 
 133      78F7E2
 134 026d E43EA9EC 		.ascii	"\344>\251\354^\207\371^\277\007g\263='\016\035\363\242"
 134      5E87F95E 
 134      BF0767B3 
 134      3D270E1D 
 134      F3A2
 135 027f BF6956F3 		.ascii	"\277iV\3633k\016\364\316\320]\012G\301P\321\337\220"
 135      336B0EF4 
 135      CED05D0A 
 135      47C150D1 
 135      DF90
 136 0291 F3E7418E 		.ascii	"\363\347A\216\373\2722\331\177G\226O\312e}\355\377\261"
ARM GAS  C:\Users\RUVIMK~1\AppData\Local\Temp\cc3qHv6S.s 			page 10


 136      FBBA32D9 
 136      7F47964F 
 136      CA657DED 
 136      FFB1
 137 02a3 BB6F6159 		.ascii	"\273oaY\013\243\334\302\017\256\205\256\337gW:\016\346"
 137      0BA3DCC2 
 137      0FAE85AE 
 137      DF67573A 
 137      0EE6
 138 02b5 9626E925 		.ascii	"\226&\351%\211\001`\244\250>\342\252\217q\365dk\357"
 138      890160A4 
 138      A83EE2AA 
 138      8F71F564 
 138      6BEF
 139 02c7 8D0AEFEE 		.ascii	"\215\012\357\356\302\277\306\315\272\277\033\201q\360"
 139      C2BFC6CD 
 139      BABF1B81 
 139      71F0
 140 02d5 72308E08 		.ascii	"r0\216\010\376(?{s^)x\364\021\360\204\003f\3433~\177"
 140      FE283F7B 
 140      735E2978 
 140      F411F084 
 140      0366E333 
 141 02eb 001FB549 		.ascii	"\000\037\265Io\324M\253nM0`Z\201\246H,\260\315L\330"
 141      6FD44DAB 
 141      6E4D3060 
 141      5A81A648 
 141      2CB0CD4C 
 142 0300 56E0E557 		.ascii	"V\340\345W\032\352\203\342\275iUKK\300\262\343\365\301"
 142      1AEA83E2 
 142      BD69554B 
 142      4BC0B2E3 
 142      F5C1
 143 0312 B06E25FC 		.ascii	"\260n%\374j\345\346\027_\255Y_WG\224p\270Y7l\214\333"
 143      6AE5E617 
 143      5FAD595F 
 143      57479470 
 143      B859376C 
 144 0328 BABA3664 		.ascii	"\272\2726d\233f\314\012i\361F-\032\325\242\241\267T"
 144      9B66CC0A 
 144      69F1462D 
 144      1AD5A2A1 
 144      B754
 145 033a D51749C4 		.ascii	"\325\027I\304}\206ih>-\322\250\373V\373\202+\353V\373"
 145      7D866968 
 145      3E2DD2A8 
 145      FB56FB82 
 145      2BEB56FB 
 146 034e B6AFF2C5 		.ascii	"\266\257\362\305#[\315\204\357\035\335\250\017\206\036"
 146      235BCD84 
 146      EF1DDDA8 
 146      0F861E
 147 035d C1847443 		.ascii	"\301\204tC\2155G\265P<\202\316\014-\024\216joF\232c"
 147      8D3547B5 
 147      503C82CE 
 147      0C2D148E 
 147      6A6F469A 
ARM GAS  C:\Users\RUVIMK~1\AppData\Local\Temp\cc3qHv6S.s 			page 11


 148 0372 76D8DEB1 		.ascii	"v\330\336\261M\263\374M\244\322\225|\343\377\226\264"
 148      4DB3FC4D 
 148      A4D2957C 
 148      E3FF96B4 
 149 0382 7658A1B0 		.ascii	"vX\241\260eG\221\037u\346\353\211\355/\030\272\275\366"
 149      6547911F 
 149      75E6EB89 
 149      ED2F18BA 
 149      BDF6
 150 0394 3F9F1359 		.ascii	"?\237\023Y\200\024\0334\035I\252\215\267uu\243\021i"
 150      80141B34 
 150      1D49AA8D 
 150      B77575A3 
 150      1169
 151 03a6 8C69AF69 		.ascii	"\214i\257i\252m&\352\377\235U5\343q\323\010<\367R\303"
 151      AA6D26EA 
 151      FF9D5535 
 151      E371D308 
 151      3CF752C3 
 152 03ba FA869600 		.ascii	"\372\206\226\000KFGO\260q\203n\025Y\036\002\023x\341"
 152      4B46474F 
 152      B071836E 
 152      15591E02 
 152      1378E1
 153 03cd 98       		.ascii	"\230"
 154              		.text
 155              		.section	.gnu.lto_.symtab.211db6b6,"",%progbits
 156 0000 69727149 		.ascii	"irqInit\000"
 156      6E697400 
 157 0008 00       		.ascii	"\000"
 158 0009 00       		.ascii	"\000"
 159 000a 00       		.ascii	"\000"
 160 000b 00000000 		.ascii	"\000\000\000\000\000\000\000\000"
 160      00000000 
 161 0013 C5000000 		.ascii	"\305\000\000\000"
 162 0017 69727144 		.ascii	"irqDeinit\000"
 162      65696E69 
 162      7400
 163 0021 00       		.ascii	"\000"
 164 0022 00       		.ascii	"\000"
 165 0023 00       		.ascii	"\000"
 166 0024 00000000 		.ascii	"\000\000\000\000\000\000\000\000"
 166      00000000 
 167 002c C7000000 		.ascii	"\307\000\000\000"
 168 0030 6E766963 		.ascii	"nvicEnableVector\000"
 168      456E6162 
 168      6C655665 
 168      63746F72 
 168      00
 169 0041 00       		.ascii	"\000"
 170 0042 02       		.ascii	"\002"
 171 0043 00       		.ascii	"\000"
 172 0044 00000000 		.ascii	"\000\000\000\000\000\000\000\000"
 172      00000000 
 173 004c CC000000 		.ascii	"\314\000\000\000"
 174 0050 6E766963 		.ascii	"nvicDisableVector\000"
 174      44697361 
ARM GAS  C:\Users\RUVIMK~1\AppData\Local\Temp\cc3qHv6S.s 			page 12


 174      626C6556 
 174      6563746F 
 174      7200
 175 0062 00       		.ascii	"\000"
 176 0063 02       		.ascii	"\002"
 177 0064 00       		.ascii	"\000"
 178 0065 00000000 		.ascii	"\000\000\000\000\000\000\000\000"
 178      00000000 
 179 006d D0000000 		.ascii	"\320\000\000\000"
 180              		.text
 181              		.section	.gnu.lto_.opts,"",%progbits
 182 0000 272D666D 		.ascii	"'-fmath-errno' '-fsigned-zeros' '-ftrapping-math' '"
 182      6174682D 
 182      6572726E 
 182      6F272027 
 182      2D667369 
 183 0033 2D666E6F 		.ascii	"-fno-trapv' '-fno-openmp' '-fno-openacc' '-mcpu=cor"
 183      2D747261 
 183      70762720 
 183      272D666E 
 183      6F2D6F70 
 184 0066 7465782D 		.ascii	"tex-m4' '-mno-thumb-interwork' '-mthumb' '-O2' '-fo"
 184      6D342720 
 184      272D6D6E 
 184      6F2D7468 
 184      756D622D 
 185 0099 6D69742D 		.ascii	"mit-frame-pointer' '-falign-functions=16' '-ffuncti"
 185      6672616D 
 185      652D706F 
 185      696E7465 
 185      72272027 
 186 00cc 6F6E2D73 		.ascii	"on-sections' '-fdata-sections' '-fno-common' '-flto"
 186      65637469 
 186      6F6E7327 
 186      20272D66 
 186      64617461 
 187 00ff 2700     		.ascii	"'\000"
 188              		.text
 189              		.comm	__gnu_lto_v1,1,1
 190              		.comm	__gnu_lto_slim,1,1
 191              		.ident	"GCC: (GNU Tools for Arm Embedded Processors 7-2017-q4-major) 7.2.1 20170904 (release) [ARM
ARM GAS  C:\Users\RUVIMK~1\AppData\Local\Temp\cc3qHv6S.s 			page 13


DEFINED SYMBOLS
                            *ABS*:00000000 stm32_isr.c
                            *COM*:00000001 __gnu_lto_v1
                            *COM*:00000001 __gnu_lto_slim

NO UNDEFINED SYMBOLS
